[2025-02-06T18:21:32.599+0000] {local_task_job_runner.py:123} INFO - ::group::Pre task execution logs
[2025-02-06T18:21:32.608+0000] {taskinstance.py:2613} INFO - Dependencies all met for dep_context=non-requeueable deps ti=<TaskInstance: cluster_deployment.pre_deployment_checks manual__2025-02-06T18:21:29.514895+00:00 [queued]>
[2025-02-06T18:21:32.612+0000] {taskinstance.py:2613} INFO - Dependencies all met for dep_context=requeueable deps ti=<TaskInstance: cluster_deployment.pre_deployment_checks manual__2025-02-06T18:21:29.514895+00:00 [queued]>
[2025-02-06T18:21:32.612+0000] {taskinstance.py:2866} INFO - Starting attempt 1 of 2
[2025-02-06T18:21:32.619+0000] {taskinstance.py:2889} INFO - Executing <Task(PythonVirtualenvOperator): pre_deployment_checks> on 2025-02-06 18:21:29.514895+00:00
[2025-02-06T18:21:32.624+0000] {warnings.py:112} WARNING - /home/***/.local/lib/python3.12/site-packages/***/task/task_runner/standard_task_runner.py:70: DeprecationWarning: This process (pid=2266) is multi-threaded, use of fork() may lead to deadlocks in the child.
  pid = os.fork()

[2025-02-06T18:21:32.626+0000] {standard_task_runner.py:72} INFO - Started process 2274 to run task
[2025-02-06T18:21:32.626+0000] {standard_task_runner.py:104} INFO - Running: ['***', 'tasks', 'run', 'cluster_deployment', 'pre_deployment_checks', 'manual__2025-02-06T18:21:29.514895+00:00', '--job-id', '5', '--raw', '--subdir', 'DAGS_FOLDER/cluster_deployment.py', '--cfg-path', '/tmp/tmpbjvmxyy0']
[2025-02-06T18:21:32.627+0000] {standard_task_runner.py:105} INFO - Job 5: Subtask pre_deployment_checks
[2025-02-06T18:21:32.685+0000] {task_command.py:467} INFO - Running <TaskInstance: cluster_deployment.pre_deployment_checks manual__2025-02-06T18:21:29.514895+00:00 [running]> on host ***-worker
[2025-02-06T18:21:33.166+0000] {taskinstance.py:3132} INFO - Exporting env vars: AIRFLOW_CTX_DAG_OWNER='***' AIRFLOW_CTX_DAG_ID='cluster_deployment' AIRFLOW_CTX_TASK_ID='pre_deployment_checks' AIRFLOW_CTX_EXECUTION_DATE='2025-02-06T18:21:29.514895+00:00' AIRFLOW_CTX_TRY_NUMBER='1' AIRFLOW_CTX_DAG_RUN_ID='manual__2025-02-06T18:21:29.514895+00:00'
[2025-02-06T18:21:33.176+0000] {logging_mixin.py:190} INFO - Task instance is in running state
[2025-02-06T18:21:33.189+0000] {logging_mixin.py:190} INFO -  Previous state of the Task instance: queued
[2025-02-06T18:21:33.190+0000] {logging_mixin.py:190} INFO - Current task name:pre_deployment_checks state:running start_date:2025-02-06 18:21:32.608861+00:00
[2025-02-06T18:21:33.191+0000] {logging_mixin.py:190} INFO - Dag name:cluster_deployment and current dag run status:running
[2025-02-06T18:21:33.195+0000] {taskinstance.py:731} INFO - ::endgroup::
[2025-02-06T18:21:33.196+0000] {baseoperator.py:421} WARNING - PythonVirtualenvOperator.execute cannot be called outside TaskInstance!
[2025-02-06T18:21:33.202+0000] {process_utils.py:186} INFO - Executing cmd: /home/***/.local/bin/python -m virtualenv /tmp/venvz6vx6teq --system-site-packages --python=python
[2025-02-06T18:21:33.207+0000] {process_utils.py:190} INFO - Output:
[2025-02-06T18:21:33.931+0000] {process_utils.py:194} INFO - created virtual environment CPython3.12.8.final.0-64 in 229ms
[2025-02-06T18:21:33.932+0000] {process_utils.py:194} INFO -   creator CPython3Posix(dest=/tmp/venvz6vx6teq, clear=False, no_vcs_ignore=False, global=True)
[2025-02-06T18:21:33.933+0000] {process_utils.py:194} INFO -   seeder FromAppData(download=False, pip=bundle, via=copy, app_data_dir=/home/***/.local/share/virtualenv)
[2025-02-06T18:21:33.934+0000] {process_utils.py:194} INFO -     added seed packages: pip==24.3.1
[2025-02-06T18:21:33.934+0000] {process_utils.py:194} INFO -   activators BashActivator,CShellActivator,FishActivator,NushellActivator,PowerShellActivator,PythonActivator
[2025-02-06T18:21:33.952+0000] {process_utils.py:186} INFO - Executing cmd: /tmp/venvz6vx6teq/bin/pip install -r /tmp/venvz6vx6teq/requirements.txt
[2025-02-06T18:21:33.954+0000] {process_utils.py:190} INFO - Output:
[2025-02-06T18:21:34.918+0000] {process_utils.py:194} INFO - Requirement already satisfied: pandas==2.1.4 in /home/***/.local/lib/python3.12/site-packages (from -r /tmp/venvz6vx6teq/requirements.txt (line 1)) (2.1.4)
[2025-02-06T18:21:34.923+0000] {process_utils.py:194} INFO - Requirement already satisfied: numpy<2,>=1.26.0 in /home/***/.local/lib/python3.12/site-packages (from pandas==2.1.4->-r /tmp/venvz6vx6teq/requirements.txt (line 1)) (1.26.4)
[2025-02-06T18:21:34.924+0000] {process_utils.py:194} INFO - Requirement already satisfied: python-dateutil>=2.8.2 in /home/***/.local/lib/python3.12/site-packages (from pandas==2.1.4->-r /tmp/venvz6vx6teq/requirements.txt (line 1)) (2.9.0.post0)
[2025-02-06T18:21:34.925+0000] {process_utils.py:194} INFO - Requirement already satisfied: pytz>=2020.1 in /home/***/.local/lib/python3.12/site-packages (from pandas==2.1.4->-r /tmp/venvz6vx6teq/requirements.txt (line 1)) (2024.2)
[2025-02-06T18:21:34.926+0000] {process_utils.py:194} INFO - Requirement already satisfied: tzdata>=2022.1 in /home/***/.local/lib/python3.12/site-packages (from pandas==2.1.4->-r /tmp/venvz6vx6teq/requirements.txt (line 1)) (2024.2)
[2025-02-06T18:21:34.929+0000] {process_utils.py:194} INFO - Requirement already satisfied: six>=1.5 in /home/***/.local/lib/python3.12/site-packages (from python-dateutil>=2.8.2->pandas==2.1.4->-r /tmp/venvz6vx6teq/requirements.txt (line 1)) (1.17.0)
[2025-02-06T18:21:35.384+0000] {process_utils.py:194} INFO - 
[2025-02-06T18:21:35.385+0000] {process_utils.py:194} INFO - [notice] A new release of pip is available: 24.3.1 -> 25.0
[2025-02-06T18:21:35.385+0000] {process_utils.py:194} INFO - [notice] To update, run: python -m pip install --upgrade pip
[2025-02-06T18:21:35.469+0000] {warnings.py:112} WARNING - /home/***/.local/lib/python3.12/site-packages/***/operators/python.py:535: AirflowContextDeprecationWarning: Accessing 'execution_date' from the template is deprecated and will be removed in a future version. Please use 'data_interval_start' or 'logical_date' instead.
  op_kwargs: dict[str, Any] = dict(self.op_kwargs)

[2025-02-06T18:21:35.470+0000] {warnings.py:112} WARNING - /home/***/.local/lib/python3.12/site-packages/***/operators/python.py:535: AirflowContextDeprecationWarning: Accessing 'next_ds' from the template is deprecated and will be removed in a future version. Please use '{{ data_interval_end | ds }}' instead.
  op_kwargs: dict[str, Any] = dict(self.op_kwargs)

[2025-02-06T18:21:35.470+0000] {warnings.py:112} WARNING - /home/***/.local/lib/python3.12/site-packages/***/operators/python.py:535: AirflowContextDeprecationWarning: Accessing 'next_ds_nodash' from the template is deprecated and will be removed in a future version. Please use '{{ data_interval_end | ds_nodash }}' instead.
  op_kwargs: dict[str, Any] = dict(self.op_kwargs)

[2025-02-06T18:21:35.471+0000] {warnings.py:112} WARNING - /home/***/.local/lib/python3.12/site-packages/***/operators/python.py:535: AirflowContextDeprecationWarning: Accessing 'next_execution_date' from the template is deprecated and will be removed in a future version. Please use 'data_interval_end' instead.
  op_kwargs: dict[str, Any] = dict(self.op_kwargs)

[2025-02-06T18:21:35.471+0000] {warnings.py:112} WARNING - /home/***/.local/lib/python3.12/site-packages/***/operators/python.py:535: AirflowContextDeprecationWarning: Accessing 'prev_ds' from the template is deprecated and will be removed in a future version.
  op_kwargs: dict[str, Any] = dict(self.op_kwargs)

[2025-02-06T18:21:35.471+0000] {warnings.py:112} WARNING - /home/***/.local/lib/python3.12/site-packages/***/operators/python.py:535: AirflowContextDeprecationWarning: Accessing 'prev_ds_nodash' from the template is deprecated and will be removed in a future version.
  op_kwargs: dict[str, Any] = dict(self.op_kwargs)

[2025-02-06T18:21:35.471+0000] {warnings.py:112} WARNING - /home/***/.local/lib/python3.12/site-packages/***/operators/python.py:535: AirflowContextDeprecationWarning: Accessing 'prev_execution_date' from the template is deprecated and will be removed in a future version.
  op_kwargs: dict[str, Any] = dict(self.op_kwargs)

[2025-02-06T18:21:35.472+0000] {warnings.py:112} WARNING - /home/***/.local/lib/python3.12/site-packages/***/operators/python.py:535: AirflowContextDeprecationWarning: Accessing 'prev_execution_date_success' from the template is deprecated and will be removed in a future version. Please use 'prev_data_interval_start_success' instead.
  op_kwargs: dict[str, Any] = dict(self.op_kwargs)

[2025-02-06T18:21:35.472+0000] {warnings.py:112} WARNING - /home/***/.local/lib/python3.12/site-packages/***/operators/python.py:535: AirflowContextDeprecationWarning: Accessing 'tomorrow_ds' from the template is deprecated and will be removed in a future version.
  op_kwargs: dict[str, Any] = dict(self.op_kwargs)

[2025-02-06T18:21:35.472+0000] {warnings.py:112} WARNING - /home/***/.local/lib/python3.12/site-packages/***/operators/python.py:535: AirflowContextDeprecationWarning: Accessing 'tomorrow_ds_nodash' from the template is deprecated and will be removed in a future version.
  op_kwargs: dict[str, Any] = dict(self.op_kwargs)

[2025-02-06T18:21:35.472+0000] {warnings.py:112} WARNING - /home/***/.local/lib/python3.12/site-packages/***/operators/python.py:535: AirflowContextDeprecationWarning: Accessing 'yesterday_ds' from the template is deprecated and will be removed in a future version.
  op_kwargs: dict[str, Any] = dict(self.op_kwargs)

[2025-02-06T18:21:35.473+0000] {warnings.py:112} WARNING - /home/***/.local/lib/python3.12/site-packages/***/operators/python.py:535: AirflowContextDeprecationWarning: Accessing 'yesterday_ds_nodash' from the template is deprecated and will be removed in a future version.
  op_kwargs: dict[str, Any] = dict(self.op_kwargs)

[2025-02-06T18:21:35.473+0000] {python.py:513} INFO - Use 'pickle' as serializer.
[2025-02-06T18:21:35.474+0000] {warnings.py:112} WARNING - /home/***/.local/lib/python3.12/site-packages/***/utils/context.py:380: AirflowContextDeprecationWarning: Accessing 'execution_date' from the template is deprecated and will be removed in a future version. Please use 'data_interval_start' or 'logical_date' instead.
  items = [(key, self[key]) for key in self._context]

[2025-02-06T18:21:35.474+0000] {warnings.py:112} WARNING - /home/***/.local/lib/python3.12/site-packages/***/utils/context.py:380: AirflowContextDeprecationWarning: Accessing 'next_ds' from the template is deprecated and will be removed in a future version. Please use '{{ data_interval_end | ds }}' instead.
  items = [(key, self[key]) for key in self._context]

[2025-02-06T18:21:35.475+0000] {warnings.py:112} WARNING - /home/***/.local/lib/python3.12/site-packages/***/utils/context.py:380: AirflowContextDeprecationWarning: Accessing 'next_ds_nodash' from the template is deprecated and will be removed in a future version. Please use '{{ data_interval_end | ds_nodash }}' instead.
  items = [(key, self[key]) for key in self._context]

[2025-02-06T18:21:35.475+0000] {warnings.py:112} WARNING - /home/***/.local/lib/python3.12/site-packages/***/utils/context.py:380: AirflowContextDeprecationWarning: Accessing 'next_execution_date' from the template is deprecated and will be removed in a future version. Please use 'data_interval_end' instead.
  items = [(key, self[key]) for key in self._context]

[2025-02-06T18:21:35.475+0000] {warnings.py:112} WARNING - /home/***/.local/lib/python3.12/site-packages/***/utils/context.py:380: AirflowContextDeprecationWarning: Accessing 'prev_ds' from the template is deprecated and will be removed in a future version.
  items = [(key, self[key]) for key in self._context]

[2025-02-06T18:21:35.476+0000] {warnings.py:112} WARNING - /home/***/.local/lib/python3.12/site-packages/***/utils/context.py:380: AirflowContextDeprecationWarning: Accessing 'prev_ds_nodash' from the template is deprecated and will be removed in a future version.
  items = [(key, self[key]) for key in self._context]

[2025-02-06T18:21:35.476+0000] {warnings.py:112} WARNING - /home/***/.local/lib/python3.12/site-packages/***/utils/context.py:380: AirflowContextDeprecationWarning: Accessing 'prev_execution_date' from the template is deprecated and will be removed in a future version.
  items = [(key, self[key]) for key in self._context]

[2025-02-06T18:21:35.476+0000] {warnings.py:112} WARNING - /home/***/.local/lib/python3.12/site-packages/***/utils/context.py:380: AirflowContextDeprecationWarning: Accessing 'prev_execution_date_success' from the template is deprecated and will be removed in a future version. Please use 'prev_data_interval_start_success' instead.
  items = [(key, self[key]) for key in self._context]

[2025-02-06T18:21:35.477+0000] {warnings.py:112} WARNING - /home/***/.local/lib/python3.12/site-packages/***/utils/context.py:380: AirflowContextDeprecationWarning: Accessing 'tomorrow_ds' from the template is deprecated and will be removed in a future version.
  items = [(key, self[key]) for key in self._context]

[2025-02-06T18:21:35.477+0000] {warnings.py:112} WARNING - /home/***/.local/lib/python3.12/site-packages/***/utils/context.py:380: AirflowContextDeprecationWarning: Accessing 'tomorrow_ds_nodash' from the template is deprecated and will be removed in a future version.
  items = [(key, self[key]) for key in self._context]

[2025-02-06T18:21:35.477+0000] {warnings.py:112} WARNING - /home/***/.local/lib/python3.12/site-packages/***/utils/context.py:380: AirflowContextDeprecationWarning: Accessing 'yesterday_ds' from the template is deprecated and will be removed in a future version.
  items = [(key, self[key]) for key in self._context]

[2025-02-06T18:21:35.477+0000] {warnings.py:112} WARNING - /home/***/.local/lib/python3.12/site-packages/***/utils/context.py:380: AirflowContextDeprecationWarning: Accessing 'yesterday_ds_nodash' from the template is deprecated and will be removed in a future version.
  items = [(key, self[key]) for key in self._context]

[2025-02-06T18:21:35.509+0000] {taskinstance.py:3311} ERROR - Task failed with exception
Traceback (most recent call last):
  File "/home/airflow/.local/lib/python3.12/site-packages/airflow/models/taskinstance.py", line 767, in _execute_task
    result = _execute_callable(context=context, **execute_callable_kwargs)
             ^^^^^^^^^^^^^^^^^^^^^^^^^^^^^^^^^^^^^^^^^^^^^^^^^^^^^^^^^^^^^
  File "/home/airflow/.local/lib/python3.12/site-packages/airflow/models/taskinstance.py", line 733, in _execute_callable
    return ExecutionCallableRunner(
           ^^^^^^^^^^^^^^^^^^^^^^^^
  File "/home/airflow/.local/lib/python3.12/site-packages/airflow/utils/operator_helpers.py", line 252, in run
    return self.func(*args, **kwargs)
           ^^^^^^^^^^^^^^^^^^^^^^^^^^
  File "/home/airflow/.local/lib/python3.12/site-packages/airflow/models/baseoperator.py", line 422, in wrapper
    return func(self, *args, **kwargs)
           ^^^^^^^^^^^^^^^^^^^^^^^^^^^
  File "/home/airflow/.local/lib/python3.12/site-packages/airflow/operators/python.py", line 505, in execute
    return super().execute(context=serializable_context)
           ^^^^^^^^^^^^^^^^^^^^^^^^^^^^^^^^^^^^^^^^^^^^^
  File "/home/airflow/.local/lib/python3.12/site-packages/airflow/models/baseoperator.py", line 422, in wrapper
    return func(self, *args, **kwargs)
           ^^^^^^^^^^^^^^^^^^^^^^^^^^^
  File "/home/airflow/.local/lib/python3.12/site-packages/airflow/operators/python.py", line 238, in execute
    return_value = self.execute_callable()
                   ^^^^^^^^^^^^^^^^^^^^^^^
  File "/home/airflow/.local/lib/python3.12/site-packages/airflow/operators/python.py", line 870, in execute_callable
    result = self._execute_python_callable_in_subprocess(python_path)
             ^^^^^^^^^^^^^^^^^^^^^^^^^^^^^^^^^^^^^^^^^^^^^^^^^^^^^^^^
  File "/home/airflow/.local/lib/python3.12/site-packages/airflow/operators/python.py", line 544, in _execute_python_callable_in_subprocess
    self._write_args(input_path)
  File "/home/airflow/.local/lib/python3.12/site-packages/airflow/operators/python.py", line 514, in _write_args
    file.write_bytes(self.pickling_library.dumps({"args": self.op_args, "kwargs": self.op_kwargs}))
                     ^^^^^^^^^^^^^^^^^^^^^^^^^^^^^^^^^^^^^^^^^^^^^^^^^^^^^^^^^^^^^^^^^^^^^^^^^^^^^
TypeError: cannot pickle 'module' object
[2025-02-06T18:21:35.559+0000] {logging_mixin.py:190} INFO - Task instance in failure state
[2025-02-06T18:21:35.560+0000] {logging_mixin.py:190} INFO - Task start:2025-02-06 18:21:32.608861+00:00 end:2025-02-06 18:21:35.558611+00:00 duration:2.94975
[2025-02-06T18:21:35.560+0000] {logging_mixin.py:190} INFO - Task:<Task(PythonVirtualenvOperator): pre_deployment_checks> dag:<DAG: cluster_deployment> dagrun:<DagRun cluster_deployment @ 2025-02-06 18:21:29.514895+00:00: manual__2025-02-06T18:21:29.514895+00:00, state:running, queued_at: 2025-02-06 18:21:29.556012+00:00. externally triggered: True>
[2025-02-06T18:21:35.561+0000] {logging_mixin.py:190} INFO - Failure caused by cannot pickle 'module' object
[2025-02-06T18:21:35.561+0000] {taskinstance.py:1225} INFO - Marking task as UP_FOR_RETRY. dag_id=cluster_deployment, task_id=pre_deployment_checks, run_id=manual__2025-02-06T18:21:29.514895+00:00, execution_date=20250206T182129, start_date=20250206T182132, end_date=20250206T182135
[2025-02-06T18:21:35.577+0000] {taskinstance.py:340} INFO - ::group::Post task execution logs
[2025-02-06T18:21:35.579+0000] {standard_task_runner.py:124} ERROR - Failed to execute job 5 for task pre_deployment_checks (cannot pickle 'module' object; 2274)
Traceback (most recent call last):
  File "/home/airflow/.local/lib/python3.12/site-packages/airflow/task/task_runner/standard_task_runner.py", line 117, in _start_by_fork
    ret = args.func(args, dag=self.dag)
          ^^^^^^^^^^^^^^^^^^^^^^^^^^^^^
  File "/home/airflow/.local/lib/python3.12/site-packages/airflow/cli/cli_config.py", line 49, in command
    return func(*args, **kwargs)
           ^^^^^^^^^^^^^^^^^^^^^
  File "/home/airflow/.local/lib/python3.12/site-packages/airflow/utils/cli.py", line 116, in wrapper
    return f(*args, **kwargs)
           ^^^^^^^^^^^^^^^^^^
  File "/home/airflow/.local/lib/python3.12/site-packages/airflow/cli/commands/task_command.py", line 483, in task_run
    task_return_code = _run_task_by_selected_method(args, _dag, ti)
                       ^^^^^^^^^^^^^^^^^^^^^^^^^^^^^^^^^^^^^^^^^^^^
  File "/home/airflow/.local/lib/python3.12/site-packages/airflow/cli/commands/task_command.py", line 256, in _run_task_by_selected_method
    return _run_raw_task(args, ti)
           ^^^^^^^^^^^^^^^^^^^^^^^
  File "/home/airflow/.local/lib/python3.12/site-packages/airflow/cli/commands/task_command.py", line 341, in _run_raw_task
    return ti._run_raw_task(
           ^^^^^^^^^^^^^^^^^
  File "/home/airflow/.local/lib/python3.12/site-packages/airflow/utils/session.py", line 97, in wrapper
    return func(*args, session=session, **kwargs)
           ^^^^^^^^^^^^^^^^^^^^^^^^^^^^^^^^^^^^^^
  File "/home/airflow/.local/lib/python3.12/site-packages/airflow/models/taskinstance.py", line 3005, in _run_raw_task
    return _run_raw_task(
           ^^^^^^^^^^^^^^
  File "/home/airflow/.local/lib/python3.12/site-packages/airflow/models/taskinstance.py", line 273, in _run_raw_task
    TaskInstance._execute_task_with_callbacks(
  File "/home/airflow/.local/lib/python3.12/site-packages/airflow/models/taskinstance.py", line 3159, in _execute_task_with_callbacks
    result = self._execute_task(context, task_orig)
             ^^^^^^^^^^^^^^^^^^^^^^^^^^^^^^^^^^^^^^
  File "/home/airflow/.local/lib/python3.12/site-packages/airflow/models/taskinstance.py", line 3183, in _execute_task
    return _execute_task(self, context, task_orig)
           ^^^^^^^^^^^^^^^^^^^^^^^^^^^^^^^^^^^^^^^
  File "/home/airflow/.local/lib/python3.12/site-packages/airflow/models/taskinstance.py", line 767, in _execute_task
    result = _execute_callable(context=context, **execute_callable_kwargs)
             ^^^^^^^^^^^^^^^^^^^^^^^^^^^^^^^^^^^^^^^^^^^^^^^^^^^^^^^^^^^^^
  File "/home/airflow/.local/lib/python3.12/site-packages/airflow/models/taskinstance.py", line 733, in _execute_callable
    return ExecutionCallableRunner(
           ^^^^^^^^^^^^^^^^^^^^^^^^
  File "/home/airflow/.local/lib/python3.12/site-packages/airflow/utils/operator_helpers.py", line 252, in run
    return self.func(*args, **kwargs)
           ^^^^^^^^^^^^^^^^^^^^^^^^^^
  File "/home/airflow/.local/lib/python3.12/site-packages/airflow/models/baseoperator.py", line 422, in wrapper
    return func(self, *args, **kwargs)
           ^^^^^^^^^^^^^^^^^^^^^^^^^^^
  File "/home/airflow/.local/lib/python3.12/site-packages/airflow/operators/python.py", line 505, in execute
    return super().execute(context=serializable_context)
           ^^^^^^^^^^^^^^^^^^^^^^^^^^^^^^^^^^^^^^^^^^^^^
  File "/home/airflow/.local/lib/python3.12/site-packages/airflow/models/baseoperator.py", line 422, in wrapper
    return func(self, *args, **kwargs)
           ^^^^^^^^^^^^^^^^^^^^^^^^^^^
  File "/home/airflow/.local/lib/python3.12/site-packages/airflow/operators/python.py", line 238, in execute
    return_value = self.execute_callable()
                   ^^^^^^^^^^^^^^^^^^^^^^^
  File "/home/airflow/.local/lib/python3.12/site-packages/airflow/operators/python.py", line 870, in execute_callable
    result = self._execute_python_callable_in_subprocess(python_path)
             ^^^^^^^^^^^^^^^^^^^^^^^^^^^^^^^^^^^^^^^^^^^^^^^^^^^^^^^^
  File "/home/airflow/.local/lib/python3.12/site-packages/airflow/operators/python.py", line 544, in _execute_python_callable_in_subprocess
    self._write_args(input_path)
  File "/home/airflow/.local/lib/python3.12/site-packages/airflow/operators/python.py", line 514, in _write_args
    file.write_bytes(self.pickling_library.dumps({"args": self.op_args, "kwargs": self.op_kwargs}))
                     ^^^^^^^^^^^^^^^^^^^^^^^^^^^^^^^^^^^^^^^^^^^^^^^^^^^^^^^^^^^^^^^^^^^^^^^^^^^^^
TypeError: cannot pickle 'module' object
[2025-02-06T18:21:35.636+0000] {local_task_job_runner.py:266} INFO - Task exited with return code 1
[2025-02-06T18:21:35.804+0000] {taskinstance.py:3895} INFO - 0 downstream tasks scheduled from follow-on schedule check
[2025-02-06T18:21:35.806+0000] {local_task_job_runner.py:245} INFO - ::endgroup::
