[2025-02-06T10:06:50.660+0000] {local_task_job_runner.py:123} INFO - ::group::Pre task execution logs
[2025-02-06T10:06:50.673+0000] {taskinstance.py:2613} INFO - Dependencies all met for dep_context=non-requeueable deps ti=<TaskInstance: multiple_conditions_workflow.process_inventory manual__2025-02-06T12:06:28+02:00 [queued]>
[2025-02-06T10:06:50.678+0000] {taskinstance.py:2613} INFO - Dependencies all met for dep_context=requeueable deps ti=<TaskInstance: multiple_conditions_workflow.process_inventory manual__2025-02-06T12:06:28+02:00 [queued]>
[2025-02-06T10:06:50.679+0000] {taskinstance.py:2866} INFO - Starting attempt 1 of 2
[2025-02-06T10:06:50.687+0000] {taskinstance.py:2889} INFO - Executing <Task(PythonOperator): process_inventory> on 2025-02-06 10:06:28+00:00
[2025-02-06T10:06:50.695+0000] {warnings.py:112} WARNING - /home/***/.local/lib/python3.12/site-packages/***/task/task_runner/standard_task_runner.py:70: DeprecationWarning: This process (pid=115) is multi-threaded, use of fork() may lead to deadlocks in the child.
  pid = os.fork()

[2025-02-06T10:06:50.696+0000] {standard_task_runner.py:72} INFO - Started process 116 to run task
[2025-02-06T10:06:50.697+0000] {standard_task_runner.py:104} INFO - Running: ['***', 'tasks', 'run', 'multiple_conditions_workflow', 'process_inventory', 'manual__2025-02-06T12:06:28+02:00', '--job-id', '24', '--raw', '--subdir', 'DAGS_FOLDER/multiple_conditions_workflow.py', '--cfg-path', '/tmp/tmp6tpllkdu']
[2025-02-06T10:06:50.698+0000] {standard_task_runner.py:105} INFO - Job 24: Subtask process_inventory
[2025-02-06T10:06:50.731+0000] {task_command.py:467} INFO - Running <TaskInstance: multiple_conditions_workflow.process_inventory manual__2025-02-06T12:06:28+02:00 [running]> on host ***-worker-1
[2025-02-06T10:06:50.778+0000] {taskinstance.py:3132} INFO - Exporting env vars: AIRFLOW_CTX_DAG_OWNER='***' AIRFLOW_CTX_DAG_ID='multiple_conditions_workflow' AIRFLOW_CTX_TASK_ID='process_inventory' AIRFLOW_CTX_EXECUTION_DATE='2025-02-06T10:06:28+00:00' AIRFLOW_CTX_TRY_NUMBER='1' AIRFLOW_CTX_DAG_RUN_ID='manual__2025-02-06T12:06:28+02:00'
[2025-02-06T10:06:50.779+0000] {logging_mixin.py:190} INFO - Task instance is in running state
[2025-02-06T10:06:50.779+0000] {logging_mixin.py:190} INFO -  Previous state of the Task instance: queued
[2025-02-06T10:06:50.780+0000] {logging_mixin.py:190} INFO - Current task name:process_inventory state:running start_date:2025-02-06 10:06:50.673567+00:00
[2025-02-06T10:06:50.780+0000] {logging_mixin.py:190} INFO - Dag name:multiple_conditions_workflow and current dag run status:running
[2025-02-06T10:06:50.780+0000] {taskinstance.py:731} INFO - ::endgroup::
[2025-02-06T10:06:50.784+0000] {multiple_conditions_workflow_tasks.py:24} INFO - Processing inventory data.
[2025-02-06T10:06:50.784+0000] {python.py:240} INFO - Done. Returned value was: None
[2025-02-06T10:06:50.791+0000] {taskinstance.py:340} INFO - ::group::Post task execution logs
[2025-02-06T10:06:50.792+0000] {taskinstance.py:352} INFO - Marking task as SUCCESS. dag_id=multiple_conditions_workflow, task_id=process_inventory, run_id=manual__2025-02-06T12:06:28+02:00, execution_date=20250206T100628, start_date=20250206T100650, end_date=20250206T100650
[2025-02-06T10:06:50.797+0000] {logging_mixin.py:190} INFO - Task instance in success state
[2025-02-06T10:06:50.798+0000] {logging_mixin.py:190} INFO -  Previous state of the Task instance: running
[2025-02-06T10:06:50.798+0000] {logging_mixin.py:190} INFO - Dag name:multiple_conditions_workflow queued_at:2025-02-06 10:06:41.837668+00:00
[2025-02-06T10:06:50.798+0000] {logging_mixin.py:190} INFO - Task hostname:***-worker-1 operator:PythonOperator
[2025-02-06T10:06:50.831+0000] {local_task_job_runner.py:266} INFO - Task exited with return code 0
[2025-02-06T10:06:50.847+0000] {taskinstance.py:3895} INFO - 0 downstream tasks scheduled from follow-on schedule check
[2025-02-06T10:06:50.849+0000] {local_task_job_runner.py:245} INFO - ::endgroup::
