[2025-02-05T08:31:14.885+0000] {local_task_job_runner.py:123} INFO - ::group::Pre task execution logs
[2025-02-05T08:31:14.893+0000] {taskinstance.py:2613} INFO - Dependencies all met for dep_context=non-requeueable deps ti=<TaskInstance: multiple_conditions_workflow.branch_decision manual__2025-02-05T08:30:23+00:00 [queued]>
[2025-02-05T08:31:14.898+0000] {taskinstance.py:2613} INFO - Dependencies all met for dep_context=requeueable deps ti=<TaskInstance: multiple_conditions_workflow.branch_decision manual__2025-02-05T08:30:23+00:00 [queued]>
[2025-02-05T08:31:14.899+0000] {taskinstance.py:2866} INFO - Starting attempt 1 of 2
[2025-02-05T08:31:14.997+0000] {taskinstance.py:2889} INFO - Executing <Task(BranchPythonOperator): branch_decision> on 2025-02-05 08:30:23+00:00
[2025-02-05T08:31:15.002+0000] {warnings.py:112} WARNING - /home/***/.local/lib/python3.12/site-packages/***/task/task_runner/standard_task_runner.py:70: DeprecationWarning: This process (pid=131) is multi-threaded, use of fork() may lead to deadlocks in the child.
  pid = os.fork()

[2025-02-05T08:31:15.003+0000] {standard_task_runner.py:72} INFO - Started process 132 to run task
[2025-02-05T08:31:15.004+0000] {standard_task_runner.py:104} INFO - Running: ['***', 'tasks', 'run', 'multiple_conditions_workflow', 'branch_decision', 'manual__2025-02-05T08:30:23+00:00', '--job-id', '17', '--raw', '--subdir', 'DAGS_FOLDER/multiple_conditions_workflow.py', '--cfg-path', '/tmp/tmpki7jfnk1']
[2025-02-05T08:31:15.005+0000] {standard_task_runner.py:105} INFO - Job 17: Subtask branch_decision
[2025-02-05T08:31:15.031+0000] {task_command.py:467} INFO - Running <TaskInstance: multiple_conditions_workflow.branch_decision manual__2025-02-05T08:30:23+00:00 [running]> on host 1f09704d98cf
[2025-02-05T08:31:15.068+0000] {taskinstance.py:3132} INFO - Exporting env vars: AIRFLOW_CTX_DAG_OWNER='***' AIRFLOW_CTX_DAG_ID='multiple_conditions_workflow' AIRFLOW_CTX_TASK_ID='branch_decision' AIRFLOW_CTX_EXECUTION_DATE='2025-02-05T08:30:23+00:00' AIRFLOW_CTX_TRY_NUMBER='1' AIRFLOW_CTX_DAG_RUN_ID='manual__2025-02-05T08:30:23+00:00'
[2025-02-05T08:31:15.069+0000] {logging_mixin.py:190} INFO - Task instance is in running state
[2025-02-05T08:31:15.069+0000] {logging_mixin.py:190} INFO -  Previous state of the Task instance: queued
[2025-02-05T08:31:15.069+0000] {logging_mixin.py:190} INFO - Current task name:branch_decision state:running start_date:2025-02-05 08:31:14.893768+00:00
[2025-02-05T08:31:15.070+0000] {logging_mixin.py:190} INFO - Dag name:multiple_conditions_workflow and current dag run status:running
[2025-02-05T08:31:15.070+0000] {taskinstance.py:731} INFO - ::endgroup::
[2025-02-05T08:31:15.070+0000] {baseoperator.py:421} WARNING - BranchPythonOperator.execute cannot be called outside TaskInstance!
[2025-02-05T08:31:15.071+0000] {multiple_conditions_workflow_tasks.py:9} INFO - Data type selected: inventory
[2025-02-05T08:31:15.071+0000] {python.py:240} INFO - Done. Returned value was: process_inventory
[2025-02-05T08:31:15.072+0000] {branch.py:38} INFO - Branch into process_inventory
[2025-02-05T08:31:15.072+0000] {skipmixin.py:230} INFO - Following branch ('process_inventory',)
[2025-02-05T08:31:15.080+0000] {skipmixin.py:278} INFO - Skipping tasks [('unknown_data_type', -1), ('process_sales', -1), ('process_marketing', -1)]
[2025-02-05T08:31:15.098+0000] {taskinstance.py:340} INFO - ::group::Post task execution logs
[2025-02-05T08:31:15.098+0000] {taskinstance.py:352} INFO - Marking task as SUCCESS. dag_id=multiple_conditions_workflow, task_id=branch_decision, run_id=manual__2025-02-05T08:30:23+00:00, execution_date=20250205T083023, start_date=20250205T083114, end_date=20250205T083115
[2025-02-05T08:31:15.103+0000] {logging_mixin.py:190} INFO - Task instance in success state
[2025-02-05T08:31:15.104+0000] {logging_mixin.py:190} INFO -  Previous state of the Task instance: running
[2025-02-05T08:31:15.104+0000] {logging_mixin.py:190} INFO - Dag name:multiple_conditions_workflow queued_at:2025-02-05 08:31:11.117443+00:00
[2025-02-05T08:31:15.104+0000] {logging_mixin.py:190} INFO - Task hostname:1f09704d98cf operator:BranchPythonOperator
[2025-02-05T08:31:15.140+0000] {local_task_job_runner.py:266} INFO - Task exited with return code 0
[2025-02-05T08:31:15.180+0000] {taskinstance.py:3895} INFO - 1 downstream tasks scheduled from follow-on schedule check
[2025-02-05T08:31:15.181+0000] {local_task_job_runner.py:245} INFO - ::endgroup::
