[2025-02-07T14:49:37.694+0000] {local_task_job_runner.py:123} INFO - ::group::Pre task execution logs
[2025-02-07T14:49:37.704+0000] {taskinstance.py:2613} INFO - Dependencies all met for dep_context=non-requeueable deps ti=<TaskInstance: cluster_deployment_versioned.pre_deployment_checks manual__2025-02-07T14:49:35.468009+00:00 [queued]>
[2025-02-07T14:49:37.709+0000] {taskinstance.py:2613} INFO - Dependencies all met for dep_context=requeueable deps ti=<TaskInstance: cluster_deployment_versioned.pre_deployment_checks manual__2025-02-07T14:49:35.468009+00:00 [queued]>
[2025-02-07T14:49:37.710+0000] {taskinstance.py:2866} INFO - Starting attempt 1 of 2
[2025-02-07T14:49:37.718+0000] {taskinstance.py:2889} INFO - Executing <Task(PythonVirtualenvOperator): pre_deployment_checks> on 2025-02-07 14:49:35.468009+00:00
[2025-02-07T14:49:37.724+0000] {warnings.py:112} WARNING - /home/***/.local/lib/python3.12/site-packages/***/task/task_runner/standard_task_runner.py:70: DeprecationWarning: This process (pid=343) is multi-threaded, use of fork() may lead to deadlocks in the child.
  pid = os.fork()

[2025-02-07T14:49:37.725+0000] {standard_task_runner.py:72} INFO - Started process 344 to run task
[2025-02-07T14:49:37.727+0000] {standard_task_runner.py:104} INFO - Running: ['***', 'tasks', 'run', 'cluster_deployment_versioned', 'pre_deployment_checks', 'manual__2025-02-07T14:49:35.468009+00:00', '--job-id', '203', '--raw', '--subdir', 'DAGS_FOLDER/cluster_deployment_versioned.py', '--cfg-path', '/tmp/tmpkjllgcic']
[2025-02-07T14:49:37.729+0000] {standard_task_runner.py:105} INFO - Job 203: Subtask pre_deployment_checks
[2025-02-07T14:49:37.773+0000] {task_command.py:467} INFO - Running <TaskInstance: cluster_deployment_versioned.pre_deployment_checks manual__2025-02-07T14:49:35.468009+00:00 [running]> on host 35f5723d0861
[2025-02-07T14:49:37.823+0000] {taskinstance.py:3132} INFO - Exporting env vars: AIRFLOW_CTX_DAG_OWNER='***' AIRFLOW_CTX_DAG_ID='cluster_deployment_versioned' AIRFLOW_CTX_TASK_ID='pre_deployment_checks' AIRFLOW_CTX_EXECUTION_DATE='2025-02-07T14:49:35.468009+00:00' AIRFLOW_CTX_TRY_NUMBER='1' AIRFLOW_CTX_DAG_RUN_ID='manual__2025-02-07T14:49:35.468009+00:00'
[2025-02-07T14:49:37.825+0000] {logging_mixin.py:190} INFO - Task instance is in running state
[2025-02-07T14:49:37.825+0000] {logging_mixin.py:190} INFO -  Previous state of the Task instance: queued
[2025-02-07T14:49:37.826+0000] {logging_mixin.py:190} INFO - Current task name:pre_deployment_checks state:running start_date:2025-02-07 14:49:37.704883+00:00
[2025-02-07T14:49:37.826+0000] {logging_mixin.py:190} INFO - Dag name:cluster_deployment_versioned and current dag run status:running
[2025-02-07T14:49:37.826+0000] {taskinstance.py:731} INFO - ::endgroup::
[2025-02-07T14:49:37.827+0000] {baseoperator.py:421} WARNING - PythonVirtualenvOperator.execute cannot be called outside TaskInstance!
[2025-02-07T14:49:37.828+0000] {process_utils.py:186} INFO - Executing cmd: /home/***/.local/bin/python -m virtualenv /tmp/venvzi4yw44n --system-site-packages --python=python
[2025-02-07T14:49:37.828+0000] {process_utils.py:190} INFO - Output:
[2025-02-07T14:49:38.370+0000] {process_utils.py:194} INFO - created virtual environment CPython3.12.8.final.0-64 in 178ms
[2025-02-07T14:49:38.370+0000] {process_utils.py:194} INFO -   creator CPython3Posix(dest=/tmp/venvzi4yw44n, clear=False, no_vcs_ignore=False, global=True)
[2025-02-07T14:49:38.371+0000] {process_utils.py:194} INFO -   seeder FromAppData(download=False, pip=bundle, via=copy, app_data_dir=/home/***/.local/share/virtualenv)
[2025-02-07T14:49:38.371+0000] {process_utils.py:194} INFO -     added seed packages: pip==24.3.1
[2025-02-07T14:49:38.371+0000] {process_utils.py:194} INFO -   activators BashActivator,CShellActivator,FishActivator,NushellActivator,PowerShellActivator,PythonActivator
[2025-02-07T14:49:38.391+0000] {process_utils.py:186} INFO - Executing cmd: /tmp/venvzi4yw44n/bin/pip install -r /tmp/venvzi4yw44n/requirements.txt
[2025-02-07T14:49:38.392+0000] {process_utils.py:190} INFO - Output:
[2025-02-07T14:49:39.537+0000] {process_utils.py:194} INFO - Requirement already satisfied: pandas==2.1.4 in /home/***/.local/lib/python3.12/site-packages (from -r /tmp/venvzi4yw44n/requirements.txt (line 1)) (2.1.4)
[2025-02-07T14:49:39.547+0000] {process_utils.py:194} INFO - Requirement already satisfied: numpy<2,>=1.26.0 in /home/***/.local/lib/python3.12/site-packages (from pandas==2.1.4->-r /tmp/venvzi4yw44n/requirements.txt (line 1)) (1.26.4)
[2025-02-07T14:49:39.548+0000] {process_utils.py:194} INFO - Requirement already satisfied: python-dateutil>=2.8.2 in /home/***/.local/lib/python3.12/site-packages (from pandas==2.1.4->-r /tmp/venvzi4yw44n/requirements.txt (line 1)) (2.9.0.post0)
[2025-02-07T14:49:39.550+0000] {process_utils.py:194} INFO - Requirement already satisfied: pytz>=2020.1 in /home/***/.local/lib/python3.12/site-packages (from pandas==2.1.4->-r /tmp/venvzi4yw44n/requirements.txt (line 1)) (2024.2)
[2025-02-07T14:49:39.550+0000] {process_utils.py:194} INFO - Requirement already satisfied: tzdata>=2022.1 in /home/***/.local/lib/python3.12/site-packages (from pandas==2.1.4->-r /tmp/venvzi4yw44n/requirements.txt (line 1)) (2024.2)
[2025-02-07T14:49:39.555+0000] {process_utils.py:194} INFO - Requirement already satisfied: six>=1.5 in /home/***/.local/lib/python3.12/site-packages (from python-dateutil>=2.8.2->pandas==2.1.4->-r /tmp/venvzi4yw44n/requirements.txt (line 1)) (1.17.0)
[2025-02-07T14:49:39.965+0000] {process_utils.py:194} INFO - 
[2025-02-07T14:49:39.966+0000] {process_utils.py:194} INFO - [notice] A new release of pip is available: 24.3.1 -> 25.0
[2025-02-07T14:49:39.966+0000] {process_utils.py:194} INFO - [notice] To update, run: python -m pip install --upgrade pip
[2025-02-07T14:49:40.039+0000] {process_utils.py:186} INFO - Executing cmd: /tmp/venvzi4yw44n/bin/python /tmp/venv-calllslkwyk2/script.py /tmp/venv-calllslkwyk2/script.in /tmp/venv-calllslkwyk2/script.out /tmp/venv-calllslkwyk2/string_args.txt /tmp/venv-calllslkwyk2/termination.log
[2025-02-07T14:49:40.040+0000] {process_utils.py:190} INFO - Output:
[2025-02-07T14:49:42.156+0000] {process_utils.py:194} INFO - [2025-02-07T14:49:42.144+0000] {script.py:23} INFO - Starting pre-deployment checks...
[2025-02-07T14:49:42.157+0000] {process_utils.py:194} INFO - [2025-02-07T14:49:42.147+0000] {script.py:38} INFO - Pre-deployment checks completed
[2025-02-07T14:49:42.573+0000] {python.py:240} INFO - Done. Returned value was: {'services_status': {'running': 4}, 'deployment_ready': True, 'timestamp': '2025-02-07T14:49:42.147530'}
[2025-02-07T14:49:42.624+0000] {taskinstance.py:340} INFO - ::group::Post task execution logs
[2025-02-07T14:49:42.624+0000] {taskinstance.py:352} INFO - Marking task as SUCCESS. dag_id=cluster_deployment_versioned, task_id=pre_deployment_checks, run_id=manual__2025-02-07T14:49:35.468009+00:00, execution_date=20250207T144935, start_date=20250207T144937, end_date=20250207T144942
[2025-02-07T14:49:42.635+0000] {logging_mixin.py:190} INFO - Task instance in success state
[2025-02-07T14:49:42.635+0000] {logging_mixin.py:190} INFO -  Previous state of the Task instance: running
[2025-02-07T14:49:42.636+0000] {logging_mixin.py:190} INFO - Dag name:cluster_deployment_versioned queued_at:2025-02-07 14:49:35.479528+00:00
[2025-02-07T14:49:42.636+0000] {logging_mixin.py:190} INFO - Task hostname:35f5723d0861 operator:PythonVirtualenvOperator
[2025-02-07T14:49:42.652+0000] {local_task_job_runner.py:266} INFO - Task exited with return code 0
[2025-02-07T14:49:42.698+0000] {taskinstance.py:3895} INFO - 1 downstream tasks scheduled from follow-on schedule check
[2025-02-07T14:49:42.700+0000] {local_task_job_runner.py:245} INFO - ::endgroup::
