[2025-02-10T09:31:41.216+0000] {local_task_job_runner.py:123} INFO - ::group::Pre task execution logs
[2025-02-10T09:31:41.228+0000] {taskinstance.py:2613} INFO - Dependencies all met for dep_context=non-requeueable deps ti=<TaskInstance: cluster_deployment_versioned.deploy_stack manual__2025-02-10T11:28:19+02:00 [queued]>
[2025-02-10T09:31:41.237+0000] {taskinstance.py:2613} INFO - Dependencies all met for dep_context=requeueable deps ti=<TaskInstance: cluster_deployment_versioned.deploy_stack manual__2025-02-10T11:28:19+02:00 [queued]>
[2025-02-10T09:31:41.237+0000] {taskinstance.py:2866} INFO - Starting attempt 1 of 2
[2025-02-10T09:31:41.246+0000] {taskinstance.py:2889} INFO - Executing <Task(PythonOperator): deploy_stack> on 2025-02-10 09:28:19+00:00
[2025-02-10T09:31:41.254+0000] {warnings.py:112} WARNING - /home/***/.local/lib/python3.12/site-packages/***/task/task_runner/standard_task_runner.py:70: DeprecationWarning: This process (pid=14737) is multi-threaded, use of fork() may lead to deadlocks in the child.
  pid = os.fork()

[2025-02-10T09:31:41.256+0000] {standard_task_runner.py:72} INFO - Started process 14738 to run task
[2025-02-10T09:31:41.256+0000] {standard_task_runner.py:104} INFO - Running: ['***', 'tasks', 'run', 'cluster_deployment_versioned', 'deploy_stack', 'manual__2025-02-10T11:28:19+02:00', '--job-id', '571', '--raw', '--subdir', 'DAGS_FOLDER/cluster_deployment_versioned.py', '--cfg-path', '/tmp/tmpbcp7kibw']
[2025-02-10T09:31:41.257+0000] {standard_task_runner.py:105} INFO - Job 571: Subtask deploy_stack
[2025-02-10T09:31:41.336+0000] {task_command.py:467} INFO - Running <TaskInstance: cluster_deployment_versioned.deploy_stack manual__2025-02-10T11:28:19+02:00 [running]> on host fbc98e9fe6bb
[2025-02-10T09:31:41.420+0000] {taskinstance.py:3132} INFO - Exporting env vars: AIRFLOW_CTX_DAG_OWNER='***' AIRFLOW_CTX_DAG_ID='cluster_deployment_versioned' AIRFLOW_CTX_TASK_ID='deploy_stack' AIRFLOW_CTX_EXECUTION_DATE='2025-02-10T09:28:19+00:00' AIRFLOW_CTX_TRY_NUMBER='1' AIRFLOW_CTX_DAG_RUN_ID='manual__2025-02-10T11:28:19+02:00'
[2025-02-10T09:31:41.422+0000] {logging_mixin.py:190} INFO - Task instance is in running state
[2025-02-10T09:31:41.422+0000] {logging_mixin.py:190} INFO -  Previous state of the Task instance: queued
[2025-02-10T09:31:41.422+0000] {logging_mixin.py:190} INFO - Current task name:deploy_stack state:running start_date:2025-02-10 09:31:41.229592+00:00
[2025-02-10T09:31:41.422+0000] {logging_mixin.py:190} INFO - Dag name:cluster_deployment_versioned and current dag run status:running
[2025-02-10T09:31:41.423+0000] {taskinstance.py:731} INFO - ::endgroup::
[2025-02-10T09:31:41.423+0000] {logging_mixin.py:190} INFO - Deploying the stack...
[2025-02-10T09:31:51.431+0000] {logging_mixin.py:190} INFO - Stack deployed successfully...
[2025-02-10T09:31:51.436+0000] {python.py:240} INFO - Done. Returned value was: None
[2025-02-10T09:31:51.457+0000] {taskinstance.py:340} INFO - ::group::Post task execution logs
[2025-02-10T09:31:51.458+0000] {taskinstance.py:352} INFO - Marking task as SUCCESS. dag_id=cluster_deployment_versioned, task_id=deploy_stack, run_id=manual__2025-02-10T11:28:19+02:00, execution_date=20250210T092819, start_date=20250210T093141, end_date=20250210T093151
[2025-02-10T09:31:51.473+0000] {logging_mixin.py:190} INFO - Task instance in success state
[2025-02-10T09:31:51.473+0000] {logging_mixin.py:190} INFO -  Previous state of the Task instance: running
[2025-02-10T09:31:51.474+0000] {logging_mixin.py:190} INFO - Dag name:cluster_deployment_versioned queued_at:2025-02-10 09:28:43.369168+00:00
[2025-02-10T09:31:51.474+0000] {logging_mixin.py:190} INFO - Task hostname:fbc98e9fe6bb operator:PythonOperator
[2025-02-10T09:31:51.536+0000] {local_task_job_runner.py:266} INFO - Task exited with return code 0
[2025-02-10T09:31:51.559+0000] {taskinstance.py:3895} INFO - 1 downstream tasks scheduled from follow-on schedule check
[2025-02-10T09:31:51.561+0000] {local_task_job_runner.py:245} INFO - ::endgroup::
