[2025-02-10T08:10:17.573+0000] {local_task_job_runner.py:123} INFO - ::group::Pre task execution logs
[2025-02-10T08:10:17.600+0000] {taskinstance.py:2613} INFO - Dependencies all met for dep_context=non-requeueable deps ti=<TaskInstance: cluster_deployment_versioned.pre_deployment_checks manual__2025-02-10T10:09:55+02:00 [queued]>
[2025-02-10T08:10:17.614+0000] {taskinstance.py:2613} INFO - Dependencies all met for dep_context=requeueable deps ti=<TaskInstance: cluster_deployment_versioned.pre_deployment_checks manual__2025-02-10T10:09:55+02:00 [queued]>
[2025-02-10T08:10:17.616+0000] {taskinstance.py:2866} INFO - Starting attempt 1 of 2
[2025-02-10T08:10:17.625+0000] {taskinstance.py:2889} INFO - Executing <Task(PythonVirtualenvOperator): pre_deployment_checks> on 2025-02-10 08:09:55+00:00
[2025-02-10T08:10:17.634+0000] {warnings.py:112} WARNING - /home/***/.local/lib/python3.12/site-packages/***/task/task_runner/standard_task_runner.py:70: DeprecationWarning: This process (pid=13058) is multi-threaded, use of fork() may lead to deadlocks in the child.
  pid = os.fork()

[2025-02-10T08:10:17.641+0000] {standard_task_runner.py:72} INFO - Started process 13059 to run task
[2025-02-10T08:10:17.646+0000] {standard_task_runner.py:104} INFO - Running: ['***', 'tasks', 'run', 'cluster_deployment_versioned', 'pre_deployment_checks', 'manual__2025-02-10T10:09:55+02:00', '--job-id', '470', '--raw', '--subdir', 'DAGS_FOLDER/cluster_deployment_versioned.py', '--cfg-path', '/tmp/tmpph0_angk']
[2025-02-10T08:10:17.648+0000] {standard_task_runner.py:105} INFO - Job 470: Subtask pre_deployment_checks
[2025-02-10T08:10:17.754+0000] {task_command.py:467} INFO - Running <TaskInstance: cluster_deployment_versioned.pre_deployment_checks manual__2025-02-10T10:09:55+02:00 [running]> on host 1999c8c59930
[2025-02-10T08:10:17.839+0000] {taskinstance.py:3132} INFO - Exporting env vars: AIRFLOW_CTX_DAG_OWNER='***' AIRFLOW_CTX_DAG_ID='cluster_deployment_versioned' AIRFLOW_CTX_TASK_ID='pre_deployment_checks' AIRFLOW_CTX_EXECUTION_DATE='2025-02-10T08:09:55+00:00' AIRFLOW_CTX_TRY_NUMBER='1' AIRFLOW_CTX_DAG_RUN_ID='manual__2025-02-10T10:09:55+02:00'
[2025-02-10T08:10:17.843+0000] {logging_mixin.py:190} INFO - Task instance is in running state
[2025-02-10T08:10:17.844+0000] {logging_mixin.py:190} INFO -  Previous state of the Task instance: queued
[2025-02-10T08:10:17.844+0000] {logging_mixin.py:190} INFO - Current task name:pre_deployment_checks state:running start_date:2025-02-10 08:10:17.601234+00:00
[2025-02-10T08:10:17.850+0000] {logging_mixin.py:190} INFO - Dag name:cluster_deployment_versioned and current dag run status:running
[2025-02-10T08:10:17.851+0000] {taskinstance.py:731} INFO - ::endgroup::
[2025-02-10T08:10:17.853+0000] {baseoperator.py:421} WARNING - PythonVirtualenvOperator.execute cannot be called outside TaskInstance!
[2025-02-10T08:10:17.855+0000] {process_utils.py:186} INFO - Executing cmd: /home/***/.local/bin/python -m virtualenv /tmp/venvmx53b150 --system-site-packages --python=python
[2025-02-10T08:10:17.861+0000] {process_utils.py:190} INFO - Output:
[2025-02-10T08:10:18.675+0000] {process_utils.py:194} INFO - created virtual environment CPython3.12.8.final.0-64 in 281ms
[2025-02-10T08:10:18.678+0000] {process_utils.py:194} INFO -   creator CPython3Posix(dest=/tmp/venvmx53b150, clear=False, no_vcs_ignore=False, global=True)
[2025-02-10T08:10:18.678+0000] {process_utils.py:194} INFO -   seeder FromAppData(download=False, pip=bundle, via=copy, app_data_dir=/home/***/.local/share/virtualenv)
[2025-02-10T08:10:18.680+0000] {process_utils.py:194} INFO -     added seed packages: pip==24.3.1
[2025-02-10T08:10:18.680+0000] {process_utils.py:194} INFO -   activators BashActivator,CShellActivator,FishActivator,NushellActivator,PowerShellActivator,PythonActivator
[2025-02-10T08:10:18.704+0000] {process_utils.py:186} INFO - Executing cmd: /tmp/venvmx53b150/bin/pip install -r /tmp/venvmx53b150/requirements.txt
[2025-02-10T08:10:18.706+0000] {process_utils.py:190} INFO - Output:
[2025-02-10T08:10:19.871+0000] {process_utils.py:194} INFO - Requirement already satisfied: pandas==2.1.4 in /home/***/.local/lib/python3.12/site-packages (from -r /tmp/venvmx53b150/requirements.txt (line 1)) (2.1.4)
[2025-02-10T08:10:19.876+0000] {process_utils.py:194} INFO - Requirement already satisfied: numpy<2,>=1.26.0 in /home/***/.local/lib/python3.12/site-packages (from pandas==2.1.4->-r /tmp/venvmx53b150/requirements.txt (line 1)) (1.26.4)
[2025-02-10T08:10:19.877+0000] {process_utils.py:194} INFO - Requirement already satisfied: python-dateutil>=2.8.2 in /home/***/.local/lib/python3.12/site-packages (from pandas==2.1.4->-r /tmp/venvmx53b150/requirements.txt (line 1)) (2.9.0.post0)
[2025-02-10T08:10:19.877+0000] {process_utils.py:194} INFO - Requirement already satisfied: pytz>=2020.1 in /home/***/.local/lib/python3.12/site-packages (from pandas==2.1.4->-r /tmp/venvmx53b150/requirements.txt (line 1)) (2024.2)
[2025-02-10T08:10:19.877+0000] {process_utils.py:194} INFO - Requirement already satisfied: tzdata>=2022.1 in /home/***/.local/lib/python3.12/site-packages (from pandas==2.1.4->-r /tmp/venvmx53b150/requirements.txt (line 1)) (2024.2)
[2025-02-10T08:10:19.880+0000] {process_utils.py:194} INFO - Requirement already satisfied: six>=1.5 in /home/***/.local/lib/python3.12/site-packages (from python-dateutil>=2.8.2->pandas==2.1.4->-r /tmp/venvmx53b150/requirements.txt (line 1)) (1.17.0)
[2025-02-10T08:10:20.293+0000] {process_utils.py:194} INFO - 
[2025-02-10T08:10:20.296+0000] {process_utils.py:194} INFO - [notice] A new release of pip is available: 24.3.1 -> 25.0.1
[2025-02-10T08:10:20.298+0000] {process_utils.py:194} INFO - [notice] To update, run: python -m pip install --upgrade pip
[2025-02-10T08:10:20.390+0000] {process_utils.py:186} INFO - Executing cmd: /tmp/venvmx53b150/bin/python /tmp/venv-callkbbv64ty/script.py /tmp/venv-callkbbv64ty/script.in /tmp/venv-callkbbv64ty/script.out /tmp/venv-callkbbv64ty/string_args.txt /tmp/venv-callkbbv64ty/termination.log
[2025-02-10T08:10:20.391+0000] {process_utils.py:190} INFO - Output:
[2025-02-10T08:10:22.863+0000] {process_utils.py:194} INFO - [2025-02-10T08:10:22.855+0000] {script.py:23} INFO - Starting pre-deployment checks...
[2025-02-10T08:10:22.866+0000] {process_utils.py:194} INFO - [2025-02-10T08:10:22.858+0000] {script.py:38} INFO - Pre-deployment checks completed
[2025-02-10T08:10:23.235+0000] {python.py:240} INFO - Done. Returned value was: {'services_status': {'running': 4}, 'deployment_ready': True, 'timestamp': '2025-02-10T08:10:22.858393'}
[2025-02-10T08:10:23.275+0000] {taskinstance.py:340} INFO - ::group::Post task execution logs
[2025-02-10T08:10:23.275+0000] {taskinstance.py:352} INFO - Marking task as SUCCESS. dag_id=cluster_deployment_versioned, task_id=pre_deployment_checks, run_id=manual__2025-02-10T10:09:55+02:00, execution_date=20250210T080955, start_date=20250210T081017, end_date=20250210T081023
[2025-02-10T08:10:23.285+0000] {logging_mixin.py:190} INFO - Task instance in success state
[2025-02-10T08:10:23.285+0000] {logging_mixin.py:190} INFO -  Previous state of the Task instance: running
[2025-02-10T08:10:23.286+0000] {logging_mixin.py:190} INFO - Dag name:cluster_deployment_versioned queued_at:2025-02-10 08:10:12.009303+00:00
[2025-02-10T08:10:23.286+0000] {logging_mixin.py:190} INFO - Task hostname:1999c8c59930 operator:PythonVirtualenvOperator
[2025-02-10T08:10:23.345+0000] {local_task_job_runner.py:266} INFO - Task exited with return code 0
[2025-02-10T08:10:23.369+0000] {taskinstance.py:3895} INFO - 1 downstream tasks scheduled from follow-on schedule check
[2025-02-10T08:10:23.372+0000] {local_task_job_runner.py:245} INFO - ::endgroup::
