[2025-02-06T13:28:38.682+0000] {local_task_job_runner.py:123} INFO - ::group::Pre task execution logs
[2025-02-06T13:28:38.694+0000] {taskinstance.py:2613} INFO - Dependencies all met for dep_context=non-requeueable deps ti=<TaskInstance: demo_2nd_scenario.start_task manual__2025-02-06T13:28:34.565462+00:00 [queued]>
[2025-02-06T13:28:38.699+0000] {taskinstance.py:2613} INFO - Dependencies all met for dep_context=requeueable deps ti=<TaskInstance: demo_2nd_scenario.start_task manual__2025-02-06T13:28:34.565462+00:00 [queued]>
[2025-02-06T13:28:38.699+0000] {taskinstance.py:2866} INFO - Starting attempt 1 of 2
[2025-02-06T13:28:38.707+0000] {taskinstance.py:2889} INFO - Executing <Task(PythonOperator): start_task> on 2025-02-06 13:28:34.565462+00:00
[2025-02-06T13:28:38.717+0000] {warnings.py:112} WARNING - /home/***/.local/lib/python3.12/site-packages/***/task/task_runner/standard_task_runner.py:70: DeprecationWarning: This process (pid=2845) is multi-threaded, use of fork() may lead to deadlocks in the child.
  pid = os.fork()

[2025-02-06T13:28:38.719+0000] {standard_task_runner.py:72} INFO - Started process 2846 to run task
[2025-02-06T13:28:38.719+0000] {standard_task_runner.py:104} INFO - Running: ['***', 'tasks', 'run', 'demo_2nd_scenario', 'start_task', 'manual__2025-02-06T13:28:34.565462+00:00', '--job-id', '33', '--raw', '--subdir', 'DAGS_FOLDER/demo_2nd_scenario.py', '--cfg-path', '/tmp/tmpfq34dgh4']
[2025-02-06T13:28:38.720+0000] {standard_task_runner.py:105} INFO - Job 33: Subtask start_task
[2025-02-06T13:28:38.877+0000] {task_command.py:467} INFO - Running <TaskInstance: demo_2nd_scenario.start_task manual__2025-02-06T13:28:34.565462+00:00 [running]> on host ***-worker-1
[2025-02-06T13:28:38.983+0000] {taskinstance.py:3132} INFO - Exporting env vars: AIRFLOW_CTX_DAG_OWNER='***' AIRFLOW_CTX_DAG_ID='demo_2nd_scenario' AIRFLOW_CTX_TASK_ID='start_task' AIRFLOW_CTX_EXECUTION_DATE='2025-02-06T13:28:34.565462+00:00' AIRFLOW_CTX_TRY_NUMBER='1' AIRFLOW_CTX_DAG_RUN_ID='manual__2025-02-06T13:28:34.565462+00:00'
[2025-02-06T13:28:38.985+0000] {logging_mixin.py:190} INFO - Task instance is in running state
[2025-02-06T13:28:38.985+0000] {logging_mixin.py:190} INFO -  Previous state of the Task instance: queued
[2025-02-06T13:28:38.986+0000] {logging_mixin.py:190} INFO - Current task name:start_task state:running start_date:2025-02-06 13:28:38.694886+00:00
[2025-02-06T13:28:38.986+0000] {logging_mixin.py:190} INFO - Dag name:demo_2nd_scenario and current dag run status:running
[2025-02-06T13:28:38.986+0000] {taskinstance.py:731} INFO - ::endgroup::
[2025-02-06T13:28:38.987+0000] {demo_tasks.py:5} INFO - Executing task_1...
[2025-02-06T13:28:39.049+0000] {demo_tasks.py:18} INFO - Task 1 result:
           age
city          
London    25.0
New York  30.0
Paris     35.0
[2025-02-06T13:28:39.050+0000] {python.py:240} INFO - Done. Returned value was: {"age":{"London":25.0,"New York":30.0,"Paris":35.0}}
[2025-02-06T13:28:39.064+0000] {taskinstance.py:340} INFO - ::group::Post task execution logs
[2025-02-06T13:28:39.065+0000] {taskinstance.py:352} INFO - Marking task as SUCCESS. dag_id=demo_2nd_scenario, task_id=start_task, run_id=manual__2025-02-06T13:28:34.565462+00:00, execution_date=20250206T132834, start_date=20250206T132838, end_date=20250206T132839
[2025-02-06T13:28:39.070+0000] {logging_mixin.py:190} INFO - Task instance in success state
[2025-02-06T13:28:39.071+0000] {logging_mixin.py:190} INFO -  Previous state of the Task instance: running
[2025-02-06T13:28:39.071+0000] {logging_mixin.py:190} INFO - Dag name:demo_2nd_scenario queued_at:2025-02-06 13:28:34.593291+00:00
[2025-02-06T13:28:39.071+0000] {logging_mixin.py:190} INFO - Task hostname:***-worker-1 operator:PythonOperator
[2025-02-06T13:28:39.099+0000] {local_task_job_runner.py:266} INFO - Task exited with return code 0
[2025-02-06T13:28:39.128+0000] {taskinstance.py:3895} INFO - 0 downstream tasks scheduled from follow-on schedule check
[2025-02-06T13:28:39.130+0000] {local_task_job_runner.py:245} INFO - ::endgroup::
