[2025-02-07T15:52:56.863+0000] {local_task_job_runner.py:123} INFO - ::group::Pre task execution logs
[2025-02-07T15:52:56.872+0000] {taskinstance.py:2613} INFO - Dependencies all met for dep_context=non-requeueable deps ti=<TaskInstance: cluster_deployment_rollback.pre_deployment_checks manual__2025-02-07T15:52:53.949244+00:00 [queued]>
[2025-02-07T15:52:56.876+0000] {taskinstance.py:2613} INFO - Dependencies all met for dep_context=requeueable deps ti=<TaskInstance: cluster_deployment_rollback.pre_deployment_checks manual__2025-02-07T15:52:53.949244+00:00 [queued]>
[2025-02-07T15:52:56.876+0000] {taskinstance.py:2866} INFO - Starting attempt 1 of 2
[2025-02-07T15:52:56.884+0000] {taskinstance.py:2889} INFO - Executing <Task(PythonVirtualenvOperator): pre_deployment_checks> on 2025-02-07 15:52:53.949244+00:00
[2025-02-07T15:52:56.889+0000] {warnings.py:112} WARNING - /home/***/.local/lib/python3.12/site-packages/***/task/task_runner/standard_task_runner.py:70: DeprecationWarning: This process (pid=1005) is multi-threaded, use of fork() may lead to deadlocks in the child.
  pid = os.fork()

[2025-02-07T15:52:56.890+0000] {standard_task_runner.py:72} INFO - Started process 1010 to run task
[2025-02-07T15:52:56.891+0000] {standard_task_runner.py:104} INFO - Running: ['***', 'tasks', 'run', 'cluster_deployment_rollback', 'pre_deployment_checks', 'manual__2025-02-07T15:52:53.949244+00:00', '--job-id', '321', '--raw', '--subdir', 'DAGS_FOLDER/cluster_deployment_rollback.py', '--cfg-path', '/tmp/tmpz40g50d_']
[2025-02-07T15:52:56.891+0000] {standard_task_runner.py:105} INFO - Job 321: Subtask pre_deployment_checks
[2025-02-07T15:52:56.921+0000] {task_command.py:467} INFO - Running <TaskInstance: cluster_deployment_rollback.pre_deployment_checks manual__2025-02-07T15:52:53.949244+00:00 [running]> on host 1999c8c59930
[2025-02-07T15:52:56.976+0000] {taskinstance.py:3132} INFO - Exporting env vars: AIRFLOW_CTX_DAG_OWNER='***' AIRFLOW_CTX_DAG_ID='cluster_deployment_rollback' AIRFLOW_CTX_TASK_ID='pre_deployment_checks' AIRFLOW_CTX_EXECUTION_DATE='2025-02-07T15:52:53.949244+00:00' AIRFLOW_CTX_TRY_NUMBER='1' AIRFLOW_CTX_DAG_RUN_ID='manual__2025-02-07T15:52:53.949244+00:00'
[2025-02-07T15:52:56.980+0000] {logging_mixin.py:190} INFO - Task instance is in running state
[2025-02-07T15:52:56.980+0000] {logging_mixin.py:190} INFO -  Previous state of the Task instance: queued
[2025-02-07T15:52:56.980+0000] {logging_mixin.py:190} INFO - Current task name:pre_deployment_checks state:running start_date:2025-02-07 15:52:56.872897+00:00
[2025-02-07T15:52:56.980+0000] {logging_mixin.py:190} INFO - Dag name:cluster_deployment_rollback and current dag run status:running
[2025-02-07T15:52:56.981+0000] {taskinstance.py:731} INFO - ::endgroup::
[2025-02-07T15:52:56.983+0000] {baseoperator.py:421} WARNING - PythonVirtualenvOperator.execute cannot be called outside TaskInstance!
[2025-02-07T15:52:56.984+0000] {process_utils.py:186} INFO - Executing cmd: /home/***/.local/bin/python -m virtualenv /tmp/venvnns_brtz --system-site-packages --python=python
[2025-02-07T15:52:56.985+0000] {process_utils.py:190} INFO - Output:
[2025-02-07T15:52:57.542+0000] {process_utils.py:194} INFO - created virtual environment CPython3.12.8.final.0-64 in 164ms
[2025-02-07T15:52:57.543+0000] {process_utils.py:194} INFO -   creator CPython3Posix(dest=/tmp/venvnns_brtz, clear=False, no_vcs_ignore=False, global=True)
[2025-02-07T15:52:57.543+0000] {process_utils.py:194} INFO -   seeder FromAppData(download=False, pip=bundle, via=copy, app_data_dir=/home/***/.local/share/virtualenv)
[2025-02-07T15:52:57.543+0000] {process_utils.py:194} INFO -     added seed packages: pip==24.3.1
[2025-02-07T15:52:57.544+0000] {process_utils.py:194} INFO -   activators BashActivator,CShellActivator,FishActivator,NushellActivator,PowerShellActivator,PythonActivator
[2025-02-07T15:52:57.562+0000] {process_utils.py:186} INFO - Executing cmd: /tmp/venvnns_brtz/bin/pip install -r /tmp/venvnns_brtz/requirements.txt
[2025-02-07T15:52:57.563+0000] {process_utils.py:190} INFO - Output:
[2025-02-07T15:52:58.706+0000] {process_utils.py:194} INFO - Requirement already satisfied: pandas==2.1.4 in /home/***/.local/lib/python3.12/site-packages (from -r /tmp/venvnns_brtz/requirements.txt (line 1)) (2.1.4)
[2025-02-07T15:52:58.711+0000] {process_utils.py:194} INFO - Requirement already satisfied: numpy<2,>=1.26.0 in /home/***/.local/lib/python3.12/site-packages (from pandas==2.1.4->-r /tmp/venvnns_brtz/requirements.txt (line 1)) (1.26.4)
[2025-02-07T15:52:58.711+0000] {process_utils.py:194} INFO - Requirement already satisfied: python-dateutil>=2.8.2 in /home/***/.local/lib/python3.12/site-packages (from pandas==2.1.4->-r /tmp/venvnns_brtz/requirements.txt (line 1)) (2.9.0.post0)
[2025-02-07T15:52:58.711+0000] {process_utils.py:194} INFO - Requirement already satisfied: pytz>=2020.1 in /home/***/.local/lib/python3.12/site-packages (from pandas==2.1.4->-r /tmp/venvnns_brtz/requirements.txt (line 1)) (2024.2)
[2025-02-07T15:52:58.712+0000] {process_utils.py:194} INFO - Requirement already satisfied: tzdata>=2022.1 in /home/***/.local/lib/python3.12/site-packages (from pandas==2.1.4->-r /tmp/venvnns_brtz/requirements.txt (line 1)) (2024.2)
[2025-02-07T15:52:58.714+0000] {process_utils.py:194} INFO - Requirement already satisfied: six>=1.5 in /home/***/.local/lib/python3.12/site-packages (from python-dateutil>=2.8.2->pandas==2.1.4->-r /tmp/venvnns_brtz/requirements.txt (line 1)) (1.17.0)
[2025-02-07T15:52:59.193+0000] {process_utils.py:194} INFO - 
[2025-02-07T15:52:59.193+0000] {process_utils.py:194} INFO - [notice] A new release of pip is available: 24.3.1 -> 25.0
[2025-02-07T15:52:59.193+0000] {process_utils.py:194} INFO - [notice] To update, run: python -m pip install --upgrade pip
[2025-02-07T15:52:59.273+0000] {process_utils.py:186} INFO - Executing cmd: /tmp/venvnns_brtz/bin/python /tmp/venv-callb_y6kgtn/script.py /tmp/venv-callb_y6kgtn/script.in /tmp/venv-callb_y6kgtn/script.out /tmp/venv-callb_y6kgtn/string_args.txt /tmp/venv-callb_y6kgtn/termination.log
[2025-02-07T15:52:59.274+0000] {process_utils.py:190} INFO - Output:
[2025-02-07T15:53:01.596+0000] {process_utils.py:194} INFO - [2025-02-07T15:53:01.593+0000] {script.py:23} INFO - Starting pre-deployment checks...
[2025-02-07T15:53:01.598+0000] {process_utils.py:194} INFO - [2025-02-07T15:53:01.595+0000] {script.py:38} INFO - Pre-deployment checks completed
[2025-02-07T15:53:02.018+0000] {python.py:240} INFO - Done. Returned value was: {'services_status': {'running': 4}, 'deployment_ready': True, 'timestamp': '2025-02-07T15:53:01.595766'}
[2025-02-07T15:53:02.043+0000] {taskinstance.py:340} INFO - ::group::Post task execution logs
[2025-02-07T15:53:02.043+0000] {taskinstance.py:352} INFO - Marking task as SUCCESS. dag_id=cluster_deployment_rollback, task_id=pre_deployment_checks, run_id=manual__2025-02-07T15:52:53.949244+00:00, execution_date=20250207T155253, start_date=20250207T155256, end_date=20250207T155302
[2025-02-07T15:53:02.052+0000] {logging_mixin.py:190} INFO - Task instance in success state
[2025-02-07T15:53:02.052+0000] {logging_mixin.py:190} INFO -  Previous state of the Task instance: running
[2025-02-07T15:53:02.054+0000] {logging_mixin.py:190} INFO - Dag name:cluster_deployment_rollback queued_at:2025-02-07 15:52:53.966785+00:00
[2025-02-07T15:53:02.054+0000] {logging_mixin.py:190} INFO - Task hostname:1999c8c59930 operator:PythonVirtualenvOperator
[2025-02-07T15:53:02.089+0000] {local_task_job_runner.py:266} INFO - Task exited with return code 0
[2025-02-07T15:53:02.097+0000] {local_task_job_runner.py:245} INFO - ::endgroup::
