[2025-02-07T15:27:03.268+0000] {local_task_job_runner.py:123} INFO - ::group::Pre task execution logs
[2025-02-07T15:27:03.277+0000] {taskinstance.py:2613} INFO - Dependencies all met for dep_context=non-requeueable deps ti=<TaskInstance: cluster_deployment_rollback.pre_deployment_checks manual__2025-02-07T15:27:00.648424+00:00 [queued]>
[2025-02-07T15:27:03.280+0000] {taskinstance.py:2613} INFO - Dependencies all met for dep_context=requeueable deps ti=<TaskInstance: cluster_deployment_rollback.pre_deployment_checks manual__2025-02-07T15:27:00.648424+00:00 [queued]>
[2025-02-07T15:27:03.281+0000] {taskinstance.py:2866} INFO - Starting attempt 1 of 2
[2025-02-07T15:27:03.289+0000] {taskinstance.py:2889} INFO - Executing <Task(PythonVirtualenvOperator): pre_deployment_checks> on 2025-02-07 15:27:00.648424+00:00
[2025-02-07T15:27:03.293+0000] {warnings.py:112} WARNING - /home/***/.local/lib/python3.12/site-packages/***/task/task_runner/standard_task_runner.py:70: DeprecationWarning: This process (pid=312) is multi-threaded, use of fork() may lead to deadlocks in the child.
  pid = os.fork()

[2025-02-07T15:27:03.294+0000] {standard_task_runner.py:72} INFO - Started process 313 to run task
[2025-02-07T15:27:03.295+0000] {standard_task_runner.py:104} INFO - Running: ['***', 'tasks', 'run', 'cluster_deployment_rollback', 'pre_deployment_checks', 'manual__2025-02-07T15:27:00.648424+00:00', '--job-id', '285', '--raw', '--subdir', 'DAGS_FOLDER/cluster_deployment_rollback.py', '--cfg-path', '/tmp/tmppeal555p']
[2025-02-07T15:27:03.296+0000] {standard_task_runner.py:105} INFO - Job 285: Subtask pre_deployment_checks
[2025-02-07T15:27:03.336+0000] {task_command.py:467} INFO - Running <TaskInstance: cluster_deployment_rollback.pre_deployment_checks manual__2025-02-07T15:27:00.648424+00:00 [running]> on host 1999c8c59930
[2025-02-07T15:27:03.406+0000] {taskinstance.py:3132} INFO - Exporting env vars: AIRFLOW_CTX_DAG_OWNER='***' AIRFLOW_CTX_DAG_ID='cluster_deployment_rollback' AIRFLOW_CTX_TASK_ID='pre_deployment_checks' AIRFLOW_CTX_EXECUTION_DATE='2025-02-07T15:27:00.648424+00:00' AIRFLOW_CTX_TRY_NUMBER='1' AIRFLOW_CTX_DAG_RUN_ID='manual__2025-02-07T15:27:00.648424+00:00'
[2025-02-07T15:27:03.408+0000] {logging_mixin.py:190} INFO - Task instance is in running state
[2025-02-07T15:27:03.408+0000] {logging_mixin.py:190} INFO -  Previous state of the Task instance: queued
[2025-02-07T15:27:03.408+0000] {logging_mixin.py:190} INFO - Current task name:pre_deployment_checks state:running start_date:2025-02-07 15:27:03.277501+00:00
[2025-02-07T15:27:03.409+0000] {logging_mixin.py:190} INFO - Dag name:cluster_deployment_rollback and current dag run status:running
[2025-02-07T15:27:03.409+0000] {taskinstance.py:731} INFO - ::endgroup::
[2025-02-07T15:27:03.409+0000] {baseoperator.py:421} WARNING - PythonVirtualenvOperator.execute cannot be called outside TaskInstance!
[2025-02-07T15:27:03.410+0000] {process_utils.py:186} INFO - Executing cmd: /home/***/.local/bin/python -m virtualenv /tmp/venvqvo7930f --system-site-packages --python=python
[2025-02-07T15:27:03.411+0000] {process_utils.py:190} INFO - Output:
[2025-02-07T15:27:03.999+0000] {process_utils.py:194} INFO - created virtual environment CPython3.12.8.final.0-64 in 213ms
[2025-02-07T15:27:04.000+0000] {process_utils.py:194} INFO -   creator CPython3Posix(dest=/tmp/venvqvo7930f, clear=False, no_vcs_ignore=False, global=True)
[2025-02-07T15:27:04.001+0000] {process_utils.py:194} INFO -   seeder FromAppData(download=False, pip=bundle, via=copy, app_data_dir=/home/***/.local/share/virtualenv)
[2025-02-07T15:27:04.002+0000] {process_utils.py:194} INFO -     added seed packages: pip==24.3.1
[2025-02-07T15:27:04.003+0000] {process_utils.py:194} INFO -   activators BashActivator,CShellActivator,FishActivator,NushellActivator,PowerShellActivator,PythonActivator
[2025-02-07T15:27:04.127+0000] {process_utils.py:186} INFO - Executing cmd: /tmp/venvqvo7930f/bin/pip install -r /tmp/venvqvo7930f/requirements.txt
[2025-02-07T15:27:04.177+0000] {process_utils.py:190} INFO - Output:
[2025-02-07T15:27:05.271+0000] {process_utils.py:194} INFO - Requirement already satisfied: pandas==2.1.4 in /home/***/.local/lib/python3.12/site-packages (from -r /tmp/venvqvo7930f/requirements.txt (line 1)) (2.1.4)
[2025-02-07T15:27:05.276+0000] {process_utils.py:194} INFO - Requirement already satisfied: numpy<2,>=1.26.0 in /home/***/.local/lib/python3.12/site-packages (from pandas==2.1.4->-r /tmp/venvqvo7930f/requirements.txt (line 1)) (1.26.4)
[2025-02-07T15:27:05.277+0000] {process_utils.py:194} INFO - Requirement already satisfied: python-dateutil>=2.8.2 in /home/***/.local/lib/python3.12/site-packages (from pandas==2.1.4->-r /tmp/venvqvo7930f/requirements.txt (line 1)) (2.9.0.post0)
[2025-02-07T15:27:05.278+0000] {process_utils.py:194} INFO - Requirement already satisfied: pytz>=2020.1 in /home/***/.local/lib/python3.12/site-packages (from pandas==2.1.4->-r /tmp/venvqvo7930f/requirements.txt (line 1)) (2024.2)
[2025-02-07T15:27:05.278+0000] {process_utils.py:194} INFO - Requirement already satisfied: tzdata>=2022.1 in /home/***/.local/lib/python3.12/site-packages (from pandas==2.1.4->-r /tmp/venvqvo7930f/requirements.txt (line 1)) (2024.2)
[2025-02-07T15:27:05.280+0000] {process_utils.py:194} INFO - Requirement already satisfied: six>=1.5 in /home/***/.local/lib/python3.12/site-packages (from python-dateutil>=2.8.2->pandas==2.1.4->-r /tmp/venvqvo7930f/requirements.txt (line 1)) (1.17.0)
[2025-02-07T15:27:05.657+0000] {process_utils.py:194} INFO - 
[2025-02-07T15:27:05.658+0000] {process_utils.py:194} INFO - [notice] A new release of pip is available: 24.3.1 -> 25.0
[2025-02-07T15:27:05.659+0000] {process_utils.py:194} INFO - [notice] To update, run: python -m pip install --upgrade pip
[2025-02-07T15:27:05.744+0000] {process_utils.py:186} INFO - Executing cmd: /tmp/venvqvo7930f/bin/python /tmp/venv-callyd31yk92/script.py /tmp/venv-callyd31yk92/script.in /tmp/venv-callyd31yk92/script.out /tmp/venv-callyd31yk92/string_args.txt /tmp/venv-callyd31yk92/termination.log
[2025-02-07T15:27:05.746+0000] {process_utils.py:190} INFO - Output:
[2025-02-07T15:27:07.811+0000] {process_utils.py:194} INFO - [2025-02-07T15:27:07.810+0000] {script.py:23} INFO - Starting pre-deployment checks...
[2025-02-07T15:27:07.813+0000] {process_utils.py:194} INFO - [2025-02-07T15:27:07.812+0000] {script.py:38} INFO - Pre-deployment checks completed
[2025-02-07T15:27:08.171+0000] {python.py:240} INFO - Done. Returned value was: {'services_status': {'running': 4}, 'deployment_ready': True, 'timestamp': '2025-02-07T15:27:07.812755'}
[2025-02-07T15:27:08.207+0000] {taskinstance.py:340} INFO - ::group::Post task execution logs
[2025-02-07T15:27:08.208+0000] {taskinstance.py:352} INFO - Marking task as SUCCESS. dag_id=cluster_deployment_rollback, task_id=pre_deployment_checks, run_id=manual__2025-02-07T15:27:00.648424+00:00, execution_date=20250207T152700, start_date=20250207T152703, end_date=20250207T152708
[2025-02-07T15:27:08.219+0000] {logging_mixin.py:190} INFO - Task instance in success state
[2025-02-07T15:27:08.220+0000] {logging_mixin.py:190} INFO -  Previous state of the Task instance: running
[2025-02-07T15:27:08.220+0000] {logging_mixin.py:190} INFO - Dag name:cluster_deployment_rollback queued_at:2025-02-07 15:27:00.674209+00:00
[2025-02-07T15:27:08.220+0000] {logging_mixin.py:190} INFO - Task hostname:1999c8c59930 operator:PythonVirtualenvOperator
[2025-02-07T15:27:08.250+0000] {local_task_job_runner.py:266} INFO - Task exited with return code 0
[2025-02-07T15:27:08.296+0000] {taskinstance.py:3895} INFO - 1 downstream tasks scheduled from follow-on schedule check
[2025-02-07T15:27:08.297+0000] {standard_task_runner.py:217} INFO - Process not found (most likely exited), stop collecting metrics
[2025-02-07T15:27:08.300+0000] {local_task_job_runner.py:245} INFO - ::endgroup::
