[2025-02-05T13:46:14.558+0000] {local_task_job_runner.py:123} INFO - ::group::Pre task execution logs
[2025-02-05T13:46:14.573+0000] {taskinstance.py:2613} INFO - Dependencies all met for dep_context=non-requeueable deps ti=<TaskInstance: external_signal_workflow.wait_for_signal manual__2025-02-05T13:45:45.725882+00:00 [queued]>
[2025-02-05T13:46:14.579+0000] {taskinstance.py:2613} INFO - Dependencies all met for dep_context=requeueable deps ti=<TaskInstance: external_signal_workflow.wait_for_signal manual__2025-02-05T13:45:45.725882+00:00 [queued]>
[2025-02-05T13:46:14.579+0000] {taskinstance.py:2866} INFO - Starting attempt 1 of 2
[2025-02-05T13:46:14.587+0000] {taskinstance.py:2889} INFO - Executing <Task(ExternalTaskSensor): wait_for_signal> on 2025-02-05 13:45:45.725882+00:00
[2025-02-05T13:46:14.614+0000] {warnings.py:112} WARNING - /home/***/.local/lib/python3.12/site-packages/***/task/task_runner/standard_task_runner.py:70: DeprecationWarning: This process (pid=1375) is multi-threaded, use of fork() may lead to deadlocks in the child.
  pid = os.fork()

[2025-02-05T13:46:14.614+0000] {standard_task_runner.py:104} INFO - Running: ['***', 'tasks', 'run', 'external_signal_workflow', 'wait_for_signal', 'manual__2025-02-05T13:45:45.725882+00:00', '--job-id', '40', '--raw', '--subdir', 'DAGS_FOLDER/external_signal_workflow.py', '--cfg-path', '/tmp/tmp3t2jy7sg']
[2025-02-05T13:46:14.618+0000] {standard_task_runner.py:72} INFO - Started process 1376 to run task
[2025-02-05T13:46:14.619+0000] {standard_task_runner.py:105} INFO - Job 40: Subtask wait_for_signal
[2025-02-05T13:46:14.989+0000] {task_command.py:467} INFO - Running <TaskInstance: external_signal_workflow.wait_for_signal manual__2025-02-05T13:45:45.725882+00:00 [running]> on host ***-worker-3
[2025-02-05T13:46:15.040+0000] {taskinstance.py:3132} INFO - Exporting env vars: AIRFLOW_CTX_DAG_OWNER='***' AIRFLOW_CTX_DAG_ID='external_signal_workflow' AIRFLOW_CTX_TASK_ID='wait_for_signal' AIRFLOW_CTX_EXECUTION_DATE='2025-02-05T13:45:45.725882+00:00' AIRFLOW_CTX_TRY_NUMBER='1' AIRFLOW_CTX_DAG_RUN_ID='manual__2025-02-05T13:45:45.725882+00:00'
[2025-02-05T13:46:15.041+0000] {logging_mixin.py:190} INFO - Task instance is in running state
[2025-02-05T13:46:15.042+0000] {logging_mixin.py:190} INFO -  Previous state of the Task instance: queued
[2025-02-05T13:46:15.042+0000] {logging_mixin.py:190} INFO - Current task name:wait_for_signal state:running start_date:2025-02-05 13:46:14.574186+00:00
[2025-02-05T13:46:15.042+0000] {logging_mixin.py:190} INFO - Dag name:external_signal_workflow and current dag run status:running
[2025-02-05T13:46:15.043+0000] {taskinstance.py:731} INFO - ::endgroup::
[2025-02-05T13:46:15.043+0000] {baseoperator.py:421} WARNING - ExternalTaskSensor.execute cannot be called outside TaskInstance!
[2025-02-05T13:46:15.053+0000] {external_task.py:258} INFO - Poking for tasks ['send_signal'] in dag signal_dag on 2025-02-05T13:45:45.725882+00:00 ... 
[2025-02-05T13:46:15.057+0000] {warnings.py:112} WARNING - /home/***/.local/lib/python3.12/site-packages/***/utils/session.py:97: DeprecationWarning: This method is deprecated and will be removed in future.
  return func(*args, session=session, **kwargs)

[2025-02-05T13:46:15.082+0000] {taskinstance.py:309} INFO - Rescheduling task, marking task as UP_FOR_RESCHEDULE
[2025-02-05T13:46:15.083+0000] {taskinstance.py:340} INFO - ::group::Post task execution logs
[2025-02-05T13:46:15.118+0000] {local_task_job_runner.py:266} INFO - Task exited with return code 0
[2025-02-05T13:46:15.269+0000] {taskinstance.py:3895} INFO - 0 downstream tasks scheduled from follow-on schedule check
[2025-02-05T13:46:15.270+0000] {local_task_job_runner.py:245} INFO - ::endgroup::
[2025-02-05T13:47:17.434+0000] {local_task_job_runner.py:123} INFO - ::group::Pre task execution logs
[2025-02-05T13:47:17.442+0000] {taskinstance.py:2613} INFO - Dependencies all met for dep_context=non-requeueable deps ti=<TaskInstance: external_signal_workflow.wait_for_signal manual__2025-02-05T13:45:45.725882+00:00 [queued]>
[2025-02-05T13:47:17.446+0000] {taskinstance.py:2613} INFO - Dependencies all met for dep_context=requeueable deps ti=<TaskInstance: external_signal_workflow.wait_for_signal manual__2025-02-05T13:45:45.725882+00:00 [queued]>
[2025-02-05T13:47:17.447+0000] {taskinstance.py:2866} INFO - Starting attempt 1 of 2
[2025-02-05T13:47:17.538+0000] {taskinstance.py:2889} INFO - Executing <Task(ExternalTaskSensor): wait_for_signal> on 2025-02-05 13:45:45.725882+00:00
[2025-02-05T13:47:17.544+0000] {warnings.py:112} WARNING - /home/***/.local/lib/python3.12/site-packages/***/task/task_runner/standard_task_runner.py:70: DeprecationWarning: This process (pid=1369) is multi-threaded, use of fork() may lead to deadlocks in the child.
  pid = os.fork()

[2025-02-05T13:47:17.545+0000] {standard_task_runner.py:72} INFO - Started process 1370 to run task
[2025-02-05T13:47:17.545+0000] {standard_task_runner.py:104} INFO - Running: ['***', 'tasks', 'run', 'external_signal_workflow', 'wait_for_signal', 'manual__2025-02-05T13:45:45.725882+00:00', '--job-id', '41', '--raw', '--subdir', 'DAGS_FOLDER/external_signal_workflow.py', '--cfg-path', '/tmp/tmpi8obnp3w']
[2025-02-05T13:47:17.546+0000] {standard_task_runner.py:105} INFO - Job 41: Subtask wait_for_signal
[2025-02-05T13:47:17.583+0000] {task_command.py:467} INFO - Running <TaskInstance: external_signal_workflow.wait_for_signal manual__2025-02-05T13:45:45.725882+00:00 [running]> on host ***-worker-1
[2025-02-05T13:47:17.647+0000] {taskinstance.py:3132} INFO - Exporting env vars: AIRFLOW_CTX_DAG_OWNER='***' AIRFLOW_CTX_DAG_ID='external_signal_workflow' AIRFLOW_CTX_TASK_ID='wait_for_signal' AIRFLOW_CTX_EXECUTION_DATE='2025-02-05T13:45:45.725882+00:00' AIRFLOW_CTX_TRY_NUMBER='1' AIRFLOW_CTX_DAG_RUN_ID='manual__2025-02-05T13:45:45.725882+00:00'
[2025-02-05T13:47:17.648+0000] {logging_mixin.py:190} INFO - Task instance is in running state
[2025-02-05T13:47:17.648+0000] {logging_mixin.py:190} INFO -  Previous state of the Task instance: queued
[2025-02-05T13:47:17.649+0000] {logging_mixin.py:190} INFO - Current task name:wait_for_signal state:running start_date:2025-02-05 13:47:17.442937+00:00
[2025-02-05T13:47:17.649+0000] {logging_mixin.py:190} INFO - Dag name:external_signal_workflow and current dag run status:running
[2025-02-05T13:47:17.650+0000] {taskinstance.py:731} INFO - ::endgroup::
[2025-02-05T13:47:17.650+0000] {baseoperator.py:421} WARNING - ExternalTaskSensor.execute cannot be called outside TaskInstance!
[2025-02-05T13:47:17.655+0000] {external_task.py:258} INFO - Poking for tasks ['send_signal'] in dag signal_dag on 2025-02-05T13:45:45.725882+00:00 ... 
[2025-02-05T13:47:17.656+0000] {warnings.py:112} WARNING - /home/***/.local/lib/python3.12/site-packages/***/utils/session.py:97: DeprecationWarning: This method is deprecated and will be removed in future.
  return func(*args, session=session, **kwargs)

[2025-02-05T13:47:17.672+0000] {taskinstance.py:309} INFO - Rescheduling task, marking task as UP_FOR_RESCHEDULE
[2025-02-05T13:47:17.672+0000] {taskinstance.py:340} INFO - ::group::Post task execution logs
[2025-02-05T13:47:17.678+0000] {local_task_job_runner.py:266} INFO - Task exited with return code 0
[2025-02-05T13:47:17.695+0000] {taskinstance.py:3895} INFO - 0 downstream tasks scheduled from follow-on schedule check
[2025-02-05T13:47:17.697+0000] {local_task_job_runner.py:245} INFO - ::endgroup::
[2025-02-05T13:48:19.770+0000] {local_task_job_runner.py:123} INFO - ::group::Pre task execution logs
[2025-02-05T13:48:19.779+0000] {taskinstance.py:2613} INFO - Dependencies all met for dep_context=non-requeueable deps ti=<TaskInstance: external_signal_workflow.wait_for_signal manual__2025-02-05T13:45:45.725882+00:00 [queued]>
[2025-02-05T13:48:19.783+0000] {taskinstance.py:2613} INFO - Dependencies all met for dep_context=requeueable deps ti=<TaskInstance: external_signal_workflow.wait_for_signal manual__2025-02-05T13:45:45.725882+00:00 [queued]>
[2025-02-05T13:48:19.783+0000] {taskinstance.py:2866} INFO - Starting attempt 1 of 2
[2025-02-05T13:48:19.881+0000] {taskinstance.py:2889} INFO - Executing <Task(ExternalTaskSensor): wait_for_signal> on 2025-02-05 13:45:45.725882+00:00
[2025-02-05T13:48:19.886+0000] {warnings.py:112} WARNING - /home/***/.local/lib/python3.12/site-packages/***/task/task_runner/standard_task_runner.py:70: DeprecationWarning: This process (pid=1408) is multi-threaded, use of fork() may lead to deadlocks in the child.
  pid = os.fork()

[2025-02-05T13:48:19.887+0000] {standard_task_runner.py:72} INFO - Started process 1409 to run task
[2025-02-05T13:48:19.888+0000] {standard_task_runner.py:104} INFO - Running: ['***', 'tasks', 'run', 'external_signal_workflow', 'wait_for_signal', 'manual__2025-02-05T13:45:45.725882+00:00', '--job-id', '43', '--raw', '--subdir', 'DAGS_FOLDER/external_signal_workflow.py', '--cfg-path', '/tmp/tmpzs4mp_ng']
[2025-02-05T13:48:19.889+0000] {standard_task_runner.py:105} INFO - Job 43: Subtask wait_for_signal
[2025-02-05T13:48:19.921+0000] {task_command.py:467} INFO - Running <TaskInstance: external_signal_workflow.wait_for_signal manual__2025-02-05T13:45:45.725882+00:00 [running]> on host ***-worker-1
[2025-02-05T13:48:19.967+0000] {taskinstance.py:3132} INFO - Exporting env vars: AIRFLOW_CTX_DAG_OWNER='***' AIRFLOW_CTX_DAG_ID='external_signal_workflow' AIRFLOW_CTX_TASK_ID='wait_for_signal' AIRFLOW_CTX_EXECUTION_DATE='2025-02-05T13:45:45.725882+00:00' AIRFLOW_CTX_TRY_NUMBER='1' AIRFLOW_CTX_DAG_RUN_ID='manual__2025-02-05T13:45:45.725882+00:00'
[2025-02-05T13:48:19.968+0000] {logging_mixin.py:190} INFO - Task instance is in running state
[2025-02-05T13:48:19.969+0000] {logging_mixin.py:190} INFO -  Previous state of the Task instance: queued
[2025-02-05T13:48:19.969+0000] {logging_mixin.py:190} INFO - Current task name:wait_for_signal state:running start_date:2025-02-05 13:48:19.779856+00:00
[2025-02-05T13:48:19.970+0000] {logging_mixin.py:190} INFO - Dag name:external_signal_workflow and current dag run status:running
[2025-02-05T13:48:19.970+0000] {taskinstance.py:731} INFO - ::endgroup::
[2025-02-05T13:48:19.971+0000] {baseoperator.py:421} WARNING - ExternalTaskSensor.execute cannot be called outside TaskInstance!
[2025-02-05T13:48:19.977+0000] {external_task.py:258} INFO - Poking for tasks ['send_signal'] in dag signal_dag on 2025-02-05T13:45:45.725882+00:00 ... 
[2025-02-05T13:48:19.978+0000] {warnings.py:112} WARNING - /home/***/.local/lib/python3.12/site-packages/***/utils/session.py:97: DeprecationWarning: This method is deprecated and will be removed in future.
  return func(*args, session=session, **kwargs)

[2025-02-05T13:48:20.000+0000] {taskinstance.py:309} INFO - Rescheduling task, marking task as UP_FOR_RESCHEDULE
[2025-02-05T13:48:20.000+0000] {taskinstance.py:340} INFO - ::group::Post task execution logs
[2025-02-05T13:48:20.022+0000] {local_task_job_runner.py:266} INFO - Task exited with return code 0
[2025-02-05T13:48:20.040+0000] {taskinstance.py:3895} INFO - 0 downstream tasks scheduled from follow-on schedule check
[2025-02-05T13:48:20.041+0000] {local_task_job_runner.py:245} INFO - ::endgroup::
[2025-02-05T13:49:21.445+0000] {local_task_job_runner.py:123} INFO - ::group::Pre task execution logs
[2025-02-05T13:49:21.457+0000] {taskinstance.py:2613} INFO - Dependencies all met for dep_context=non-requeueable deps ti=<TaskInstance: external_signal_workflow.wait_for_signal manual__2025-02-05T13:45:45.725882+00:00 [queued]>
[2025-02-05T13:49:21.463+0000] {taskinstance.py:2613} INFO - Dependencies all met for dep_context=requeueable deps ti=<TaskInstance: external_signal_workflow.wait_for_signal manual__2025-02-05T13:45:45.725882+00:00 [queued]>
[2025-02-05T13:49:21.464+0000] {taskinstance.py:2866} INFO - Starting attempt 1 of 2
[2025-02-05T13:49:21.573+0000] {taskinstance.py:2889} INFO - Executing <Task(ExternalTaskSensor): wait_for_signal> on 2025-02-05 13:45:45.725882+00:00
[2025-02-05T13:49:21.579+0000] {warnings.py:112} WARNING - /home/***/.local/lib/python3.12/site-packages/***/task/task_runner/standard_task_runner.py:70: DeprecationWarning: This process (pid=1425) is multi-threaded, use of fork() may lead to deadlocks in the child.
  pid = os.fork()

[2025-02-05T13:49:21.580+0000] {standard_task_runner.py:72} INFO - Started process 1426 to run task
[2025-02-05T13:49:21.580+0000] {standard_task_runner.py:104} INFO - Running: ['***', 'tasks', 'run', 'external_signal_workflow', 'wait_for_signal', 'manual__2025-02-05T13:45:45.725882+00:00', '--job-id', '44', '--raw', '--subdir', 'DAGS_FOLDER/external_signal_workflow.py', '--cfg-path', '/tmp/tmpzsauxc5y']
[2025-02-05T13:49:21.581+0000] {standard_task_runner.py:105} INFO - Job 44: Subtask wait_for_signal
[2025-02-05T13:49:21.613+0000] {task_command.py:467} INFO - Running <TaskInstance: external_signal_workflow.wait_for_signal manual__2025-02-05T13:45:45.725882+00:00 [running]> on host ***-worker-1
[2025-02-05T13:49:21.651+0000] {taskinstance.py:3132} INFO - Exporting env vars: AIRFLOW_CTX_DAG_OWNER='***' AIRFLOW_CTX_DAG_ID='external_signal_workflow' AIRFLOW_CTX_TASK_ID='wait_for_signal' AIRFLOW_CTX_EXECUTION_DATE='2025-02-05T13:45:45.725882+00:00' AIRFLOW_CTX_TRY_NUMBER='1' AIRFLOW_CTX_DAG_RUN_ID='manual__2025-02-05T13:45:45.725882+00:00'
[2025-02-05T13:49:21.652+0000] {logging_mixin.py:190} INFO - Task instance is in running state
[2025-02-05T13:49:21.652+0000] {logging_mixin.py:190} INFO -  Previous state of the Task instance: queued
[2025-02-05T13:49:21.653+0000] {logging_mixin.py:190} INFO - Current task name:wait_for_signal state:running start_date:2025-02-05 13:49:21.458267+00:00
[2025-02-05T13:49:21.653+0000] {logging_mixin.py:190} INFO - Dag name:external_signal_workflow and current dag run status:running
[2025-02-05T13:49:21.653+0000] {taskinstance.py:731} INFO - ::endgroup::
[2025-02-05T13:49:21.654+0000] {baseoperator.py:421} WARNING - ExternalTaskSensor.execute cannot be called outside TaskInstance!
[2025-02-05T13:49:21.659+0000] {external_task.py:258} INFO - Poking for tasks ['send_signal'] in dag signal_dag on 2025-02-05T13:45:45.725882+00:00 ... 
[2025-02-05T13:49:21.660+0000] {warnings.py:112} WARNING - /home/***/.local/lib/python3.12/site-packages/***/utils/session.py:97: DeprecationWarning: This method is deprecated and will be removed in future.
  return func(*args, session=session, **kwargs)

[2025-02-05T13:49:21.683+0000] {taskinstance.py:309} INFO - Rescheduling task, marking task as UP_FOR_RESCHEDULE
[2025-02-05T13:49:21.683+0000] {taskinstance.py:340} INFO - ::group::Post task execution logs
[2025-02-05T13:49:21.714+0000] {local_task_job_runner.py:266} INFO - Task exited with return code 0
[2025-02-05T13:49:21.733+0000] {taskinstance.py:3895} INFO - 0 downstream tasks scheduled from follow-on schedule check
[2025-02-05T13:49:21.735+0000] {local_task_job_runner.py:245} INFO - ::endgroup::
[2025-02-05T13:50:23.962+0000] {local_task_job_runner.py:123} INFO - ::group::Pre task execution logs
[2025-02-05T13:50:23.971+0000] {taskinstance.py:2613} INFO - Dependencies all met for dep_context=non-requeueable deps ti=<TaskInstance: external_signal_workflow.wait_for_signal manual__2025-02-05T13:45:45.725882+00:00 [queued]>
[2025-02-05T13:50:23.974+0000] {taskinstance.py:2613} INFO - Dependencies all met for dep_context=requeueable deps ti=<TaskInstance: external_signal_workflow.wait_for_signal manual__2025-02-05T13:45:45.725882+00:00 [queued]>
[2025-02-05T13:50:23.975+0000] {taskinstance.py:2866} INFO - Starting attempt 1 of 2
[2025-02-05T13:50:24.068+0000] {taskinstance.py:2889} INFO - Executing <Task(ExternalTaskSensor): wait_for_signal> on 2025-02-05 13:45:45.725882+00:00
[2025-02-05T13:50:24.074+0000] {warnings.py:112} WARNING - /home/***/.local/lib/python3.12/site-packages/***/task/task_runner/standard_task_runner.py:70: DeprecationWarning: This process (pid=1442) is multi-threaded, use of fork() may lead to deadlocks in the child.
  pid = os.fork()

[2025-02-05T13:50:24.075+0000] {standard_task_runner.py:72} INFO - Started process 1443 to run task
[2025-02-05T13:50:24.076+0000] {standard_task_runner.py:104} INFO - Running: ['***', 'tasks', 'run', 'external_signal_workflow', 'wait_for_signal', 'manual__2025-02-05T13:45:45.725882+00:00', '--job-id', '45', '--raw', '--subdir', 'DAGS_FOLDER/external_signal_workflow.py', '--cfg-path', '/tmp/tmpvlw625ow']
[2025-02-05T13:50:24.077+0000] {standard_task_runner.py:105} INFO - Job 45: Subtask wait_for_signal
[2025-02-05T13:50:24.117+0000] {task_command.py:467} INFO - Running <TaskInstance: external_signal_workflow.wait_for_signal manual__2025-02-05T13:45:45.725882+00:00 [running]> on host ***-worker-1
[2025-02-05T13:50:24.158+0000] {taskinstance.py:3132} INFO - Exporting env vars: AIRFLOW_CTX_DAG_OWNER='***' AIRFLOW_CTX_DAG_ID='external_signal_workflow' AIRFLOW_CTX_TASK_ID='wait_for_signal' AIRFLOW_CTX_EXECUTION_DATE='2025-02-05T13:45:45.725882+00:00' AIRFLOW_CTX_TRY_NUMBER='1' AIRFLOW_CTX_DAG_RUN_ID='manual__2025-02-05T13:45:45.725882+00:00'
[2025-02-05T13:50:24.159+0000] {logging_mixin.py:190} INFO - Task instance is in running state
[2025-02-05T13:50:24.159+0000] {logging_mixin.py:190} INFO -  Previous state of the Task instance: queued
[2025-02-05T13:50:24.159+0000] {logging_mixin.py:190} INFO - Current task name:wait_for_signal state:running start_date:2025-02-05 13:50:23.971616+00:00
[2025-02-05T13:50:24.160+0000] {logging_mixin.py:190} INFO - Dag name:external_signal_workflow and current dag run status:running
[2025-02-05T13:50:24.160+0000] {taskinstance.py:731} INFO - ::endgroup::
[2025-02-05T13:50:24.160+0000] {baseoperator.py:421} WARNING - ExternalTaskSensor.execute cannot be called outside TaskInstance!
[2025-02-05T13:50:24.165+0000] {external_task.py:258} INFO - Poking for tasks ['send_signal'] in dag signal_dag on 2025-02-05T13:45:45.725882+00:00 ... 
[2025-02-05T13:50:24.166+0000] {warnings.py:112} WARNING - /home/***/.local/lib/python3.12/site-packages/***/utils/session.py:97: DeprecationWarning: This method is deprecated and will be removed in future.
  return func(*args, session=session, **kwargs)

[2025-02-05T13:50:24.181+0000] {taskinstance.py:309} INFO - Rescheduling task, marking task as UP_FOR_RESCHEDULE
[2025-02-05T13:50:24.182+0000] {taskinstance.py:340} INFO - ::group::Post task execution logs
[2025-02-05T13:50:24.210+0000] {local_task_job_runner.py:266} INFO - Task exited with return code 0
[2025-02-05T13:50:24.228+0000] {taskinstance.py:3895} INFO - 0 downstream tasks scheduled from follow-on schedule check
[2025-02-05T13:50:24.229+0000] {local_task_job_runner.py:245} INFO - ::endgroup::
[2025-02-05T13:51:26.384+0000] {local_task_job_runner.py:123} INFO - ::group::Pre task execution logs
[2025-02-05T13:51:26.392+0000] {taskinstance.py:2613} INFO - Dependencies all met for dep_context=non-requeueable deps ti=<TaskInstance: external_signal_workflow.wait_for_signal manual__2025-02-05T13:45:45.725882+00:00 [queued]>
[2025-02-05T13:51:26.395+0000] {taskinstance.py:2613} INFO - Dependencies all met for dep_context=requeueable deps ti=<TaskInstance: external_signal_workflow.wait_for_signal manual__2025-02-05T13:45:45.725882+00:00 [queued]>
[2025-02-05T13:51:26.396+0000] {taskinstance.py:2866} INFO - Starting attempt 1 of 2
[2025-02-05T13:51:26.496+0000] {taskinstance.py:2889} INFO - Executing <Task(ExternalTaskSensor): wait_for_signal> on 2025-02-05 13:45:45.725882+00:00
[2025-02-05T13:51:26.501+0000] {warnings.py:112} WARNING - /home/***/.local/lib/python3.12/site-packages/***/task/task_runner/standard_task_runner.py:70: DeprecationWarning: This process (pid=1460) is multi-threaded, use of fork() may lead to deadlocks in the child.
  pid = os.fork()

[2025-02-05T13:51:26.503+0000] {standard_task_runner.py:72} INFO - Started process 1461 to run task
[2025-02-05T13:51:26.503+0000] {standard_task_runner.py:104} INFO - Running: ['***', 'tasks', 'run', 'external_signal_workflow', 'wait_for_signal', 'manual__2025-02-05T13:45:45.725882+00:00', '--job-id', '46', '--raw', '--subdir', 'DAGS_FOLDER/external_signal_workflow.py', '--cfg-path', '/tmp/tmpvjrt5iws']
[2025-02-05T13:51:26.503+0000] {standard_task_runner.py:105} INFO - Job 46: Subtask wait_for_signal
[2025-02-05T13:51:26.533+0000] {task_command.py:467} INFO - Running <TaskInstance: external_signal_workflow.wait_for_signal manual__2025-02-05T13:45:45.725882+00:00 [running]> on host ***-worker-1
[2025-02-05T13:51:26.569+0000] {taskinstance.py:3132} INFO - Exporting env vars: AIRFLOW_CTX_DAG_OWNER='***' AIRFLOW_CTX_DAG_ID='external_signal_workflow' AIRFLOW_CTX_TASK_ID='wait_for_signal' AIRFLOW_CTX_EXECUTION_DATE='2025-02-05T13:45:45.725882+00:00' AIRFLOW_CTX_TRY_NUMBER='1' AIRFLOW_CTX_DAG_RUN_ID='manual__2025-02-05T13:45:45.725882+00:00'
[2025-02-05T13:51:26.570+0000] {logging_mixin.py:190} INFO - Task instance is in running state
[2025-02-05T13:51:26.571+0000] {logging_mixin.py:190} INFO -  Previous state of the Task instance: queued
[2025-02-05T13:51:26.571+0000] {logging_mixin.py:190} INFO - Current task name:wait_for_signal state:running start_date:2025-02-05 13:51:26.392774+00:00
[2025-02-05T13:51:26.571+0000] {logging_mixin.py:190} INFO - Dag name:external_signal_workflow and current dag run status:running
[2025-02-05T13:51:26.571+0000] {taskinstance.py:731} INFO - ::endgroup::
[2025-02-05T13:51:26.572+0000] {baseoperator.py:421} WARNING - ExternalTaskSensor.execute cannot be called outside TaskInstance!
[2025-02-05T13:51:26.576+0000] {external_task.py:258} INFO - Poking for tasks ['send_signal'] in dag signal_dag on 2025-02-05T13:45:45.725882+00:00 ... 
[2025-02-05T13:51:26.577+0000] {warnings.py:112} WARNING - /home/***/.local/lib/python3.12/site-packages/***/utils/session.py:97: DeprecationWarning: This method is deprecated and will be removed in future.
  return func(*args, session=session, **kwargs)

[2025-02-05T13:51:26.591+0000] {taskinstance.py:309} INFO - Rescheduling task, marking task as UP_FOR_RESCHEDULE
[2025-02-05T13:51:26.591+0000] {taskinstance.py:340} INFO - ::group::Post task execution logs
[2025-02-05T13:51:26.596+0000] {local_task_job_runner.py:266} INFO - Task exited with return code 0
[2025-02-05T13:51:26.610+0000] {taskinstance.py:3895} INFO - 0 downstream tasks scheduled from follow-on schedule check
[2025-02-05T13:51:26.611+0000] {local_task_job_runner.py:245} INFO - ::endgroup::
[2025-02-05T13:52:29.073+0000] {local_task_job_runner.py:123} INFO - ::group::Pre task execution logs
[2025-02-05T13:52:29.088+0000] {taskinstance.py:2613} INFO - Dependencies all met for dep_context=non-requeueable deps ti=<TaskInstance: external_signal_workflow.wait_for_signal manual__2025-02-05T13:45:45.725882+00:00 [queued]>
[2025-02-05T13:52:29.093+0000] {taskinstance.py:2613} INFO - Dependencies all met for dep_context=requeueable deps ti=<TaskInstance: external_signal_workflow.wait_for_signal manual__2025-02-05T13:45:45.725882+00:00 [queued]>
[2025-02-05T13:52:29.093+0000] {taskinstance.py:2866} INFO - Starting attempt 1 of 2
[2025-02-05T13:52:29.200+0000] {taskinstance.py:2889} INFO - Executing <Task(ExternalTaskSensor): wait_for_signal> on 2025-02-05 13:45:45.725882+00:00
[2025-02-05T13:52:29.207+0000] {warnings.py:112} WARNING - /home/***/.local/lib/python3.12/site-packages/***/task/task_runner/standard_task_runner.py:70: DeprecationWarning: This process (pid=1477) is multi-threaded, use of fork() may lead to deadlocks in the child.
  pid = os.fork()

[2025-02-05T13:52:29.209+0000] {standard_task_runner.py:72} INFO - Started process 1478 to run task
[2025-02-05T13:52:29.210+0000] {standard_task_runner.py:104} INFO - Running: ['***', 'tasks', 'run', 'external_signal_workflow', 'wait_for_signal', 'manual__2025-02-05T13:45:45.725882+00:00', '--job-id', '47', '--raw', '--subdir', 'DAGS_FOLDER/external_signal_workflow.py', '--cfg-path', '/tmp/tmpxsmsa4fo']
[2025-02-05T13:52:29.211+0000] {standard_task_runner.py:105} INFO - Job 47: Subtask wait_for_signal
[2025-02-05T13:52:29.282+0000] {task_command.py:467} INFO - Running <TaskInstance: external_signal_workflow.wait_for_signal manual__2025-02-05T13:45:45.725882+00:00 [running]> on host ***-worker-1
[2025-02-05T13:52:29.353+0000] {taskinstance.py:3132} INFO - Exporting env vars: AIRFLOW_CTX_DAG_OWNER='***' AIRFLOW_CTX_DAG_ID='external_signal_workflow' AIRFLOW_CTX_TASK_ID='wait_for_signal' AIRFLOW_CTX_EXECUTION_DATE='2025-02-05T13:45:45.725882+00:00' AIRFLOW_CTX_TRY_NUMBER='1' AIRFLOW_CTX_DAG_RUN_ID='manual__2025-02-05T13:45:45.725882+00:00'
[2025-02-05T13:52:29.356+0000] {logging_mixin.py:190} INFO - Task instance is in running state
[2025-02-05T13:52:29.357+0000] {logging_mixin.py:190} INFO -  Previous state of the Task instance: queued
[2025-02-05T13:52:29.357+0000] {logging_mixin.py:190} INFO - Current task name:wait_for_signal state:running start_date:2025-02-05 13:52:29.088894+00:00
[2025-02-05T13:52:29.358+0000] {logging_mixin.py:190} INFO - Dag name:external_signal_workflow and current dag run status:running
[2025-02-05T13:52:29.358+0000] {taskinstance.py:731} INFO - ::endgroup::
[2025-02-05T13:52:29.368+0000] {baseoperator.py:421} WARNING - ExternalTaskSensor.execute cannot be called outside TaskInstance!
[2025-02-05T13:52:29.380+0000] {external_task.py:258} INFO - Poking for tasks ['send_signal'] in dag signal_dag on 2025-02-05T13:45:45.725882+00:00 ... 
[2025-02-05T13:52:29.381+0000] {warnings.py:112} WARNING - /home/***/.local/lib/python3.12/site-packages/***/utils/session.py:97: DeprecationWarning: This method is deprecated and will be removed in future.
  return func(*args, session=session, **kwargs)

[2025-02-05T13:52:29.410+0000] {taskinstance.py:309} INFO - Rescheduling task, marking task as UP_FOR_RESCHEDULE
[2025-02-05T13:52:29.410+0000] {taskinstance.py:340} INFO - ::group::Post task execution logs
[2025-02-05T13:52:29.438+0000] {local_task_job_runner.py:266} INFO - Task exited with return code 0
[2025-02-05T13:52:29.457+0000] {taskinstance.py:3895} INFO - 0 downstream tasks scheduled from follow-on schedule check
[2025-02-05T13:52:29.459+0000] {local_task_job_runner.py:245} INFO - ::endgroup::
