[2025-02-06T09:35:19.048+0000] {local_task_job_runner.py:123} INFO - ::group::Pre task execution logs
[2025-02-06T09:35:19.057+0000] {taskinstance.py:2613} INFO - Dependencies all met for dep_context=non-requeueable deps ti=<TaskInstance: long_running_workflow.long_running_task manual__2025-02-06T09:35:13.604458+00:00 [queued]>
[2025-02-06T09:35:19.061+0000] {taskinstance.py:2613} INFO - Dependencies all met for dep_context=requeueable deps ti=<TaskInstance: long_running_workflow.long_running_task manual__2025-02-06T09:35:13.604458+00:00 [queued]>
[2025-02-06T09:35:19.062+0000] {taskinstance.py:2866} INFO - Starting attempt 1 of 2
[2025-02-06T09:35:19.068+0000] {taskinstance.py:2889} INFO - Executing <Task(BashOperator): long_running_task> on 2025-02-06 09:35:13.604458+00:00
[2025-02-06T09:35:19.073+0000] {warnings.py:112} WARNING - /home/***/.local/lib/python3.12/site-packages/***/task/task_runner/standard_task_runner.py:70: DeprecationWarning: This process (pid=142) is multi-threaded, use of fork() may lead to deadlocks in the child.
  pid = os.fork()

[2025-02-06T09:35:19.074+0000] {standard_task_runner.py:72} INFO - Started process 144 to run task
[2025-02-06T09:35:19.074+0000] {standard_task_runner.py:104} INFO - Running: ['***', 'tasks', 'run', 'long_running_workflow', 'long_running_task', 'manual__2025-02-06T09:35:13.604458+00:00', '--job-id', '6', '--raw', '--subdir', 'DAGS_FOLDER/long_running_workflow.py', '--cfg-path', '/tmp/tmp536o0wyh']
[2025-02-06T09:35:19.075+0000] {standard_task_runner.py:105} INFO - Job 6: Subtask long_running_task
[2025-02-06T09:35:19.105+0000] {task_command.py:467} INFO - Running <TaskInstance: long_running_workflow.long_running_task manual__2025-02-06T09:35:13.604458+00:00 [running]> on host ***-worker-1
[2025-02-06T09:35:19.149+0000] {taskinstance.py:3132} INFO - Exporting env vars: AIRFLOW_CTX_DAG_OWNER='***' AIRFLOW_CTX_DAG_ID='long_running_workflow' AIRFLOW_CTX_TASK_ID='long_running_task' AIRFLOW_CTX_EXECUTION_DATE='2025-02-06T09:35:13.604458+00:00' AIRFLOW_CTX_TRY_NUMBER='1' AIRFLOW_CTX_DAG_RUN_ID='manual__2025-02-06T09:35:13.604458+00:00'
[2025-02-06T09:35:19.152+0000] {logging_mixin.py:190} INFO - Task instance is in running state
[2025-02-06T09:35:19.152+0000] {logging_mixin.py:190} INFO -  Previous state of the Task instance: queued
[2025-02-06T09:35:19.153+0000] {logging_mixin.py:190} INFO - Current task name:long_running_task state:running start_date:2025-02-06 09:35:19.057391+00:00
[2025-02-06T09:35:19.154+0000] {logging_mixin.py:190} INFO - Dag name:long_running_workflow and current dag run status:running
[2025-02-06T09:35:19.154+0000] {taskinstance.py:731} INFO - ::endgroup::
[2025-02-06T09:35:19.155+0000] {subprocess.py:78} INFO - Tmp dir root location: /tmp
[2025-02-06T09:35:19.156+0000] {subprocess.py:88} INFO - Running command: ['/usr/bin/bash', '-c', 'sleep 180']
[2025-02-06T09:35:19.168+0000] {subprocess.py:99} INFO - Output:
[2025-02-06T09:38:19.176+0000] {subprocess.py:110} INFO - Command exited with return code 0
[2025-02-06T09:38:19.211+0000] {taskinstance.py:340} INFO - ::group::Post task execution logs
[2025-02-06T09:38:19.211+0000] {taskinstance.py:352} INFO - Marking task as SUCCESS. dag_id=long_running_workflow, task_id=long_running_task, run_id=manual__2025-02-06T09:35:13.604458+00:00, execution_date=20250206T093513, start_date=20250206T093519, end_date=20250206T093819
[2025-02-06T09:38:19.223+0000] {logging_mixin.py:190} INFO - Task instance in success state
[2025-02-06T09:38:19.224+0000] {logging_mixin.py:190} INFO -  Previous state of the Task instance: running
[2025-02-06T09:38:19.224+0000] {logging_mixin.py:190} INFO - Dag name:long_running_workflow queued_at:2025-02-06 09:35:13.629246+00:00
[2025-02-06T09:38:19.224+0000] {logging_mixin.py:190} INFO - Task hostname:***-worker-1 operator:BashOperator
[2025-02-06T09:38:19.250+0000] {local_task_job_runner.py:266} INFO - Task exited with return code 0
[2025-02-06T09:38:19.266+0000] {taskinstance.py:3895} INFO - 0 downstream tasks scheduled from follow-on schedule check
[2025-02-06T09:38:19.268+0000] {local_task_job_runner.py:245} INFO - ::endgroup::
