[2025-02-07T09:15:07.659+0000] {local_task_job_runner.py:123} INFO - ::group::Pre task execution logs
[2025-02-07T09:15:07.669+0000] {taskinstance.py:2613} INFO - Dependencies all met for dep_context=non-requeueable deps ti=<TaskInstance: cluster_deployment.run_pre_check manual__2025-02-07T09:14:38.768651+00:00 [queued]>
[2025-02-07T09:15:07.673+0000] {taskinstance.py:2613} INFO - Dependencies all met for dep_context=requeueable deps ti=<TaskInstance: cluster_deployment.run_pre_check manual__2025-02-07T09:14:38.768651+00:00 [queued]>
[2025-02-07T09:15:07.674+0000] {taskinstance.py:2866} INFO - Starting attempt 1 of 2
[2025-02-07T09:15:07.681+0000] {taskinstance.py:2889} INFO - Executing <Task(PythonVirtualenvOperator): run_pre_check> on 2025-02-07 09:14:38.768651+00:00
[2025-02-07T09:15:07.688+0000] {warnings.py:112} WARNING - /home/***/.local/lib/python3.12/site-packages/***/task/task_runner/standard_task_runner.py:70: DeprecationWarning: This process (pid=7316) is multi-threaded, use of fork() may lead to deadlocks in the child.
  pid = os.fork()

[2025-02-07T09:15:07.689+0000] {standard_task_runner.py:72} INFO - Started process 7317 to run task
[2025-02-07T09:15:07.690+0000] {standard_task_runner.py:104} INFO - Running: ['***', 'tasks', 'run', 'cluster_deployment', 'run_pre_check', 'manual__2025-02-07T09:14:38.768651+00:00', '--job-id', '97', '--raw', '--subdir', 'DAGS_FOLDER/cluster_deployment.py', '--cfg-path', '/tmp/tmpt0m6r8qf']
[2025-02-07T09:15:07.691+0000] {standard_task_runner.py:105} INFO - Job 97: Subtask run_pre_check
[2025-02-07T09:15:07.725+0000] {task_command.py:467} INFO - Running <TaskInstance: cluster_deployment.run_pre_check manual__2025-02-07T09:14:38.768651+00:00 [running]> on host ***-worker
[2025-02-07T09:15:07.783+0000] {taskinstance.py:3132} INFO - Exporting env vars: AIRFLOW_CTX_DAG_OWNER='***' AIRFLOW_CTX_DAG_ID='cluster_deployment' AIRFLOW_CTX_TASK_ID='run_pre_check' AIRFLOW_CTX_EXECUTION_DATE='2025-02-07T09:14:38.768651+00:00' AIRFLOW_CTX_TRY_NUMBER='1' AIRFLOW_CTX_DAG_RUN_ID='manual__2025-02-07T09:14:38.768651+00:00'
[2025-02-07T09:15:07.784+0000] {logging_mixin.py:190} INFO - Task instance is in running state
[2025-02-07T09:15:07.784+0000] {logging_mixin.py:190} INFO -  Previous state of the Task instance: queued
[2025-02-07T09:15:07.784+0000] {logging_mixin.py:190} INFO - Current task name:run_pre_check state:running start_date:2025-02-07 09:15:07.669685+00:00
[2025-02-07T09:15:07.785+0000] {logging_mixin.py:190} INFO - Dag name:cluster_deployment and current dag run status:running
[2025-02-07T09:15:07.785+0000] {taskinstance.py:731} INFO - ::endgroup::
[2025-02-07T09:15:07.785+0000] {baseoperator.py:421} WARNING - PythonVirtualenvOperator.execute cannot be called outside TaskInstance!
[2025-02-07T09:15:07.786+0000] {process_utils.py:186} INFO - Executing cmd: /home/***/.local/bin/python -m virtualenv /tmp/venvn3q6s3kw --system-site-packages --python=python
[2025-02-07T09:15:07.787+0000] {process_utils.py:190} INFO - Output:
[2025-02-07T09:15:08.271+0000] {process_utils.py:194} INFO - created virtual environment CPython3.12.8.final.0-64 in 133ms
[2025-02-07T09:15:08.271+0000] {process_utils.py:194} INFO -   creator CPython3Posix(dest=/tmp/venvn3q6s3kw, clear=False, no_vcs_ignore=False, global=True)
[2025-02-07T09:15:08.272+0000] {process_utils.py:194} INFO -   seeder FromAppData(download=False, pip=bundle, via=copy, app_data_dir=/home/***/.local/share/virtualenv)
[2025-02-07T09:15:08.272+0000] {process_utils.py:194} INFO -     added seed packages: pip==24.3.1
[2025-02-07T09:15:08.272+0000] {process_utils.py:194} INFO -   activators BashActivator,CShellActivator,FishActivator,NushellActivator,PowerShellActivator,PythonActivator
[2025-02-07T09:15:08.288+0000] {process_utils.py:186} INFO - Executing cmd: /tmp/venvn3q6s3kw/bin/pip install -r /tmp/venvn3q6s3kw/requirements.txt
[2025-02-07T09:15:08.289+0000] {process_utils.py:190} INFO - Output:
[2025-02-07T09:15:09.212+0000] {process_utils.py:194} INFO - Requirement already satisfied: pandas==2.1.4 in /home/***/.local/lib/python3.12/site-packages (from -r /tmp/venvn3q6s3kw/requirements.txt (line 1)) (2.1.4)
[2025-02-07T09:15:09.218+0000] {process_utils.py:194} INFO - Requirement already satisfied: numpy<2,>=1.26.0 in /home/***/.local/lib/python3.12/site-packages (from pandas==2.1.4->-r /tmp/venvn3q6s3kw/requirements.txt (line 1)) (1.26.4)
[2025-02-07T09:15:09.219+0000] {process_utils.py:194} INFO - Requirement already satisfied: python-dateutil>=2.8.2 in /home/***/.local/lib/python3.12/site-packages (from pandas==2.1.4->-r /tmp/venvn3q6s3kw/requirements.txt (line 1)) (2.9.0.post0)
[2025-02-07T09:15:09.220+0000] {process_utils.py:194} INFO - Requirement already satisfied: pytz>=2020.1 in /home/***/.local/lib/python3.12/site-packages (from pandas==2.1.4->-r /tmp/venvn3q6s3kw/requirements.txt (line 1)) (2024.2)
[2025-02-07T09:15:09.220+0000] {process_utils.py:194} INFO - Requirement already satisfied: tzdata>=2022.1 in /home/***/.local/lib/python3.12/site-packages (from pandas==2.1.4->-r /tmp/venvn3q6s3kw/requirements.txt (line 1)) (2024.2)
[2025-02-07T09:15:09.223+0000] {process_utils.py:194} INFO - Requirement already satisfied: six>=1.5 in /home/***/.local/lib/python3.12/site-packages (from python-dateutil>=2.8.2->pandas==2.1.4->-r /tmp/venvn3q6s3kw/requirements.txt (line 1)) (1.17.0)
[2025-02-07T09:15:09.570+0000] {process_utils.py:194} INFO - 
[2025-02-07T09:15:09.570+0000] {process_utils.py:194} INFO - [notice] A new release of pip is available: 24.3.1 -> 25.0
[2025-02-07T09:15:09.571+0000] {process_utils.py:194} INFO - [notice] To update, run: python -m pip install --upgrade pip
[2025-02-07T09:15:09.634+0000] {python.py:513} INFO - Use 'pickle' as serializer.
[2025-02-07T09:15:09.642+0000] {process_utils.py:186} INFO - Executing cmd: /tmp/venvn3q6s3kw/bin/python /tmp/venv-calln9x2ql8t/script.py /tmp/venv-calln9x2ql8t/script.in /tmp/venv-calln9x2ql8t/script.out /tmp/venv-calln9x2ql8t/string_args.txt /tmp/venv-calln9x2ql8t/termination.log
[2025-02-07T09:15:09.643+0000] {process_utils.py:190} INFO - Output:
[2025-02-07T09:15:11.398+0000] {process_utils.py:194} INFO - [2025-02-07T09:15:11.397+0000] {script.py:25} INFO - Starting run pre-checks...
[2025-02-07T09:15:11.399+0000] {process_utils.py:194} INFO - [2025-02-07T09:15:11.398+0000] {script.py:48} INFO - Pre Deployment Report: {'services_status': {'running': 4}, 'deployment_ready': True, 'timestamp': '2025-02-07T09:14:46.455347'}
[2025-02-07T09:15:11.399+0000] {process_utils.py:194} INFO - [2025-02-07T09:15:11.398+0000] {script.py:49} INFO - Download Report: {'stacks': ['baseos', 'gi'], 'total_size_mb': 1200.0, 'total_time_seconds': 240, 'download_speed_mbs': 5.0, 'status': 'success', 'details': [{'stack': 'baseos', 'size_mb': 1000, 'status': 'completed', 'time': 180}, {'stack': 'gi', 'size_mb': 200, 'status': 'completed', 'time': 60}], 'timestamp': '2025-02-07T09:15:04.960566'}
[2025-02-07T09:15:11.399+0000] {process_utils.py:194} INFO - [2025-02-07T09:15:11.399+0000] {script.py:78} INFO - Pre-deployment checks completed:
[2025-02-07T09:15:11.400+0000] {process_utils.py:194} INFO - Total memory usage: 1536%
[2025-02-07T09:15:11.400+0000] {process_utils.py:194} INFO - Status: PASS
[2025-02-07T09:15:11.716+0000] {python.py:240} INFO - Done. Returned value was: {'total_memory_usage_mb': 1536, 'checks_passed': True, 'timestamp': '2025-02-07T09:15:11.399686'}
[2025-02-07T09:15:11.735+0000] {taskinstance.py:340} INFO - ::group::Post task execution logs
[2025-02-07T09:15:11.735+0000] {taskinstance.py:352} INFO - Marking task as SUCCESS. dag_id=cluster_deployment, task_id=run_pre_check, run_id=manual__2025-02-07T09:14:38.768651+00:00, execution_date=20250207T091438, start_date=20250207T091507, end_date=20250207T091511
[2025-02-07T09:15:11.747+0000] {logging_mixin.py:190} INFO - Task instance in success state
[2025-02-07T09:15:11.748+0000] {logging_mixin.py:190} INFO -  Previous state of the Task instance: running
[2025-02-07T09:15:11.749+0000] {logging_mixin.py:190} INFO - Dag name:cluster_deployment queued_at:2025-02-07 09:14:38.808758+00:00
[2025-02-07T09:15:11.749+0000] {logging_mixin.py:190} INFO - Task hostname:***-worker operator:PythonVirtualenvOperator
[2025-02-07T09:15:11.784+0000] {local_task_job_runner.py:266} INFO - Task exited with return code 0
[2025-02-07T09:15:11.808+0000] {taskinstance.py:3895} INFO - 1 downstream tasks scheduled from follow-on schedule check
[2025-02-07T09:15:11.810+0000] {local_task_job_runner.py:245} INFO - ::endgroup::
