[2025-02-06T10:07:16.026+0000] {local_task_job_runner.py:123} INFO - ::group::Pre task execution logs
[2025-02-06T10:07:16.034+0000] {taskinstance.py:2613} INFO - Dependencies all met for dep_context=non-requeueable deps ti=<TaskInstance: demo_1st_scenario.task_2 manual__2025-02-06T10:07:01.708234+00:00 [queued]>
[2025-02-06T10:07:16.038+0000] {taskinstance.py:2613} INFO - Dependencies all met for dep_context=requeueable deps ti=<TaskInstance: demo_1st_scenario.task_2 manual__2025-02-06T10:07:01.708234+00:00 [queued]>
[2025-02-06T10:07:16.038+0000] {taskinstance.py:2866} INFO - Starting attempt 1 of 2
[2025-02-06T10:07:16.045+0000] {taskinstance.py:2889} INFO - Executing <Task(PythonVirtualenvOperator): task_2> on 2025-02-06 10:07:01.708234+00:00
[2025-02-06T10:07:16.049+0000] {warnings.py:112} WARNING - /home/***/.local/lib/python3.12/site-packages/***/task/task_runner/standard_task_runner.py:70: DeprecationWarning: This process (pid=190) is multi-threaded, use of fork() may lead to deadlocks in the child.
  pid = os.fork()

[2025-02-06T10:07:16.050+0000] {standard_task_runner.py:72} INFO - Started process 191 to run task
[2025-02-06T10:07:16.050+0000] {standard_task_runner.py:104} INFO - Running: ['***', 'tasks', 'run', 'demo_1st_scenario', 'task_2', 'manual__2025-02-06T10:07:01.708234+00:00', '--job-id', '27', '--raw', '--subdir', 'DAGS_FOLDER/demo_1st_scenario.py', '--cfg-path', '/tmp/tmp0bgh33dj']
[2025-02-06T10:07:16.051+0000] {standard_task_runner.py:105} INFO - Job 27: Subtask task_2
[2025-02-06T10:07:16.078+0000] {task_command.py:467} INFO - Running <TaskInstance: demo_1st_scenario.task_2 manual__2025-02-06T10:07:01.708234+00:00 [running]> on host ***-worker-1
[2025-02-06T10:07:16.120+0000] {taskinstance.py:3132} INFO - Exporting env vars: AIRFLOW_CTX_DAG_OWNER='***' AIRFLOW_CTX_DAG_ID='demo_1st_scenario' AIRFLOW_CTX_TASK_ID='task_2' AIRFLOW_CTX_EXECUTION_DATE='2025-02-06T10:07:01.708234+00:00' AIRFLOW_CTX_TRY_NUMBER='1' AIRFLOW_CTX_DAG_RUN_ID='manual__2025-02-06T10:07:01.708234+00:00'
[2025-02-06T10:07:16.121+0000] {logging_mixin.py:190} INFO - Task instance is in running state
[2025-02-06T10:07:16.121+0000] {logging_mixin.py:190} INFO -  Previous state of the Task instance: queued
[2025-02-06T10:07:16.122+0000] {logging_mixin.py:190} INFO - Current task name:task_2 state:running start_date:2025-02-06 10:07:16.034797+00:00
[2025-02-06T10:07:16.122+0000] {logging_mixin.py:190} INFO - Dag name:demo_1st_scenario and current dag run status:running
[2025-02-06T10:07:16.122+0000] {taskinstance.py:731} INFO - ::endgroup::
[2025-02-06T10:07:16.122+0000] {baseoperator.py:421} WARNING - PythonVirtualenvOperator.execute cannot be called outside TaskInstance!
[2025-02-06T10:07:16.123+0000] {process_utils.py:186} INFO - Executing cmd: /home/***/.local/bin/python -m virtualenv /tmp/venvjw6p9xw3 --python=python
[2025-02-06T10:07:16.124+0000] {process_utils.py:190} INFO - Output:
[2025-02-06T10:07:16.591+0000] {process_utils.py:194} INFO - created virtual environment CPython3.12.8.final.0-64 in 115ms
[2025-02-06T10:07:16.591+0000] {process_utils.py:194} INFO -   creator CPython3Posix(dest=/tmp/venvjw6p9xw3, clear=False, no_vcs_ignore=False, global=False)
[2025-02-06T10:07:16.592+0000] {process_utils.py:194} INFO -   seeder FromAppData(download=False, pip=bundle, via=copy, app_data_dir=/home/***/.local/share/virtualenv)
[2025-02-06T10:07:16.592+0000] {process_utils.py:194} INFO -     added seed packages: pip==24.3.1
[2025-02-06T10:07:16.592+0000] {process_utils.py:194} INFO -   activators BashActivator,CShellActivator,FishActivator,NushellActivator,PowerShellActivator,PythonActivator
[2025-02-06T10:07:16.607+0000] {process_utils.py:186} INFO - Executing cmd: /tmp/venvjw6p9xw3/bin/pip install -r /tmp/venvjw6p9xw3/requirements.txt
[2025-02-06T10:07:16.608+0000] {process_utils.py:190} INFO - Output:
[2025-02-06T10:07:17.613+0000] {process_utils.py:194} INFO - Collecting pandas==2.1.4 (from -r /tmp/venvjw6p9xw3/requirements.txt (line 1))
[2025-02-06T10:07:17.614+0000] {process_utils.py:194} INFO -   Using cached pandas-2.1.4-cp312-cp312-manylinux_2_17_aarch64.manylinux2014_aarch64.whl.metadata (18 kB)
[2025-02-06T10:07:17.754+0000] {process_utils.py:194} INFO - Collecting numpy<2,>=1.26.0 (from pandas==2.1.4->-r /tmp/venvjw6p9xw3/requirements.txt (line 1))
[2025-02-06T10:07:17.755+0000] {process_utils.py:194} INFO -   Using cached numpy-1.26.4-cp312-cp312-manylinux_2_17_aarch64.manylinux2014_aarch64.whl.metadata (62 kB)
[2025-02-06T10:07:17.802+0000] {process_utils.py:194} INFO - Collecting python-dateutil>=2.8.2 (from pandas==2.1.4->-r /tmp/venvjw6p9xw3/requirements.txt (line 1))
[2025-02-06T10:07:17.803+0000] {process_utils.py:194} INFO -   Using cached python_dateutil-2.9.0.post0-py2.py3-none-any.whl.metadata (8.4 kB)
[2025-02-06T10:07:17.852+0000] {process_utils.py:194} INFO - Collecting pytz>=2020.1 (from pandas==2.1.4->-r /tmp/venvjw6p9xw3/requirements.txt (line 1))
[2025-02-06T10:07:17.852+0000] {process_utils.py:194} INFO -   Using cached pytz-2025.1-py2.py3-none-any.whl.metadata (22 kB)
[2025-02-06T10:07:17.887+0000] {process_utils.py:194} INFO - Collecting tzdata>=2022.1 (from pandas==2.1.4->-r /tmp/venvjw6p9xw3/requirements.txt (line 1))
[2025-02-06T10:07:17.888+0000] {process_utils.py:194} INFO -   Using cached tzdata-2025.1-py2.py3-none-any.whl.metadata (1.4 kB)
[2025-02-06T10:07:17.919+0000] {process_utils.py:194} INFO - Collecting six>=1.5 (from python-dateutil>=2.8.2->pandas==2.1.4->-r /tmp/venvjw6p9xw3/requirements.txt (line 1))
[2025-02-06T10:07:17.920+0000] {process_utils.py:194} INFO -   Using cached six-1.17.0-py2.py3-none-any.whl.metadata (1.7 kB)
[2025-02-06T10:07:17.922+0000] {process_utils.py:194} INFO - Using cached pandas-2.1.4-cp312-cp312-manylinux_2_17_aarch64.manylinux2014_aarch64.whl (14.3 MB)
[2025-02-06T10:07:17.934+0000] {process_utils.py:194} INFO - Using cached numpy-1.26.4-cp312-cp312-manylinux_2_17_aarch64.manylinux2014_aarch64.whl (13.9 MB)
[2025-02-06T10:07:17.949+0000] {process_utils.py:194} INFO - Using cached python_dateutil-2.9.0.post0-py2.py3-none-any.whl (229 kB)
[2025-02-06T10:07:17.950+0000] {process_utils.py:194} INFO - Using cached pytz-2025.1-py2.py3-none-any.whl (507 kB)
[2025-02-06T10:07:17.952+0000] {process_utils.py:194} INFO - Using cached tzdata-2025.1-py2.py3-none-any.whl (346 kB)
[2025-02-06T10:07:17.953+0000] {process_utils.py:194} INFO - Using cached six-1.17.0-py2.py3-none-any.whl (11 kB)
[2025-02-06T10:07:18.007+0000] {process_utils.py:194} INFO - Installing collected packages: pytz, tzdata, six, numpy, python-dateutil, pandas
[2025-02-06T10:07:22.156+0000] {process_utils.py:194} INFO - Successfully installed numpy-1.26.4 pandas-2.1.4 python-dateutil-2.9.0.post0 pytz-2025.1 six-1.17.0 tzdata-2025.1
[2025-02-06T10:07:22.347+0000] {process_utils.py:194} INFO - 
[2025-02-06T10:07:22.348+0000] {process_utils.py:194} INFO - [notice] A new release of pip is available: 24.3.1 -> 25.0
[2025-02-06T10:07:22.349+0000] {process_utils.py:194} INFO - [notice] To update, run: python -m pip install --upgrade pip
[2025-02-06T10:07:22.581+0000] {python.py:513} INFO - Use 'pickle' as serializer.
[2025-02-06T10:07:22.594+0000] {process_utils.py:186} INFO - Executing cmd: /tmp/venvjw6p9xw3/bin/python /tmp/venv-call9jc8a8vd/script.py /tmp/venv-call9jc8a8vd/script.in /tmp/venv-call9jc8a8vd/script.out /tmp/venv-call9jc8a8vd/string_args.txt /tmp/venv-call9jc8a8vd/termination.log
[2025-02-06T10:07:22.596+0000] {process_utils.py:190} INFO - Output:
[2025-02-06T10:07:23.161+0000] {python.py:240} INFO - Done. Returned value was: None
[2025-02-06T10:07:23.174+0000] {taskinstance.py:340} INFO - ::group::Post task execution logs
[2025-02-06T10:07:23.175+0000] {taskinstance.py:352} INFO - Marking task as SUCCESS. dag_id=demo_1st_scenario, task_id=task_2, run_id=manual__2025-02-06T10:07:01.708234+00:00, execution_date=20250206T100701, start_date=20250206T100716, end_date=20250206T100723
[2025-02-06T10:07:23.184+0000] {logging_mixin.py:190} INFO - Task instance in success state
[2025-02-06T10:07:23.185+0000] {logging_mixin.py:190} INFO -  Previous state of the Task instance: running
[2025-02-06T10:07:23.185+0000] {logging_mixin.py:190} INFO - Dag name:demo_1st_scenario queued_at:2025-02-06 10:07:01.721179+00:00
[2025-02-06T10:07:23.185+0000] {logging_mixin.py:190} INFO - Task hostname:***-worker-1 operator:PythonVirtualenvOperator
[2025-02-06T10:07:23.237+0000] {local_task_job_runner.py:266} INFO - Task exited with return code 0
[2025-02-06T10:07:23.262+0000] {taskinstance.py:3895} INFO - 1 downstream tasks scheduled from follow-on schedule check
[2025-02-06T10:07:23.264+0000] {local_task_job_runner.py:245} INFO - ::endgroup::
