[2025-02-11T08:55:05.923+0000] {local_task_job_runner.py:123} INFO - ::group::Pre task execution logs
[2025-02-11T08:55:05.939+0000] {taskinstance.py:2613} INFO - Dependencies all met for dep_context=non-requeueable deps ti=<TaskInstance: api_workflow.save_response_v2 manual__2025-02-11T08:55:01.017340+00:00 [queued]>
[2025-02-11T08:55:05.944+0000] {taskinstance.py:2613} INFO - Dependencies all met for dep_context=requeueable deps ti=<TaskInstance: api_workflow.save_response_v2 manual__2025-02-11T08:55:01.017340+00:00 [queued]>
[2025-02-11T08:55:05.945+0000] {taskinstance.py:2866} INFO - Starting attempt 1 of 2
[2025-02-11T08:55:05.952+0000] {taskinstance.py:2889} INFO - Executing <Task(PythonOperator): save_response_v2> on 2025-02-11 08:55:01.017340+00:00
[2025-02-11T08:55:05.958+0000] {warnings.py:112} WARNING - /home/***/.local/lib/python3.12/site-packages/***/task/task_runner/standard_task_runner.py:70: DeprecationWarning: This process (pid=14885) is multi-threaded, use of fork() may lead to deadlocks in the child.
  pid = os.fork()

[2025-02-11T08:55:05.960+0000] {standard_task_runner.py:72} INFO - Started process 14887 to run task
[2025-02-11T08:55:05.961+0000] {standard_task_runner.py:104} INFO - Running: ['***', 'tasks', 'run', 'api_workflow', 'save_response_v2', 'manual__2025-02-11T08:55:01.017340+00:00', '--job-id', '635', '--raw', '--subdir', 'DAGS_FOLDER/generate_dags_from_yaml.py', '--cfg-path', '/tmp/tmpc3m7528i']
[2025-02-11T08:55:05.962+0000] {standard_task_runner.py:105} INFO - Job 635: Subtask save_response_v2
[2025-02-11T08:55:05.998+0000] {task_command.py:467} INFO - Running <TaskInstance: api_workflow.save_response_v2 manual__2025-02-11T08:55:01.017340+00:00 [running]> on host 1999c8c59930
[2025-02-11T08:55:06.073+0000] {taskinstance.py:3132} INFO - Exporting env vars: AIRFLOW_CTX_DAG_OWNER='***' AIRFLOW_CTX_DAG_ID='api_workflow' AIRFLOW_CTX_TASK_ID='save_response_v2' AIRFLOW_CTX_EXECUTION_DATE='2025-02-11T08:55:01.017340+00:00' AIRFLOW_CTX_TRY_NUMBER='1' AIRFLOW_CTX_DAG_RUN_ID='manual__2025-02-11T08:55:01.017340+00:00'
[2025-02-11T08:55:06.075+0000] {logging_mixin.py:190} INFO - Task instance is in running state
[2025-02-11T08:55:06.076+0000] {logging_mixin.py:190} INFO -  Previous state of the Task instance: queued
[2025-02-11T08:55:06.076+0000] {logging_mixin.py:190} INFO - Current task name:save_response_v2 state:running start_date:2025-02-11 08:55:05.939699+00:00
[2025-02-11T08:55:06.077+0000] {logging_mixin.py:190} INFO - Dag name:api_workflow and current dag run status:running
[2025-02-11T08:55:06.077+0000] {taskinstance.py:731} INFO - ::endgroup::
[2025-02-11T08:55:06.087+0000] {api_tasks_for_ymls.py:70} INFO - Save API response to: /opt/***/data/romania_colleges.txt
[2025-02-11T08:55:06.092+0000] {api_tasks_for_ymls.py:74} INFO - Succesfully saved to file.
[2025-02-11T08:55:06.092+0000] {python.py:240} INFO - Done. Returned value was: None
[2025-02-11T08:55:06.101+0000] {taskinstance.py:340} INFO - ::group::Post task execution logs
[2025-02-11T08:55:06.102+0000] {taskinstance.py:352} INFO - Marking task as SUCCESS. dag_id=api_workflow, task_id=save_response_v2, run_id=manual__2025-02-11T08:55:01.017340+00:00, execution_date=20250211T085501, start_date=20250211T085505, end_date=20250211T085506
[2025-02-11T08:55:06.109+0000] {logging_mixin.py:190} INFO - Task instance in success state
[2025-02-11T08:55:06.111+0000] {logging_mixin.py:190} INFO -  Previous state of the Task instance: running
[2025-02-11T08:55:06.112+0000] {logging_mixin.py:190} INFO - Dag name:api_workflow queued_at:2025-02-11 08:55:01.034700+00:00
[2025-02-11T08:55:06.112+0000] {logging_mixin.py:190} INFO - Task hostname:1999c8c59930 operator:PythonOperator
[2025-02-11T08:55:06.137+0000] {local_task_job_runner.py:266} INFO - Task exited with return code 0
[2025-02-11T08:55:06.166+0000] {taskinstance.py:3895} INFO - 1 downstream tasks scheduled from follow-on schedule check
[2025-02-11T08:55:06.168+0000] {local_task_job_runner.py:245} INFO - ::endgroup::
