[2025-02-07T14:57:22.280+0000] {local_task_job_runner.py:123} INFO - ::group::Pre task execution logs
[2025-02-07T14:57:22.294+0000] {taskinstance.py:2613} INFO - Dependencies all met for dep_context=non-requeueable deps ti=<TaskInstance: cluster_deployment_versioned.deploy_stack manual__2025-02-07T14:53:52.605876+00:00 [queued]>
[2025-02-07T14:57:22.301+0000] {taskinstance.py:2613} INFO - Dependencies all met for dep_context=requeueable deps ti=<TaskInstance: cluster_deployment_versioned.deploy_stack manual__2025-02-07T14:53:52.605876+00:00 [queued]>
[2025-02-07T14:57:22.301+0000] {taskinstance.py:2866} INFO - Starting attempt 1 of 2
[2025-02-07T14:57:22.312+0000] {taskinstance.py:2889} INFO - Executing <Task(PythonOperator): deploy_stack> on 2025-02-07 14:53:52.605876+00:00
[2025-02-07T14:57:22.319+0000] {warnings.py:112} WARNING - /home/***/.local/lib/python3.12/site-packages/***/task/task_runner/standard_task_runner.py:70: DeprecationWarning: This process (pid=855) is multi-threaded, use of fork() may lead to deadlocks in the child.
  pid = os.fork()

[2025-02-07T14:57:22.325+0000] {standard_task_runner.py:72} INFO - Started process 857 to run task
[2025-02-07T14:57:22.324+0000] {standard_task_runner.py:104} INFO - Running: ['***', 'tasks', 'run', 'cluster_deployment_versioned', 'deploy_stack', 'manual__2025-02-07T14:53:52.605876+00:00', '--job-id', '270', '--raw', '--subdir', 'DAGS_FOLDER/cluster_deployment_versioned.py', '--cfg-path', '/tmp/tmp136gannt']
[2025-02-07T14:57:22.327+0000] {standard_task_runner.py:105} INFO - Job 270: Subtask deploy_stack
[2025-02-07T14:57:22.397+0000] {task_command.py:467} INFO - Running <TaskInstance: cluster_deployment_versioned.deploy_stack manual__2025-02-07T14:53:52.605876+00:00 [running]> on host 35f5723d0861
[2025-02-07T14:57:22.459+0000] {taskinstance.py:3132} INFO - Exporting env vars: AIRFLOW_CTX_DAG_OWNER='***' AIRFLOW_CTX_DAG_ID='cluster_deployment_versioned' AIRFLOW_CTX_TASK_ID='deploy_stack' AIRFLOW_CTX_EXECUTION_DATE='2025-02-07T14:53:52.605876+00:00' AIRFLOW_CTX_TRY_NUMBER='1' AIRFLOW_CTX_DAG_RUN_ID='manual__2025-02-07T14:53:52.605876+00:00'
[2025-02-07T14:57:22.460+0000] {logging_mixin.py:190} INFO - Task instance is in running state
[2025-02-07T14:57:22.460+0000] {logging_mixin.py:190} INFO -  Previous state of the Task instance: queued
[2025-02-07T14:57:22.461+0000] {logging_mixin.py:190} INFO - Current task name:deploy_stack state:running start_date:2025-02-07 14:57:22.294938+00:00
[2025-02-07T14:57:22.461+0000] {logging_mixin.py:190} INFO - Dag name:cluster_deployment_versioned and current dag run status:running
[2025-02-07T14:57:22.461+0000] {taskinstance.py:731} INFO - ::endgroup::
[2025-02-07T14:57:22.462+0000] {logging_mixin.py:190} INFO - This is the task from the new version...
[2025-02-07T14:57:32.477+0000] {logging_mixin.py:190} INFO - New task rand and finished successfully...
[2025-02-07T14:57:32.540+0000] {python.py:240} INFO - Done. Returned value was: None
[2025-02-07T14:57:32.688+0000] {taskinstance.py:340} INFO - ::group::Post task execution logs
[2025-02-07T14:57:32.690+0000] {taskinstance.py:352} INFO - Marking task as SUCCESS. dag_id=cluster_deployment_versioned, task_id=deploy_stack, run_id=manual__2025-02-07T14:53:52.605876+00:00, execution_date=20250207T145352, start_date=20250207T145722, end_date=20250207T145732
[2025-02-07T14:57:32.749+0000] {logging_mixin.py:190} INFO - Task instance in success state
[2025-02-07T14:57:32.752+0000] {logging_mixin.py:190} INFO -  Previous state of the Task instance: running
[2025-02-07T14:57:32.752+0000] {logging_mixin.py:190} INFO - Dag name:cluster_deployment_versioned queued_at:2025-02-07 14:53:52.621140+00:00
[2025-02-07T14:57:32.753+0000] {logging_mixin.py:190} INFO - Task hostname:35f5723d0861 operator:PythonOperator
[2025-02-07T14:57:32.774+0000] {local_task_job_runner.py:266} INFO - Task exited with return code 0
[2025-02-07T14:57:32.839+0000] {taskinstance.py:3895} INFO - 1 downstream tasks scheduled from follow-on schedule check
[2025-02-07T14:57:32.846+0000] {local_task_job_runner.py:245} INFO - ::endgroup::
