[2025-02-05T13:46:02.720+0000] {local_task_job_runner.py:123} INFO - ::group::Pre task execution logs
[2025-02-05T13:46:02.730+0000] {taskinstance.py:2613} INFO - Dependencies all met for dep_context=non-requeueable deps ti=<TaskInstance: external_signal_workflow.task_2 manual__2025-02-05T13:45:45.725882+00:00 [queued]>
[2025-02-05T13:46:02.737+0000] {taskinstance.py:2613} INFO - Dependencies all met for dep_context=requeueable deps ti=<TaskInstance: external_signal_workflow.task_2 manual__2025-02-05T13:45:45.725882+00:00 [queued]>
[2025-02-05T13:46:02.737+0000] {taskinstance.py:2866} INFO - Starting attempt 1 of 2
[2025-02-05T13:46:02.845+0000] {taskinstance.py:2889} INFO - Executing <Task(PythonVirtualenvOperator): task_2> on 2025-02-05 13:45:45.725882+00:00
[2025-02-05T13:46:02.852+0000] {warnings.py:112} WARNING - /home/***/.local/lib/python3.12/site-packages/***/task/task_runner/standard_task_runner.py:70: DeprecationWarning: This process (pid=1327) is multi-threaded, use of fork() may lead to deadlocks in the child.
  pid = os.fork()

[2025-02-05T13:46:02.854+0000] {standard_task_runner.py:72} INFO - Started process 1328 to run task
[2025-02-05T13:46:02.854+0000] {standard_task_runner.py:104} INFO - Running: ['***', 'tasks', 'run', 'external_signal_workflow', 'task_2', 'manual__2025-02-05T13:45:45.725882+00:00', '--job-id', '39', '--raw', '--subdir', 'DAGS_FOLDER/external_signal_workflow.py', '--cfg-path', '/tmp/tmp77tc4_8u']
[2025-02-05T13:46:02.854+0000] {standard_task_runner.py:105} INFO - Job 39: Subtask task_2
[2025-02-05T13:46:02.887+0000] {task_command.py:467} INFO - Running <TaskInstance: external_signal_workflow.task_2 manual__2025-02-05T13:45:45.725882+00:00 [running]> on host ***-worker-1
[2025-02-05T13:46:02.934+0000] {taskinstance.py:3132} INFO - Exporting env vars: AIRFLOW_CTX_DAG_OWNER='***' AIRFLOW_CTX_DAG_ID='external_signal_workflow' AIRFLOW_CTX_TASK_ID='task_2' AIRFLOW_CTX_EXECUTION_DATE='2025-02-05T13:45:45.725882+00:00' AIRFLOW_CTX_TRY_NUMBER='1' AIRFLOW_CTX_DAG_RUN_ID='manual__2025-02-05T13:45:45.725882+00:00'
[2025-02-05T13:46:02.935+0000] {logging_mixin.py:190} INFO - Task instance is in running state
[2025-02-05T13:46:02.935+0000] {logging_mixin.py:190} INFO -  Previous state of the Task instance: queued
[2025-02-05T13:46:02.936+0000] {logging_mixin.py:190} INFO - Current task name:task_2 state:running start_date:2025-02-05 13:46:02.730379+00:00
[2025-02-05T13:46:02.936+0000] {logging_mixin.py:190} INFO - Dag name:external_signal_workflow and current dag run status:running
[2025-02-05T13:46:02.936+0000] {taskinstance.py:731} INFO - ::endgroup::
[2025-02-05T13:46:02.937+0000] {baseoperator.py:421} WARNING - PythonVirtualenvOperator.execute cannot be called outside TaskInstance!
[2025-02-05T13:46:02.938+0000] {process_utils.py:186} INFO - Executing cmd: /home/***/.local/bin/python -m virtualenv /tmp/venvqgmuzs7_ --python=python
[2025-02-05T13:46:02.939+0000] {process_utils.py:190} INFO - Output:
[2025-02-05T13:46:03.668+0000] {process_utils.py:194} INFO - created virtual environment CPython3.12.8.final.0-64 in 253ms
[2025-02-05T13:46:03.669+0000] {process_utils.py:194} INFO -   creator CPython3Posix(dest=/tmp/venvqgmuzs7_, clear=False, no_vcs_ignore=False, global=False)
[2025-02-05T13:46:03.669+0000] {process_utils.py:194} INFO -   seeder FromAppData(download=False, pip=bundle, via=copy, app_data_dir=/home/***/.local/share/virtualenv)
[2025-02-05T13:46:03.670+0000] {process_utils.py:194} INFO -     added seed packages: pip==24.3.1
[2025-02-05T13:46:03.670+0000] {process_utils.py:194} INFO -   activators BashActivator,CShellActivator,FishActivator,NushellActivator,PowerShellActivator,PythonActivator
[2025-02-05T13:46:03.687+0000] {process_utils.py:186} INFO - Executing cmd: /tmp/venvqgmuzs7_/bin/pip install -r /tmp/venvqgmuzs7_/requirements.txt
[2025-02-05T13:46:03.688+0000] {process_utils.py:190} INFO - Output:
[2025-02-05T13:46:04.882+0000] {process_utils.py:194} INFO - Collecting pandas==2.1.4 (from -r /tmp/venvqgmuzs7_/requirements.txt (line 1))
[2025-02-05T13:46:04.885+0000] {process_utils.py:194} INFO -   Using cached pandas-2.1.4-cp312-cp312-manylinux_2_17_aarch64.manylinux2014_aarch64.whl.metadata (18 kB)
[2025-02-05T13:46:05.032+0000] {process_utils.py:194} INFO - Collecting numpy<2,>=1.26.0 (from pandas==2.1.4->-r /tmp/venvqgmuzs7_/requirements.txt (line 1))
[2025-02-05T13:46:05.035+0000] {process_utils.py:194} INFO -   Using cached numpy-1.26.4-cp312-cp312-manylinux_2_17_aarch64.manylinux2014_aarch64.whl.metadata (62 kB)
[2025-02-05T13:46:05.074+0000] {process_utils.py:194} INFO - Collecting python-dateutil>=2.8.2 (from pandas==2.1.4->-r /tmp/venvqgmuzs7_/requirements.txt (line 1))
[2025-02-05T13:46:05.076+0000] {process_utils.py:194} INFO -   Using cached python_dateutil-2.9.0.post0-py2.py3-none-any.whl.metadata (8.4 kB)
[2025-02-05T13:46:05.134+0000] {process_utils.py:194} INFO - Collecting pytz>=2020.1 (from pandas==2.1.4->-r /tmp/venvqgmuzs7_/requirements.txt (line 1))
[2025-02-05T13:46:05.136+0000] {process_utils.py:194} INFO -   Using cached pytz-2025.1-py2.py3-none-any.whl.metadata (22 kB)
[2025-02-05T13:46:05.170+0000] {process_utils.py:194} INFO - Collecting tzdata>=2022.1 (from pandas==2.1.4->-r /tmp/venvqgmuzs7_/requirements.txt (line 1))
[2025-02-05T13:46:05.172+0000] {process_utils.py:194} INFO -   Using cached tzdata-2025.1-py2.py3-none-any.whl.metadata (1.4 kB)
[2025-02-05T13:46:05.203+0000] {process_utils.py:194} INFO - Collecting six>=1.5 (from python-dateutil>=2.8.2->pandas==2.1.4->-r /tmp/venvqgmuzs7_/requirements.txt (line 1))
[2025-02-05T13:46:05.204+0000] {process_utils.py:194} INFO -   Using cached six-1.17.0-py2.py3-none-any.whl.metadata (1.7 kB)
[2025-02-05T13:46:05.208+0000] {process_utils.py:194} INFO - Using cached pandas-2.1.4-cp312-cp312-manylinux_2_17_aarch64.manylinux2014_aarch64.whl (14.3 MB)
[2025-02-05T13:46:05.251+0000] {process_utils.py:194} INFO - Using cached numpy-1.26.4-cp312-cp312-manylinux_2_17_aarch64.manylinux2014_aarch64.whl (13.9 MB)
[2025-02-05T13:46:05.320+0000] {process_utils.py:194} INFO - Using cached python_dateutil-2.9.0.post0-py2.py3-none-any.whl (229 kB)
[2025-02-05T13:46:05.322+0000] {process_utils.py:194} INFO - Using cached pytz-2025.1-py2.py3-none-any.whl (507 kB)
[2025-02-05T13:46:05.326+0000] {process_utils.py:194} INFO - Using cached tzdata-2025.1-py2.py3-none-any.whl (346 kB)
[2025-02-05T13:46:05.329+0000] {process_utils.py:194} INFO - Using cached six-1.17.0-py2.py3-none-any.whl (11 kB)
[2025-02-05T13:46:05.404+0000] {process_utils.py:194} INFO - Installing collected packages: pytz, tzdata, six, numpy, python-dateutil, pandas
[2025-02-05T13:46:10.507+0000] {process_utils.py:194} INFO - Successfully installed numpy-1.26.4 pandas-2.1.4 python-dateutil-2.9.0.post0 pytz-2025.1 six-1.17.0 tzdata-2025.1
[2025-02-05T13:46:10.748+0000] {process_utils.py:194} INFO - 
[2025-02-05T13:46:10.750+0000] {process_utils.py:194} INFO - [notice] A new release of pip is available: 24.3.1 -> 25.0
[2025-02-05T13:46:10.750+0000] {process_utils.py:194} INFO - [notice] To update, run: python -m pip install --upgrade pip
[2025-02-05T13:46:10.865+0000] {python.py:513} INFO - Use 'pickle' as serializer.
[2025-02-05T13:46:10.888+0000] {process_utils.py:186} INFO - Executing cmd: /tmp/venvqgmuzs7_/bin/python /tmp/venv-call4h50wqmp/script.py /tmp/venv-call4h50wqmp/script.in /tmp/venv-call4h50wqmp/script.out /tmp/venv-call4h50wqmp/string_args.txt /tmp/venv-call4h50wqmp/termination.log
[2025-02-05T13:46:10.890+0000] {process_utils.py:190} INFO - Output:
[2025-02-05T13:46:11.474+0000] {process_utils.py:194} INFO - /tmp/venv-call4h50wqmp/script.py:29: FutureWarning: Passing literal json to 'read_json' is deprecated and will be removed in a future version. To read from a literal string, wrap it in a 'StringIO' object.
[2025-02-05T13:46:11.478+0000] {process_utils.py:194} INFO -   previous_results = pd.read_json(xcom_data)
[2025-02-05T13:46:11.640+0000] {python.py:240} INFO - Done. Returned value was: None
[2025-02-05T13:46:11.674+0000] {taskinstance.py:340} INFO - ::group::Post task execution logs
[2025-02-05T13:46:11.675+0000] {taskinstance.py:352} INFO - Marking task as SUCCESS. dag_id=external_signal_workflow, task_id=task_2, run_id=manual__2025-02-05T13:45:45.725882+00:00, execution_date=20250205T134545, start_date=20250205T134602, end_date=20250205T134611
[2025-02-05T13:46:11.689+0000] {logging_mixin.py:190} INFO - Task instance in success state
[2025-02-05T13:46:11.689+0000] {logging_mixin.py:190} INFO -  Previous state of the Task instance: running
[2025-02-05T13:46:11.689+0000] {logging_mixin.py:190} INFO - Dag name:external_signal_workflow queued_at:2025-02-05 13:45:45.741810+00:00
[2025-02-05T13:46:11.689+0000] {logging_mixin.py:190} INFO - Task hostname:***-worker-1 operator:PythonVirtualenvOperator
[2025-02-05T13:46:11.702+0000] {local_task_job_runner.py:266} INFO - Task exited with return code 0
[2025-02-05T13:46:11.754+0000] {taskinstance.py:3895} INFO - 1 downstream tasks scheduled from follow-on schedule check
[2025-02-05T13:46:11.756+0000] {local_task_job_runner.py:245} INFO - ::endgroup::
