[2025-02-11T09:10:51.473+0000] {local_task_job_runner.py:123} INFO - ::group::Pre task execution logs
[2025-02-11T09:10:51.487+0000] {taskinstance.py:2613} INFO - Dependencies all met for dep_context=non-requeueable deps ti=<TaskInstance: api_workflow.save_response_v1 manual__2025-02-11T09:10:44.962483+00:00 [queued]>
[2025-02-11T09:10:51.502+0000] {taskinstance.py:2613} INFO - Dependencies all met for dep_context=requeueable deps ti=<TaskInstance: api_workflow.save_response_v1 manual__2025-02-11T09:10:44.962483+00:00 [queued]>
[2025-02-11T09:10:51.503+0000] {taskinstance.py:2866} INFO - Starting attempt 1 of 2
[2025-02-11T09:10:51.516+0000] {taskinstance.py:2889} INFO - Executing <Task(PythonOperator): save_response_v1> on 2025-02-11 09:10:44.962483+00:00
[2025-02-11T09:10:51.538+0000] {warnings.py:112} WARNING - /home/***/.local/lib/python3.12/site-packages/***/task/task_runner/standard_task_runner.py:70: DeprecationWarning: This process (pid=15161) is multi-threaded, use of fork() may lead to deadlocks in the child.
  pid = os.fork()

[2025-02-11T09:10:51.540+0000] {standard_task_runner.py:72} INFO - Started process 15162 to run task
[2025-02-11T09:10:51.543+0000] {standard_task_runner.py:104} INFO - Running: ['***', 'tasks', 'run', 'api_workflow', 'save_response_v1', 'manual__2025-02-11T09:10:44.962483+00:00', '--job-id', '640', '--raw', '--subdir', 'DAGS_FOLDER/generate_dags_from_yaml.py', '--cfg-path', '/tmp/tmp3xw8650_']
[2025-02-11T09:10:51.544+0000] {standard_task_runner.py:105} INFO - Job 640: Subtask save_response_v1
[2025-02-11T09:10:51.637+0000] {task_command.py:467} INFO - Running <TaskInstance: api_workflow.save_response_v1 manual__2025-02-11T09:10:44.962483+00:00 [running]> on host 1999c8c59930
[2025-02-11T09:10:51.693+0000] {taskinstance.py:3132} INFO - Exporting env vars: AIRFLOW_CTX_DAG_OWNER='***' AIRFLOW_CTX_DAG_ID='api_workflow' AIRFLOW_CTX_TASK_ID='save_response_v1' AIRFLOW_CTX_EXECUTION_DATE='2025-02-11T09:10:44.962483+00:00' AIRFLOW_CTX_TRY_NUMBER='1' AIRFLOW_CTX_DAG_RUN_ID='manual__2025-02-11T09:10:44.962483+00:00'
[2025-02-11T09:10:51.694+0000] {logging_mixin.py:190} INFO - Task instance is in running state
[2025-02-11T09:10:51.694+0000] {logging_mixin.py:190} INFO -  Previous state of the Task instance: queued
[2025-02-11T09:10:51.695+0000] {logging_mixin.py:190} INFO - Current task name:save_response_v1 state:running start_date:2025-02-11 09:10:51.487905+00:00
[2025-02-11T09:10:51.695+0000] {logging_mixin.py:190} INFO - Dag name:api_workflow and current dag run status:running
[2025-02-11T09:10:51.696+0000] {taskinstance.py:731} INFO - ::endgroup::
[2025-02-11T09:10:51.703+0000] {api_tasks_for_ymls.py:55} INFO - Save API response to: /opt/***/data/romania_universities.txt
[2025-02-11T09:10:51.707+0000] {api_tasks_for_ymls.py:59} INFO - Succesfully saved to file.
[2025-02-11T09:10:51.707+0000] {python.py:240} INFO - Done. Returned value was: None
[2025-02-11T09:10:51.713+0000] {taskinstance.py:340} INFO - ::group::Post task execution logs
[2025-02-11T09:10:51.714+0000] {taskinstance.py:352} INFO - Marking task as SUCCESS. dag_id=api_workflow, task_id=save_response_v1, run_id=manual__2025-02-11T09:10:44.962483+00:00, execution_date=20250211T091044, start_date=20250211T091051, end_date=20250211T091051
[2025-02-11T09:10:51.721+0000] {logging_mixin.py:190} INFO - Task instance in success state
[2025-02-11T09:10:51.722+0000] {logging_mixin.py:190} INFO -  Previous state of the Task instance: running
[2025-02-11T09:10:51.722+0000] {logging_mixin.py:190} INFO - Dag name:api_workflow queued_at:2025-02-11 09:10:45.026168+00:00
[2025-02-11T09:10:51.722+0000] {logging_mixin.py:190} INFO - Task hostname:1999c8c59930 operator:PythonOperator
[2025-02-11T09:10:51.764+0000] {local_task_job_runner.py:266} INFO - Task exited with return code 0
[2025-02-11T09:10:51.780+0000] {taskinstance.py:3895} INFO - 1 downstream tasks scheduled from follow-on schedule check
[2025-02-11T09:10:51.782+0000] {local_task_job_runner.py:245} INFO - ::endgroup::
