[2025-02-05T15:31:32.193+0000] {local_task_job_runner.py:123} INFO - ::group::Pre task execution logs
[2025-02-05T15:31:32.204+0000] {taskinstance.py:2613} INFO - Dependencies all met for dep_context=non-requeueable deps ti=<TaskInstance: external_signal_workflow.wait_for_signal manual__2025-02-05T15:31:07.640682+00:00 [queued]>
[2025-02-05T15:31:32.209+0000] {taskinstance.py:2613} INFO - Dependencies all met for dep_context=requeueable deps ti=<TaskInstance: external_signal_workflow.wait_for_signal manual__2025-02-05T15:31:07.640682+00:00 [queued]>
[2025-02-05T15:31:32.210+0000] {taskinstance.py:2866} INFO - Starting attempt 1 of 2
[2025-02-05T15:31:32.316+0000] {taskinstance.py:2889} INFO - Executing <Task(ExternalTaskSensor): wait_for_signal> on 2025-02-05 15:31:07.640682+00:00
[2025-02-05T15:31:32.324+0000] {warnings.py:112} WARNING - /home/***/.local/lib/python3.12/site-packages/***/task/task_runner/standard_task_runner.py:70: DeprecationWarning: This process (pid=3011) is multi-threaded, use of fork() may lead to deadlocks in the child.
  pid = os.fork()

[2025-02-05T15:31:32.325+0000] {standard_task_runner.py:72} INFO - Started process 3012 to run task
[2025-02-05T15:31:32.327+0000] {standard_task_runner.py:104} INFO - Running: ['***', 'tasks', 'run', 'external_signal_workflow', 'wait_for_signal', 'manual__2025-02-05T15:31:07.640682+00:00', '--job-id', '144', '--raw', '--subdir', 'DAGS_FOLDER/external_signal_workflow.py', '--cfg-path', '/tmp/tmpw5itn57m']
[2025-02-05T15:31:32.328+0000] {standard_task_runner.py:105} INFO - Job 144: Subtask wait_for_signal
[2025-02-05T15:31:32.395+0000] {task_command.py:467} INFO - Running <TaskInstance: external_signal_workflow.wait_for_signal manual__2025-02-05T15:31:07.640682+00:00 [running]> on host ***-worker-3
[2025-02-05T15:31:32.451+0000] {taskinstance.py:3132} INFO - Exporting env vars: AIRFLOW_CTX_DAG_OWNER='***' AIRFLOW_CTX_DAG_ID='external_signal_workflow' AIRFLOW_CTX_TASK_ID='wait_for_signal' AIRFLOW_CTX_EXECUTION_DATE='2025-02-05T15:31:07.640682+00:00' AIRFLOW_CTX_TRY_NUMBER='1' AIRFLOW_CTX_DAG_RUN_ID='manual__2025-02-05T15:31:07.640682+00:00'
[2025-02-05T15:31:32.452+0000] {logging_mixin.py:190} INFO - Task instance is in running state
[2025-02-05T15:31:32.453+0000] {logging_mixin.py:190} INFO -  Previous state of the Task instance: queued
[2025-02-05T15:31:32.453+0000] {logging_mixin.py:190} INFO - Current task name:wait_for_signal state:running start_date:2025-02-05 15:31:32.204593+00:00
[2025-02-05T15:31:32.453+0000] {logging_mixin.py:190} INFO - Dag name:external_signal_workflow and current dag run status:running
[2025-02-05T15:31:32.454+0000] {taskinstance.py:731} INFO - ::endgroup::
[2025-02-05T15:31:32.454+0000] {baseoperator.py:421} WARNING - ExternalTaskSensor.execute cannot be called outside TaskInstance!
[2025-02-05T15:31:32.471+0000] {external_task.py:258} INFO - Poking for tasks ['send_signal'] in dag signal_dag on 2025-02-05T15:31:08.640682+00:00 ... 
[2025-02-05T15:31:32.473+0000] {warnings.py:112} WARNING - /home/***/.local/lib/python3.12/site-packages/***/utils/session.py:97: DeprecationWarning: This method is deprecated and will be removed in future.
  return func(*args, session=session, **kwargs)

[2025-02-05T15:31:32.496+0000] {taskinstance.py:309} INFO - Rescheduling task, marking task as UP_FOR_RESCHEDULE
[2025-02-05T15:31:32.497+0000] {taskinstance.py:340} INFO - ::group::Post task execution logs
[2025-02-05T15:31:32.543+0000] {local_task_job_runner.py:266} INFO - Task exited with return code 0
[2025-02-05T15:31:32.558+0000] {taskinstance.py:3895} INFO - 0 downstream tasks scheduled from follow-on schedule check
[2025-02-05T15:31:32.560+0000] {local_task_job_runner.py:245} INFO - ::endgroup::
[2025-02-05T15:32:34.306+0000] {local_task_job_runner.py:123} INFO - ::group::Pre task execution logs
[2025-02-05T15:32:34.317+0000] {taskinstance.py:2613} INFO - Dependencies all met for dep_context=non-requeueable deps ti=<TaskInstance: external_signal_workflow.wait_for_signal manual__2025-02-05T15:31:07.640682+00:00 [queued]>
[2025-02-05T15:32:34.322+0000] {taskinstance.py:2613} INFO - Dependencies all met for dep_context=requeueable deps ti=<TaskInstance: external_signal_workflow.wait_for_signal manual__2025-02-05T15:31:07.640682+00:00 [queued]>
[2025-02-05T15:32:34.322+0000] {taskinstance.py:2866} INFO - Starting attempt 1 of 2
[2025-02-05T15:32:34.424+0000] {taskinstance.py:2889} INFO - Executing <Task(ExternalTaskSensor): wait_for_signal> on 2025-02-05 15:31:07.640682+00:00
[2025-02-05T15:32:34.430+0000] {warnings.py:112} WARNING - /home/***/.local/lib/python3.12/site-packages/***/task/task_runner/standard_task_runner.py:70: DeprecationWarning: This process (pid=3008) is multi-threaded, use of fork() may lead to deadlocks in the child.
  pid = os.fork()

[2025-02-05T15:32:34.432+0000] {standard_task_runner.py:72} INFO - Started process 3009 to run task
[2025-02-05T15:32:34.432+0000] {standard_task_runner.py:104} INFO - Running: ['***', 'tasks', 'run', 'external_signal_workflow', 'wait_for_signal', 'manual__2025-02-05T15:31:07.640682+00:00', '--job-id', '146', '--raw', '--subdir', 'DAGS_FOLDER/external_signal_workflow.py', '--cfg-path', '/tmp/tmprjf0poom']
[2025-02-05T15:32:34.433+0000] {standard_task_runner.py:105} INFO - Job 146: Subtask wait_for_signal
[2025-02-05T15:32:34.473+0000] {task_command.py:467} INFO - Running <TaskInstance: external_signal_workflow.wait_for_signal manual__2025-02-05T15:31:07.640682+00:00 [running]> on host ***-worker-2
[2025-02-05T15:32:34.524+0000] {taskinstance.py:3132} INFO - Exporting env vars: AIRFLOW_CTX_DAG_OWNER='***' AIRFLOW_CTX_DAG_ID='external_signal_workflow' AIRFLOW_CTX_TASK_ID='wait_for_signal' AIRFLOW_CTX_EXECUTION_DATE='2025-02-05T15:31:07.640682+00:00' AIRFLOW_CTX_TRY_NUMBER='1' AIRFLOW_CTX_DAG_RUN_ID='manual__2025-02-05T15:31:07.640682+00:00'
[2025-02-05T15:32:34.525+0000] {logging_mixin.py:190} INFO - Task instance is in running state
[2025-02-05T15:32:34.526+0000] {logging_mixin.py:190} INFO -  Previous state of the Task instance: queued
[2025-02-05T15:32:34.526+0000] {logging_mixin.py:190} INFO - Current task name:wait_for_signal state:running start_date:2025-02-05 15:32:34.317440+00:00
[2025-02-05T15:32:34.526+0000] {logging_mixin.py:190} INFO - Dag name:external_signal_workflow and current dag run status:running
[2025-02-05T15:32:34.527+0000] {taskinstance.py:731} INFO - ::endgroup::
[2025-02-05T15:32:34.528+0000] {baseoperator.py:421} WARNING - ExternalTaskSensor.execute cannot be called outside TaskInstance!
[2025-02-05T15:32:34.539+0000] {external_task.py:258} INFO - Poking for tasks ['send_signal'] in dag signal_dag on 2025-02-05T15:32:16.904502+00:00 ... 
[2025-02-05T15:32:34.540+0000] {warnings.py:112} WARNING - /home/***/.local/lib/python3.12/site-packages/***/utils/session.py:97: DeprecationWarning: This method is deprecated and will be removed in future.
  return func(*args, session=session, **kwargs)

[2025-02-05T15:32:34.547+0000] {base.py:336} INFO - Success criteria met. Exiting.
[2025-02-05T15:32:34.554+0000] {taskinstance.py:340} INFO - ::group::Post task execution logs
[2025-02-05T15:32:34.554+0000] {taskinstance.py:352} INFO - Marking task as SUCCESS. dag_id=external_signal_workflow, task_id=wait_for_signal, run_id=manual__2025-02-05T15:31:07.640682+00:00, execution_date=20250205T153107, start_date=20250205T153234, end_date=20250205T153234
[2025-02-05T15:32:34.560+0000] {logging_mixin.py:190} INFO - Task instance in success state
[2025-02-05T15:32:34.561+0000] {logging_mixin.py:190} INFO -  Previous state of the Task instance: running
[2025-02-05T15:32:34.561+0000] {logging_mixin.py:190} INFO - Dag name:external_signal_workflow queued_at:2025-02-05 15:31:07.657307+00:00
[2025-02-05T15:32:34.561+0000] {logging_mixin.py:190} INFO - Task hostname:***-worker-2 operator:ExternalTaskSensor
[2025-02-05T15:32:34.566+0000] {local_task_job_runner.py:266} INFO - Task exited with return code 0
[2025-02-05T15:32:34.585+0000] {taskinstance.py:3895} INFO - 1 downstream tasks scheduled from follow-on schedule check
[2025-02-05T15:32:34.587+0000] {local_task_job_runner.py:245} INFO - ::endgroup::
