[2025-02-07T13:46:56.271+0000] {local_task_job_runner.py:123} INFO - ::group::Pre task execution logs
[2025-02-07T13:46:56.279+0000] {taskinstance.py:2613} INFO - Dependencies all met for dep_context=non-requeueable deps ti=<TaskInstance: cluster_deployment.run_pre_check manual__2025-02-07T13:46:23.223832+00:00 [queued]>
[2025-02-07T13:46:56.282+0000] {taskinstance.py:2613} INFO - Dependencies all met for dep_context=requeueable deps ti=<TaskInstance: cluster_deployment.run_pre_check manual__2025-02-07T13:46:23.223832+00:00 [queued]>
[2025-02-07T13:46:56.283+0000] {taskinstance.py:2866} INFO - Starting attempt 1 of 2
[2025-02-07T13:46:56.289+0000] {taskinstance.py:2889} INFO - Executing <Task(PythonVirtualenvOperator): run_pre_check> on 2025-02-07 13:46:23.223832+00:00
[2025-02-07T13:46:56.297+0000] {warnings.py:112} WARNING - /home/***/.local/lib/python3.12/site-packages/***/task/task_runner/standard_task_runner.py:70: DeprecationWarning: This process (pid=173) is multi-threaded, use of fork() may lead to deadlocks in the child.
  pid = os.fork()

[2025-02-07T13:46:56.299+0000] {standard_task_runner.py:104} INFO - Running: ['***', 'tasks', 'run', 'cluster_deployment', 'run_pre_check', 'manual__2025-02-07T13:46:23.223832+00:00', '--job-id', '5', '--raw', '--subdir', 'DAGS_FOLDER/cluster_deployment.py', '--cfg-path', '/tmp/tmpilig9sit']
[2025-02-07T13:46:56.301+0000] {standard_task_runner.py:105} INFO - Job 5: Subtask run_pre_check
[2025-02-07T13:46:56.300+0000] {standard_task_runner.py:72} INFO - Started process 174 to run task
[2025-02-07T13:46:56.333+0000] {task_command.py:467} INFO - Running <TaskInstance: cluster_deployment.run_pre_check manual__2025-02-07T13:46:23.223832+00:00 [running]> on host 35dedc08aa87
[2025-02-07T13:46:56.382+0000] {taskinstance.py:3132} INFO - Exporting env vars: AIRFLOW_CTX_DAG_OWNER='***' AIRFLOW_CTX_DAG_ID='cluster_deployment' AIRFLOW_CTX_TASK_ID='run_pre_check' AIRFLOW_CTX_EXECUTION_DATE='2025-02-07T13:46:23.223832+00:00' AIRFLOW_CTX_TRY_NUMBER='1' AIRFLOW_CTX_DAG_RUN_ID='manual__2025-02-07T13:46:23.223832+00:00'
[2025-02-07T13:46:56.383+0000] {logging_mixin.py:190} INFO - Task instance is in running state
[2025-02-07T13:46:56.383+0000] {logging_mixin.py:190} INFO -  Previous state of the Task instance: queued
[2025-02-07T13:46:56.384+0000] {logging_mixin.py:190} INFO - Current task name:run_pre_check state:running start_date:2025-02-07 13:46:56.279624+00:00
[2025-02-07T13:46:56.384+0000] {logging_mixin.py:190} INFO - Dag name:cluster_deployment and current dag run status:running
[2025-02-07T13:46:56.384+0000] {taskinstance.py:731} INFO - ::endgroup::
[2025-02-07T13:46:56.385+0000] {baseoperator.py:421} WARNING - PythonVirtualenvOperator.execute cannot be called outside TaskInstance!
[2025-02-07T13:46:56.386+0000] {process_utils.py:186} INFO - Executing cmd: /home/***/.local/bin/python -m virtualenv /tmp/venv5khwpzpa --system-site-packages --python=python
[2025-02-07T13:46:56.386+0000] {process_utils.py:190} INFO - Output:
[2025-02-07T13:46:56.866+0000] {process_utils.py:194} INFO - created virtual environment CPython3.12.8.final.0-64 in 137ms
[2025-02-07T13:46:56.867+0000] {process_utils.py:194} INFO -   creator CPython3Posix(dest=/tmp/venv5khwpzpa, clear=False, no_vcs_ignore=False, global=True)
[2025-02-07T13:46:56.867+0000] {process_utils.py:194} INFO -   seeder FromAppData(download=False, pip=bundle, via=copy, app_data_dir=/home/***/.local/share/virtualenv)
[2025-02-07T13:46:56.868+0000] {process_utils.py:194} INFO -     added seed packages: pip==24.3.1
[2025-02-07T13:46:56.868+0000] {process_utils.py:194} INFO -   activators BashActivator,CShellActivator,FishActivator,NushellActivator,PowerShellActivator,PythonActivator
[2025-02-07T13:46:56.892+0000] {process_utils.py:186} INFO - Executing cmd: /tmp/venv5khwpzpa/bin/pip install -r /tmp/venv5khwpzpa/requirements.txt
[2025-02-07T13:46:56.896+0000] {process_utils.py:190} INFO - Output:
[2025-02-07T13:46:57.789+0000] {process_utils.py:194} INFO - Requirement already satisfied: pandas==2.1.4 in /home/***/.local/lib/python3.12/site-packages (from -r /tmp/venv5khwpzpa/requirements.txt (line 1)) (2.1.4)
[2025-02-07T13:46:57.795+0000] {process_utils.py:194} INFO - Requirement already satisfied: numpy<2,>=1.26.0 in /home/***/.local/lib/python3.12/site-packages (from pandas==2.1.4->-r /tmp/venv5khwpzpa/requirements.txt (line 1)) (1.26.4)
[2025-02-07T13:46:57.795+0000] {process_utils.py:194} INFO - Requirement already satisfied: python-dateutil>=2.8.2 in /home/***/.local/lib/python3.12/site-packages (from pandas==2.1.4->-r /tmp/venv5khwpzpa/requirements.txt (line 1)) (2.9.0.post0)
[2025-02-07T13:46:57.796+0000] {process_utils.py:194} INFO - Requirement already satisfied: pytz>=2020.1 in /home/***/.local/lib/python3.12/site-packages (from pandas==2.1.4->-r /tmp/venv5khwpzpa/requirements.txt (line 1)) (2024.2)
[2025-02-07T13:46:57.797+0000] {process_utils.py:194} INFO - Requirement already satisfied: tzdata>=2022.1 in /home/***/.local/lib/python3.12/site-packages (from pandas==2.1.4->-r /tmp/venv5khwpzpa/requirements.txt (line 1)) (2024.2)
[2025-02-07T13:46:57.800+0000] {process_utils.py:194} INFO - Requirement already satisfied: six>=1.5 in /home/***/.local/lib/python3.12/site-packages (from python-dateutil>=2.8.2->pandas==2.1.4->-r /tmp/venv5khwpzpa/requirements.txt (line 1)) (1.17.0)
[2025-02-07T13:46:58.169+0000] {process_utils.py:194} INFO - 
[2025-02-07T13:46:58.170+0000] {process_utils.py:194} INFO - [notice] A new release of pip is available: 24.3.1 -> 25.0
[2025-02-07T13:46:58.170+0000] {process_utils.py:194} INFO - [notice] To update, run: python -m pip install --upgrade pip
[2025-02-07T13:46:58.240+0000] {python.py:513} INFO - Use 'pickle' as serializer.
[2025-02-07T13:46:58.247+0000] {process_utils.py:186} INFO - Executing cmd: /tmp/venv5khwpzpa/bin/python /tmp/venv-call22l7xp2o/script.py /tmp/venv-call22l7xp2o/script.in /tmp/venv-call22l7xp2o/script.out /tmp/venv-call22l7xp2o/string_args.txt /tmp/venv-call22l7xp2o/termination.log
[2025-02-07T13:46:58.248+0000] {process_utils.py:190} INFO - Output:
[2025-02-07T13:47:00.044+0000] {process_utils.py:194} INFO - [2025-02-07T13:47:00.044+0000] {script.py:23} INFO - Starting run pre-checks...
[2025-02-07T13:47:00.045+0000] {process_utils.py:194} INFO - [2025-02-07T13:47:00.044+0000] {script.py:26} INFO - Pre Deployment Report: {'services_status': {'running': 4}, 'deployment_ready': True, 'timestamp': '2025-02-07T13:46:33.450869'}
[2025-02-07T13:47:00.046+0000] {process_utils.py:194} INFO - [2025-02-07T13:47:00.044+0000] {script.py:27} INFO - Download Report: {'stacks': ['baseos', 'gi'], 'total_size_mb': 1200.0, 'total_time_seconds': 240, 'download_speed_mbs': 5.0, 'status': 'success', 'details': [{'stack': 'baseos', 'size_mb': 1000, 'status': 'completed', 'time': 180}, {'stack': 'gi', 'size_mb': 200, 'status': 'completed', 'time': 60}], 'timestamp': '2025-02-07T13:46:53.845757'}
[2025-02-07T13:47:00.047+0000] {process_utils.py:194} INFO - [2025-02-07T13:47:00.045+0000] {script.py:42} INFO - Pre-checks completed:
[2025-02-07T13:47:00.047+0000] {process_utils.py:194} INFO - Total memory usage: 1536%
[2025-02-07T13:47:00.047+0000] {process_utils.py:194} INFO - Status: PASS
[2025-02-07T13:47:00.345+0000] {python.py:240} INFO - Done. Returned value was: {'total_memory_usage_mb': 1536, 'checks_passed': True, 'timestamp': '2025-02-07T13:47:00.045903'}
[2025-02-07T13:47:00.363+0000] {taskinstance.py:340} INFO - ::group::Post task execution logs
[2025-02-07T13:47:00.363+0000] {taskinstance.py:352} INFO - Marking task as SUCCESS. dag_id=cluster_deployment, task_id=run_pre_check, run_id=manual__2025-02-07T13:46:23.223832+00:00, execution_date=20250207T134623, start_date=20250207T134656, end_date=20250207T134700
[2025-02-07T13:47:00.371+0000] {logging_mixin.py:190} INFO - Task instance in success state
[2025-02-07T13:47:00.371+0000] {logging_mixin.py:190} INFO -  Previous state of the Task instance: running
[2025-02-07T13:47:00.371+0000] {logging_mixin.py:190} INFO - Dag name:cluster_deployment queued_at:2025-02-07 13:46:23.239307+00:00
[2025-02-07T13:47:00.371+0000] {logging_mixin.py:190} INFO - Task hostname:35dedc08aa87 operator:PythonVirtualenvOperator
[2025-02-07T13:47:00.391+0000] {local_task_job_runner.py:266} INFO - Task exited with return code 0
[2025-02-07T13:47:00.424+0000] {taskinstance.py:3895} INFO - 1 downstream tasks scheduled from follow-on schedule check
[2025-02-07T13:47:00.426+0000] {local_task_job_runner.py:245} INFO - ::endgroup::
