[2025-02-07T09:14:50.182+0000] {local_task_job_runner.py:123} INFO - ::group::Pre task execution logs
[2025-02-07T09:14:50.194+0000] {taskinstance.py:2613} INFO - Dependencies all met for dep_context=non-requeueable deps ti=<TaskInstance: cluster_deployment.download_stack manual__2025-02-07T09:14:38.768651+00:00 [queued]>
[2025-02-07T09:14:50.204+0000] {taskinstance.py:2613} INFO - Dependencies all met for dep_context=requeueable deps ti=<TaskInstance: cluster_deployment.download_stack manual__2025-02-07T09:14:38.768651+00:00 [queued]>
[2025-02-07T09:14:50.205+0000] {taskinstance.py:2866} INFO - Starting attempt 1 of 2
[2025-02-07T09:14:50.222+0000] {taskinstance.py:2889} INFO - Executing <Task(PythonVirtualenvOperator): download_stack> on 2025-02-07 09:14:38.768651+00:00
[2025-02-07T09:14:50.235+0000] {warnings.py:112} WARNING - /home/***/.local/lib/python3.12/site-packages/***/task/task_runner/standard_task_runner.py:70: DeprecationWarning: This process (pid=7281) is multi-threaded, use of fork() may lead to deadlocks in the child.
  pid = os.fork()

[2025-02-07T09:14:50.237+0000] {standard_task_runner.py:72} INFO - Started process 7282 to run task
[2025-02-07T09:14:50.238+0000] {standard_task_runner.py:104} INFO - Running: ['***', 'tasks', 'run', 'cluster_deployment', 'download_stack', 'manual__2025-02-07T09:14:38.768651+00:00', '--job-id', '96', '--raw', '--subdir', 'DAGS_FOLDER/cluster_deployment.py', '--cfg-path', '/tmp/tmp5aurdm0n']
[2025-02-07T09:14:50.239+0000] {standard_task_runner.py:105} INFO - Job 96: Subtask download_stack
[2025-02-07T09:14:50.324+0000] {task_command.py:467} INFO - Running <TaskInstance: cluster_deployment.download_stack manual__2025-02-07T09:14:38.768651+00:00 [running]> on host ***-worker
[2025-02-07T09:14:50.418+0000] {taskinstance.py:3132} INFO - Exporting env vars: AIRFLOW_CTX_DAG_OWNER='***' AIRFLOW_CTX_DAG_ID='cluster_deployment' AIRFLOW_CTX_TASK_ID='download_stack' AIRFLOW_CTX_EXECUTION_DATE='2025-02-07T09:14:38.768651+00:00' AIRFLOW_CTX_TRY_NUMBER='1' AIRFLOW_CTX_DAG_RUN_ID='manual__2025-02-07T09:14:38.768651+00:00'
[2025-02-07T09:14:50.419+0000] {logging_mixin.py:190} INFO - Task instance is in running state
[2025-02-07T09:14:50.420+0000] {logging_mixin.py:190} INFO -  Previous state of the Task instance: queued
[2025-02-07T09:14:50.420+0000] {logging_mixin.py:190} INFO - Current task name:download_stack state:running start_date:2025-02-07 09:14:50.195527+00:00
[2025-02-07T09:14:50.420+0000] {logging_mixin.py:190} INFO - Dag name:cluster_deployment and current dag run status:running
[2025-02-07T09:14:50.421+0000] {taskinstance.py:731} INFO - ::endgroup::
[2025-02-07T09:14:50.421+0000] {baseoperator.py:421} WARNING - PythonVirtualenvOperator.execute cannot be called outside TaskInstance!
[2025-02-07T09:14:50.423+0000] {process_utils.py:186} INFO - Executing cmd: /home/***/.local/bin/python -m virtualenv /tmp/venvs7fpqlqq --system-site-packages --python=python
[2025-02-07T09:14:50.424+0000] {process_utils.py:190} INFO - Output:
[2025-02-07T09:14:51.068+0000] {process_utils.py:194} INFO - created virtual environment CPython3.12.8.final.0-64 in 182ms
[2025-02-07T09:14:51.069+0000] {process_utils.py:194} INFO -   creator CPython3Posix(dest=/tmp/venvs7fpqlqq, clear=False, no_vcs_ignore=False, global=True)
[2025-02-07T09:14:51.069+0000] {process_utils.py:194} INFO -   seeder FromAppData(download=False, pip=bundle, via=copy, app_data_dir=/home/***/.local/share/virtualenv)
[2025-02-07T09:14:51.070+0000] {process_utils.py:194} INFO -     added seed packages: pip==24.3.1
[2025-02-07T09:14:51.070+0000] {process_utils.py:194} INFO -   activators BashActivator,CShellActivator,FishActivator,NushellActivator,PowerShellActivator,PythonActivator
[2025-02-07T09:14:51.087+0000] {process_utils.py:186} INFO - Executing cmd: /tmp/venvs7fpqlqq/bin/pip install -r /tmp/venvs7fpqlqq/requirements.txt
[2025-02-07T09:14:51.088+0000] {process_utils.py:190} INFO - Output:
[2025-02-07T09:14:52.175+0000] {process_utils.py:194} INFO - Requirement already satisfied: pandas==2.1.4 in /home/***/.local/lib/python3.12/site-packages (from -r /tmp/venvs7fpqlqq/requirements.txt (line 1)) (2.1.4)
[2025-02-07T09:14:52.196+0000] {process_utils.py:194} INFO - Requirement already satisfied: numpy<2,>=1.26.0 in /home/***/.local/lib/python3.12/site-packages (from pandas==2.1.4->-r /tmp/venvs7fpqlqq/requirements.txt (line 1)) (1.26.4)
[2025-02-07T09:14:52.199+0000] {process_utils.py:194} INFO - Requirement already satisfied: python-dateutil>=2.8.2 in /home/***/.local/lib/python3.12/site-packages (from pandas==2.1.4->-r /tmp/venvs7fpqlqq/requirements.txt (line 1)) (2.9.0.post0)
[2025-02-07T09:14:52.201+0000] {process_utils.py:194} INFO - Requirement already satisfied: pytz>=2020.1 in /home/***/.local/lib/python3.12/site-packages (from pandas==2.1.4->-r /tmp/venvs7fpqlqq/requirements.txt (line 1)) (2024.2)
[2025-02-07T09:14:52.204+0000] {process_utils.py:194} INFO - Requirement already satisfied: tzdata>=2022.1 in /home/***/.local/lib/python3.12/site-packages (from pandas==2.1.4->-r /tmp/venvs7fpqlqq/requirements.txt (line 1)) (2024.2)
[2025-02-07T09:14:52.216+0000] {process_utils.py:194} INFO - Requirement already satisfied: six>=1.5 in /home/***/.local/lib/python3.12/site-packages (from python-dateutil>=2.8.2->pandas==2.1.4->-r /tmp/venvs7fpqlqq/requirements.txt (line 1)) (1.17.0)
[2025-02-07T09:14:52.781+0000] {process_utils.py:194} INFO - 
[2025-02-07T09:14:52.782+0000] {process_utils.py:194} INFO - [notice] A new release of pip is available: 24.3.1 -> 25.0
[2025-02-07T09:14:52.786+0000] {process_utils.py:194} INFO - [notice] To update, run: python -m pip install --upgrade pip
[2025-02-07T09:14:52.878+0000] {process_utils.py:186} INFO - Executing cmd: /tmp/venvs7fpqlqq/bin/python /tmp/venv-callsu4d5gaj/script.py /tmp/venv-callsu4d5gaj/script.in /tmp/venv-callsu4d5gaj/script.out /tmp/venv-callsu4d5gaj/string_args.txt /tmp/venv-callsu4d5gaj/termination.log
[2025-02-07T09:14:52.879+0000] {process_utils.py:190} INFO - Output:
[2025-02-07T09:14:54.951+0000] {process_utils.py:194} INFO - [2025-02-07T09:14:54.950+0000] {script.py:24} INFO - Starting download stack...
[2025-02-07T09:15:04.963+0000] {process_utils.py:194} INFO - [2025-02-07T09:15:04.960+0000] {script.py:41} INFO - Download stack completed:
[2025-02-07T09:15:04.967+0000] {process_utils.py:194} INFO - Total size: 1200.0MB
[2025-02-07T09:15:04.968+0000] {process_utils.py:194} INFO - Total time: 240s
[2025-02-07T09:15:04.968+0000] {process_utils.py:194} INFO - Download speed: 5.0MB/s
[2025-02-07T09:15:05.495+0000] {python.py:240} INFO - Done. Returned value was: {'stacks': ['baseos', 'gi'], 'total_size_mb': 1200.0, 'total_time_seconds': 240, 'download_speed_mbs': 5.0, 'status': 'success', 'details': [{'stack': 'baseos', 'size_mb': 1000, 'status': 'completed', 'time': 180}, {'stack': 'gi', 'size_mb': 200, 'status': 'completed', 'time': 60}], 'timestamp': '2025-02-07T09:15:04.960566'}
[2025-02-07T09:15:05.521+0000] {taskinstance.py:340} INFO - ::group::Post task execution logs
[2025-02-07T09:15:05.522+0000] {taskinstance.py:352} INFO - Marking task as SUCCESS. dag_id=cluster_deployment, task_id=download_stack, run_id=manual__2025-02-07T09:14:38.768651+00:00, execution_date=20250207T091438, start_date=20250207T091450, end_date=20250207T091505
[2025-02-07T09:15:05.531+0000] {logging_mixin.py:190} INFO - Task instance in success state
[2025-02-07T09:15:05.531+0000] {logging_mixin.py:190} INFO -  Previous state of the Task instance: running
[2025-02-07T09:15:05.532+0000] {logging_mixin.py:190} INFO - Dag name:cluster_deployment queued_at:2025-02-07 09:14:38.808758+00:00
[2025-02-07T09:15:05.533+0000] {logging_mixin.py:190} INFO - Task hostname:***-worker operator:PythonVirtualenvOperator
[2025-02-07T09:15:05.578+0000] {local_task_job_runner.py:266} INFO - Task exited with return code 0
[2025-02-07T09:15:05.621+0000] {taskinstance.py:3895} INFO - 1 downstream tasks scheduled from follow-on schedule check
[2025-02-07T09:15:05.622+0000] {local_task_job_runner.py:245} INFO - ::endgroup::
