[2025-02-05T14:22:16.800+0000] {local_task_job_runner.py:123} INFO - ::group::Pre task execution logs
[2025-02-05T14:22:16.808+0000] {taskinstance.py:2613} INFO - Dependencies all met for dep_context=non-requeueable deps ti=<TaskInstance: external_signal_workflow.wait_for_signal manual__2025-02-05T14:21:52.948222+00:00 [queued]>
[2025-02-05T14:22:16.813+0000] {taskinstance.py:2613} INFO - Dependencies all met for dep_context=requeueable deps ti=<TaskInstance: external_signal_workflow.wait_for_signal manual__2025-02-05T14:21:52.948222+00:00 [queued]>
[2025-02-05T14:22:16.814+0000] {taskinstance.py:2866} INFO - Starting attempt 1 of 2
[2025-02-05T14:22:16.909+0000] {taskinstance.py:2889} INFO - Executing <Task(ExternalTaskSensor): wait_for_signal> on 2025-02-05 14:21:52.948222+00:00
[2025-02-05T14:22:16.915+0000] {warnings.py:112} WARNING - /home/***/.local/lib/python3.12/site-packages/***/task/task_runner/standard_task_runner.py:70: DeprecationWarning: This process (pid=1987) is multi-threaded, use of fork() may lead to deadlocks in the child.
  pid = os.fork()

[2025-02-05T14:22:16.916+0000] {standard_task_runner.py:72} INFO - Started process 1988 to run task
[2025-02-05T14:22:16.916+0000] {standard_task_runner.py:104} INFO - Running: ['***', 'tasks', 'run', 'external_signal_workflow', 'wait_for_signal', 'manual__2025-02-05T14:21:52.948222+00:00', '--job-id', '81', '--raw', '--subdir', 'DAGS_FOLDER/external_signal_workflow.py', '--cfg-path', '/tmp/tmptcwphha0']
[2025-02-05T14:22:16.918+0000] {standard_task_runner.py:105} INFO - Job 81: Subtask wait_for_signal
[2025-02-05T14:22:16.948+0000] {task_command.py:467} INFO - Running <TaskInstance: external_signal_workflow.wait_for_signal manual__2025-02-05T14:21:52.948222+00:00 [running]> on host ***-worker-3
[2025-02-05T14:22:16.993+0000] {taskinstance.py:3132} INFO - Exporting env vars: AIRFLOW_CTX_DAG_OWNER='***' AIRFLOW_CTX_DAG_ID='external_signal_workflow' AIRFLOW_CTX_TASK_ID='wait_for_signal' AIRFLOW_CTX_EXECUTION_DATE='2025-02-05T14:21:52.948222+00:00' AIRFLOW_CTX_TRY_NUMBER='1' AIRFLOW_CTX_DAG_RUN_ID='manual__2025-02-05T14:21:52.948222+00:00'
[2025-02-05T14:22:16.994+0000] {logging_mixin.py:190} INFO - Task instance is in running state
[2025-02-05T14:22:16.994+0000] {logging_mixin.py:190} INFO -  Previous state of the Task instance: queued
[2025-02-05T14:22:16.994+0000] {logging_mixin.py:190} INFO - Current task name:wait_for_signal state:running start_date:2025-02-05 14:22:16.809385+00:00
[2025-02-05T14:22:16.994+0000] {logging_mixin.py:190} INFO - Dag name:external_signal_workflow and current dag run status:running
[2025-02-05T14:22:16.995+0000] {taskinstance.py:731} INFO - ::endgroup::
[2025-02-05T14:22:16.995+0000] {baseoperator.py:421} WARNING - ExternalTaskSensor.execute cannot be called outside TaskInstance!
[2025-02-05T14:22:17.002+0000] {external_task.py:258} INFO - Poking for tasks ['send_signal'] in dag signal_dag on 2025-02-05T14:21:57.948222+00:00 ... 
[2025-02-05T14:22:17.003+0000] {warnings.py:112} WARNING - /home/***/.local/lib/python3.12/site-packages/***/utils/session.py:97: DeprecationWarning: This method is deprecated and will be removed in future.
  return func(*args, session=session, **kwargs)

[2025-02-05T14:22:17.018+0000] {taskinstance.py:309} INFO - Rescheduling task, marking task as UP_FOR_RESCHEDULE
[2025-02-05T14:22:17.018+0000] {taskinstance.py:340} INFO - ::group::Post task execution logs
[2025-02-05T14:22:17.051+0000] {local_task_job_runner.py:266} INFO - Task exited with return code 0
[2025-02-05T14:22:17.065+0000] {taskinstance.py:3895} INFO - 0 downstream tasks scheduled from follow-on schedule check
[2025-02-05T14:22:17.066+0000] {local_task_job_runner.py:245} INFO - ::endgroup::
[2025-02-05T14:23:19.025+0000] {local_task_job_runner.py:123} INFO - ::group::Pre task execution logs
[2025-02-05T14:23:19.035+0000] {taskinstance.py:2613} INFO - Dependencies all met for dep_context=non-requeueable deps ti=<TaskInstance: external_signal_workflow.wait_for_signal manual__2025-02-05T14:21:52.948222+00:00 [queued]>
[2025-02-05T14:23:19.041+0000] {taskinstance.py:2613} INFO - Dependencies all met for dep_context=requeueable deps ti=<TaskInstance: external_signal_workflow.wait_for_signal manual__2025-02-05T14:21:52.948222+00:00 [queued]>
[2025-02-05T14:23:19.041+0000] {taskinstance.py:2866} INFO - Starting attempt 1 of 2
[2025-02-05T14:23:19.139+0000] {taskinstance.py:2889} INFO - Executing <Task(ExternalTaskSensor): wait_for_signal> on 2025-02-05 14:21:52.948222+00:00
[2025-02-05T14:23:19.144+0000] {warnings.py:112} WARNING - /home/***/.local/lib/python3.12/site-packages/***/task/task_runner/standard_task_runner.py:70: DeprecationWarning: This process (pid=2004) is multi-threaded, use of fork() may lead to deadlocks in the child.
  pid = os.fork()

[2025-02-05T14:23:19.146+0000] {standard_task_runner.py:104} INFO - Running: ['***', 'tasks', 'run', 'external_signal_workflow', 'wait_for_signal', 'manual__2025-02-05T14:21:52.948222+00:00', '--job-id', '83', '--raw', '--subdir', 'DAGS_FOLDER/external_signal_workflow.py', '--cfg-path', '/tmp/tmpe_8sbdx4']
[2025-02-05T14:23:19.148+0000] {standard_task_runner.py:72} INFO - Started process 2005 to run task
[2025-02-05T14:23:19.148+0000] {standard_task_runner.py:105} INFO - Job 83: Subtask wait_for_signal
[2025-02-05T14:23:19.182+0000] {task_command.py:467} INFO - Running <TaskInstance: external_signal_workflow.wait_for_signal manual__2025-02-05T14:21:52.948222+00:00 [running]> on host ***-worker-3
[2025-02-05T14:23:19.231+0000] {taskinstance.py:3132} INFO - Exporting env vars: AIRFLOW_CTX_DAG_OWNER='***' AIRFLOW_CTX_DAG_ID='external_signal_workflow' AIRFLOW_CTX_TASK_ID='wait_for_signal' AIRFLOW_CTX_EXECUTION_DATE='2025-02-05T14:21:52.948222+00:00' AIRFLOW_CTX_TRY_NUMBER='1' AIRFLOW_CTX_DAG_RUN_ID='manual__2025-02-05T14:21:52.948222+00:00'
[2025-02-05T14:23:19.233+0000] {logging_mixin.py:190} INFO - Task instance is in running state
[2025-02-05T14:23:19.233+0000] {logging_mixin.py:190} INFO -  Previous state of the Task instance: queued
[2025-02-05T14:23:19.233+0000] {logging_mixin.py:190} INFO - Current task name:wait_for_signal state:running start_date:2025-02-05 14:23:19.036198+00:00
[2025-02-05T14:23:19.233+0000] {logging_mixin.py:190} INFO - Dag name:external_signal_workflow and current dag run status:running
[2025-02-05T14:23:19.234+0000] {taskinstance.py:731} INFO - ::endgroup::
[2025-02-05T14:23:19.234+0000] {baseoperator.py:421} WARNING - ExternalTaskSensor.execute cannot be called outside TaskInstance!
[2025-02-05T14:23:19.241+0000] {external_task.py:258} INFO - Poking for tasks ['send_signal'] in dag signal_dag on 2025-02-05T14:21:57.948222+00:00 ... 
[2025-02-05T14:23:19.242+0000] {warnings.py:112} WARNING - /home/***/.local/lib/python3.12/site-packages/***/utils/session.py:97: DeprecationWarning: This method is deprecated and will be removed in future.
  return func(*args, session=session, **kwargs)

[2025-02-05T14:23:19.264+0000] {taskinstance.py:309} INFO - Rescheduling task, marking task as UP_FOR_RESCHEDULE
[2025-02-05T14:23:19.265+0000] {taskinstance.py:340} INFO - ::group::Post task execution logs
[2025-02-05T14:23:19.283+0000] {local_task_job_runner.py:266} INFO - Task exited with return code 0
[2025-02-05T14:23:19.304+0000] {taskinstance.py:3895} INFO - 0 downstream tasks scheduled from follow-on schedule check
[2025-02-05T14:23:19.305+0000] {local_task_job_runner.py:245} INFO - ::endgroup::
