[2025-02-06T13:47:14.956+0000] {local_task_job_runner.py:123} INFO - ::group::Pre task execution logs
[2025-02-06T13:47:14.968+0000] {taskinstance.py:2613} INFO - Dependencies all met for dep_context=non-requeueable deps ti=<TaskInstance: demo_1st_scenario.final_task manual__2025-02-06T13:44:33.573035+00:00 [queued]>
[2025-02-06T13:47:14.973+0000] {taskinstance.py:2613} INFO - Dependencies all met for dep_context=requeueable deps ti=<TaskInstance: demo_1st_scenario.final_task manual__2025-02-06T13:44:33.573035+00:00 [queued]>
[2025-02-06T13:47:14.973+0000] {taskinstance.py:2866} INFO - Starting attempt 1 of 2
[2025-02-06T13:47:14.981+0000] {taskinstance.py:2889} INFO - Executing <Task(PythonOperator): final_task> on 2025-02-06 13:44:33.573035+00:00
[2025-02-06T13:47:14.988+0000] {warnings.py:112} WARNING - /home/***/.local/lib/python3.12/site-packages/***/task/task_runner/standard_task_runner.py:70: DeprecationWarning: This process (pid=3096) is multi-threaded, use of fork() may lead to deadlocks in the child.
  pid = os.fork()

[2025-02-06T13:47:14.989+0000] {standard_task_runner.py:72} INFO - Started process 3097 to run task
[2025-02-06T13:47:14.989+0000] {standard_task_runner.py:104} INFO - Running: ['***', 'tasks', 'run', 'demo_1st_scenario', 'final_task', 'manual__2025-02-06T13:44:33.573035+00:00', '--job-id', '43', '--raw', '--subdir', 'DAGS_FOLDER/demo_1st_scenario.py', '--cfg-path', '/tmp/tmpy1bjp183']
[2025-02-06T13:47:14.992+0000] {standard_task_runner.py:105} INFO - Job 43: Subtask final_task
[2025-02-06T13:47:15.041+0000] {task_command.py:467} INFO - Running <TaskInstance: demo_1st_scenario.final_task manual__2025-02-06T13:44:33.573035+00:00 [running]> on host ***-worker-2
[2025-02-06T13:47:15.104+0000] {taskinstance.py:3132} INFO - Exporting env vars: AIRFLOW_CTX_DAG_OWNER='***' AIRFLOW_CTX_DAG_ID='demo_1st_scenario' AIRFLOW_CTX_TASK_ID='final_task' AIRFLOW_CTX_EXECUTION_DATE='2025-02-06T13:44:33.573035+00:00' AIRFLOW_CTX_TRY_NUMBER='1' AIRFLOW_CTX_DAG_RUN_ID='manual__2025-02-06T13:44:33.573035+00:00'
[2025-02-06T13:47:15.107+0000] {logging_mixin.py:190} INFO - Task instance is in running state
[2025-02-06T13:47:15.108+0000] {logging_mixin.py:190} INFO -  Previous state of the Task instance: queued
[2025-02-06T13:47:15.108+0000] {logging_mixin.py:190} INFO - Current task name:final_task state:running start_date:2025-02-06 13:47:14.969046+00:00
[2025-02-06T13:47:15.110+0000] {logging_mixin.py:190} INFO - Dag name:demo_1st_scenario and current dag run status:running
[2025-02-06T13:47:15.111+0000] {taskinstance.py:731} INFO - ::endgroup::
[2025-02-06T13:47:15.112+0000] {demo_1st_scenario.py:38} INFO - Completing workflow
[2025-02-06T13:47:15.112+0000] {python.py:240} INFO - Done. Returned value was: None
[2025-02-06T13:47:15.120+0000] {taskinstance.py:340} INFO - ::group::Post task execution logs
[2025-02-06T13:47:15.120+0000] {taskinstance.py:352} INFO - Marking task as SUCCESS. dag_id=demo_1st_scenario, task_id=final_task, run_id=manual__2025-02-06T13:44:33.573035+00:00, execution_date=20250206T134433, start_date=20250206T134714, end_date=20250206T134715
[2025-02-06T13:47:15.127+0000] {logging_mixin.py:190} INFO - Task instance in success state
[2025-02-06T13:47:15.128+0000] {logging_mixin.py:190} INFO -  Previous state of the Task instance: running
[2025-02-06T13:47:15.130+0000] {logging_mixin.py:190} INFO - Dag name:demo_1st_scenario queued_at:2025-02-06 13:44:33.610544+00:00
[2025-02-06T13:47:15.131+0000] {logging_mixin.py:190} INFO - Task hostname:***-worker-2 operator:PythonOperator
[2025-02-06T13:47:15.170+0000] {local_task_job_runner.py:266} INFO - Task exited with return code 0
[2025-02-06T13:47:15.186+0000] {taskinstance.py:3895} INFO - 0 downstream tasks scheduled from follow-on schedule check
[2025-02-06T13:47:15.190+0000] {local_task_job_runner.py:245} INFO - ::endgroup::
