[2025-02-05T13:52:42.525+0000] {local_task_job_runner.py:123} INFO - ::group::Pre task execution logs
[2025-02-05T13:52:42.541+0000] {taskinstance.py:2613} INFO - Dependencies all met for dep_context=non-requeueable deps ti=<TaskInstance: external_signal_workflow.resume_task manual__2025-02-05T13:45:45.725882+00:00 [queued]>
[2025-02-05T13:52:42.547+0000] {taskinstance.py:2613} INFO - Dependencies all met for dep_context=requeueable deps ti=<TaskInstance: external_signal_workflow.resume_task manual__2025-02-05T13:45:45.725882+00:00 [queued]>
[2025-02-05T13:52:42.547+0000] {taskinstance.py:2866} INFO - Starting attempt 1 of 2
[2025-02-05T13:52:42.674+0000] {taskinstance.py:2889} INFO - Executing <Task(PythonOperator): resume_task> on 2025-02-05 13:45:45.725882+00:00
[2025-02-05T13:52:42.687+0000] {standard_task_runner.py:104} INFO - Running: ['***', 'tasks', 'run', 'external_signal_workflow', 'resume_task', 'manual__2025-02-05T13:45:45.725882+00:00', '--job-id', '48', '--raw', '--subdir', 'DAGS_FOLDER/external_signal_workflow.py', '--cfg-path', '/tmp/tmpyvpj6vfx']
[2025-02-05T13:52:42.689+0000] {standard_task_runner.py:105} INFO - Job 48: Subtask resume_task
[2025-02-05T13:52:42.686+0000] {warnings.py:112} WARNING - /home/***/.local/lib/python3.12/site-packages/***/task/task_runner/standard_task_runner.py:70: DeprecationWarning: This process (pid=1516) is multi-threaded, use of fork() may lead to deadlocks in the child.
  pid = os.fork()

[2025-02-05T13:52:42.690+0000] {standard_task_runner.py:72} INFO - Started process 1517 to run task
[2025-02-05T13:52:42.745+0000] {task_command.py:467} INFO - Running <TaskInstance: external_signal_workflow.resume_task manual__2025-02-05T13:45:45.725882+00:00 [running]> on host ***-worker-2
[2025-02-05T13:52:42.867+0000] {taskinstance.py:3132} INFO - Exporting env vars: AIRFLOW_CTX_DAG_OWNER='***' AIRFLOW_CTX_DAG_ID='external_signal_workflow' AIRFLOW_CTX_TASK_ID='resume_task' AIRFLOW_CTX_EXECUTION_DATE='2025-02-05T13:45:45.725882+00:00' AIRFLOW_CTX_TRY_NUMBER='1' AIRFLOW_CTX_DAG_RUN_ID='manual__2025-02-05T13:45:45.725882+00:00'
[2025-02-05T13:52:42.869+0000] {logging_mixin.py:190} INFO - Task instance is in running state
[2025-02-05T13:52:42.870+0000] {logging_mixin.py:190} INFO -  Previous state of the Task instance: queued
[2025-02-05T13:52:42.870+0000] {logging_mixin.py:190} INFO - Current task name:resume_task state:running start_date:2025-02-05 13:52:42.541563+00:00
[2025-02-05T13:52:42.870+0000] {logging_mixin.py:190} INFO - Dag name:external_signal_workflow and current dag run status:running
[2025-02-05T13:52:42.871+0000] {taskinstance.py:731} INFO - ::endgroup::
[2025-02-05T13:52:42.872+0000] {external_signal_workflow.py:80} INFO - Resuming after external signal
[2025-02-05T13:52:42.872+0000] {python.py:240} INFO - Done. Returned value was: None
[2025-02-05T13:52:42.879+0000] {taskinstance.py:340} INFO - ::group::Post task execution logs
[2025-02-05T13:52:42.880+0000] {taskinstance.py:352} INFO - Marking task as SUCCESS. dag_id=external_signal_workflow, task_id=resume_task, run_id=manual__2025-02-05T13:45:45.725882+00:00, execution_date=20250205T134545, start_date=20250205T135242, end_date=20250205T135242
[2025-02-05T13:52:42.884+0000] {logging_mixin.py:190} INFO - Task instance in success state
[2025-02-05T13:52:42.886+0000] {logging_mixin.py:190} INFO -  Previous state of the Task instance: running
[2025-02-05T13:52:42.886+0000] {logging_mixin.py:190} INFO - Dag name:external_signal_workflow queued_at:2025-02-05 13:45:45.741810+00:00
[2025-02-05T13:52:42.886+0000] {logging_mixin.py:190} INFO - Task hostname:***-worker-2 operator:PythonOperator
[2025-02-05T13:52:42.912+0000] {local_task_job_runner.py:266} INFO - Task exited with return code 0
[2025-02-05T13:52:42.933+0000] {taskinstance.py:3895} INFO - 1 downstream tasks scheduled from follow-on schedule check
[2025-02-05T13:52:42.935+0000] {local_task_job_runner.py:245} INFO - ::endgroup::
