[2025-02-05T15:33:57.271+0000] {local_task_job_runner.py:123} INFO - ::group::Pre task execution logs
[2025-02-05T15:33:57.282+0000] {taskinstance.py:2613} INFO - Dependencies all met for dep_context=non-requeueable deps ti=<TaskInstance: external_signal_workflow.wait_for_signal manual__2025-02-05T15:32:50.929025+00:00 [queued]>
[2025-02-05T15:33:57.286+0000] {taskinstance.py:2613} INFO - Dependencies all met for dep_context=requeueable deps ti=<TaskInstance: external_signal_workflow.wait_for_signal manual__2025-02-05T15:32:50.929025+00:00 [queued]>
[2025-02-05T15:33:57.286+0000] {taskinstance.py:2866} INFO - Starting attempt 1 of 2
[2025-02-05T15:33:57.484+0000] {taskinstance.py:2889} INFO - Executing <Task(ExternalTaskSensor): wait_for_signal> on 2025-02-05 15:32:50.929025+00:00
[2025-02-05T15:33:57.492+0000] {warnings.py:112} WARNING - /home/***/.local/lib/python3.12/site-packages/***/task/task_runner/standard_task_runner.py:70: DeprecationWarning: This process (pid=3100) is multi-threaded, use of fork() may lead to deadlocks in the child.
  pid = os.fork()

[2025-02-05T15:33:57.493+0000] {standard_task_runner.py:72} INFO - Started process 3101 to run task
[2025-02-05T15:33:57.494+0000] {standard_task_runner.py:104} INFO - Running: ['***', 'tasks', 'run', 'external_signal_workflow', 'wait_for_signal', 'manual__2025-02-05T15:32:50.929025+00:00', '--job-id', '151', '--raw', '--subdir', 'DAGS_FOLDER/external_signal_workflow.py', '--cfg-path', '/tmp/tmpms6x27i2']
[2025-02-05T15:33:57.495+0000] {standard_task_runner.py:105} INFO - Job 151: Subtask wait_for_signal
[2025-02-05T15:33:57.540+0000] {task_command.py:467} INFO - Running <TaskInstance: external_signal_workflow.wait_for_signal manual__2025-02-05T15:32:50.929025+00:00 [running]> on host ***-worker-1
[2025-02-05T15:33:57.614+0000] {taskinstance.py:3132} INFO - Exporting env vars: AIRFLOW_CTX_DAG_OWNER='***' AIRFLOW_CTX_DAG_ID='external_signal_workflow' AIRFLOW_CTX_TASK_ID='wait_for_signal' AIRFLOW_CTX_EXECUTION_DATE='2025-02-05T15:32:50.929025+00:00' AIRFLOW_CTX_TRY_NUMBER='1' AIRFLOW_CTX_DAG_RUN_ID='manual__2025-02-05T15:32:50.929025+00:00'
[2025-02-05T15:33:57.617+0000] {logging_mixin.py:190} INFO - Task instance is in running state
[2025-02-05T15:33:57.617+0000] {logging_mixin.py:190} INFO -  Previous state of the Task instance: queued
[2025-02-05T15:33:57.618+0000] {logging_mixin.py:190} INFO - Current task name:wait_for_signal state:running start_date:2025-02-05 15:33:57.282383+00:00
[2025-02-05T15:33:57.618+0000] {logging_mixin.py:190} INFO - Dag name:external_signal_workflow and current dag run status:running
[2025-02-05T15:33:57.618+0000] {taskinstance.py:731} INFO - ::endgroup::
[2025-02-05T15:33:57.619+0000] {baseoperator.py:421} WARNING - ExternalTaskSensor.execute cannot be called outside TaskInstance!
[2025-02-05T15:33:57.641+0000] {external_task.py:258} INFO - Poking for tasks ['send_signal'] in dag signal_dag on 2025-02-05T15:32:51.929025+00:00 ... 
[2025-02-05T15:33:57.641+0000] {warnings.py:112} WARNING - /home/***/.local/lib/python3.12/site-packages/***/utils/session.py:97: DeprecationWarning: This method is deprecated and will be removed in future.
  return func(*args, session=session, **kwargs)

[2025-02-05T15:33:57.668+0000] {taskinstance.py:309} INFO - Rescheduling task, marking task as UP_FOR_RESCHEDULE
[2025-02-05T15:33:57.669+0000] {taskinstance.py:340} INFO - ::group::Post task execution logs
[2025-02-05T15:33:57.713+0000] {local_task_job_runner.py:266} INFO - Task exited with return code 0
[2025-02-05T15:33:57.731+0000] {taskinstance.py:3895} INFO - 0 downstream tasks scheduled from follow-on schedule check
[2025-02-05T15:33:57.733+0000] {local_task_job_runner.py:245} INFO - ::endgroup::
[2025-02-05T15:35:00.328+0000] {local_task_job_runner.py:123} INFO - ::group::Pre task execution logs
[2025-02-05T15:35:00.338+0000] {taskinstance.py:2613} INFO - Dependencies all met for dep_context=non-requeueable deps ti=<TaskInstance: external_signal_workflow.wait_for_signal manual__2025-02-05T15:32:50.929025+00:00 [queued]>
[2025-02-05T15:35:00.342+0000] {taskinstance.py:2613} INFO - Dependencies all met for dep_context=requeueable deps ti=<TaskInstance: external_signal_workflow.wait_for_signal manual__2025-02-05T15:32:50.929025+00:00 [queued]>
[2025-02-05T15:35:00.343+0000] {taskinstance.py:2866} INFO - Starting attempt 1 of 2
[2025-02-05T15:35:00.483+0000] {taskinstance.py:2889} INFO - Executing <Task(ExternalTaskSensor): wait_for_signal> on 2025-02-05 15:32:50.929025+00:00
[2025-02-05T15:35:00.489+0000] {warnings.py:112} WARNING - /home/***/.local/lib/python3.12/site-packages/***/task/task_runner/standard_task_runner.py:70: DeprecationWarning: This process (pid=3046) is multi-threaded, use of fork() may lead to deadlocks in the child.
  pid = os.fork()

[2025-02-05T15:35:00.491+0000] {standard_task_runner.py:72} INFO - Started process 3047 to run task
[2025-02-05T15:35:00.491+0000] {standard_task_runner.py:104} INFO - Running: ['***', 'tasks', 'run', 'external_signal_workflow', 'wait_for_signal', 'manual__2025-02-05T15:32:50.929025+00:00', '--job-id', '152', '--raw', '--subdir', 'DAGS_FOLDER/external_signal_workflow.py', '--cfg-path', '/tmp/tmp2vcl65rl']
[2025-02-05T15:35:00.492+0000] {standard_task_runner.py:105} INFO - Job 152: Subtask wait_for_signal
[2025-02-05T15:35:00.525+0000] {task_command.py:467} INFO - Running <TaskInstance: external_signal_workflow.wait_for_signal manual__2025-02-05T15:32:50.929025+00:00 [running]> on host ***-worker-2
[2025-02-05T15:35:00.586+0000] {taskinstance.py:3132} INFO - Exporting env vars: AIRFLOW_CTX_DAG_OWNER='***' AIRFLOW_CTX_DAG_ID='external_signal_workflow' AIRFLOW_CTX_TASK_ID='wait_for_signal' AIRFLOW_CTX_EXECUTION_DATE='2025-02-05T15:32:50.929025+00:00' AIRFLOW_CTX_TRY_NUMBER='1' AIRFLOW_CTX_DAG_RUN_ID='manual__2025-02-05T15:32:50.929025+00:00'
[2025-02-05T15:35:00.587+0000] {logging_mixin.py:190} INFO - Task instance is in running state
[2025-02-05T15:35:00.587+0000] {logging_mixin.py:190} INFO -  Previous state of the Task instance: queued
[2025-02-05T15:35:00.588+0000] {logging_mixin.py:190} INFO - Current task name:wait_for_signal state:running start_date:2025-02-05 15:35:00.338828+00:00
[2025-02-05T15:35:00.588+0000] {logging_mixin.py:190} INFO - Dag name:external_signal_workflow and current dag run status:running
[2025-02-05T15:35:00.588+0000] {taskinstance.py:731} INFO - ::endgroup::
[2025-02-05T15:35:00.589+0000] {baseoperator.py:421} WARNING - ExternalTaskSensor.execute cannot be called outside TaskInstance!
[2025-02-05T15:35:00.613+0000] {external_task.py:258} INFO - Poking for tasks ['send_signal'] in dag signal_dag on 2025-02-05T15:32:51.929025+00:00 ... 
[2025-02-05T15:35:00.615+0000] {warnings.py:112} WARNING - /home/***/.local/lib/python3.12/site-packages/***/utils/session.py:97: DeprecationWarning: This method is deprecated and will be removed in future.
  return func(*args, session=session, **kwargs)

[2025-02-05T15:35:00.641+0000] {taskinstance.py:309} INFO - Rescheduling task, marking task as UP_FOR_RESCHEDULE
[2025-02-05T15:35:00.641+0000] {taskinstance.py:340} INFO - ::group::Post task execution logs
[2025-02-05T15:35:00.665+0000] {local_task_job_runner.py:266} INFO - Task exited with return code 0
[2025-02-05T15:35:00.681+0000] {taskinstance.py:3895} INFO - 0 downstream tasks scheduled from follow-on schedule check
[2025-02-05T15:35:00.682+0000] {local_task_job_runner.py:245} INFO - ::endgroup::
[2025-02-05T15:36:02.542+0000] {local_task_job_runner.py:123} INFO - ::group::Pre task execution logs
[2025-02-05T15:36:02.554+0000] {taskinstance.py:2613} INFO - Dependencies all met for dep_context=non-requeueable deps ti=<TaskInstance: external_signal_workflow.wait_for_signal manual__2025-02-05T15:32:50.929025+00:00 [queued]>
[2025-02-05T15:36:02.560+0000] {taskinstance.py:2613} INFO - Dependencies all met for dep_context=requeueable deps ti=<TaskInstance: external_signal_workflow.wait_for_signal manual__2025-02-05T15:32:50.929025+00:00 [queued]>
[2025-02-05T15:36:02.561+0000] {taskinstance.py:2866} INFO - Starting attempt 1 of 2
[2025-02-05T15:36:02.662+0000] {taskinstance.py:2889} INFO - Executing <Task(ExternalTaskSensor): wait_for_signal> on 2025-02-05 15:32:50.929025+00:00
[2025-02-05T15:36:02.668+0000] {warnings.py:112} WARNING - /home/***/.local/lib/python3.12/site-packages/***/task/task_runner/standard_task_runner.py:70: DeprecationWarning: This process (pid=3063) is multi-threaded, use of fork() may lead to deadlocks in the child.
  pid = os.fork()

[2025-02-05T15:36:02.669+0000] {standard_task_runner.py:72} INFO - Started process 3064 to run task
[2025-02-05T15:36:02.670+0000] {standard_task_runner.py:104} INFO - Running: ['***', 'tasks', 'run', 'external_signal_workflow', 'wait_for_signal', 'manual__2025-02-05T15:32:50.929025+00:00', '--job-id', '153', '--raw', '--subdir', 'DAGS_FOLDER/external_signal_workflow.py', '--cfg-path', '/tmp/tmp42by6a0p']
[2025-02-05T15:36:02.671+0000] {standard_task_runner.py:105} INFO - Job 153: Subtask wait_for_signal
[2025-02-05T15:36:02.700+0000] {task_command.py:467} INFO - Running <TaskInstance: external_signal_workflow.wait_for_signal manual__2025-02-05T15:32:50.929025+00:00 [running]> on host ***-worker-2
[2025-02-05T15:36:02.745+0000] {taskinstance.py:3132} INFO - Exporting env vars: AIRFLOW_CTX_DAG_OWNER='***' AIRFLOW_CTX_DAG_ID='external_signal_workflow' AIRFLOW_CTX_TASK_ID='wait_for_signal' AIRFLOW_CTX_EXECUTION_DATE='2025-02-05T15:32:50.929025+00:00' AIRFLOW_CTX_TRY_NUMBER='1' AIRFLOW_CTX_DAG_RUN_ID='manual__2025-02-05T15:32:50.929025+00:00'
[2025-02-05T15:36:02.746+0000] {logging_mixin.py:190} INFO - Task instance is in running state
[2025-02-05T15:36:02.746+0000] {logging_mixin.py:190} INFO -  Previous state of the Task instance: queued
[2025-02-05T15:36:02.747+0000] {logging_mixin.py:190} INFO - Current task name:wait_for_signal state:running start_date:2025-02-05 15:36:02.554935+00:00
[2025-02-05T15:36:02.747+0000] {logging_mixin.py:190} INFO - Dag name:external_signal_workflow and current dag run status:running
[2025-02-05T15:36:02.747+0000] {taskinstance.py:731} INFO - ::endgroup::
[2025-02-05T15:36:02.748+0000] {baseoperator.py:421} WARNING - ExternalTaskSensor.execute cannot be called outside TaskInstance!
[2025-02-05T15:36:02.760+0000] {external_task.py:258} INFO - Poking for tasks ['send_signal'] in dag signal_dag on 2025-02-05T15:32:51.929025+00:00 ... 
[2025-02-05T15:36:02.761+0000] {warnings.py:112} WARNING - /home/***/.local/lib/python3.12/site-packages/***/utils/session.py:97: DeprecationWarning: This method is deprecated and will be removed in future.
  return func(*args, session=session, **kwargs)

[2025-02-05T15:36:02.782+0000] {taskinstance.py:309} INFO - Rescheduling task, marking task as UP_FOR_RESCHEDULE
[2025-02-05T15:36:02.782+0000] {taskinstance.py:340} INFO - ::group::Post task execution logs
[2025-02-05T15:36:02.805+0000] {local_task_job_runner.py:266} INFO - Task exited with return code 0
[2025-02-05T15:36:02.824+0000] {taskinstance.py:3895} INFO - 0 downstream tasks scheduled from follow-on schedule check
[2025-02-05T15:36:02.826+0000] {local_task_job_runner.py:245} INFO - ::endgroup::
[2025-02-05T15:37:04.333+0000] {local_task_job_runner.py:123} INFO - ::group::Pre task execution logs
[2025-02-05T15:37:04.343+0000] {taskinstance.py:2613} INFO - Dependencies all met for dep_context=non-requeueable deps ti=<TaskInstance: external_signal_workflow.wait_for_signal manual__2025-02-05T15:32:50.929025+00:00 [queued]>
[2025-02-05T15:37:04.349+0000] {taskinstance.py:2613} INFO - Dependencies all met for dep_context=requeueable deps ti=<TaskInstance: external_signal_workflow.wait_for_signal manual__2025-02-05T15:32:50.929025+00:00 [queued]>
[2025-02-05T15:37:04.350+0000] {taskinstance.py:2866} INFO - Starting attempt 1 of 2
[2025-02-05T15:37:04.487+0000] {taskinstance.py:2889} INFO - Executing <Task(ExternalTaskSensor): wait_for_signal> on 2025-02-05 15:32:50.929025+00:00
[2025-02-05T15:37:04.492+0000] {warnings.py:112} WARNING - /home/***/.local/lib/python3.12/site-packages/***/task/task_runner/standard_task_runner.py:70: DeprecationWarning: This process (pid=3138) is multi-threaded, use of fork() may lead to deadlocks in the child.
  pid = os.fork()

[2025-02-05T15:37:04.493+0000] {standard_task_runner.py:104} INFO - Running: ['***', 'tasks', 'run', 'external_signal_workflow', 'wait_for_signal', 'manual__2025-02-05T15:32:50.929025+00:00', '--job-id', '154', '--raw', '--subdir', 'DAGS_FOLDER/external_signal_workflow.py', '--cfg-path', '/tmp/tmp52qclwx9']
[2025-02-05T15:37:04.494+0000] {standard_task_runner.py:72} INFO - Started process 3139 to run task
[2025-02-05T15:37:04.495+0000] {standard_task_runner.py:105} INFO - Job 154: Subtask wait_for_signal
[2025-02-05T15:37:04.537+0000] {task_command.py:467} INFO - Running <TaskInstance: external_signal_workflow.wait_for_signal manual__2025-02-05T15:32:50.929025+00:00 [running]> on host ***-worker-1
[2025-02-05T15:37:04.734+0000] {taskinstance.py:3132} INFO - Exporting env vars: AIRFLOW_CTX_DAG_OWNER='***' AIRFLOW_CTX_DAG_ID='external_signal_workflow' AIRFLOW_CTX_TASK_ID='wait_for_signal' AIRFLOW_CTX_EXECUTION_DATE='2025-02-05T15:32:50.929025+00:00' AIRFLOW_CTX_TRY_NUMBER='1' AIRFLOW_CTX_DAG_RUN_ID='manual__2025-02-05T15:32:50.929025+00:00'
[2025-02-05T15:37:04.736+0000] {logging_mixin.py:190} INFO - Task instance is in running state
[2025-02-05T15:37:04.736+0000] {logging_mixin.py:190} INFO -  Previous state of the Task instance: queued
[2025-02-05T15:37:04.737+0000] {logging_mixin.py:190} INFO - Current task name:wait_for_signal state:running start_date:2025-02-05 15:37:04.344395+00:00
[2025-02-05T15:37:04.737+0000] {logging_mixin.py:190} INFO - Dag name:external_signal_workflow and current dag run status:running
[2025-02-05T15:37:04.737+0000] {taskinstance.py:731} INFO - ::endgroup::
[2025-02-05T15:37:04.738+0000] {baseoperator.py:421} WARNING - ExternalTaskSensor.execute cannot be called outside TaskInstance!
[2025-02-05T15:37:04.792+0000] {external_task.py:258} INFO - Poking for tasks ['send_signal'] in dag signal_dag on 2025-02-05T15:32:51.929025+00:00 ... 
[2025-02-05T15:37:04.793+0000] {warnings.py:112} WARNING - /home/***/.local/lib/python3.12/site-packages/***/utils/session.py:97: DeprecationWarning: This method is deprecated and will be removed in future.
  return func(*args, session=session, **kwargs)

[2025-02-05T15:37:04.835+0000] {taskinstance.py:309} INFO - Rescheduling task, marking task as UP_FOR_RESCHEDULE
[2025-02-05T15:37:04.836+0000] {taskinstance.py:340} INFO - ::group::Post task execution logs
[2025-02-05T15:37:04.878+0000] {local_task_job_runner.py:266} INFO - Task exited with return code 0
[2025-02-05T15:37:04.902+0000] {taskinstance.py:3895} INFO - 0 downstream tasks scheduled from follow-on schedule check
[2025-02-05T15:37:04.904+0000] {local_task_job_runner.py:245} INFO - ::endgroup::
[2025-02-05T15:38:07.645+0000] {local_task_job_runner.py:123} INFO - ::group::Pre task execution logs
[2025-02-05T15:38:07.653+0000] {taskinstance.py:2613} INFO - Dependencies all met for dep_context=non-requeueable deps ti=<TaskInstance: external_signal_workflow.wait_for_signal manual__2025-02-05T15:32:50.929025+00:00 [queued]>
[2025-02-05T15:38:07.657+0000] {taskinstance.py:2613} INFO - Dependencies all met for dep_context=requeueable deps ti=<TaskInstance: external_signal_workflow.wait_for_signal manual__2025-02-05T15:32:50.929025+00:00 [queued]>
[2025-02-05T15:38:07.657+0000] {taskinstance.py:2866} INFO - Starting attempt 1 of 2
[2025-02-05T15:38:07.783+0000] {taskinstance.py:2889} INFO - Executing <Task(ExternalTaskSensor): wait_for_signal> on 2025-02-05 15:32:50.929025+00:00
[2025-02-05T15:38:07.791+0000] {warnings.py:112} WARNING - /home/***/.local/lib/python3.12/site-packages/***/task/task_runner/standard_task_runner.py:70: DeprecationWarning: This process (pid=3094) is multi-threaded, use of fork() may lead to deadlocks in the child.
  pid = os.fork()

[2025-02-05T15:38:07.792+0000] {standard_task_runner.py:72} INFO - Started process 3095 to run task
[2025-02-05T15:38:07.792+0000] {standard_task_runner.py:104} INFO - Running: ['***', 'tasks', 'run', 'external_signal_workflow', 'wait_for_signal', 'manual__2025-02-05T15:32:50.929025+00:00', '--job-id', '156', '--raw', '--subdir', 'DAGS_FOLDER/external_signal_workflow.py', '--cfg-path', '/tmp/tmpt6mvzgbk']
[2025-02-05T15:38:07.794+0000] {standard_task_runner.py:105} INFO - Job 156: Subtask wait_for_signal
[2025-02-05T15:38:07.832+0000] {task_command.py:467} INFO - Running <TaskInstance: external_signal_workflow.wait_for_signal manual__2025-02-05T15:32:50.929025+00:00 [running]> on host ***-worker-2
[2025-02-05T15:38:07.877+0000] {taskinstance.py:3132} INFO - Exporting env vars: AIRFLOW_CTX_DAG_OWNER='***' AIRFLOW_CTX_DAG_ID='external_signal_workflow' AIRFLOW_CTX_TASK_ID='wait_for_signal' AIRFLOW_CTX_EXECUTION_DATE='2025-02-05T15:32:50.929025+00:00' AIRFLOW_CTX_TRY_NUMBER='1' AIRFLOW_CTX_DAG_RUN_ID='manual__2025-02-05T15:32:50.929025+00:00'
[2025-02-05T15:38:07.878+0000] {logging_mixin.py:190} INFO - Task instance is in running state
[2025-02-05T15:38:07.878+0000] {logging_mixin.py:190} INFO -  Previous state of the Task instance: queued
[2025-02-05T15:38:07.878+0000] {logging_mixin.py:190} INFO - Current task name:wait_for_signal state:running start_date:2025-02-05 15:38:07.653897+00:00
[2025-02-05T15:38:07.879+0000] {logging_mixin.py:190} INFO - Dag name:external_signal_workflow and current dag run status:running
[2025-02-05T15:38:07.879+0000] {taskinstance.py:731} INFO - ::endgroup::
[2025-02-05T15:38:07.879+0000] {baseoperator.py:421} WARNING - ExternalTaskSensor.execute cannot be called outside TaskInstance!
[2025-02-05T15:38:07.890+0000] {external_task.py:258} INFO - Poking for tasks ['send_signal'] in dag signal_dag on 2025-02-05T15:37:03.119538+00:00 ... 
[2025-02-05T15:38:07.891+0000] {warnings.py:112} WARNING - /home/***/.local/lib/python3.12/site-packages/***/utils/session.py:97: DeprecationWarning: This method is deprecated and will be removed in future.
  return func(*args, session=session, **kwargs)

[2025-02-05T15:38:07.897+0000] {base.py:336} INFO - Success criteria met. Exiting.
[2025-02-05T15:38:07.903+0000] {taskinstance.py:340} INFO - ::group::Post task execution logs
[2025-02-05T15:38:07.903+0000] {taskinstance.py:352} INFO - Marking task as SUCCESS. dag_id=external_signal_workflow, task_id=wait_for_signal, run_id=manual__2025-02-05T15:32:50.929025+00:00, execution_date=20250205T153250, start_date=20250205T153807, end_date=20250205T153807
[2025-02-05T15:38:07.908+0000] {logging_mixin.py:190} INFO - Task instance in success state
[2025-02-05T15:38:07.908+0000] {logging_mixin.py:190} INFO -  Previous state of the Task instance: running
[2025-02-05T15:38:07.908+0000] {logging_mixin.py:190} INFO - Dag name:external_signal_workflow queued_at:2025-02-05 15:32:50.959370+00:00
[2025-02-05T15:38:07.909+0000] {logging_mixin.py:190} INFO - Task hostname:***-worker-2 operator:ExternalTaskSensor
[2025-02-05T15:38:07.928+0000] {local_task_job_runner.py:266} INFO - Task exited with return code 0
[2025-02-05T15:38:07.946+0000] {taskinstance.py:3895} INFO - 1 downstream tasks scheduled from follow-on schedule check
[2025-02-05T15:38:07.947+0000] {local_task_job_runner.py:245} INFO - ::endgroup::
