[2025-02-05T15:02:45.442+0000] {local_task_job_runner.py:123} INFO - ::group::Pre task execution logs
[2025-02-05T15:02:45.458+0000] {taskinstance.py:2613} INFO - Dependencies all met for dep_context=non-requeueable deps ti=<TaskInstance: external_signal_workflow.wait_for_signal manual__2025-02-05T15:02:21.236832+00:00 [queued]>
[2025-02-05T15:02:45.464+0000] {taskinstance.py:2613} INFO - Dependencies all met for dep_context=requeueable deps ti=<TaskInstance: external_signal_workflow.wait_for_signal manual__2025-02-05T15:02:21.236832+00:00 [queued]>
[2025-02-05T15:02:45.465+0000] {taskinstance.py:2866} INFO - Starting attempt 1 of 2
[2025-02-05T15:02:45.601+0000] {taskinstance.py:2889} INFO - Executing <Task(ExternalTaskSensor): wait_for_signal> on 2025-02-05 15:02:21.236832+00:00
[2025-02-05T15:02:45.609+0000] {warnings.py:112} WARNING - /home/***/.local/lib/python3.12/site-packages/***/task/task_runner/standard_task_runner.py:70: DeprecationWarning: This process (pid=2579) is multi-threaded, use of fork() may lead to deadlocks in the child.
  pid = os.fork()

[2025-02-05T15:02:45.610+0000] {standard_task_runner.py:72} INFO - Started process 2580 to run task
[2025-02-05T15:02:45.611+0000] {standard_task_runner.py:104} INFO - Running: ['***', 'tasks', 'run', 'external_signal_workflow', 'wait_for_signal', 'manual__2025-02-05T15:02:21.236832+00:00', '--job-id', '120', '--raw', '--subdir', 'DAGS_FOLDER/external_signal_workflow.py', '--cfg-path', '/tmp/tmp1jldumu0']
[2025-02-05T15:02:45.612+0000] {standard_task_runner.py:105} INFO - Job 120: Subtask wait_for_signal
[2025-02-05T15:02:45.645+0000] {task_command.py:467} INFO - Running <TaskInstance: external_signal_workflow.wait_for_signal manual__2025-02-05T15:02:21.236832+00:00 [running]> on host ***-worker-2
[2025-02-05T15:02:45.702+0000] {taskinstance.py:3132} INFO - Exporting env vars: AIRFLOW_CTX_DAG_OWNER='***' AIRFLOW_CTX_DAG_ID='external_signal_workflow' AIRFLOW_CTX_TASK_ID='wait_for_signal' AIRFLOW_CTX_EXECUTION_DATE='2025-02-05T15:02:21.236832+00:00' AIRFLOW_CTX_TRY_NUMBER='1' AIRFLOW_CTX_DAG_RUN_ID='manual__2025-02-05T15:02:21.236832+00:00'
[2025-02-05T15:02:45.705+0000] {logging_mixin.py:190} INFO - Task instance is in running state
[2025-02-05T15:02:45.705+0000] {logging_mixin.py:190} INFO -  Previous state of the Task instance: queued
[2025-02-05T15:02:45.705+0000] {logging_mixin.py:190} INFO - Current task name:wait_for_signal state:running start_date:2025-02-05 15:02:45.458826+00:00
[2025-02-05T15:02:45.705+0000] {logging_mixin.py:190} INFO - Dag name:external_signal_workflow and current dag run status:running
[2025-02-05T15:02:45.706+0000] {taskinstance.py:731} INFO - ::endgroup::
[2025-02-05T15:02:45.706+0000] {baseoperator.py:421} WARNING - ExternalTaskSensor.execute cannot be called outside TaskInstance!
[2025-02-05T15:02:45.708+0000] {external_task.py:258} INFO - Poking for tasks ['send_signal'] in dag signal_dag on 2025-02-05T15:02:22.236832+00:00 ... 
[2025-02-05T15:02:45.711+0000] {warnings.py:112} WARNING - /home/***/.local/lib/python3.12/site-packages/***/utils/session.py:97: DeprecationWarning: This method is deprecated and will be removed in future.
  return func(*args, session=session, **kwargs)

[2025-02-05T15:03:45.725+0000] {external_task.py:258} INFO - Poking for tasks ['send_signal'] in dag signal_dag on 2025-02-05T15:02:22.236832+00:00 ... 
[2025-02-05T15:04:45.756+0000] {external_task.py:258} INFO - Poking for tasks ['send_signal'] in dag signal_dag on 2025-02-05T15:02:22.236832+00:00 ... 
[2025-02-05T15:05:45.792+0000] {external_task.py:258} INFO - Poking for tasks ['send_signal'] in dag signal_dag on 2025-02-05T15:02:22.236832+00:00 ... 
[2025-02-05T15:06:45.824+0000] {external_task.py:258} INFO - Poking for tasks ['send_signal'] in dag signal_dag on 2025-02-05T15:02:22.236832+00:00 ... 
[2025-02-05T15:07:45.848+0000] {external_task.py:258} INFO - Poking for tasks ['send_signal'] in dag signal_dag on 2025-02-05T15:02:22.236832+00:00 ... 
[2025-02-05T15:08:45.875+0000] {external_task.py:258} INFO - Poking for tasks ['send_signal'] in dag signal_dag on 2025-02-05T15:02:22.236832+00:00 ... 
[2025-02-05T15:09:45.906+0000] {external_task.py:258} INFO - Poking for tasks ['send_signal'] in dag signal_dag on 2025-02-05T15:02:22.236832+00:00 ... 
[2025-02-05T15:09:50.349+0000] {local_task_job_runner.py:346} WARNING - State of this instance has been externally set to failed. Terminating instance.
[2025-02-05T15:09:50.362+0000] {local_task_job_runner.py:245} INFO - ::endgroup::
[2025-02-05T15:09:50.365+0000] {process_utils.py:132} INFO - Sending 15 to group 2580. PIDs of all processes in the group: [2580]
[2025-02-05T15:09:50.365+0000] {process_utils.py:87} INFO - Sending the signal 15 to group 2580
[2025-02-05T15:09:50.368+0000] {taskinstance.py:3093} ERROR - Received SIGTERM. Terminating subprocesses.
[2025-02-05T15:09:50.416+0000] {taskinstance.py:340} INFO - ::group::Post task execution logs
[2025-02-05T15:09:50.459+0000] {process_utils.py:80} INFO - Process psutil.Process(pid=2580, status='terminated', exitcode=0, started='15:02:44') (2580) terminated with exit code 0
