[2025-02-07T14:57:48.192+0000] {local_task_job_runner.py:123} INFO - ::group::Pre task execution logs
[2025-02-07T14:57:48.203+0000] {taskinstance.py:2613} INFO - Dependencies all met for dep_context=non-requeueable deps ti=<TaskInstance: cluster_deployment_versioned.finish_download manual__2025-02-07T14:56:58.779135+00:00 [queued]>
[2025-02-07T14:57:48.211+0000] {taskinstance.py:2613} INFO - Dependencies all met for dep_context=requeueable deps ti=<TaskInstance: cluster_deployment_versioned.finish_download manual__2025-02-07T14:56:58.779135+00:00 [queued]>
[2025-02-07T14:57:48.211+0000] {taskinstance.py:2866} INFO - Starting attempt 1 of 2
[2025-02-07T14:57:48.220+0000] {taskinstance.py:2889} INFO - Executing <Task(PythonOperator): finish_download> on 2025-02-07 14:56:58.779135+00:00
[2025-02-07T14:57:48.230+0000] {warnings.py:112} WARNING - /home/***/.local/lib/python3.12/site-packages/***/task/task_runner/standard_task_runner.py:70: DeprecationWarning: This process (pid=904) is multi-threaded, use of fork() may lead to deadlocks in the child.
  pid = os.fork()

[2025-02-07T14:57:48.231+0000] {standard_task_runner.py:72} INFO - Started process 905 to run task
[2025-02-07T14:57:48.233+0000] {standard_task_runner.py:104} INFO - Running: ['***', 'tasks', 'run', 'cluster_deployment_versioned', 'finish_download', 'manual__2025-02-07T14:56:58.779135+00:00', '--job-id', '275', '--raw', '--subdir', 'DAGS_FOLDER/cluster_deployment_versioned.py', '--cfg-path', '/tmp/tmpg3ohu_7s']
[2025-02-07T14:57:48.234+0000] {standard_task_runner.py:105} INFO - Job 275: Subtask finish_download
[2025-02-07T14:57:48.281+0000] {task_command.py:467} INFO - Running <TaskInstance: cluster_deployment_versioned.finish_download manual__2025-02-07T14:56:58.779135+00:00 [running]> on host 35f5723d0861
[2025-02-07T14:57:48.327+0000] {taskinstance.py:3132} INFO - Exporting env vars: AIRFLOW_CTX_DAG_OWNER='***' AIRFLOW_CTX_DAG_ID='cluster_deployment_versioned' AIRFLOW_CTX_TASK_ID='finish_download' AIRFLOW_CTX_EXECUTION_DATE='2025-02-07T14:56:58.779135+00:00' AIRFLOW_CTX_TRY_NUMBER='1' AIRFLOW_CTX_DAG_RUN_ID='manual__2025-02-07T14:56:58.779135+00:00'
[2025-02-07T14:57:48.328+0000] {logging_mixin.py:190} INFO - Task instance is in running state
[2025-02-07T14:57:48.329+0000] {logging_mixin.py:190} INFO -  Previous state of the Task instance: queued
[2025-02-07T14:57:48.329+0000] {logging_mixin.py:190} INFO - Current task name:finish_download state:running start_date:2025-02-07 14:57:48.204244+00:00
[2025-02-07T14:57:48.329+0000] {logging_mixin.py:190} INFO - Dag name:cluster_deployment_versioned and current dag run status:running
[2025-02-07T14:57:48.329+0000] {taskinstance.py:731} INFO - ::endgroup::
[2025-02-07T14:57:48.330+0000] {logging_mixin.py:190} INFO - Finishing download...
[2025-02-07T14:57:51.335+0000] {logging_mixin.py:190} INFO - Download completed successfully...
[2025-02-07T14:57:51.339+0000] {python.py:240} INFO - Done. Returned value was: None
[2025-02-07T14:57:51.380+0000] {taskinstance.py:340} INFO - ::group::Post task execution logs
[2025-02-07T14:57:51.381+0000] {taskinstance.py:352} INFO - Marking task as SUCCESS. dag_id=cluster_deployment_versioned, task_id=finish_download, run_id=manual__2025-02-07T14:56:58.779135+00:00, execution_date=20250207T145658, start_date=20250207T145748, end_date=20250207T145751
[2025-02-07T14:57:51.396+0000] {logging_mixin.py:190} INFO - Task instance in success state
[2025-02-07T14:57:51.397+0000] {logging_mixin.py:190} INFO -  Previous state of the Task instance: running
[2025-02-07T14:57:51.397+0000] {logging_mixin.py:190} INFO - Dag name:cluster_deployment_versioned queued_at:2025-02-07 14:56:58.791553+00:00
[2025-02-07T14:57:51.397+0000] {logging_mixin.py:190} INFO - Task hostname:35f5723d0861 operator:PythonOperator
[2025-02-07T14:57:51.460+0000] {local_task_job_runner.py:266} INFO - Task exited with return code 0
[2025-02-07T14:57:51.501+0000] {taskinstance.py:3895} INFO - 0 downstream tasks scheduled from follow-on schedule check
[2025-02-07T14:57:51.503+0000] {local_task_job_runner.py:245} INFO - ::endgroup::
