[2025-02-06T13:28:38.682+0000] {local_task_job_runner.py:123} INFO - ::group::Pre task execution logs
[2025-02-06T13:28:38.692+0000] {taskinstance.py:2613} INFO - Dependencies all met for dep_context=non-requeueable deps ti=<TaskInstance: demo_2nd_scenario.new_task manual__2025-02-06T13:28:34.565462+00:00 [queued]>
[2025-02-06T13:28:38.697+0000] {taskinstance.py:2613} INFO - Dependencies all met for dep_context=requeueable deps ti=<TaskInstance: demo_2nd_scenario.new_task manual__2025-02-06T13:28:34.565462+00:00 [queued]>
[2025-02-06T13:28:38.698+0000] {taskinstance.py:2866} INFO - Starting attempt 1 of 2
[2025-02-06T13:28:38.706+0000] {taskinstance.py:2889} INFO - Executing <Task(PythonOperator): new_task> on 2025-02-06 13:28:34.565462+00:00
[2025-02-06T13:28:38.716+0000] {warnings.py:112} WARNING - /home/***/.local/lib/python3.12/site-packages/***/task/task_runner/standard_task_runner.py:70: DeprecationWarning: This process (pid=2754) is multi-threaded, use of fork() may lead to deadlocks in the child.
  pid = os.fork()

[2025-02-06T13:28:38.718+0000] {standard_task_runner.py:72} INFO - Started process 2755 to run task
[2025-02-06T13:28:38.718+0000] {standard_task_runner.py:104} INFO - Running: ['***', 'tasks', 'run', 'demo_2nd_scenario', 'new_task', 'manual__2025-02-06T13:28:34.565462+00:00', '--job-id', '34', '--raw', '--subdir', 'DAGS_FOLDER/demo_2nd_scenario.py', '--cfg-path', '/tmp/tmp3sdx0ve_']
[2025-02-06T13:28:38.720+0000] {standard_task_runner.py:105} INFO - Job 34: Subtask new_task
[2025-02-06T13:28:38.879+0000] {task_command.py:467} INFO - Running <TaskInstance: demo_2nd_scenario.new_task manual__2025-02-06T13:28:34.565462+00:00 [running]> on host ***-worker-2
[2025-02-06T13:28:38.990+0000] {taskinstance.py:3132} INFO - Exporting env vars: AIRFLOW_CTX_DAG_OWNER='***' AIRFLOW_CTX_DAG_ID='demo_2nd_scenario' AIRFLOW_CTX_TASK_ID='new_task' AIRFLOW_CTX_EXECUTION_DATE='2025-02-06T13:28:34.565462+00:00' AIRFLOW_CTX_TRY_NUMBER='1' AIRFLOW_CTX_DAG_RUN_ID='manual__2025-02-06T13:28:34.565462+00:00'
[2025-02-06T13:28:38.991+0000] {logging_mixin.py:190} INFO - Task instance is in running state
[2025-02-06T13:28:38.991+0000] {logging_mixin.py:190} INFO -  Previous state of the Task instance: queued
[2025-02-06T13:28:38.992+0000] {logging_mixin.py:190} INFO - Current task name:new_task state:running start_date:2025-02-06 13:28:38.693405+00:00
[2025-02-06T13:28:38.992+0000] {logging_mixin.py:190} INFO - Dag name:demo_2nd_scenario and current dag run status:running
[2025-02-06T13:28:38.992+0000] {taskinstance.py:731} INFO - ::endgroup::
[2025-02-06T13:28:38.992+0000] {logging_mixin.py:190} INFO - This task was added in a newer version...
[2025-02-06T13:28:38.993+0000] {logging_mixin.py:190} INFO - Task from newer version ran successfully...
[2025-02-06T13:28:38.993+0000] {python.py:240} INFO - Done. Returned value was: None
[2025-02-06T13:28:39.010+0000] {taskinstance.py:340} INFO - ::group::Post task execution logs
[2025-02-06T13:28:39.011+0000] {taskinstance.py:352} INFO - Marking task as SUCCESS. dag_id=demo_2nd_scenario, task_id=new_task, run_id=manual__2025-02-06T13:28:34.565462+00:00, execution_date=20250206T132834, start_date=20250206T132838, end_date=20250206T132839
[2025-02-06T13:28:39.023+0000] {logging_mixin.py:190} INFO - Task instance in success state
[2025-02-06T13:28:39.023+0000] {logging_mixin.py:190} INFO -  Previous state of the Task instance: running
[2025-02-06T13:28:39.023+0000] {logging_mixin.py:190} INFO - Dag name:demo_2nd_scenario queued_at:2025-02-06 13:28:34.593291+00:00
[2025-02-06T13:28:39.024+0000] {logging_mixin.py:190} INFO - Task hostname:***-worker-2 operator:PythonOperator
[2025-02-06T13:28:39.058+0000] {local_task_job_runner.py:266} INFO - Task exited with return code 0
[2025-02-06T13:28:39.077+0000] {taskinstance.py:3895} INFO - 0 downstream tasks scheduled from follow-on schedule check
[2025-02-06T13:28:39.079+0000] {local_task_job_runner.py:245} INFO - ::endgroup::
