[2025-02-10T09:20:26.321+0000] {local_task_job_runner.py:123} INFO - ::group::Pre task execution logs
[2025-02-10T09:20:26.330+0000] {taskinstance.py:2613} INFO - Dependencies all met for dep_context=non-requeueable deps ti=<TaskInstance: cluster_deployment.pre_deployment_checks manual__2025-02-10T09:20:23.318304+00:00 [queued]>
[2025-02-10T09:20:26.336+0000] {taskinstance.py:2613} INFO - Dependencies all met for dep_context=requeueable deps ti=<TaskInstance: cluster_deployment.pre_deployment_checks manual__2025-02-10T09:20:23.318304+00:00 [queued]>
[2025-02-10T09:20:26.337+0000] {taskinstance.py:2866} INFO - Starting attempt 1 of 2
[2025-02-10T09:20:26.344+0000] {taskinstance.py:2889} INFO - Executing <Task(PythonVirtualenvOperator): pre_deployment_checks> on 2025-02-10 09:20:23.318304+00:00
[2025-02-10T09:20:26.353+0000] {warnings.py:112} WARNING - /home/***/.local/lib/python3.12/site-packages/***/task/task_runner/standard_task_runner.py:70: DeprecationWarning: This process (pid=14633) is multi-threaded, use of fork() may lead to deadlocks in the child.
  pid = os.fork()

[2025-02-10T09:20:26.354+0000] {standard_task_runner.py:72} INFO - Started process 14634 to run task
[2025-02-10T09:20:26.355+0000] {standard_task_runner.py:104} INFO - Running: ['***', 'tasks', 'run', 'cluster_deployment', 'pre_deployment_checks', 'manual__2025-02-10T09:20:23.318304+00:00', '--job-id', '504', '--raw', '--subdir', 'DAGS_FOLDER/cluster_deployment.py', '--cfg-path', '/tmp/tmpn_nj0e_h']
[2025-02-10T09:20:26.356+0000] {standard_task_runner.py:105} INFO - Job 504: Subtask pre_deployment_checks
[2025-02-10T09:20:26.400+0000] {task_command.py:467} INFO - Running <TaskInstance: cluster_deployment.pre_deployment_checks manual__2025-02-10T09:20:23.318304+00:00 [running]> on host 35f5723d0861
[2025-02-10T09:20:26.447+0000] {taskinstance.py:3132} INFO - Exporting env vars: AIRFLOW_CTX_DAG_OWNER='***' AIRFLOW_CTX_DAG_ID='cluster_deployment' AIRFLOW_CTX_TASK_ID='pre_deployment_checks' AIRFLOW_CTX_EXECUTION_DATE='2025-02-10T09:20:23.318304+00:00' AIRFLOW_CTX_TRY_NUMBER='1' AIRFLOW_CTX_DAG_RUN_ID='manual__2025-02-10T09:20:23.318304+00:00'
[2025-02-10T09:20:26.448+0000] {logging_mixin.py:190} INFO - Task instance is in running state
[2025-02-10T09:20:26.448+0000] {logging_mixin.py:190} INFO -  Previous state of the Task instance: queued
[2025-02-10T09:20:26.448+0000] {logging_mixin.py:190} INFO - Current task name:pre_deployment_checks state:running start_date:2025-02-10 09:20:26.331149+00:00
[2025-02-10T09:20:26.449+0000] {logging_mixin.py:190} INFO - Dag name:cluster_deployment and current dag run status:running
[2025-02-10T09:20:26.449+0000] {taskinstance.py:731} INFO - ::endgroup::
[2025-02-10T09:20:26.450+0000] {baseoperator.py:421} WARNING - PythonVirtualenvOperator.execute cannot be called outside TaskInstance!
[2025-02-10T09:20:26.452+0000] {process_utils.py:186} INFO - Executing cmd: /home/***/.local/bin/python -m virtualenv /tmp/venvdxot8m08 --system-site-packages --python=python
[2025-02-10T09:20:26.453+0000] {process_utils.py:190} INFO - Output:
[2025-02-10T09:20:27.165+0000] {process_utils.py:194} INFO - created virtual environment CPython3.12.8.final.0-64 in 285ms
[2025-02-10T09:20:27.166+0000] {process_utils.py:194} INFO -   creator CPython3Posix(dest=/tmp/venvdxot8m08, clear=False, no_vcs_ignore=False, global=True)
[2025-02-10T09:20:27.167+0000] {process_utils.py:194} INFO -   seeder FromAppData(download=False, pip=bundle, via=copy, app_data_dir=/home/***/.local/share/virtualenv)
[2025-02-10T09:20:27.167+0000] {process_utils.py:194} INFO -     added seed packages: pip==24.3.1
[2025-02-10T09:20:27.168+0000] {process_utils.py:194} INFO -   activators BashActivator,CShellActivator,FishActivator,NushellActivator,PowerShellActivator,PythonActivator
[2025-02-10T09:20:27.191+0000] {process_utils.py:186} INFO - Executing cmd: /tmp/venvdxot8m08/bin/pip install -r /tmp/venvdxot8m08/requirements.txt
[2025-02-10T09:20:27.193+0000] {process_utils.py:190} INFO - Output:
[2025-02-10T09:20:28.231+0000] {process_utils.py:194} INFO - Requirement already satisfied: pandas==2.1.4 in /home/***/.local/lib/python3.12/site-packages (from -r /tmp/venvdxot8m08/requirements.txt (line 1)) (2.1.4)
[2025-02-10T09:20:28.236+0000] {process_utils.py:194} INFO - Requirement already satisfied: numpy<2,>=1.26.0 in /home/***/.local/lib/python3.12/site-packages (from pandas==2.1.4->-r /tmp/venvdxot8m08/requirements.txt (line 1)) (1.26.4)
[2025-02-10T09:20:28.237+0000] {process_utils.py:194} INFO - Requirement already satisfied: python-dateutil>=2.8.2 in /home/***/.local/lib/python3.12/site-packages (from pandas==2.1.4->-r /tmp/venvdxot8m08/requirements.txt (line 1)) (2.9.0.post0)
[2025-02-10T09:20:28.237+0000] {process_utils.py:194} INFO - Requirement already satisfied: pytz>=2020.1 in /home/***/.local/lib/python3.12/site-packages (from pandas==2.1.4->-r /tmp/venvdxot8m08/requirements.txt (line 1)) (2024.2)
[2025-02-10T09:20:28.237+0000] {process_utils.py:194} INFO - Requirement already satisfied: tzdata>=2022.1 in /home/***/.local/lib/python3.12/site-packages (from pandas==2.1.4->-r /tmp/venvdxot8m08/requirements.txt (line 1)) (2024.2)
[2025-02-10T09:20:28.241+0000] {process_utils.py:194} INFO - Requirement already satisfied: six>=1.5 in /home/***/.local/lib/python3.12/site-packages (from python-dateutil>=2.8.2->pandas==2.1.4->-r /tmp/venvdxot8m08/requirements.txt (line 1)) (1.17.0)
[2025-02-10T09:20:28.632+0000] {process_utils.py:194} INFO - 
[2025-02-10T09:20:28.632+0000] {process_utils.py:194} INFO - [notice] A new release of pip is available: 24.3.1 -> 25.0.1
[2025-02-10T09:20:28.633+0000] {process_utils.py:194} INFO - [notice] To update, run: python -m pip install --upgrade pip
[2025-02-10T09:20:28.693+0000] {process_utils.py:186} INFO - Executing cmd: /tmp/venvdxot8m08/bin/python /tmp/venv-calld18z9dw9/script.py /tmp/venv-calld18z9dw9/script.in /tmp/venv-calld18z9dw9/script.out /tmp/venv-calld18z9dw9/string_args.txt /tmp/venv-calld18z9dw9/termination.log
[2025-02-10T09:20:28.694+0000] {process_utils.py:190} INFO - Output:
[2025-02-10T09:20:31.905+0000] {process_utils.py:194} INFO - [2025-02-10T09:20:31.903+0000] {script.py:23} INFO - Starting pre-deployment checks...
[2025-02-10T09:20:31.909+0000] {process_utils.py:194} INFO - [2025-02-10T09:20:31.906+0000] {script.py:38} INFO - Pre-deployment checks completed
[2025-02-10T09:20:32.348+0000] {python.py:240} INFO - Done. Returned value was: {'services_status': {'running': 4}, 'deployment_ready': True, 'timestamp': '2025-02-10T09:20:31.906055'}
[2025-02-10T09:20:32.378+0000] {taskinstance.py:340} INFO - ::group::Post task execution logs
[2025-02-10T09:20:32.379+0000] {taskinstance.py:352} INFO - Marking task as SUCCESS. dag_id=cluster_deployment, task_id=pre_deployment_checks, run_id=manual__2025-02-10T09:20:23.318304+00:00, execution_date=20250210T092023, start_date=20250210T092026, end_date=20250210T092032
[2025-02-10T09:20:32.387+0000] {logging_mixin.py:190} INFO - Task instance in success state
[2025-02-10T09:20:32.387+0000] {logging_mixin.py:190} INFO -  Previous state of the Task instance: running
[2025-02-10T09:20:32.387+0000] {logging_mixin.py:190} INFO - Dag name:cluster_deployment queued_at:2025-02-10 09:20:23.365531+00:00
[2025-02-10T09:20:32.388+0000] {logging_mixin.py:190} INFO - Task hostname:35f5723d0861 operator:PythonVirtualenvOperator
[2025-02-10T09:20:32.438+0000] {local_task_job_runner.py:266} INFO - Task exited with return code 0
[2025-02-10T09:20:32.477+0000] {taskinstance.py:3895} INFO - 1 downstream tasks scheduled from follow-on schedule check
[2025-02-10T09:20:32.479+0000] {local_task_job_runner.py:245} INFO - ::endgroup::
