[2025-02-05T13:52:45.028+0000] {local_task_job_runner.py:123} INFO - ::group::Pre task execution logs
[2025-02-05T13:52:45.037+0000] {taskinstance.py:2613} INFO - Dependencies all met for dep_context=non-requeueable deps ti=<TaskInstance: external_signal_workflow.final_task manual__2025-02-05T13:45:45.725882+00:00 [queued]>
[2025-02-05T13:52:45.041+0000] {taskinstance.py:2613} INFO - Dependencies all met for dep_context=requeueable deps ti=<TaskInstance: external_signal_workflow.final_task manual__2025-02-05T13:45:45.725882+00:00 [queued]>
[2025-02-05T13:52:45.041+0000] {taskinstance.py:2866} INFO - Starting attempt 1 of 2
[2025-02-05T13:52:45.048+0000] {taskinstance.py:2889} INFO - Executing <Task(PythonOperator): final_task> on 2025-02-05 13:45:45.725882+00:00
[2025-02-05T13:52:45.054+0000] {warnings.py:112} WARNING - /home/***/.local/lib/python3.12/site-packages/***/task/task_runner/standard_task_runner.py:70: DeprecationWarning: This process (pid=1519) is multi-threaded, use of fork() may lead to deadlocks in the child.
  pid = os.fork()

[2025-02-05T13:52:45.055+0000] {standard_task_runner.py:72} INFO - Started process 1520 to run task
[2025-02-05T13:52:45.058+0000] {standard_task_runner.py:104} INFO - Running: ['***', 'tasks', 'run', 'external_signal_workflow', 'final_task', 'manual__2025-02-05T13:45:45.725882+00:00', '--job-id', '49', '--raw', '--subdir', 'DAGS_FOLDER/external_signal_workflow.py', '--cfg-path', '/tmp/tmplm4jlfjo']
[2025-02-05T13:52:45.059+0000] {standard_task_runner.py:105} INFO - Job 49: Subtask final_task
[2025-02-05T13:52:45.284+0000] {task_command.py:467} INFO - Running <TaskInstance: external_signal_workflow.final_task manual__2025-02-05T13:45:45.725882+00:00 [running]> on host ***-worker-2
[2025-02-05T13:52:45.330+0000] {taskinstance.py:3132} INFO - Exporting env vars: AIRFLOW_CTX_DAG_OWNER='***' AIRFLOW_CTX_DAG_ID='external_signal_workflow' AIRFLOW_CTX_TASK_ID='final_task' AIRFLOW_CTX_EXECUTION_DATE='2025-02-05T13:45:45.725882+00:00' AIRFLOW_CTX_TRY_NUMBER='1' AIRFLOW_CTX_DAG_RUN_ID='manual__2025-02-05T13:45:45.725882+00:00'
[2025-02-05T13:52:45.330+0000] {logging_mixin.py:190} INFO - Task instance is in running state
[2025-02-05T13:52:45.331+0000] {logging_mixin.py:190} INFO -  Previous state of the Task instance: queued
[2025-02-05T13:52:45.331+0000] {logging_mixin.py:190} INFO - Current task name:final_task state:running start_date:2025-02-05 13:52:45.037647+00:00
[2025-02-05T13:52:45.331+0000] {logging_mixin.py:190} INFO - Dag name:external_signal_workflow and current dag run status:running
[2025-02-05T13:52:45.332+0000] {taskinstance.py:731} INFO - ::endgroup::
[2025-02-05T13:52:45.332+0000] {external_signal_workflow.py:84} INFO - Completing workflow
[2025-02-05T13:52:45.332+0000] {python.py:240} INFO - Done. Returned value was: None
[2025-02-05T13:52:45.337+0000] {taskinstance.py:340} INFO - ::group::Post task execution logs
[2025-02-05T13:52:45.338+0000] {taskinstance.py:352} INFO - Marking task as SUCCESS. dag_id=external_signal_workflow, task_id=final_task, run_id=manual__2025-02-05T13:45:45.725882+00:00, execution_date=20250205T134545, start_date=20250205T135245, end_date=20250205T135245
[2025-02-05T13:52:45.343+0000] {logging_mixin.py:190} INFO - Task instance in success state
[2025-02-05T13:52:45.343+0000] {logging_mixin.py:190} INFO -  Previous state of the Task instance: running
[2025-02-05T13:52:45.343+0000] {logging_mixin.py:190} INFO - Dag name:external_signal_workflow queued_at:2025-02-05 13:45:45.741810+00:00
[2025-02-05T13:52:45.344+0000] {logging_mixin.py:190} INFO - Task hostname:***-worker-2 operator:PythonOperator
[2025-02-05T13:52:45.355+0000] {local_task_job_runner.py:266} INFO - Task exited with return code 0
[2025-02-05T13:52:45.499+0000] {taskinstance.py:3895} INFO - 0 downstream tasks scheduled from follow-on schedule check
[2025-02-05T13:52:45.500+0000] {local_task_job_runner.py:245} INFO - ::endgroup::
