[2025-02-05T14:44:02.798+0000] {local_task_job_runner.py:123} INFO - ::group::Pre task execution logs
[2025-02-05T14:44:02.806+0000] {taskinstance.py:2613} INFO - Dependencies all met for dep_context=non-requeueable deps ti=<TaskInstance: external_signal_workflow.wait_for_signal manual__2025-02-05T14:43:19.715570+00:00 [queued]>
[2025-02-05T14:44:02.811+0000] {taskinstance.py:2613} INFO - Dependencies all met for dep_context=requeueable deps ti=<TaskInstance: external_signal_workflow.wait_for_signal manual__2025-02-05T14:43:19.715570+00:00 [queued]>
[2025-02-05T14:44:02.812+0000] {taskinstance.py:2866} INFO - Starting attempt 1 of 2
[2025-02-05T14:44:02.922+0000] {taskinstance.py:2889} INFO - Executing <Task(ExternalTaskSensor): wait_for_signal> on 2025-02-05 14:43:19.715570+00:00
[2025-02-05T14:44:02.930+0000] {warnings.py:112} WARNING - /home/***/.local/lib/python3.12/site-packages/***/task/task_runner/standard_task_runner.py:70: DeprecationWarning: This process (pid=2281) is multi-threaded, use of fork() may lead to deadlocks in the child.
  pid = os.fork()

[2025-02-05T14:44:02.932+0000] {standard_task_runner.py:72} INFO - Started process 2282 to run task
[2025-02-05T14:44:02.931+0000] {standard_task_runner.py:104} INFO - Running: ['***', 'tasks', 'run', 'external_signal_workflow', 'wait_for_signal', 'manual__2025-02-05T14:43:19.715570+00:00', '--job-id', '108', '--raw', '--subdir', 'DAGS_FOLDER/external_signal_workflow.py', '--cfg-path', '/tmp/tmpy6oqt7pe']
[2025-02-05T14:44:02.932+0000] {standard_task_runner.py:105} INFO - Job 108: Subtask wait_for_signal
[2025-02-05T14:44:02.964+0000] {task_command.py:467} INFO - Running <TaskInstance: external_signal_workflow.wait_for_signal manual__2025-02-05T14:43:19.715570+00:00 [running]> on host ***-worker-3
[2025-02-05T14:44:03.007+0000] {taskinstance.py:3132} INFO - Exporting env vars: AIRFLOW_CTX_DAG_OWNER='***' AIRFLOW_CTX_DAG_ID='external_signal_workflow' AIRFLOW_CTX_TASK_ID='wait_for_signal' AIRFLOW_CTX_EXECUTION_DATE='2025-02-05T14:43:19.715570+00:00' AIRFLOW_CTX_TRY_NUMBER='1' AIRFLOW_CTX_DAG_RUN_ID='manual__2025-02-05T14:43:19.715570+00:00'
[2025-02-05T14:44:03.008+0000] {logging_mixin.py:190} INFO - Task instance is in running state
[2025-02-05T14:44:03.008+0000] {logging_mixin.py:190} INFO -  Previous state of the Task instance: queued
[2025-02-05T14:44:03.009+0000] {logging_mixin.py:190} INFO - Current task name:wait_for_signal state:running start_date:2025-02-05 14:44:02.807118+00:00
[2025-02-05T14:44:03.009+0000] {logging_mixin.py:190} INFO - Dag name:external_signal_workflow and current dag run status:running
[2025-02-05T14:44:03.010+0000] {taskinstance.py:731} INFO - ::endgroup::
[2025-02-05T14:44:03.010+0000] {baseoperator.py:421} WARNING - ExternalTaskSensor.execute cannot be called outside TaskInstance!
[2025-02-05T14:44:03.015+0000] {external_task.py:258} INFO - Poking for tasks ['send_signal'] in dag signal_dag on 2025-02-05T14:43:19.715570+00:00 ... 
[2025-02-05T14:44:03.016+0000] {warnings.py:112} WARNING - /home/***/.local/lib/python3.12/site-packages/***/utils/session.py:97: DeprecationWarning: This method is deprecated and will be removed in future.
  return func(*args, session=session, **kwargs)

[2025-02-05T14:44:03.033+0000] {taskinstance.py:309} INFO - Rescheduling task, marking task as UP_FOR_RESCHEDULE
[2025-02-05T14:44:03.033+0000] {taskinstance.py:340} INFO - ::group::Post task execution logs
[2025-02-05T14:44:03.066+0000] {local_task_job_runner.py:266} INFO - Task exited with return code 0
[2025-02-05T14:44:03.088+0000] {taskinstance.py:3895} INFO - 0 downstream tasks scheduled from follow-on schedule check
[2025-02-05T14:44:03.090+0000] {local_task_job_runner.py:245} INFO - ::endgroup::
[2025-02-05T14:44:34.525+0000] {local_task_job_runner.py:123} INFO - ::group::Pre task execution logs
[2025-02-05T14:44:34.533+0000] {taskinstance.py:2613} INFO - Dependencies all met for dep_context=non-requeueable deps ti=<TaskInstance: external_signal_workflow.wait_for_signal manual__2025-02-05T14:43:19.715570+00:00 [queued]>
[2025-02-05T14:44:34.538+0000] {taskinstance.py:2613} INFO - Dependencies all met for dep_context=requeueable deps ti=<TaskInstance: external_signal_workflow.wait_for_signal manual__2025-02-05T14:43:19.715570+00:00 [queued]>
[2025-02-05T14:44:34.539+0000] {taskinstance.py:2866} INFO - Starting attempt 1 of 2
[2025-02-05T14:44:34.632+0000] {taskinstance.py:2889} INFO - Executing <Task(ExternalTaskSensor): wait_for_signal> on 2025-02-05 14:43:19.715570+00:00
[2025-02-05T14:44:34.637+0000] {warnings.py:112} WARNING - /home/***/.local/lib/python3.12/site-packages/***/task/task_runner/standard_task_runner.py:70: DeprecationWarning: This process (pid=2290) is multi-threaded, use of fork() may lead to deadlocks in the child.
  pid = os.fork()

[2025-02-05T14:44:34.638+0000] {standard_task_runner.py:72} INFO - Started process 2291 to run task
[2025-02-05T14:44:34.638+0000] {standard_task_runner.py:104} INFO - Running: ['***', 'tasks', 'run', 'external_signal_workflow', 'wait_for_signal', 'manual__2025-02-05T14:43:19.715570+00:00', '--job-id', '109', '--raw', '--subdir', 'DAGS_FOLDER/external_signal_workflow.py', '--cfg-path', '/tmp/tmp5cn0t8r8']
[2025-02-05T14:44:34.639+0000] {standard_task_runner.py:105} INFO - Job 109: Subtask wait_for_signal
[2025-02-05T14:44:34.665+0000] {task_command.py:467} INFO - Running <TaskInstance: external_signal_workflow.wait_for_signal manual__2025-02-05T14:43:19.715570+00:00 [running]> on host ***-worker-3
[2025-02-05T14:44:34.703+0000] {taskinstance.py:3132} INFO - Exporting env vars: AIRFLOW_CTX_DAG_OWNER='***' AIRFLOW_CTX_DAG_ID='external_signal_workflow' AIRFLOW_CTX_TASK_ID='wait_for_signal' AIRFLOW_CTX_EXECUTION_DATE='2025-02-05T14:43:19.715570+00:00' AIRFLOW_CTX_TRY_NUMBER='1' AIRFLOW_CTX_DAG_RUN_ID='manual__2025-02-05T14:43:19.715570+00:00'
[2025-02-05T14:44:34.704+0000] {logging_mixin.py:190} INFO - Task instance is in running state
[2025-02-05T14:44:34.704+0000] {logging_mixin.py:190} INFO -  Previous state of the Task instance: queued
[2025-02-05T14:44:34.705+0000] {logging_mixin.py:190} INFO - Current task name:wait_for_signal state:running start_date:2025-02-05 14:44:34.534024+00:00
[2025-02-05T14:44:34.705+0000] {logging_mixin.py:190} INFO - Dag name:external_signal_workflow and current dag run status:running
[2025-02-05T14:44:34.705+0000] {taskinstance.py:731} INFO - ::endgroup::
[2025-02-05T14:44:34.706+0000] {baseoperator.py:421} WARNING - ExternalTaskSensor.execute cannot be called outside TaskInstance!
[2025-02-05T14:44:34.711+0000] {external_task.py:258} INFO - Poking for tasks ['send_signal'] in dag signal_dag on 2025-02-05T14:43:19.715570+00:00 ... 
[2025-02-05T14:44:34.712+0000] {warnings.py:112} WARNING - /home/***/.local/lib/python3.12/site-packages/***/utils/session.py:97: DeprecationWarning: This method is deprecated and will be removed in future.
  return func(*args, session=session, **kwargs)

[2025-02-05T14:44:34.727+0000] {taskinstance.py:309} INFO - Rescheduling task, marking task as UP_FOR_RESCHEDULE
[2025-02-05T14:44:34.727+0000] {taskinstance.py:340} INFO - ::group::Post task execution logs
[2025-02-05T14:44:34.733+0000] {local_task_job_runner.py:266} INFO - Task exited with return code 0
[2025-02-05T14:44:34.747+0000] {taskinstance.py:3895} INFO - 0 downstream tasks scheduled from follow-on schedule check
[2025-02-05T14:44:34.750+0000] {local_task_job_runner.py:245} INFO - ::endgroup::
[2025-02-05T14:45:06.644+0000] {local_task_job_runner.py:123} INFO - ::group::Pre task execution logs
[2025-02-05T14:45:06.654+0000] {taskinstance.py:2613} INFO - Dependencies all met for dep_context=non-requeueable deps ti=<TaskInstance: external_signal_workflow.wait_for_signal manual__2025-02-05T14:43:19.715570+00:00 [queued]>
[2025-02-05T14:45:06.658+0000] {taskinstance.py:2613} INFO - Dependencies all met for dep_context=requeueable deps ti=<TaskInstance: external_signal_workflow.wait_for_signal manual__2025-02-05T14:43:19.715570+00:00 [queued]>
[2025-02-05T14:45:06.658+0000] {taskinstance.py:2866} INFO - Starting attempt 1 of 2
[2025-02-05T14:45:06.756+0000] {taskinstance.py:2889} INFO - Executing <Task(ExternalTaskSensor): wait_for_signal> on 2025-02-05 14:43:19.715570+00:00
[2025-02-05T14:45:06.761+0000] {warnings.py:112} WARNING - /home/***/.local/lib/python3.12/site-packages/***/task/task_runner/standard_task_runner.py:70: DeprecationWarning: This process (pid=2338) is multi-threaded, use of fork() may lead to deadlocks in the child.
  pid = os.fork()

[2025-02-05T14:45:06.762+0000] {standard_task_runner.py:72} INFO - Started process 2339 to run task
[2025-02-05T14:45:06.763+0000] {standard_task_runner.py:104} INFO - Running: ['***', 'tasks', 'run', 'external_signal_workflow', 'wait_for_signal', 'manual__2025-02-05T14:43:19.715570+00:00', '--job-id', '110', '--raw', '--subdir', 'DAGS_FOLDER/external_signal_workflow.py', '--cfg-path', '/tmp/tmpuf3qn1x6']
[2025-02-05T14:45:06.764+0000] {standard_task_runner.py:105} INFO - Job 110: Subtask wait_for_signal
[2025-02-05T14:45:06.805+0000] {task_command.py:467} INFO - Running <TaskInstance: external_signal_workflow.wait_for_signal manual__2025-02-05T14:43:19.715570+00:00 [running]> on host ***-worker-2
[2025-02-05T14:45:06.876+0000] {taskinstance.py:3132} INFO - Exporting env vars: AIRFLOW_CTX_DAG_OWNER='***' AIRFLOW_CTX_DAG_ID='external_signal_workflow' AIRFLOW_CTX_TASK_ID='wait_for_signal' AIRFLOW_CTX_EXECUTION_DATE='2025-02-05T14:43:19.715570+00:00' AIRFLOW_CTX_TRY_NUMBER='1' AIRFLOW_CTX_DAG_RUN_ID='manual__2025-02-05T14:43:19.715570+00:00'
[2025-02-05T14:45:06.877+0000] {logging_mixin.py:190} INFO - Task instance is in running state
[2025-02-05T14:45:06.877+0000] {logging_mixin.py:190} INFO -  Previous state of the Task instance: queued
[2025-02-05T14:45:06.877+0000] {logging_mixin.py:190} INFO - Current task name:wait_for_signal state:running start_date:2025-02-05 14:45:06.654327+00:00
[2025-02-05T14:45:06.877+0000] {logging_mixin.py:190} INFO - Dag name:external_signal_workflow and current dag run status:running
[2025-02-05T14:45:06.878+0000] {taskinstance.py:731} INFO - ::endgroup::
[2025-02-05T14:45:06.878+0000] {baseoperator.py:421} WARNING - ExternalTaskSensor.execute cannot be called outside TaskInstance!
[2025-02-05T14:45:06.884+0000] {external_task.py:258} INFO - Poking for tasks ['send_signal'] in dag signal_dag on 2025-02-05T14:43:19.715570+00:00 ... 
[2025-02-05T14:45:06.885+0000] {warnings.py:112} WARNING - /home/***/.local/lib/python3.12/site-packages/***/utils/session.py:97: DeprecationWarning: This method is deprecated and will be removed in future.
  return func(*args, session=session, **kwargs)

[2025-02-05T14:45:06.904+0000] {taskinstance.py:309} INFO - Rescheduling task, marking task as UP_FOR_RESCHEDULE
[2025-02-05T14:45:06.904+0000] {taskinstance.py:340} INFO - ::group::Post task execution logs
[2025-02-05T14:45:06.938+0000] {local_task_job_runner.py:266} INFO - Task exited with return code 0
[2025-02-05T14:45:06.955+0000] {taskinstance.py:3895} INFO - 0 downstream tasks scheduled from follow-on schedule check
[2025-02-05T14:45:06.957+0000] {local_task_job_runner.py:245} INFO - ::endgroup::
[2025-02-05T14:45:38.054+0000] {local_task_job_runner.py:123} INFO - ::group::Pre task execution logs
[2025-02-05T14:45:38.062+0000] {taskinstance.py:2613} INFO - Dependencies all met for dep_context=non-requeueable deps ti=<TaskInstance: external_signal_workflow.wait_for_signal manual__2025-02-05T14:43:19.715570+00:00 [queued]>
[2025-02-05T14:45:38.066+0000] {taskinstance.py:2613} INFO - Dependencies all met for dep_context=requeueable deps ti=<TaskInstance: external_signal_workflow.wait_for_signal manual__2025-02-05T14:43:19.715570+00:00 [queued]>
[2025-02-05T14:45:38.067+0000] {taskinstance.py:2866} INFO - Starting attempt 1 of 2
[2025-02-05T14:45:38.163+0000] {taskinstance.py:2889} INFO - Executing <Task(ExternalTaskSensor): wait_for_signal> on 2025-02-05 14:43:19.715570+00:00
[2025-02-05T14:45:38.168+0000] {warnings.py:112} WARNING - /home/***/.local/lib/python3.12/site-packages/***/task/task_runner/standard_task_runner.py:70: DeprecationWarning: This process (pid=2309) is multi-threaded, use of fork() may lead to deadlocks in the child.
  pid = os.fork()

[2025-02-05T14:45:38.169+0000] {standard_task_runner.py:72} INFO - Started process 2310 to run task
[2025-02-05T14:45:38.170+0000] {standard_task_runner.py:104} INFO - Running: ['***', 'tasks', 'run', 'external_signal_workflow', 'wait_for_signal', 'manual__2025-02-05T14:43:19.715570+00:00', '--job-id', '112', '--raw', '--subdir', 'DAGS_FOLDER/external_signal_workflow.py', '--cfg-path', '/tmp/tmpk_0_b_fw']
[2025-02-05T14:45:38.171+0000] {standard_task_runner.py:105} INFO - Job 112: Subtask wait_for_signal
[2025-02-05T14:45:38.200+0000] {task_command.py:467} INFO - Running <TaskInstance: external_signal_workflow.wait_for_signal manual__2025-02-05T14:43:19.715570+00:00 [running]> on host ***-worker-3
[2025-02-05T14:45:38.240+0000] {taskinstance.py:3132} INFO - Exporting env vars: AIRFLOW_CTX_DAG_OWNER='***' AIRFLOW_CTX_DAG_ID='external_signal_workflow' AIRFLOW_CTX_TASK_ID='wait_for_signal' AIRFLOW_CTX_EXECUTION_DATE='2025-02-05T14:43:19.715570+00:00' AIRFLOW_CTX_TRY_NUMBER='1' AIRFLOW_CTX_DAG_RUN_ID='manual__2025-02-05T14:43:19.715570+00:00'
[2025-02-05T14:45:38.241+0000] {logging_mixin.py:190} INFO - Task instance is in running state
[2025-02-05T14:45:38.241+0000] {logging_mixin.py:190} INFO -  Previous state of the Task instance: queued
[2025-02-05T14:45:38.241+0000] {logging_mixin.py:190} INFO - Current task name:wait_for_signal state:running start_date:2025-02-05 14:45:38.062473+00:00
[2025-02-05T14:45:38.242+0000] {logging_mixin.py:190} INFO - Dag name:external_signal_workflow and current dag run status:running
[2025-02-05T14:45:38.242+0000] {taskinstance.py:731} INFO - ::endgroup::
[2025-02-05T14:45:38.242+0000] {baseoperator.py:421} WARNING - ExternalTaskSensor.execute cannot be called outside TaskInstance!
[2025-02-05T14:45:38.248+0000] {external_task.py:258} INFO - Poking for tasks ['send_signal'] in dag signal_dag on 2025-02-05T14:43:19.715570+00:00 ... 
[2025-02-05T14:45:38.249+0000] {warnings.py:112} WARNING - /home/***/.local/lib/python3.12/site-packages/***/utils/session.py:97: DeprecationWarning: This method is deprecated and will be removed in future.
  return func(*args, session=session, **kwargs)

[2025-02-05T14:45:38.265+0000] {taskinstance.py:309} INFO - Rescheduling task, marking task as UP_FOR_RESCHEDULE
[2025-02-05T14:45:38.265+0000] {taskinstance.py:340} INFO - ::group::Post task execution logs
[2025-02-05T14:45:38.303+0000] {local_task_job_runner.py:266} INFO - Task exited with return code 0
[2025-02-05T14:45:38.317+0000] {taskinstance.py:3895} INFO - 0 downstream tasks scheduled from follow-on schedule check
[2025-02-05T14:45:38.318+0000] {local_task_job_runner.py:245} INFO - ::endgroup::
[2025-02-05T14:46:10.066+0000] {local_task_job_runner.py:123} INFO - ::group::Pre task execution logs
[2025-02-05T14:46:10.078+0000] {taskinstance.py:2613} INFO - Dependencies all met for dep_context=non-requeueable deps ti=<TaskInstance: external_signal_workflow.wait_for_signal manual__2025-02-05T14:43:19.715570+00:00 [queued]>
[2025-02-05T14:46:10.084+0000] {taskinstance.py:2613} INFO - Dependencies all met for dep_context=requeueable deps ti=<TaskInstance: external_signal_workflow.wait_for_signal manual__2025-02-05T14:43:19.715570+00:00 [queued]>
[2025-02-05T14:46:10.085+0000] {taskinstance.py:2866} INFO - Starting attempt 1 of 2
[2025-02-05T14:46:10.199+0000] {taskinstance.py:2889} INFO - Executing <Task(ExternalTaskSensor): wait_for_signal> on 2025-02-05 14:43:19.715570+00:00
[2025-02-05T14:46:10.206+0000] {warnings.py:112} WARNING - /home/***/.local/lib/python3.12/site-packages/***/task/task_runner/standard_task_runner.py:70: DeprecationWarning: This process (pid=2319) is multi-threaded, use of fork() may lead to deadlocks in the child.
  pid = os.fork()

[2025-02-05T14:46:10.207+0000] {standard_task_runner.py:72} INFO - Started process 2320 to run task
[2025-02-05T14:46:10.208+0000] {standard_task_runner.py:104} INFO - Running: ['***', 'tasks', 'run', 'external_signal_workflow', 'wait_for_signal', 'manual__2025-02-05T14:43:19.715570+00:00', '--job-id', '113', '--raw', '--subdir', 'DAGS_FOLDER/external_signal_workflow.py', '--cfg-path', '/tmp/tmpm6poxcz_']
[2025-02-05T14:46:10.209+0000] {standard_task_runner.py:105} INFO - Job 113: Subtask wait_for_signal
[2025-02-05T14:46:10.240+0000] {task_command.py:467} INFO - Running <TaskInstance: external_signal_workflow.wait_for_signal manual__2025-02-05T14:43:19.715570+00:00 [running]> on host ***-worker-3
[2025-02-05T14:46:10.286+0000] {taskinstance.py:3132} INFO - Exporting env vars: AIRFLOW_CTX_DAG_OWNER='***' AIRFLOW_CTX_DAG_ID='external_signal_workflow' AIRFLOW_CTX_TASK_ID='wait_for_signal' AIRFLOW_CTX_EXECUTION_DATE='2025-02-05T14:43:19.715570+00:00' AIRFLOW_CTX_TRY_NUMBER='1' AIRFLOW_CTX_DAG_RUN_ID='manual__2025-02-05T14:43:19.715570+00:00'
[2025-02-05T14:46:10.287+0000] {logging_mixin.py:190} INFO - Task instance is in running state
[2025-02-05T14:46:10.287+0000] {logging_mixin.py:190} INFO -  Previous state of the Task instance: queued
[2025-02-05T14:46:10.288+0000] {logging_mixin.py:190} INFO - Current task name:wait_for_signal state:running start_date:2025-02-05 14:46:10.078811+00:00
[2025-02-05T14:46:10.288+0000] {logging_mixin.py:190} INFO - Dag name:external_signal_workflow and current dag run status:running
[2025-02-05T14:46:10.288+0000] {taskinstance.py:731} INFO - ::endgroup::
[2025-02-05T14:46:10.289+0000] {baseoperator.py:421} WARNING - ExternalTaskSensor.execute cannot be called outside TaskInstance!
[2025-02-05T14:46:10.294+0000] {external_task.py:258} INFO - Poking for tasks ['send_signal'] in dag signal_dag on 2025-02-05T14:43:19.715570+00:00 ... 
[2025-02-05T14:46:10.295+0000] {warnings.py:112} WARNING - /home/***/.local/lib/python3.12/site-packages/***/utils/session.py:97: DeprecationWarning: This method is deprecated and will be removed in future.
  return func(*args, session=session, **kwargs)

[2025-02-05T14:46:10.320+0000] {taskinstance.py:309} INFO - Rescheduling task, marking task as UP_FOR_RESCHEDULE
[2025-02-05T14:46:10.320+0000] {taskinstance.py:340} INFO - ::group::Post task execution logs
[2025-02-05T14:46:10.343+0000] {local_task_job_runner.py:266} INFO - Task exited with return code 0
[2025-02-05T14:46:10.360+0000] {taskinstance.py:3895} INFO - 0 downstream tasks scheduled from follow-on schedule check
[2025-02-05T14:46:10.361+0000] {local_task_job_runner.py:245} INFO - ::endgroup::
[2025-02-05T14:46:43.268+0000] {local_task_job_runner.py:123} INFO - ::group::Pre task execution logs
[2025-02-05T14:46:43.276+0000] {taskinstance.py:2613} INFO - Dependencies all met for dep_context=non-requeueable deps ti=<TaskInstance: external_signal_workflow.wait_for_signal manual__2025-02-05T14:43:19.715570+00:00 [queued]>
[2025-02-05T14:46:43.281+0000] {taskinstance.py:2613} INFO - Dependencies all met for dep_context=requeueable deps ti=<TaskInstance: external_signal_workflow.wait_for_signal manual__2025-02-05T14:43:19.715570+00:00 [queued]>
[2025-02-05T14:46:43.281+0000] {taskinstance.py:2866} INFO - Starting attempt 1 of 2
[2025-02-05T14:46:43.391+0000] {taskinstance.py:2889} INFO - Executing <Task(ExternalTaskSensor): wait_for_signal> on 2025-02-05 14:43:19.715570+00:00
[2025-02-05T14:46:43.397+0000] {warnings.py:112} WARNING - /home/***/.local/lib/python3.12/site-packages/***/task/task_runner/standard_task_runner.py:70: DeprecationWarning: This process (pid=2361) is multi-threaded, use of fork() may lead to deadlocks in the child.
  pid = os.fork()

[2025-02-05T14:46:43.398+0000] {standard_task_runner.py:72} INFO - Started process 2362 to run task
[2025-02-05T14:46:43.399+0000] {standard_task_runner.py:104} INFO - Running: ['***', 'tasks', 'run', 'external_signal_workflow', 'wait_for_signal', 'manual__2025-02-05T14:43:19.715570+00:00', '--job-id', '114', '--raw', '--subdir', 'DAGS_FOLDER/external_signal_workflow.py', '--cfg-path', '/tmp/tmp3pm49kfg']
[2025-02-05T14:46:43.400+0000] {standard_task_runner.py:105} INFO - Job 114: Subtask wait_for_signal
[2025-02-05T14:46:43.431+0000] {task_command.py:467} INFO - Running <TaskInstance: external_signal_workflow.wait_for_signal manual__2025-02-05T14:43:19.715570+00:00 [running]> on host ***-worker-2
[2025-02-05T14:46:43.472+0000] {taskinstance.py:3132} INFO - Exporting env vars: AIRFLOW_CTX_DAG_OWNER='***' AIRFLOW_CTX_DAG_ID='external_signal_workflow' AIRFLOW_CTX_TASK_ID='wait_for_signal' AIRFLOW_CTX_EXECUTION_DATE='2025-02-05T14:43:19.715570+00:00' AIRFLOW_CTX_TRY_NUMBER='1' AIRFLOW_CTX_DAG_RUN_ID='manual__2025-02-05T14:43:19.715570+00:00'
[2025-02-05T14:46:43.473+0000] {logging_mixin.py:190} INFO - Task instance is in running state
[2025-02-05T14:46:43.473+0000] {logging_mixin.py:190} INFO -  Previous state of the Task instance: queued
[2025-02-05T14:46:43.473+0000] {logging_mixin.py:190} INFO - Current task name:wait_for_signal state:running start_date:2025-02-05 14:46:43.276973+00:00
[2025-02-05T14:46:43.474+0000] {logging_mixin.py:190} INFO - Dag name:external_signal_workflow and current dag run status:running
[2025-02-05T14:46:43.474+0000] {taskinstance.py:731} INFO - ::endgroup::
[2025-02-05T14:46:43.475+0000] {baseoperator.py:421} WARNING - ExternalTaskSensor.execute cannot be called outside TaskInstance!
[2025-02-05T14:46:43.481+0000] {external_task.py:258} INFO - Poking for tasks ['send_signal'] in dag signal_dag on 2025-02-05T14:43:19.715570+00:00 ... 
[2025-02-05T14:46:43.482+0000] {warnings.py:112} WARNING - /home/***/.local/lib/python3.12/site-packages/***/utils/session.py:97: DeprecationWarning: This method is deprecated and will be removed in future.
  return func(*args, session=session, **kwargs)

[2025-02-05T14:46:43.499+0000] {taskinstance.py:309} INFO - Rescheduling task, marking task as UP_FOR_RESCHEDULE
[2025-02-05T14:46:43.499+0000] {taskinstance.py:340} INFO - ::group::Post task execution logs
[2025-02-05T14:46:43.535+0000] {local_task_job_runner.py:266} INFO - Task exited with return code 0
[2025-02-05T14:46:43.554+0000] {taskinstance.py:3895} INFO - 0 downstream tasks scheduled from follow-on schedule check
[2025-02-05T14:46:43.555+0000] {local_task_job_runner.py:245} INFO - ::endgroup::
[2025-02-05T14:47:15.181+0000] {local_task_job_runner.py:123} INFO - ::group::Pre task execution logs
[2025-02-05T14:47:15.189+0000] {taskinstance.py:2613} INFO - Dependencies all met for dep_context=non-requeueable deps ti=<TaskInstance: external_signal_workflow.wait_for_signal manual__2025-02-05T14:43:19.715570+00:00 [queued]>
[2025-02-05T14:47:15.193+0000] {taskinstance.py:2613} INFO - Dependencies all met for dep_context=requeueable deps ti=<TaskInstance: external_signal_workflow.wait_for_signal manual__2025-02-05T14:43:19.715570+00:00 [queued]>
[2025-02-05T14:47:15.193+0000] {taskinstance.py:2866} INFO - Starting attempt 1 of 2
[2025-02-05T14:47:15.284+0000] {taskinstance.py:2889} INFO - Executing <Task(ExternalTaskSensor): wait_for_signal> on 2025-02-05 14:43:19.715570+00:00
[2025-02-05T14:47:15.296+0000] {warnings.py:112} WARNING - /home/***/.local/lib/python3.12/site-packages/***/task/task_runner/standard_task_runner.py:70: DeprecationWarning: This process (pid=2371) is multi-threaded, use of fork() may lead to deadlocks in the child.
  pid = os.fork()

[2025-02-05T14:47:15.296+0000] {standard_task_runner.py:104} INFO - Running: ['***', 'tasks', 'run', 'external_signal_workflow', 'wait_for_signal', 'manual__2025-02-05T14:43:19.715570+00:00', '--job-id', '115', '--raw', '--subdir', 'DAGS_FOLDER/external_signal_workflow.py', '--cfg-path', '/tmp/tmpqrwqerpp']
[2025-02-05T14:47:15.300+0000] {standard_task_runner.py:72} INFO - Started process 2372 to run task
[2025-02-05T14:47:15.301+0000] {standard_task_runner.py:105} INFO - Job 115: Subtask wait_for_signal
[2025-02-05T14:47:15.339+0000] {task_command.py:467} INFO - Running <TaskInstance: external_signal_workflow.wait_for_signal manual__2025-02-05T14:43:19.715570+00:00 [running]> on host ***-worker-2
[2025-02-05T14:47:15.381+0000] {taskinstance.py:3132} INFO - Exporting env vars: AIRFLOW_CTX_DAG_OWNER='***' AIRFLOW_CTX_DAG_ID='external_signal_workflow' AIRFLOW_CTX_TASK_ID='wait_for_signal' AIRFLOW_CTX_EXECUTION_DATE='2025-02-05T14:43:19.715570+00:00' AIRFLOW_CTX_TRY_NUMBER='1' AIRFLOW_CTX_DAG_RUN_ID='manual__2025-02-05T14:43:19.715570+00:00'
[2025-02-05T14:47:15.382+0000] {logging_mixin.py:190} INFO - Task instance is in running state
[2025-02-05T14:47:15.382+0000] {logging_mixin.py:190} INFO -  Previous state of the Task instance: queued
[2025-02-05T14:47:15.383+0000] {logging_mixin.py:190} INFO - Current task name:wait_for_signal state:running start_date:2025-02-05 14:47:15.189545+00:00
[2025-02-05T14:47:15.383+0000] {logging_mixin.py:190} INFO - Dag name:external_signal_workflow and current dag run status:running
[2025-02-05T14:47:15.383+0000] {taskinstance.py:731} INFO - ::endgroup::
[2025-02-05T14:47:15.384+0000] {baseoperator.py:421} WARNING - ExternalTaskSensor.execute cannot be called outside TaskInstance!
[2025-02-05T14:47:15.389+0000] {external_task.py:258} INFO - Poking for tasks ['send_signal'] in dag signal_dag on 2025-02-05T14:43:19.715570+00:00 ... 
[2025-02-05T14:47:15.390+0000] {warnings.py:112} WARNING - /home/***/.local/lib/python3.12/site-packages/***/utils/session.py:97: DeprecationWarning: This method is deprecated and will be removed in future.
  return func(*args, session=session, **kwargs)

[2025-02-05T14:47:15.408+0000] {taskinstance.py:309} INFO - Rescheduling task, marking task as UP_FOR_RESCHEDULE
[2025-02-05T14:47:15.408+0000] {taskinstance.py:340} INFO - ::group::Post task execution logs
[2025-02-05T14:47:15.437+0000] {local_task_job_runner.py:266} INFO - Task exited with return code 0
[2025-02-05T14:47:15.451+0000] {taskinstance.py:3895} INFO - 0 downstream tasks scheduled from follow-on schedule check
[2025-02-05T14:47:15.452+0000] {local_task_job_runner.py:245} INFO - ::endgroup::
[2025-02-05T14:47:38.483+0000] {local_task_job_runner.py:123} INFO - ::group::Pre task execution logs
[2025-02-05T14:47:38.494+0000] {taskinstance.py:2613} INFO - Dependencies all met for dep_context=non-requeueable deps ti=<TaskInstance: external_signal_workflow.wait_for_signal manual__2025-02-05T14:43:19.715570+00:00 [queued]>
[2025-02-05T14:47:38.503+0000] {taskinstance.py:2613} INFO - Dependencies all met for dep_context=requeueable deps ti=<TaskInstance: external_signal_workflow.wait_for_signal manual__2025-02-05T14:43:19.715570+00:00 [queued]>
[2025-02-05T14:47:38.503+0000] {taskinstance.py:2866} INFO - Starting attempt 1 of 2
[2025-02-05T14:47:38.614+0000] {taskinstance.py:2889} INFO - Executing <Task(ExternalTaskSensor): wait_for_signal> on 2025-02-05 14:43:19.715570+00:00
[2025-02-05T14:47:38.619+0000] {warnings.py:112} WARNING - /home/***/.local/lib/python3.12/site-packages/***/task/task_runner/standard_task_runner.py:70: DeprecationWarning: This process (pid=2381) is multi-threaded, use of fork() may lead to deadlocks in the child.
  pid = os.fork()

[2025-02-05T14:47:38.620+0000] {standard_task_runner.py:72} INFO - Started process 2382 to run task
[2025-02-05T14:47:38.621+0000] {standard_task_runner.py:104} INFO - Running: ['***', 'tasks', 'run', 'external_signal_workflow', 'wait_for_signal', 'manual__2025-02-05T14:43:19.715570+00:00', '--job-id', '116', '--raw', '--subdir', 'DAGS_FOLDER/external_signal_workflow.py', '--cfg-path', '/tmp/tmpvhfgp8ld']
[2025-02-05T14:47:38.622+0000] {standard_task_runner.py:105} INFO - Job 116: Subtask wait_for_signal
[2025-02-05T14:47:38.676+0000] {task_command.py:467} INFO - Running <TaskInstance: external_signal_workflow.wait_for_signal manual__2025-02-05T14:43:19.715570+00:00 [running]> on host ***-worker-2
[2025-02-05T14:47:38.751+0000] {taskinstance.py:3132} INFO - Exporting env vars: AIRFLOW_CTX_DAG_OWNER='***' AIRFLOW_CTX_DAG_ID='external_signal_workflow' AIRFLOW_CTX_TASK_ID='wait_for_signal' AIRFLOW_CTX_EXECUTION_DATE='2025-02-05T14:43:19.715570+00:00' AIRFLOW_CTX_TRY_NUMBER='1' AIRFLOW_CTX_DAG_RUN_ID='manual__2025-02-05T14:43:19.715570+00:00'
[2025-02-05T14:47:38.752+0000] {logging_mixin.py:190} INFO - Task instance is in running state
[2025-02-05T14:47:38.753+0000] {logging_mixin.py:190} INFO -  Previous state of the Task instance: queued
[2025-02-05T14:47:38.753+0000] {logging_mixin.py:190} INFO - Current task name:wait_for_signal state:running start_date:2025-02-05 14:47:38.498327+00:00
[2025-02-05T14:47:38.753+0000] {logging_mixin.py:190} INFO - Dag name:external_signal_workflow and current dag run status:running
[2025-02-05T14:47:38.754+0000] {taskinstance.py:731} INFO - ::endgroup::
[2025-02-05T14:47:38.754+0000] {baseoperator.py:421} WARNING - ExternalTaskSensor.execute cannot be called outside TaskInstance!
[2025-02-05T14:47:38.756+0000] {external_task.py:258} INFO - Poking for tasks ['send_signal'] in dag signal_dag on 2025-02-05T14:43:20.715570+00:00 ... 
[2025-02-05T14:47:38.757+0000] {warnings.py:112} WARNING - /home/***/.local/lib/python3.12/site-packages/***/utils/session.py:97: DeprecationWarning: This method is deprecated and will be removed in future.
  return func(*args, session=session, **kwargs)

[2025-02-05T14:48:38.785+0000] {external_task.py:258} INFO - Poking for tasks ['send_signal'] in dag signal_dag on 2025-02-05T14:43:20.715570+00:00 ... 
[2025-02-05T14:49:38.815+0000] {external_task.py:258} INFO - Poking for tasks ['send_signal'] in dag signal_dag on 2025-02-05T14:43:20.715570+00:00 ... 
[2025-02-05T14:50:38.833+0000] {external_task.py:258} INFO - Poking for tasks ['send_signal'] in dag signal_dag on 2025-02-05T14:43:20.715570+00:00 ... 
[2025-02-05T14:51:38.867+0000] {external_task.py:258} INFO - Poking for tasks ['send_signal'] in dag signal_dag on 2025-02-05T14:43:20.715570+00:00 ... 
[2025-02-05T14:52:38.885+0000] {external_task.py:258} INFO - Poking for tasks ['send_signal'] in dag signal_dag on 2025-02-05T14:43:20.715570+00:00 ... 
[2025-02-05T14:53:38.909+0000] {external_task.py:258} INFO - Poking for tasks ['send_signal'] in dag signal_dag on 2025-02-05T14:43:20.715570+00:00 ... 
[2025-02-05T14:54:38.940+0000] {external_task.py:258} INFO - Poking for tasks ['send_signal'] in dag signal_dag on 2025-02-05T14:43:20.715570+00:00 ... 
[2025-02-05T14:55:38.960+0000] {external_task.py:258} INFO - Poking for tasks ['send_signal'] in dag signal_dag on 2025-02-05T14:43:20.715570+00:00 ... 
[2025-02-05T14:56:38.983+0000] {external_task.py:258} INFO - Poking for tasks ['send_signal'] in dag signal_dag on 2025-02-05T14:43:20.715570+00:00 ... 
[2025-02-05T14:57:39.005+0000] {external_task.py:258} INFO - Poking for tasks ['send_signal'] in dag signal_dag on 2025-02-05T14:43:20.715570+00:00 ... 
[2025-02-05T14:58:39.028+0000] {external_task.py:258} INFO - Poking for tasks ['send_signal'] in dag signal_dag on 2025-02-05T14:43:20.715570+00:00 ... 
[2025-02-05T14:59:39.059+0000] {external_task.py:258} INFO - Poking for tasks ['send_signal'] in dag signal_dag on 2025-02-05T14:43:20.715570+00:00 ... 
[2025-02-05T15:00:39.098+0000] {external_task.py:258} INFO - Poking for tasks ['send_signal'] in dag signal_dag on 2025-02-05T14:43:20.715570+00:00 ... 
[2025-02-05T15:01:39.119+0000] {external_task.py:258} INFO - Poking for tasks ['send_signal'] in dag signal_dag on 2025-02-05T14:43:20.715570+00:00 ... 
[2025-02-05T15:02:16.332+0000] {local_task_job_runner.py:346} WARNING - State of this instance has been externally set to failed. Terminating instance.
[2025-02-05T15:02:16.343+0000] {local_task_job_runner.py:245} INFO - ::endgroup::
[2025-02-05T15:02:16.354+0000] {process_utils.py:132} INFO - Sending 15 to group 2382. PIDs of all processes in the group: [2382]
[2025-02-05T15:02:16.354+0000] {process_utils.py:87} INFO - Sending the signal 15 to group 2382
[2025-02-05T15:02:16.356+0000] {taskinstance.py:3093} ERROR - Received SIGTERM. Terminating subprocesses.
[2025-02-05T15:02:16.483+0000] {taskinstance.py:340} INFO - ::group::Post task execution logs
[2025-02-05T15:02:16.534+0000] {process_utils.py:80} INFO - Process psutil.Process(pid=2382, status='terminated', exitcode=0, started='14:47:37') (2382) terminated with exit code 0
