[2025-02-10T09:28:52.798+0000] {local_task_job_runner.py:123} INFO - ::group::Pre task execution logs
[2025-02-10T09:28:52.810+0000] {taskinstance.py:2613} INFO - Dependencies all met for dep_context=non-requeueable deps ti=<TaskInstance: cluster_deployment_versioned.branch_decision manual__2025-02-10T11:28:19+02:00 [queued]>
[2025-02-10T09:28:52.819+0000] {taskinstance.py:2613} INFO - Dependencies all met for dep_context=requeueable deps ti=<TaskInstance: cluster_deployment_versioned.branch_decision manual__2025-02-10T11:28:19+02:00 [queued]>
[2025-02-10T09:28:52.819+0000] {taskinstance.py:2866} INFO - Starting attempt 1 of 1
[2025-02-10T09:28:52.849+0000] {taskinstance.py:2889} INFO - Executing <Task(BranchPythonOperator): branch_decision> on 2025-02-10 09:28:19+00:00
[2025-02-10T09:28:52.856+0000] {warnings.py:112} WARNING - /home/***/.local/lib/python3.12/site-packages/***/task/task_runner/standard_task_runner.py:70: DeprecationWarning: This process (pid=53) is multi-threaded, use of fork() may lead to deadlocks in the child.
  pid = os.fork()

[2025-02-10T09:28:52.858+0000] {standard_task_runner.py:72} INFO - Started process 54 to run task
[2025-02-10T09:28:52.859+0000] {standard_task_runner.py:104} INFO - Running: ['***', 'tasks', 'run', 'cluster_deployment_versioned', 'branch_decision', 'manual__2025-02-10T11:28:19+02:00', '--job-id', '547', '--raw', '--subdir', 'DAGS_FOLDER/cluster_deployment_versioned.py', '--cfg-path', '/tmp/tmp5whxv9py']
[2025-02-10T09:28:52.860+0000] {standard_task_runner.py:105} INFO - Job 547: Subtask branch_decision
[2025-02-10T09:28:52.918+0000] {task_command.py:467} INFO - Running <TaskInstance: cluster_deployment_versioned.branch_decision manual__2025-02-10T11:28:19+02:00 [running]> on host 1999c8c59930
[2025-02-10T09:28:53.046+0000] {taskinstance.py:3132} INFO - Exporting env vars: AIRFLOW_CTX_DAG_OWNER='***' AIRFLOW_CTX_DAG_ID='cluster_deployment_versioned' AIRFLOW_CTX_TASK_ID='branch_decision' AIRFLOW_CTX_EXECUTION_DATE='2025-02-10T09:28:19+00:00' AIRFLOW_CTX_TRY_NUMBER='1' AIRFLOW_CTX_DAG_RUN_ID='manual__2025-02-10T11:28:19+02:00'
[2025-02-10T09:28:53.049+0000] {logging_mixin.py:190} INFO - Task instance is in running state
[2025-02-10T09:28:53.050+0000] {logging_mixin.py:190} INFO -  Previous state of the Task instance: queued
[2025-02-10T09:28:53.050+0000] {logging_mixin.py:190} INFO - Current task name:branch_decision state:running start_date:2025-02-10 09:28:52.810857+00:00
[2025-02-10T09:28:53.051+0000] {logging_mixin.py:190} INFO - Dag name:cluster_deployment_versioned and current dag run status:running
[2025-02-10T09:28:53.051+0000] {taskinstance.py:731} INFO - ::endgroup::
[2025-02-10T09:28:53.052+0000] {baseoperator.py:421} WARNING - BranchPythonOperator.execute cannot be called outside TaskInstance!
[2025-02-10T09:28:53.053+0000] {deployment_tasks_versioned.py:47} INFO - Workflow started with version: 2.0.0
[2025-02-10T09:28:53.053+0000] {python.py:240} INFO - Done. Returned value was: download_stack_v2.0.0
[2025-02-10T09:28:53.054+0000] {branch.py:38} INFO - Branch into download_stack_v2.0.0
[2025-02-10T09:28:53.054+0000] {skipmixin.py:230} INFO - Following branch ('download_stack_v2.0.0',)
[2025-02-10T09:28:53.067+0000] {skipmixin.py:278} INFO - Skipping tasks [('download_stack_v1.0.0', -1)]
[2025-02-10T09:28:53.092+0000] {taskinstance.py:340} INFO - ::group::Post task execution logs
[2025-02-10T09:28:53.093+0000] {taskinstance.py:352} INFO - Marking task as SUCCESS. dag_id=cluster_deployment_versioned, task_id=branch_decision, run_id=manual__2025-02-10T11:28:19+02:00, execution_date=20250210T092819, start_date=20250210T092852, end_date=20250210T092853
[2025-02-10T09:28:53.099+0000] {logging_mixin.py:190} INFO - Task instance in success state
[2025-02-10T09:28:53.099+0000] {logging_mixin.py:190} INFO -  Previous state of the Task instance: running
[2025-02-10T09:28:53.099+0000] {logging_mixin.py:190} INFO - Dag name:cluster_deployment_versioned queued_at:2025-02-10 09:28:43.369168+00:00
[2025-02-10T09:28:53.100+0000] {logging_mixin.py:190} INFO - Task hostname:1999c8c59930 operator:BranchPythonOperator
[2025-02-10T09:28:53.115+0000] {local_task_job_runner.py:266} INFO - Task exited with return code 0
[2025-02-10T09:28:53.163+0000] {taskinstance.py:3895} INFO - 1 downstream tasks scheduled from follow-on schedule check
[2025-02-10T09:28:53.165+0000] {local_task_job_runner.py:245} INFO - ::endgroup::
