[2025-02-07T14:53:10.626+0000] {local_task_job_runner.py:123} INFO - ::group::Pre task execution logs
[2025-02-07T14:53:10.636+0000] {taskinstance.py:2613} INFO - Dependencies all met for dep_context=non-requeueable deps ti=<TaskInstance: cluster_deployment_versioned.deploy_stack manual__2025-02-07T14:49:35.468009+00:00 [queued]>
[2025-02-07T14:53:10.641+0000] {taskinstance.py:2613} INFO - Dependencies all met for dep_context=requeueable deps ti=<TaskInstance: cluster_deployment_versioned.deploy_stack manual__2025-02-07T14:49:35.468009+00:00 [queued]>
[2025-02-07T14:53:10.641+0000] {taskinstance.py:2866} INFO - Starting attempt 1 of 2
[2025-02-07T14:53:10.648+0000] {taskinstance.py:2889} INFO - Executing <Task(PythonOperator): deploy_stack> on 2025-02-07 14:49:35.468009+00:00
[2025-02-07T14:53:10.653+0000] {warnings.py:112} WARNING - /home/***/.local/lib/python3.12/site-packages/***/task/task_runner/standard_task_runner.py:70: DeprecationWarning: This process (pid=577) is multi-threaded, use of fork() may lead to deadlocks in the child.
  pid = os.fork()

[2025-02-07T14:53:10.654+0000] {standard_task_runner.py:72} INFO - Started process 578 to run task
[2025-02-07T14:53:10.655+0000] {standard_task_runner.py:104} INFO - Running: ['***', 'tasks', 'run', 'cluster_deployment_versioned', 'deploy_stack', 'manual__2025-02-07T14:49:35.468009+00:00', '--job-id', '235', '--raw', '--subdir', 'DAGS_FOLDER/cluster_deployment_versioned.py', '--cfg-path', '/tmp/tmps24uqmo_']
[2025-02-07T14:53:10.656+0000] {standard_task_runner.py:105} INFO - Job 235: Subtask deploy_stack
[2025-02-07T14:53:10.688+0000] {task_command.py:467} INFO - Running <TaskInstance: cluster_deployment_versioned.deploy_stack manual__2025-02-07T14:49:35.468009+00:00 [running]> on host 35f5723d0861
[2025-02-07T14:53:10.729+0000] {taskinstance.py:3132} INFO - Exporting env vars: AIRFLOW_CTX_DAG_OWNER='***' AIRFLOW_CTX_DAG_ID='cluster_deployment_versioned' AIRFLOW_CTX_TASK_ID='deploy_stack' AIRFLOW_CTX_EXECUTION_DATE='2025-02-07T14:49:35.468009+00:00' AIRFLOW_CTX_TRY_NUMBER='1' AIRFLOW_CTX_DAG_RUN_ID='manual__2025-02-07T14:49:35.468009+00:00'
[2025-02-07T14:53:10.730+0000] {logging_mixin.py:190} INFO - Task instance is in running state
[2025-02-07T14:53:10.731+0000] {logging_mixin.py:190} INFO -  Previous state of the Task instance: queued
[2025-02-07T14:53:10.731+0000] {logging_mixin.py:190} INFO - Current task name:deploy_stack state:running start_date:2025-02-07 14:53:10.636866+00:00
[2025-02-07T14:53:10.731+0000] {logging_mixin.py:190} INFO - Dag name:cluster_deployment_versioned and current dag run status:running
[2025-02-07T14:53:10.732+0000] {taskinstance.py:731} INFO - ::endgroup::
[2025-02-07T14:53:10.732+0000] {logging_mixin.py:190} INFO - Deploying the stack...
[2025-02-07T14:53:20.734+0000] {logging_mixin.py:190} INFO - Stack deployed successfully...
[2025-02-07T14:53:20.739+0000] {python.py:240} INFO - Done. Returned value was: None
[2025-02-07T14:53:20.779+0000] {taskinstance.py:340} INFO - ::group::Post task execution logs
[2025-02-07T14:53:20.781+0000] {taskinstance.py:352} INFO - Marking task as SUCCESS. dag_id=cluster_deployment_versioned, task_id=deploy_stack, run_id=manual__2025-02-07T14:49:35.468009+00:00, execution_date=20250207T144935, start_date=20250207T145310, end_date=20250207T145320
[2025-02-07T14:53:20.800+0000] {logging_mixin.py:190} INFO - Task instance in success state
[2025-02-07T14:53:20.801+0000] {logging_mixin.py:190} INFO -  Previous state of the Task instance: running
[2025-02-07T14:53:20.801+0000] {logging_mixin.py:190} INFO - Dag name:cluster_deployment_versioned queued_at:2025-02-07 14:49:35.479528+00:00
[2025-02-07T14:53:20.802+0000] {logging_mixin.py:190} INFO - Task hostname:35f5723d0861 operator:PythonOperator
[2025-02-07T14:53:20.816+0000] {local_task_job_runner.py:266} INFO - Task exited with return code 0
[2025-02-07T14:53:20.840+0000] {taskinstance.py:3895} INFO - 1 downstream tasks scheduled from follow-on schedule check
[2025-02-07T14:53:20.842+0000] {local_task_job_runner.py:245} INFO - ::endgroup::
