[2025-02-10T07:56:05.213+0000] {local_task_job_runner.py:123} INFO - ::group::Pre task execution logs
[2025-02-10T07:56:05.221+0000] {taskinstance.py:2613} INFO - Dependencies all met for dep_context=non-requeueable deps ti=<TaskInstance: cluster_deployment_versioned.branch_decision manual__2025-02-10T07:55:55.839065+00:00 [queued]>
[2025-02-10T07:56:05.228+0000] {taskinstance.py:2613} INFO - Dependencies all met for dep_context=requeueable deps ti=<TaskInstance: cluster_deployment_versioned.branch_decision manual__2025-02-10T07:55:55.839065+00:00 [queued]>
[2025-02-10T07:56:05.229+0000] {taskinstance.py:2866} INFO - Starting attempt 1 of 1
[2025-02-10T07:56:05.241+0000] {taskinstance.py:2889} INFO - Executing <Task(BranchPythonOperator): branch_decision> on 2025-02-10 07:55:55.839065+00:00
[2025-02-10T07:56:05.252+0000] {warnings.py:112} WARNING - /home/***/.local/lib/python3.12/site-packages/***/task/task_runner/standard_task_runner.py:70: DeprecationWarning: This process (pid=13058) is multi-threaded, use of fork() may lead to deadlocks in the child.
  pid = os.fork()

[2025-02-10T07:56:05.262+0000] {standard_task_runner.py:72} INFO - Started process 13059 to run task
[2025-02-10T07:56:05.262+0000] {standard_task_runner.py:104} INFO - Running: ['***', 'tasks', 'run', 'cluster_deployment_versioned', 'branch_decision', 'manual__2025-02-10T07:55:55.839065+00:00', '--job-id', '417', '--raw', '--subdir', 'DAGS_FOLDER/cluster_deployment_versioned.py', '--cfg-path', '/tmp/tmpeuvtm2af']
[2025-02-10T07:56:05.264+0000] {standard_task_runner.py:105} INFO - Job 417: Subtask branch_decision
[2025-02-10T07:56:05.362+0000] {task_command.py:467} INFO - Running <TaskInstance: cluster_deployment_versioned.branch_decision manual__2025-02-10T07:55:55.839065+00:00 [running]> on host 35f5723d0861
[2025-02-10T07:56:05.424+0000] {taskinstance.py:3132} INFO - Exporting env vars: AIRFLOW_CTX_DAG_OWNER='***' AIRFLOW_CTX_DAG_ID='cluster_deployment_versioned' AIRFLOW_CTX_TASK_ID='branch_decision' AIRFLOW_CTX_EXECUTION_DATE='2025-02-10T07:55:55.839065+00:00' AIRFLOW_CTX_TRY_NUMBER='1' AIRFLOW_CTX_DAG_RUN_ID='manual__2025-02-10T07:55:55.839065+00:00'
[2025-02-10T07:56:05.425+0000] {logging_mixin.py:190} INFO - Task instance is in running state
[2025-02-10T07:56:05.426+0000] {logging_mixin.py:190} INFO -  Previous state of the Task instance: queued
[2025-02-10T07:56:05.426+0000] {logging_mixin.py:190} INFO - Current task name:branch_decision state:running start_date:2025-02-10 07:56:05.222371+00:00
[2025-02-10T07:56:05.426+0000] {logging_mixin.py:190} INFO - Dag name:cluster_deployment_versioned and current dag run status:running
[2025-02-10T07:56:05.427+0000] {taskinstance.py:731} INFO - ::endgroup::
[2025-02-10T07:56:05.428+0000] {baseoperator.py:421} WARNING - BranchPythonOperator.execute cannot be called outside TaskInstance!
[2025-02-10T07:56:05.429+0000] {deployment_tasks_versioned.py:47} INFO - Workflow started with version: 1.0.0
[2025-02-10T07:56:05.430+0000] {python.py:240} INFO - Done. Returned value was: download_stack
[2025-02-10T07:56:05.430+0000] {branch.py:38} INFO - Branch into download_stack
[2025-02-10T07:56:05.431+0000] {skipmixin.py:230} INFO - Following branch ('download_stack',)
[2025-02-10T07:56:05.439+0000] {skipmixin.py:278} INFO - Skipping tasks [('download_stack_new_version', -1)]
[2025-02-10T07:56:05.460+0000] {taskinstance.py:340} INFO - ::group::Post task execution logs
[2025-02-10T07:56:05.461+0000] {taskinstance.py:352} INFO - Marking task as SUCCESS. dag_id=cluster_deployment_versioned, task_id=branch_decision, run_id=manual__2025-02-10T07:55:55.839065+00:00, execution_date=20250210T075555, start_date=20250210T075605, end_date=20250210T075605
[2025-02-10T07:56:05.466+0000] {logging_mixin.py:190} INFO - Task instance in success state
[2025-02-10T07:56:05.466+0000] {logging_mixin.py:190} INFO -  Previous state of the Task instance: running
[2025-02-10T07:56:05.467+0000] {logging_mixin.py:190} INFO - Dag name:cluster_deployment_versioned queued_at:2025-02-10 07:55:55.851477+00:00
[2025-02-10T07:56:05.467+0000] {logging_mixin.py:190} INFO - Task hostname:35f5723d0861 operator:BranchPythonOperator
[2025-02-10T07:56:05.481+0000] {local_task_job_runner.py:266} INFO - Task exited with return code 0
[2025-02-10T07:56:05.506+0000] {taskinstance.py:3895} INFO - 1 downstream tasks scheduled from follow-on schedule check
[2025-02-10T07:56:05.511+0000] {local_task_job_runner.py:245} INFO - ::endgroup::
