[2025-02-07T08:51:36.759+0000] {local_task_job_runner.py:123} INFO - ::group::Pre task execution logs
[2025-02-07T08:51:36.777+0000] {taskinstance.py:2613} INFO - Dependencies all met for dep_context=non-requeueable deps ti=<TaskInstance: cluster_deployment.download_stack manual__2025-02-07T08:51:27.430738+00:00 [queued]>
[2025-02-07T08:51:36.783+0000] {taskinstance.py:2613} INFO - Dependencies all met for dep_context=requeueable deps ti=<TaskInstance: cluster_deployment.download_stack manual__2025-02-07T08:51:27.430738+00:00 [queued]>
[2025-02-07T08:51:36.783+0000] {taskinstance.py:2866} INFO - Starting attempt 1 of 2
[2025-02-07T08:51:36.793+0000] {taskinstance.py:2889} INFO - Executing <Task(PythonVirtualenvOperator): download_stack> on 2025-02-07 08:51:27.430738+00:00
[2025-02-07T08:51:36.798+0000] {warnings.py:112} WARNING - /home/***/.local/lib/python3.12/site-packages/***/task/task_runner/standard_task_runner.py:70: DeprecationWarning: This process (pid=6473) is multi-threaded, use of fork() may lead to deadlocks in the child.
  pid = os.fork()

[2025-02-07T08:51:36.800+0000] {standard_task_runner.py:72} INFO - Started process 6481 to run task
[2025-02-07T08:51:36.801+0000] {standard_task_runner.py:104} INFO - Running: ['***', 'tasks', 'run', 'cluster_deployment', 'download_stack', 'manual__2025-02-07T08:51:27.430738+00:00', '--job-id', '19', '--raw', '--subdir', 'DAGS_FOLDER/cluster_deployment.py', '--cfg-path', '/tmp/tmpx7lsxl_u']
[2025-02-07T08:51:36.802+0000] {standard_task_runner.py:105} INFO - Job 19: Subtask download_stack
[2025-02-07T08:51:36.845+0000] {task_command.py:467} INFO - Running <TaskInstance: cluster_deployment.download_stack manual__2025-02-07T08:51:27.430738+00:00 [running]> on host ***-worker
[2025-02-07T08:51:36.891+0000] {taskinstance.py:3132} INFO - Exporting env vars: AIRFLOW_CTX_DAG_OWNER='***' AIRFLOW_CTX_DAG_ID='cluster_deployment' AIRFLOW_CTX_TASK_ID='download_stack' AIRFLOW_CTX_EXECUTION_DATE='2025-02-07T08:51:27.430738+00:00' AIRFLOW_CTX_TRY_NUMBER='1' AIRFLOW_CTX_DAG_RUN_ID='manual__2025-02-07T08:51:27.430738+00:00'
[2025-02-07T08:51:36.892+0000] {logging_mixin.py:190} INFO - Task instance is in running state
[2025-02-07T08:51:36.893+0000] {logging_mixin.py:190} INFO -  Previous state of the Task instance: queued
[2025-02-07T08:51:36.893+0000] {logging_mixin.py:190} INFO - Current task name:download_stack state:running start_date:2025-02-07 08:51:36.777895+00:00
[2025-02-07T08:51:36.893+0000] {logging_mixin.py:190} INFO - Dag name:cluster_deployment and current dag run status:running
[2025-02-07T08:51:36.893+0000] {taskinstance.py:731} INFO - ::endgroup::
[2025-02-07T08:51:36.893+0000] {baseoperator.py:421} WARNING - PythonVirtualenvOperator.execute cannot be called outside TaskInstance!
[2025-02-07T08:51:36.895+0000] {process_utils.py:186} INFO - Executing cmd: /home/***/.local/bin/python -m virtualenv /tmp/venvsozrm84d --system-site-packages --python=python
[2025-02-07T08:51:36.895+0000] {process_utils.py:190} INFO - Output:
[2025-02-07T08:51:37.410+0000] {process_utils.py:194} INFO - created virtual environment CPython3.12.8.final.0-64 in 144ms
[2025-02-07T08:51:37.411+0000] {process_utils.py:194} INFO -   creator CPython3Posix(dest=/tmp/venvsozrm84d, clear=False, no_vcs_ignore=False, global=True)
[2025-02-07T08:51:37.411+0000] {process_utils.py:194} INFO -   seeder FromAppData(download=False, pip=bundle, via=copy, app_data_dir=/home/***/.local/share/virtualenv)
[2025-02-07T08:51:37.411+0000] {process_utils.py:194} INFO -     added seed packages: pip==24.3.1
[2025-02-07T08:51:37.412+0000] {process_utils.py:194} INFO -   activators BashActivator,CShellActivator,FishActivator,NushellActivator,PowerShellActivator,PythonActivator
[2025-02-07T08:51:37.429+0000] {process_utils.py:186} INFO - Executing cmd: /tmp/venvsozrm84d/bin/pip install -r /tmp/venvsozrm84d/requirements.txt
[2025-02-07T08:51:37.430+0000] {process_utils.py:190} INFO - Output:
[2025-02-07T08:51:38.337+0000] {process_utils.py:194} INFO - Requirement already satisfied: pandas==2.1.4 in /home/***/.local/lib/python3.12/site-packages (from -r /tmp/venvsozrm84d/requirements.txt (line 1)) (2.1.4)
[2025-02-07T08:51:38.341+0000] {process_utils.py:194} INFO - Requirement already satisfied: numpy<2,>=1.26.0 in /home/***/.local/lib/python3.12/site-packages (from pandas==2.1.4->-r /tmp/venvsozrm84d/requirements.txt (line 1)) (1.26.4)
[2025-02-07T08:51:38.342+0000] {process_utils.py:194} INFO - Requirement already satisfied: python-dateutil>=2.8.2 in /home/***/.local/lib/python3.12/site-packages (from pandas==2.1.4->-r /tmp/venvsozrm84d/requirements.txt (line 1)) (2.9.0.post0)
[2025-02-07T08:51:38.342+0000] {process_utils.py:194} INFO - Requirement already satisfied: pytz>=2020.1 in /home/***/.local/lib/python3.12/site-packages (from pandas==2.1.4->-r /tmp/venvsozrm84d/requirements.txt (line 1)) (2024.2)
[2025-02-07T08:51:38.343+0000] {process_utils.py:194} INFO - Requirement already satisfied: tzdata>=2022.1 in /home/***/.local/lib/python3.12/site-packages (from pandas==2.1.4->-r /tmp/venvsozrm84d/requirements.txt (line 1)) (2024.2)
[2025-02-07T08:51:38.344+0000] {process_utils.py:194} INFO - Requirement already satisfied: six>=1.5 in /home/***/.local/lib/python3.12/site-packages (from python-dateutil>=2.8.2->pandas==2.1.4->-r /tmp/venvsozrm84d/requirements.txt (line 1)) (1.17.0)
[2025-02-07T08:51:38.742+0000] {process_utils.py:194} INFO - 
[2025-02-07T08:51:38.743+0000] {process_utils.py:194} INFO - [notice] A new release of pip is available: 24.3.1 -> 25.0
[2025-02-07T08:51:38.744+0000] {process_utils.py:194} INFO - [notice] To update, run: python -m pip install --upgrade pip
[2025-02-07T08:51:38.804+0000] {process_utils.py:186} INFO - Executing cmd: /tmp/venvsozrm84d/bin/python /tmp/venv-callmnse9wq9/script.py /tmp/venv-callmnse9wq9/script.in /tmp/venv-callmnse9wq9/script.out /tmp/venv-callmnse9wq9/string_args.txt /tmp/venv-callmnse9wq9/termination.log
[2025-02-07T08:51:38.805+0000] {process_utils.py:190} INFO - Output:
[2025-02-07T08:51:40.476+0000] {process_utils.py:194} INFO - [2025-02-07T08:51:40.476+0000] {script.py:24} INFO - Starting download stack...
[2025-02-07T08:51:50.500+0000] {process_utils.py:194} INFO - [2025-02-07T08:51:50.496+0000] {script.py:41} INFO - Download stack completed:
[2025-02-07T08:51:50.505+0000] {process_utils.py:194} INFO - Total size: 1200.0MB
[2025-02-07T08:51:50.505+0000] {process_utils.py:194} INFO - Total time: 240s
[2025-02-07T08:51:50.506+0000] {process_utils.py:194} INFO - Download speed: 5.0MB/s
[2025-02-07T08:51:51.015+0000] {python.py:240} INFO - Done. Returned value was: {'stacks': ['baseos', 'gi'], 'total_size_mb': 1200.0, 'total_time_seconds': 240, 'download_speed_mbs': 5.0, 'status': 'success', 'details': [{'stack': 'baseos', 'size_mb': 1000, 'status': 'completed', 'time': 180}, {'stack': 'gi', 'size_mb': 200, 'status': 'completed', 'time': 60}], 'timestamp': '2025-02-07T08:51:50.496451'}
[2025-02-07T08:51:51.048+0000] {taskinstance.py:340} INFO - ::group::Post task execution logs
[2025-02-07T08:51:51.049+0000] {taskinstance.py:352} INFO - Marking task as SUCCESS. dag_id=cluster_deployment, task_id=download_stack, run_id=manual__2025-02-07T08:51:27.430738+00:00, execution_date=20250207T085127, start_date=20250207T085136, end_date=20250207T085151
[2025-02-07T08:51:51.058+0000] {logging_mixin.py:190} INFO - Task instance in success state
[2025-02-07T08:51:51.059+0000] {logging_mixin.py:190} INFO -  Previous state of the Task instance: running
[2025-02-07T08:51:51.059+0000] {logging_mixin.py:190} INFO - Dag name:cluster_deployment queued_at:2025-02-07 08:51:27.471557+00:00
[2025-02-07T08:51:51.060+0000] {logging_mixin.py:190} INFO - Task hostname:***-worker operator:PythonVirtualenvOperator
[2025-02-07T08:51:51.084+0000] {local_task_job_runner.py:266} INFO - Task exited with return code 0
[2025-02-07T08:51:51.121+0000] {taskinstance.py:3895} INFO - 1 downstream tasks scheduled from follow-on schedule check
[2025-02-07T08:51:51.123+0000] {local_task_job_runner.py:245} INFO - ::endgroup::
