[2025-02-11T09:12:10.937+0000] {local_task_job_runner.py:123} INFO - ::group::Pre task execution logs
[2025-02-11T09:12:10.947+0000] {taskinstance.py:2613} INFO - Dependencies all met for dep_context=non-requeueable deps ti=<TaskInstance: api_workflow.fetch_universities manual__2025-02-11T11:11:45+02:00 [queued]>
[2025-02-11T09:12:10.952+0000] {taskinstance.py:2613} INFO - Dependencies all met for dep_context=requeueable deps ti=<TaskInstance: api_workflow.fetch_universities manual__2025-02-11T11:11:45+02:00 [queued]>
[2025-02-11T09:12:10.952+0000] {taskinstance.py:2866} INFO - Starting attempt 1 of 2
[2025-02-11T09:12:10.958+0000] {taskinstance.py:2889} INFO - Executing <Task(BranchPythonOperator): fetch_universities> on 2025-02-11 09:11:45+00:00
[2025-02-11T09:12:10.964+0000] {warnings.py:112} WARNING - /home/***/.local/lib/python3.12/site-packages/***/task/task_runner/standard_task_runner.py:70: DeprecationWarning: This process (pid=15187) is multi-threaded, use of fork() may lead to deadlocks in the child.
  pid = os.fork()

[2025-02-11T09:12:10.965+0000] {standard_task_runner.py:72} INFO - Started process 15188 to run task
[2025-02-11T09:12:10.966+0000] {standard_task_runner.py:104} INFO - Running: ['***', 'tasks', 'run', 'api_workflow', 'fetch_universities', 'manual__2025-02-11T11:11:45+02:00', '--job-id', '642', '--raw', '--subdir', 'DAGS_FOLDER/generate_dags_from_yaml.py', '--cfg-path', '/tmp/tmpk5ch0x83']
[2025-02-11T09:12:10.967+0000] {standard_task_runner.py:105} INFO - Job 642: Subtask fetch_universities
[2025-02-11T09:12:11.012+0000] {task_command.py:467} INFO - Running <TaskInstance: api_workflow.fetch_universities manual__2025-02-11T11:11:45+02:00 [running]> on host 1999c8c59930
[2025-02-11T09:12:11.054+0000] {taskinstance.py:3132} INFO - Exporting env vars: AIRFLOW_CTX_DAG_OWNER='***' AIRFLOW_CTX_DAG_ID='api_workflow' AIRFLOW_CTX_TASK_ID='fetch_universities' AIRFLOW_CTX_EXECUTION_DATE='2025-02-11T09:11:45+00:00' AIRFLOW_CTX_TRY_NUMBER='1' AIRFLOW_CTX_DAG_RUN_ID='manual__2025-02-11T11:11:45+02:00'
[2025-02-11T09:12:11.056+0000] {logging_mixin.py:190} INFO - Task instance is in running state
[2025-02-11T09:12:11.056+0000] {logging_mixin.py:190} INFO -  Previous state of the Task instance: queued
[2025-02-11T09:12:11.056+0000] {logging_mixin.py:190} INFO - Current task name:fetch_universities state:running start_date:2025-02-11 09:12:10.947676+00:00
[2025-02-11T09:12:11.056+0000] {logging_mixin.py:190} INFO - Dag name:api_workflow and current dag run status:running
[2025-02-11T09:12:11.057+0000] {taskinstance.py:731} INFO - ::endgroup::
[2025-02-11T09:12:11.057+0000] {baseoperator.py:421} WARNING - BranchPythonOperator.execute cannot be called outside TaskInstance!
[2025-02-11T09:12:11.058+0000] {api_tasks_for_ymls.py:16} INFO - Making GET request to http://universities.hipolabs.com/search?country=croatia
[2025-02-11T09:12:11.293+0000] {api_tasks_for_ymls.py:23} INFO - Received response: [{'state-province': None, 'alpha_two_code': 'HR', 'country': 'Croatia', 'web_pages': ['http://www.unidu.hr/'], 'domains': ['unidu.hr'], 'name': 'University of Dubrovnik'}, {'state-province': None, 'alpha_two_code': 'HR', 'country': 'Croatia', 'web_pages': ['http://www.unios.hr/'], 'domains': ['unios.hr'], 'name': 'University of Osijek'}, {'state-province': None, 'alpha_two_code': 'HR', 'country': 'Croatia', 'web_pages': ['http://www.unipu.hr/'], 'domains': ['unipu.hr'], 'name': 'University of Pula'}, {'state-province': None, 'alpha_two_code': 'HR', 'country': 'Croatia', 'web_pages': ['http://www.uniri.hr/'], 'domains': ['uniri.hr'], 'name': 'University of Rijeka'}, {'state-province': None, 'alpha_two_code': 'HR', 'country': 'Croatia', 'web_pages': ['http://www.unist.hr/'], 'domains': ['unist.hr'], 'name': 'University of Split'}, {'state-province': None, 'alpha_two_code': 'HR', 'country': 'Croatia', 'web_pages': ['http://www.unizd.hr/'], 'domains': ['unizd.hr'], 'name': 'University of Zadar'}, {'state-province': None, 'alpha_two_code': 'HR', 'country': 'Croatia', 'web_pages': ['http://www.unizg.hr/'], 'domains': ['unizg.hr'], 'name': 'University of Zagreb'}, {'state-province': None, 'alpha_two_code': 'HR', 'country': 'Croatia', 'web_pages': ['http://www.zsem.hr/'], 'domains': ['zsem.hr'], 'name': 'Zagreb School of Economics and Management'}, {'state-province': None, 'alpha_two_code': 'HR', 'country': 'Croatia', 'web_pages': ['http://www.vern.hr/'], 'domains': ['vern.hr'], 'name': "VERN' University of Applied Sciences"}, {'state-province': None, 'alpha_two_code': 'HR', 'country': 'Croatia', 'web_pages': ['http://www.tvz.hr/'], 'domains': ['tvz.hr'], 'name': 'Zagreb University of Applied Sciences'}, {'state-province': None, 'alpha_two_code': 'HR', 'country': 'Croatia', 'web_pages': ['http://www.algebra.hr/'], 'domains': ['algebra.hr'], 'name': 'Algebra University College'}, {'state-province': None, 'alpha_two_code': 'HR', 'country': 'Croatia', 'web_pages': ['http://www.unin.hr/'], 'domains': ['unin.hr'], 'name': 'University North'}]
[2025-02-11T09:12:11.302+0000] {api_tasks_for_ymls.py:37} INFO - Workflow started with version: 2.0.0
[2025-02-11T09:12:11.302+0000] {python.py:240} INFO - Done. Returned value was: save_response_v2
[2025-02-11T09:12:11.303+0000] {branch.py:38} INFO - Branch into save_response_v2
[2025-02-11T09:12:11.303+0000] {skipmixin.py:230} INFO - Following branch ('save_response_v2',)
[2025-02-11T09:12:11.311+0000] {skipmixin.py:278} INFO - Skipping tasks [('save_response_v1', -1)]
[2025-02-11T09:12:11.326+0000] {taskinstance.py:340} INFO - ::group::Post task execution logs
[2025-02-11T09:12:11.327+0000] {taskinstance.py:352} INFO - Marking task as SUCCESS. dag_id=api_workflow, task_id=fetch_universities, run_id=manual__2025-02-11T11:11:45+02:00, execution_date=20250211T091145, start_date=20250211T091210, end_date=20250211T091211
[2025-02-11T09:12:11.335+0000] {logging_mixin.py:190} INFO - Task instance in success state
[2025-02-11T09:12:11.336+0000] {logging_mixin.py:190} INFO -  Previous state of the Task instance: running
[2025-02-11T09:12:11.336+0000] {logging_mixin.py:190} INFO - Dag name:api_workflow queued_at:2025-02-11 09:12:08.472241+00:00
[2025-02-11T09:12:11.336+0000] {logging_mixin.py:190} INFO - Task hostname:1999c8c59930 operator:BranchPythonOperator
[2025-02-11T09:12:11.381+0000] {local_task_job_runner.py:266} INFO - Task exited with return code 0
[2025-02-11T09:12:11.403+0000] {taskinstance.py:3895} INFO - 1 downstream tasks scheduled from follow-on schedule check
[2025-02-11T09:12:11.405+0000] {local_task_job_runner.py:245} INFO - ::endgroup::
