[2025-02-07T14:47:07.382+0000] {local_task_job_runner.py:123} INFO - ::group::Pre task execution logs
[2025-02-07T14:47:07.392+0000] {taskinstance.py:2613} INFO - Dependencies all met for dep_context=non-requeueable deps ti=<TaskInstance: cluster_deployment_versioned.pre_deployment_checks manual__2025-02-07T14:47:06.034920+00:00 [queued]>
[2025-02-07T14:47:07.397+0000] {taskinstance.py:2613} INFO - Dependencies all met for dep_context=requeueable deps ti=<TaskInstance: cluster_deployment_versioned.pre_deployment_checks manual__2025-02-07T14:47:06.034920+00:00 [queued]>
[2025-02-07T14:47:07.397+0000] {taskinstance.py:2866} INFO - Starting attempt 1 of 2
[2025-02-07T14:47:07.405+0000] {taskinstance.py:2889} INFO - Executing <Task(PythonVirtualenvOperator): pre_deployment_checks> on 2025-02-07 14:47:06.034920+00:00
[2025-02-07T14:47:07.409+0000] {warnings.py:112} WARNING - /home/***/.local/lib/python3.12/site-packages/***/task/task_runner/standard_task_runner.py:70: DeprecationWarning: This process (pid=183) is multi-threaded, use of fork() may lead to deadlocks in the child.
  pid = os.fork()

[2025-02-07T14:47:07.410+0000] {standard_task_runner.py:72} INFO - Started process 186 to run task
[2025-02-07T14:47:07.411+0000] {standard_task_runner.py:104} INFO - Running: ['***', 'tasks', 'run', 'cluster_deployment_versioned', 'pre_deployment_checks', 'manual__2025-02-07T14:47:06.034920+00:00', '--job-id', '190', '--raw', '--subdir', 'DAGS_FOLDER/cluster_deployment_versioned.py', '--cfg-path', '/tmp/tmpzom8fxw0']
[2025-02-07T14:47:07.412+0000] {standard_task_runner.py:105} INFO - Job 190: Subtask pre_deployment_checks
[2025-02-07T14:47:07.442+0000] {task_command.py:467} INFO - Running <TaskInstance: cluster_deployment_versioned.pre_deployment_checks manual__2025-02-07T14:47:06.034920+00:00 [running]> on host 35f5723d0861
[2025-02-07T14:47:07.485+0000] {taskinstance.py:3132} INFO - Exporting env vars: AIRFLOW_CTX_DAG_OWNER='***' AIRFLOW_CTX_DAG_ID='cluster_deployment_versioned' AIRFLOW_CTX_TASK_ID='pre_deployment_checks' AIRFLOW_CTX_EXECUTION_DATE='2025-02-07T14:47:06.034920+00:00' AIRFLOW_CTX_TRY_NUMBER='1' AIRFLOW_CTX_DAG_RUN_ID='manual__2025-02-07T14:47:06.034920+00:00'
[2025-02-07T14:47:07.485+0000] {logging_mixin.py:190} INFO - Task instance is in running state
[2025-02-07T14:47:07.487+0000] {logging_mixin.py:190} INFO -  Previous state of the Task instance: queued
[2025-02-07T14:47:07.487+0000] {logging_mixin.py:190} INFO - Current task name:pre_deployment_checks state:running start_date:2025-02-07 14:47:07.392447+00:00
[2025-02-07T14:47:07.487+0000] {logging_mixin.py:190} INFO - Dag name:cluster_deployment_versioned and current dag run status:running
[2025-02-07T14:47:07.487+0000] {taskinstance.py:731} INFO - ::endgroup::
[2025-02-07T14:47:07.488+0000] {baseoperator.py:421} WARNING - PythonVirtualenvOperator.execute cannot be called outside TaskInstance!
[2025-02-07T14:47:07.489+0000] {process_utils.py:186} INFO - Executing cmd: /home/***/.local/bin/python -m virtualenv /tmp/venve3ys_wzr --system-site-packages --python=python
[2025-02-07T14:47:07.490+0000] {process_utils.py:190} INFO - Output:
[2025-02-07T14:47:08.240+0000] {process_utils.py:194} INFO - created virtual environment CPython3.12.8.final.0-64 in 219ms
[2025-02-07T14:47:08.241+0000] {process_utils.py:194} INFO -   creator CPython3Posix(dest=/tmp/venve3ys_wzr, clear=False, no_vcs_ignore=False, global=True)
[2025-02-07T14:47:08.242+0000] {process_utils.py:194} INFO -   seeder FromAppData(download=False, pip=bundle, via=copy, app_data_dir=/home/***/.local/share/virtualenv)
[2025-02-07T14:47:08.242+0000] {process_utils.py:194} INFO -     added seed packages: pip==24.3.1
[2025-02-07T14:47:08.243+0000] {process_utils.py:194} INFO -   activators BashActivator,CShellActivator,FishActivator,NushellActivator,PowerShellActivator,PythonActivator
[2025-02-07T14:47:08.272+0000] {process_utils.py:186} INFO - Executing cmd: /tmp/venve3ys_wzr/bin/pip install -r /tmp/venve3ys_wzr/requirements.txt
[2025-02-07T14:47:08.276+0000] {process_utils.py:190} INFO - Output:
[2025-02-07T14:47:09.546+0000] {process_utils.py:194} INFO - Requirement already satisfied: pandas==2.1.4 in /home/***/.local/lib/python3.12/site-packages (from -r /tmp/venve3ys_wzr/requirements.txt (line 1)) (2.1.4)
[2025-02-07T14:47:09.548+0000] {process_utils.py:194} INFO - Requirement already satisfied: numpy<2,>=1.26.0 in /home/***/.local/lib/python3.12/site-packages (from pandas==2.1.4->-r /tmp/venve3ys_wzr/requirements.txt (line 1)) (1.26.4)
[2025-02-07T14:47:09.548+0000] {process_utils.py:194} INFO - Requirement already satisfied: python-dateutil>=2.8.2 in /home/***/.local/lib/python3.12/site-packages (from pandas==2.1.4->-r /tmp/venve3ys_wzr/requirements.txt (line 1)) (2.9.0.post0)
[2025-02-07T14:47:09.549+0000] {process_utils.py:194} INFO - Requirement already satisfied: pytz>=2020.1 in /home/***/.local/lib/python3.12/site-packages (from pandas==2.1.4->-r /tmp/venve3ys_wzr/requirements.txt (line 1)) (2024.2)
[2025-02-07T14:47:09.549+0000] {process_utils.py:194} INFO - Requirement already satisfied: tzdata>=2022.1 in /home/***/.local/lib/python3.12/site-packages (from pandas==2.1.4->-r /tmp/venve3ys_wzr/requirements.txt (line 1)) (2024.2)
[2025-02-07T14:47:09.550+0000] {process_utils.py:194} INFO - Requirement already satisfied: six>=1.5 in /home/***/.local/lib/python3.12/site-packages (from python-dateutil>=2.8.2->pandas==2.1.4->-r /tmp/venve3ys_wzr/requirements.txt (line 1)) (1.17.0)
[2025-02-07T14:47:10.126+0000] {process_utils.py:194} INFO - 
[2025-02-07T14:47:10.127+0000] {process_utils.py:194} INFO - [notice] A new release of pip is available: 24.3.1 -> 25.0
[2025-02-07T14:47:10.128+0000] {process_utils.py:194} INFO - [notice] To update, run: python -m pip install --upgrade pip
[2025-02-07T14:47:10.301+0000] {process_utils.py:186} INFO - Executing cmd: /tmp/venve3ys_wzr/bin/python /tmp/venv-callg5wk_xys/script.py /tmp/venv-callg5wk_xys/script.in /tmp/venv-callg5wk_xys/script.out /tmp/venv-callg5wk_xys/string_args.txt /tmp/venv-callg5wk_xys/termination.log
[2025-02-07T14:47:10.306+0000] {process_utils.py:190} INFO - Output:
[2025-02-07T14:47:12.895+0000] {process_utils.py:194} INFO - [2025-02-07T14:47:12.894+0000] {script.py:23} INFO - Starting pre-deployment checks...
[2025-02-07T14:47:12.899+0000] {process_utils.py:194} INFO - [2025-02-07T14:47:12.897+0000] {script.py:38} INFO - Pre-deployment checks completed
[2025-02-07T14:47:13.467+0000] {python.py:240} INFO - Done. Returned value was: {'services_status': {'running': 4}, 'deployment_ready': True, 'timestamp': '2025-02-07T14:47:12.897352'}
[2025-02-07T14:47:13.527+0000] {taskinstance.py:340} INFO - ::group::Post task execution logs
[2025-02-07T14:47:13.528+0000] {taskinstance.py:352} INFO - Marking task as SUCCESS. dag_id=cluster_deployment_versioned, task_id=pre_deployment_checks, run_id=manual__2025-02-07T14:47:06.034920+00:00, execution_date=20250207T144706, start_date=20250207T144707, end_date=20250207T144713
[2025-02-07T14:47:13.537+0000] {logging_mixin.py:190} INFO - Task instance in success state
[2025-02-07T14:47:13.540+0000] {logging_mixin.py:190} INFO -  Previous state of the Task instance: running
[2025-02-07T14:47:13.540+0000] {logging_mixin.py:190} INFO - Dag name:cluster_deployment_versioned queued_at:2025-02-07 14:47:06.045914+00:00
[2025-02-07T14:47:13.540+0000] {logging_mixin.py:190} INFO - Task hostname:35f5723d0861 operator:PythonVirtualenvOperator
[2025-02-07T14:47:13.557+0000] {local_task_job_runner.py:266} INFO - Task exited with return code 0
[2025-02-07T14:47:13.602+0000] {taskinstance.py:3895} INFO - 1 downstream tasks scheduled from follow-on schedule check
[2025-02-07T14:47:13.604+0000] {local_task_job_runner.py:245} INFO - ::endgroup::
