[2025-02-06T13:45:05.531+0000] {local_task_job_runner.py:123} INFO - ::group::Pre task execution logs
[2025-02-06T13:45:05.545+0000] {taskinstance.py:2613} INFO - Dependencies all met for dep_context=non-requeueable deps ti=<TaskInstance: demo_1st_scenario.wait_for_signal manual__2025-02-06T13:44:33.573035+00:00 [queued]>
[2025-02-06T13:45:05.553+0000] {taskinstance.py:2613} INFO - Dependencies all met for dep_context=requeueable deps ti=<TaskInstance: demo_1st_scenario.wait_for_signal manual__2025-02-06T13:44:33.573035+00:00 [queued]>
[2025-02-06T13:45:05.554+0000] {taskinstance.py:2866} INFO - Starting attempt 1 of 2
[2025-02-06T13:45:05.566+0000] {taskinstance.py:2889} INFO - Executing <Task(ExternalTaskSensor): wait_for_signal> on 2025-02-06 13:44:33.573035+00:00
[2025-02-06T13:45:05.596+0000] {warnings.py:112} WARNING - /home/***/.local/lib/python3.12/site-packages/***/task/task_runner/standard_task_runner.py:70: DeprecationWarning: This process (pid=3065) is multi-threaded, use of fork() may lead to deadlocks in the child.
  pid = os.fork()

[2025-02-06T13:45:05.598+0000] {standard_task_runner.py:72} INFO - Started process 3066 to run task
[2025-02-06T13:45:05.598+0000] {standard_task_runner.py:104} INFO - Running: ['***', 'tasks', 'run', 'demo_1st_scenario', 'wait_for_signal', 'manual__2025-02-06T13:44:33.573035+00:00', '--job-id', '38', '--raw', '--subdir', 'DAGS_FOLDER/demo_1st_scenario.py', '--cfg-path', '/tmp/tmp72chg1u1']
[2025-02-06T13:45:05.599+0000] {standard_task_runner.py:105} INFO - Job 38: Subtask wait_for_signal
[2025-02-06T13:45:05.657+0000] {task_command.py:467} INFO - Running <TaskInstance: demo_1st_scenario.wait_for_signal manual__2025-02-06T13:44:33.573035+00:00 [running]> on host ***-worker-1
[2025-02-06T13:45:05.745+0000] {taskinstance.py:3132} INFO - Exporting env vars: AIRFLOW_CTX_DAG_OWNER='***' AIRFLOW_CTX_DAG_ID='demo_1st_scenario' AIRFLOW_CTX_TASK_ID='wait_for_signal' AIRFLOW_CTX_EXECUTION_DATE='2025-02-06T13:44:33.573035+00:00' AIRFLOW_CTX_TRY_NUMBER='1' AIRFLOW_CTX_DAG_RUN_ID='manual__2025-02-06T13:44:33.573035+00:00'
[2025-02-06T13:45:05.751+0000] {logging_mixin.py:190} INFO - Task instance is in running state
[2025-02-06T13:45:05.752+0000] {logging_mixin.py:190} INFO -  Previous state of the Task instance: queued
[2025-02-06T13:45:05.753+0000] {logging_mixin.py:190} INFO - Current task name:wait_for_signal state:running start_date:2025-02-06 13:45:05.546346+00:00
[2025-02-06T13:45:05.753+0000] {logging_mixin.py:190} INFO - Dag name:demo_1st_scenario and current dag run status:running
[2025-02-06T13:45:05.754+0000] {taskinstance.py:731} INFO - ::endgroup::
[2025-02-06T13:45:05.754+0000] {baseoperator.py:421} WARNING - ExternalTaskSensor.execute cannot be called outside TaskInstance!
[2025-02-06T13:45:05.773+0000] {external_task.py:258} INFO - Poking for tasks ['send_signal'] in dag signal_dag on 2025-02-06T13:44:34.573035+00:00 ... 
[2025-02-06T13:45:05.774+0000] {warnings.py:112} WARNING - /home/***/.local/lib/python3.12/site-packages/***/utils/session.py:97: DeprecationWarning: This method is deprecated and will be removed in future.
  return func(*args, session=session, **kwargs)

[2025-02-06T13:45:05.807+0000] {taskinstance.py:309} INFO - Rescheduling task, marking task as UP_FOR_RESCHEDULE
[2025-02-06T13:45:05.807+0000] {taskinstance.py:340} INFO - ::group::Post task execution logs
[2025-02-06T13:45:05.855+0000] {local_task_job_runner.py:266} INFO - Task exited with return code 0
[2025-02-06T13:45:05.886+0000] {taskinstance.py:3895} INFO - 0 downstream tasks scheduled from follow-on schedule check
[2025-02-06T13:45:05.887+0000] {local_task_job_runner.py:245} INFO - ::endgroup::
[2025-02-06T13:46:08.071+0000] {local_task_job_runner.py:123} INFO - ::group::Pre task execution logs
[2025-02-06T13:46:08.083+0000] {taskinstance.py:2613} INFO - Dependencies all met for dep_context=non-requeueable deps ti=<TaskInstance: demo_1st_scenario.wait_for_signal manual__2025-02-06T13:44:33.573035+00:00 [queued]>
[2025-02-06T13:46:08.090+0000] {taskinstance.py:2613} INFO - Dependencies all met for dep_context=requeueable deps ti=<TaskInstance: demo_1st_scenario.wait_for_signal manual__2025-02-06T13:44:33.573035+00:00 [queued]>
[2025-02-06T13:46:08.092+0000] {taskinstance.py:2866} INFO - Starting attempt 1 of 2
[2025-02-06T13:46:08.102+0000] {taskinstance.py:2889} INFO - Executing <Task(ExternalTaskSensor): wait_for_signal> on 2025-02-06 13:44:33.573035+00:00
[2025-02-06T13:46:08.112+0000] {warnings.py:112} WARNING - /home/***/.local/lib/python3.12/site-packages/***/task/task_runner/standard_task_runner.py:70: DeprecationWarning: This process (pid=3074) is multi-threaded, use of fork() may lead to deadlocks in the child.
  pid = os.fork()

[2025-02-06T13:46:08.115+0000] {standard_task_runner.py:104} INFO - Running: ['***', 'tasks', 'run', 'demo_1st_scenario', 'wait_for_signal', 'manual__2025-02-06T13:44:33.573035+00:00', '--job-id', '39', '--raw', '--subdir', 'DAGS_FOLDER/demo_1st_scenario.py', '--cfg-path', '/tmp/tmpma8r_vtd']
[2025-02-06T13:46:08.117+0000] {standard_task_runner.py:72} INFO - Started process 3075 to run task
[2025-02-06T13:46:08.118+0000] {standard_task_runner.py:105} INFO - Job 39: Subtask wait_for_signal
[2025-02-06T13:46:08.226+0000] {task_command.py:467} INFO - Running <TaskInstance: demo_1st_scenario.wait_for_signal manual__2025-02-06T13:44:33.573035+00:00 [running]> on host ***-worker-2
[2025-02-06T13:46:08.344+0000] {taskinstance.py:3132} INFO - Exporting env vars: AIRFLOW_CTX_DAG_OWNER='***' AIRFLOW_CTX_DAG_ID='demo_1st_scenario' AIRFLOW_CTX_TASK_ID='wait_for_signal' AIRFLOW_CTX_EXECUTION_DATE='2025-02-06T13:44:33.573035+00:00' AIRFLOW_CTX_TRY_NUMBER='1' AIRFLOW_CTX_DAG_RUN_ID='manual__2025-02-06T13:44:33.573035+00:00'
[2025-02-06T13:46:08.350+0000] {logging_mixin.py:190} INFO - Task instance is in running state
[2025-02-06T13:46:08.350+0000] {logging_mixin.py:190} INFO -  Previous state of the Task instance: queued
[2025-02-06T13:46:08.351+0000] {logging_mixin.py:190} INFO - Current task name:wait_for_signal state:running start_date:2025-02-06 13:46:08.083400+00:00
[2025-02-06T13:46:08.352+0000] {logging_mixin.py:190} INFO - Dag name:demo_1st_scenario and current dag run status:running
[2025-02-06T13:46:08.353+0000] {taskinstance.py:731} INFO - ::endgroup::
[2025-02-06T13:46:08.354+0000] {baseoperator.py:421} WARNING - ExternalTaskSensor.execute cannot be called outside TaskInstance!
[2025-02-06T13:46:08.385+0000] {external_task.py:258} INFO - Poking for tasks ['send_signal'] in dag signal_dag on 2025-02-06T13:44:34.573035+00:00 ... 
[2025-02-06T13:46:08.387+0000] {warnings.py:112} WARNING - /home/***/.local/lib/python3.12/site-packages/***/utils/session.py:97: DeprecationWarning: This method is deprecated and will be removed in future.
  return func(*args, session=session, **kwargs)

[2025-02-06T13:46:08.449+0000] {taskinstance.py:309} INFO - Rescheduling task, marking task as UP_FOR_RESCHEDULE
[2025-02-06T13:46:08.450+0000] {taskinstance.py:340} INFO - ::group::Post task execution logs
[2025-02-06T13:46:08.465+0000] {local_task_job_runner.py:266} INFO - Task exited with return code 0
[2025-02-06T13:46:08.489+0000] {taskinstance.py:3895} INFO - 0 downstream tasks scheduled from follow-on schedule check
[2025-02-06T13:46:08.490+0000] {local_task_job_runner.py:245} INFO - ::endgroup::
[2025-02-06T13:47:10.643+0000] {local_task_job_runner.py:123} INFO - ::group::Pre task execution logs
[2025-02-06T13:47:10.652+0000] {taskinstance.py:2613} INFO - Dependencies all met for dep_context=non-requeueable deps ti=<TaskInstance: demo_1st_scenario.wait_for_signal manual__2025-02-06T13:44:33.573035+00:00 [queued]>
[2025-02-06T13:47:10.658+0000] {taskinstance.py:2613} INFO - Dependencies all met for dep_context=requeueable deps ti=<TaskInstance: demo_1st_scenario.wait_for_signal manual__2025-02-06T13:44:33.573035+00:00 [queued]>
[2025-02-06T13:47:10.658+0000] {taskinstance.py:2866} INFO - Starting attempt 1 of 2
[2025-02-06T13:47:10.667+0000] {taskinstance.py:2889} INFO - Executing <Task(ExternalTaskSensor): wait_for_signal> on 2025-02-06 13:44:33.573035+00:00
[2025-02-06T13:47:10.672+0000] {warnings.py:112} WARNING - /home/***/.local/lib/python3.12/site-packages/***/task/task_runner/standard_task_runner.py:70: DeprecationWarning: This process (pid=3090) is multi-threaded, use of fork() may lead to deadlocks in the child.
  pid = os.fork()

[2025-02-06T13:47:10.674+0000] {standard_task_runner.py:72} INFO - Started process 3091 to run task
[2025-02-06T13:47:10.674+0000] {standard_task_runner.py:104} INFO - Running: ['***', 'tasks', 'run', 'demo_1st_scenario', 'wait_for_signal', 'manual__2025-02-06T13:44:33.573035+00:00', '--job-id', '41', '--raw', '--subdir', 'DAGS_FOLDER/demo_1st_scenario.py', '--cfg-path', '/tmp/tmpyc1o2zvu']
[2025-02-06T13:47:10.676+0000] {standard_task_runner.py:105} INFO - Job 41: Subtask wait_for_signal
[2025-02-06T13:47:10.710+0000] {task_command.py:467} INFO - Running <TaskInstance: demo_1st_scenario.wait_for_signal manual__2025-02-06T13:44:33.573035+00:00 [running]> on host ***-worker-2
[2025-02-06T13:47:10.755+0000] {taskinstance.py:3132} INFO - Exporting env vars: AIRFLOW_CTX_DAG_OWNER='***' AIRFLOW_CTX_DAG_ID='demo_1st_scenario' AIRFLOW_CTX_TASK_ID='wait_for_signal' AIRFLOW_CTX_EXECUTION_DATE='2025-02-06T13:44:33.573035+00:00' AIRFLOW_CTX_TRY_NUMBER='1' AIRFLOW_CTX_DAG_RUN_ID='manual__2025-02-06T13:44:33.573035+00:00'
[2025-02-06T13:47:10.756+0000] {logging_mixin.py:190} INFO - Task instance is in running state
[2025-02-06T13:47:10.757+0000] {logging_mixin.py:190} INFO -  Previous state of the Task instance: queued
[2025-02-06T13:47:10.757+0000] {logging_mixin.py:190} INFO - Current task name:wait_for_signal state:running start_date:2025-02-06 13:47:10.653213+00:00
[2025-02-06T13:47:10.758+0000] {logging_mixin.py:190} INFO - Dag name:demo_1st_scenario and current dag run status:running
[2025-02-06T13:47:10.758+0000] {taskinstance.py:731} INFO - ::endgroup::
[2025-02-06T13:47:10.759+0000] {baseoperator.py:421} WARNING - ExternalTaskSensor.execute cannot be called outside TaskInstance!
[2025-02-06T13:47:10.770+0000] {external_task.py:258} INFO - Poking for tasks ['send_signal'] in dag signal_dag on 2025-02-06T13:46:27.864664+00:00 ... 
[2025-02-06T13:47:10.771+0000] {warnings.py:112} WARNING - /home/***/.local/lib/python3.12/site-packages/***/utils/session.py:97: DeprecationWarning: This method is deprecated and will be removed in future.
  return func(*args, session=session, **kwargs)

[2025-02-06T13:47:10.778+0000] {base.py:336} INFO - Success criteria met. Exiting.
[2025-02-06T13:47:10.784+0000] {taskinstance.py:340} INFO - ::group::Post task execution logs
[2025-02-06T13:47:10.785+0000] {taskinstance.py:352} INFO - Marking task as SUCCESS. dag_id=demo_1st_scenario, task_id=wait_for_signal, run_id=manual__2025-02-06T13:44:33.573035+00:00, execution_date=20250206T134433, start_date=20250206T134710, end_date=20250206T134710
[2025-02-06T13:47:10.790+0000] {logging_mixin.py:190} INFO - Task instance in success state
[2025-02-06T13:47:10.791+0000] {logging_mixin.py:190} INFO -  Previous state of the Task instance: running
[2025-02-06T13:47:10.791+0000] {logging_mixin.py:190} INFO - Dag name:demo_1st_scenario queued_at:2025-02-06 13:44:33.610544+00:00
[2025-02-06T13:47:10.791+0000] {logging_mixin.py:190} INFO - Task hostname:***-worker-2 operator:ExternalTaskSensor
[2025-02-06T13:47:10.808+0000] {local_task_job_runner.py:266} INFO - Task exited with return code 0
[2025-02-06T13:47:10.826+0000] {taskinstance.py:3895} INFO - 1 downstream tasks scheduled from follow-on schedule check
[2025-02-06T13:47:10.828+0000] {local_task_job_runner.py:245} INFO - ::endgroup::
