[2025-02-06T09:35:18.212+0000] {local_task_job_runner.py:123} INFO - ::group::Pre task execution logs
[2025-02-06T09:35:18.221+0000] {taskinstance.py:2613} INFO - Dependencies all met for dep_context=non-requeueable deps ti=<TaskInstance: multiple_conditions_workflow.start_task manual__2025-02-06T09:35:16.028635+00:00 [queued]>
[2025-02-06T09:35:18.226+0000] {taskinstance.py:2613} INFO - Dependencies all met for dep_context=requeueable deps ti=<TaskInstance: multiple_conditions_workflow.start_task manual__2025-02-06T09:35:16.028635+00:00 [queued]>
[2025-02-06T09:35:18.226+0000] {taskinstance.py:2866} INFO - Starting attempt 1 of 2
[2025-02-06T09:35:18.235+0000] {taskinstance.py:2889} INFO - Executing <Task(PythonOperator): start_task> on 2025-02-06 09:35:16.028635+00:00
[2025-02-06T09:35:18.242+0000] {warnings.py:112} WARNING - /home/***/.local/lib/python3.12/site-packages/***/task/task_runner/standard_task_runner.py:70: DeprecationWarning: This process (pid=151) is multi-threaded, use of fork() may lead to deadlocks in the child.
  pid = os.fork()

[2025-02-06T09:35:18.248+0000] {standard_task_runner.py:104} INFO - Running: ['***', 'tasks', 'run', 'multiple_conditions_workflow', 'start_task', 'manual__2025-02-06T09:35:16.028635+00:00', '--job-id', '5', '--raw', '--subdir', 'DAGS_FOLDER/multiple_conditions_workflow.py', '--cfg-path', '/tmp/tmpdn3gssbo']
[2025-02-06T09:35:18.251+0000] {standard_task_runner.py:72} INFO - Started process 152 to run task
[2025-02-06T09:35:18.251+0000] {standard_task_runner.py:105} INFO - Job 5: Subtask start_task
[2025-02-06T09:35:18.394+0000] {task_command.py:467} INFO - Running <TaskInstance: multiple_conditions_workflow.start_task manual__2025-02-06T09:35:16.028635+00:00 [running]> on host ***-worker-2
[2025-02-06T09:35:18.477+0000] {taskinstance.py:3132} INFO - Exporting env vars: AIRFLOW_CTX_DAG_OWNER='***' AIRFLOW_CTX_DAG_ID='multiple_conditions_workflow' AIRFLOW_CTX_TASK_ID='start_task' AIRFLOW_CTX_EXECUTION_DATE='2025-02-06T09:35:16.028635+00:00' AIRFLOW_CTX_TRY_NUMBER='1' AIRFLOW_CTX_DAG_RUN_ID='manual__2025-02-06T09:35:16.028635+00:00'
[2025-02-06T09:35:18.480+0000] {logging_mixin.py:190} INFO - Task instance is in running state
[2025-02-06T09:35:18.481+0000] {logging_mixin.py:190} INFO -  Previous state of the Task instance: queued
[2025-02-06T09:35:18.481+0000] {logging_mixin.py:190} INFO - Current task name:start_task state:running start_date:2025-02-06 09:35:18.221897+00:00
[2025-02-06T09:35:18.481+0000] {logging_mixin.py:190} INFO - Dag name:multiple_conditions_workflow and current dag run status:running
[2025-02-06T09:35:18.482+0000] {taskinstance.py:731} INFO - ::endgroup::
[2025-02-06T09:35:18.483+0000] {multiple_conditions_workflow_tasks.py:4} INFO - Workflow has started.
[2025-02-06T09:35:18.483+0000] {python.py:240} INFO - Done. Returned value was: None
[2025-02-06T09:35:18.496+0000] {taskinstance.py:340} INFO - ::group::Post task execution logs
[2025-02-06T09:35:18.497+0000] {taskinstance.py:352} INFO - Marking task as SUCCESS. dag_id=multiple_conditions_workflow, task_id=start_task, run_id=manual__2025-02-06T09:35:16.028635+00:00, execution_date=20250206T093516, start_date=20250206T093518, end_date=20250206T093518
[2025-02-06T09:35:18.502+0000] {logging_mixin.py:190} INFO - Task instance in success state
[2025-02-06T09:35:18.503+0000] {logging_mixin.py:190} INFO -  Previous state of the Task instance: running
[2025-02-06T09:35:18.503+0000] {logging_mixin.py:190} INFO - Dag name:multiple_conditions_workflow queued_at:2025-02-06 09:35:16.041264+00:00
[2025-02-06T09:35:18.504+0000] {logging_mixin.py:190} INFO - Task hostname:***-worker-2 operator:PythonOperator
[2025-02-06T09:35:18.551+0000] {local_task_job_runner.py:266} INFO - Task exited with return code 0
[2025-02-06T09:35:18.568+0000] {taskinstance.py:3895} INFO - 1 downstream tasks scheduled from follow-on schedule check
[2025-02-06T09:35:18.570+0000] {local_task_job_runner.py:245} INFO - ::endgroup::
