[2025-02-10T09:25:31.600+0000] {local_task_job_runner.py:123} INFO - ::group::Pre task execution logs
[2025-02-10T09:25:31.610+0000] {taskinstance.py:2613} INFO - Dependencies all met for dep_context=non-requeueable deps ti=<TaskInstance: cluster_deployment_versioned.run_pre_check manual__2025-02-10T09:25:01.240093+00:00 [queued]>
[2025-02-10T09:25:31.614+0000] {taskinstance.py:2613} INFO - Dependencies all met for dep_context=requeueable deps ti=<TaskInstance: cluster_deployment_versioned.run_pre_check manual__2025-02-10T09:25:01.240093+00:00 [queued]>
[2025-02-10T09:25:31.614+0000] {taskinstance.py:2866} INFO - Starting attempt 1 of 2
[2025-02-10T09:25:31.621+0000] {taskinstance.py:2889} INFO - Executing <Task(PythonVirtualenvOperator): run_pre_check> on 2025-02-10 09:25:01.240093+00:00
[2025-02-10T09:25:31.629+0000] {warnings.py:112} WARNING - /home/***/.local/lib/python3.12/site-packages/***/task/task_runner/standard_task_runner.py:70: DeprecationWarning: This process (pid=14439) is multi-threaded, use of fork() may lead to deadlocks in the child.
  pid = os.fork()

[2025-02-10T09:25:31.630+0000] {standard_task_runner.py:72} INFO - Started process 14440 to run task
[2025-02-10T09:25:31.632+0000] {standard_task_runner.py:104} INFO - Running: ['***', 'tasks', 'run', 'cluster_deployment_versioned', 'run_pre_check', 'manual__2025-02-10T09:25:01.240093+00:00', '--job-id', '530', '--raw', '--subdir', 'DAGS_FOLDER/cluster_deployment_versioned.py', '--cfg-path', '/tmp/tmp66zf00do']
[2025-02-10T09:25:31.634+0000] {standard_task_runner.py:105} INFO - Job 530: Subtask run_pre_check
[2025-02-10T09:25:31.670+0000] {task_command.py:467} INFO - Running <TaskInstance: cluster_deployment_versioned.run_pre_check manual__2025-02-10T09:25:01.240093+00:00 [running]> on host fbc98e9fe6bb
[2025-02-10T09:25:31.736+0000] {taskinstance.py:3132} INFO - Exporting env vars: AIRFLOW_CTX_DAG_OWNER='***' AIRFLOW_CTX_DAG_ID='cluster_deployment_versioned' AIRFLOW_CTX_TASK_ID='run_pre_check' AIRFLOW_CTX_EXECUTION_DATE='2025-02-10T09:25:01.240093+00:00' AIRFLOW_CTX_TRY_NUMBER='1' AIRFLOW_CTX_DAG_RUN_ID='manual__2025-02-10T09:25:01.240093+00:00'
[2025-02-10T09:25:31.737+0000] {logging_mixin.py:190} INFO - Task instance is in running state
[2025-02-10T09:25:31.738+0000] {logging_mixin.py:190} INFO -  Previous state of the Task instance: queued
[2025-02-10T09:25:31.738+0000] {logging_mixin.py:190} INFO - Current task name:run_pre_check state:running start_date:2025-02-10 09:25:31.610359+00:00
[2025-02-10T09:25:31.738+0000] {logging_mixin.py:190} INFO - Dag name:cluster_deployment_versioned and current dag run status:running
[2025-02-10T09:25:31.738+0000] {taskinstance.py:731} INFO - ::endgroup::
[2025-02-10T09:25:31.739+0000] {baseoperator.py:421} WARNING - PythonVirtualenvOperator.execute cannot be called outside TaskInstance!
[2025-02-10T09:25:31.740+0000] {process_utils.py:186} INFO - Executing cmd: /home/***/.local/bin/python -m virtualenv /tmp/venv9clcn0mn --system-site-packages --python=python
[2025-02-10T09:25:31.741+0000] {process_utils.py:190} INFO - Output:
[2025-02-10T09:25:32.361+0000] {process_utils.py:194} INFO - created virtual environment CPython3.12.8.final.0-64 in 223ms
[2025-02-10T09:25:32.363+0000] {process_utils.py:194} INFO -   creator CPython3Posix(dest=/tmp/venv9clcn0mn, clear=False, no_vcs_ignore=False, global=True)
[2025-02-10T09:25:32.364+0000] {process_utils.py:194} INFO -   seeder FromAppData(download=False, pip=bundle, via=copy, app_data_dir=/home/***/.local/share/virtualenv)
[2025-02-10T09:25:32.364+0000] {process_utils.py:194} INFO -     added seed packages: pip==24.3.1
[2025-02-10T09:25:32.364+0000] {process_utils.py:194} INFO -   activators BashActivator,CShellActivator,FishActivator,NushellActivator,PowerShellActivator,PythonActivator
[2025-02-10T09:25:32.381+0000] {process_utils.py:186} INFO - Executing cmd: /tmp/venv9clcn0mn/bin/pip install -r /tmp/venv9clcn0mn/requirements.txt
[2025-02-10T09:25:32.383+0000] {process_utils.py:190} INFO - Output:
[2025-02-10T09:25:33.450+0000] {process_utils.py:194} INFO - Requirement already satisfied: pandas==2.1.4 in /home/***/.local/lib/python3.12/site-packages (from -r /tmp/venv9clcn0mn/requirements.txt (line 1)) (2.1.4)
[2025-02-10T09:25:33.455+0000] {process_utils.py:194} INFO - Requirement already satisfied: numpy<2,>=1.26.0 in /home/***/.local/lib/python3.12/site-packages (from pandas==2.1.4->-r /tmp/venv9clcn0mn/requirements.txt (line 1)) (1.26.4)
[2025-02-10T09:25:33.456+0000] {process_utils.py:194} INFO - Requirement already satisfied: python-dateutil>=2.8.2 in /home/***/.local/lib/python3.12/site-packages (from pandas==2.1.4->-r /tmp/venv9clcn0mn/requirements.txt (line 1)) (2.9.0.post0)
[2025-02-10T09:25:33.457+0000] {process_utils.py:194} INFO - Requirement already satisfied: pytz>=2020.1 in /home/***/.local/lib/python3.12/site-packages (from pandas==2.1.4->-r /tmp/venv9clcn0mn/requirements.txt (line 1)) (2024.2)
[2025-02-10T09:25:33.457+0000] {process_utils.py:194} INFO - Requirement already satisfied: tzdata>=2022.1 in /home/***/.local/lib/python3.12/site-packages (from pandas==2.1.4->-r /tmp/venv9clcn0mn/requirements.txt (line 1)) (2024.2)
[2025-02-10T09:25:33.459+0000] {process_utils.py:194} INFO - Requirement already satisfied: six>=1.5 in /home/***/.local/lib/python3.12/site-packages (from python-dateutil>=2.8.2->pandas==2.1.4->-r /tmp/venv9clcn0mn/requirements.txt (line 1)) (1.17.0)
[2025-02-10T09:25:33.856+0000] {process_utils.py:194} INFO - 
[2025-02-10T09:25:33.856+0000] {process_utils.py:194} INFO - [notice] A new release of pip is available: 24.3.1 -> 25.0.1
[2025-02-10T09:25:33.857+0000] {process_utils.py:194} INFO - [notice] To update, run: python -m pip install --upgrade pip
[2025-02-10T09:25:33.922+0000] {python.py:513} INFO - Use 'pickle' as serializer.
[2025-02-10T09:25:33.935+0000] {process_utils.py:186} INFO - Executing cmd: /tmp/venv9clcn0mn/bin/python /tmp/venv-calljp4mes7e/script.py /tmp/venv-calljp4mes7e/script.in /tmp/venv-calljp4mes7e/script.out /tmp/venv-calljp4mes7e/string_args.txt /tmp/venv-calljp4mes7e/termination.log
[2025-02-10T09:25:33.936+0000] {process_utils.py:190} INFO - Output:
[2025-02-10T09:25:36.336+0000] {process_utils.py:194} INFO - [2025-02-10T09:25:36.327+0000] {script.py:23} INFO - Starting run pre-checks...
[2025-02-10T09:25:36.342+0000] {process_utils.py:194} INFO - [2025-02-10T09:25:36.331+0000] {script.py:26} INFO - Pre Deployment Report: {'services_status': {'running': 4}, 'deployment_ready': True, 'timestamp': '2025-02-10T09:25:08.590060'}
[2025-02-10T09:25:36.343+0000] {process_utils.py:194} INFO - [2025-02-10T09:25:36.336+0000] {script.py:41} INFO - Pre-checks completed:
[2025-02-10T09:25:36.344+0000] {process_utils.py:194} INFO - Total memory usage: 1536%
[2025-02-10T09:25:36.344+0000] {process_utils.py:194} INFO - Status: PASS
[2025-02-10T09:25:36.708+0000] {python.py:240} INFO - Done. Returned value was: {'total_memory_usage_mb': 1536, 'checks_passed': True, 'timestamp': '2025-02-10T09:25:36.336156'}
[2025-02-10T09:25:36.735+0000] {taskinstance.py:340} INFO - ::group::Post task execution logs
[2025-02-10T09:25:36.735+0000] {taskinstance.py:352} INFO - Marking task as SUCCESS. dag_id=cluster_deployment_versioned, task_id=run_pre_check, run_id=manual__2025-02-10T09:25:01.240093+00:00, execution_date=20250210T092501, start_date=20250210T092531, end_date=20250210T092536
[2025-02-10T09:25:36.743+0000] {logging_mixin.py:190} INFO - Task instance in success state
[2025-02-10T09:25:36.743+0000] {logging_mixin.py:190} INFO -  Previous state of the Task instance: running
[2025-02-10T09:25:36.743+0000] {logging_mixin.py:190} INFO - Dag name:cluster_deployment_versioned queued_at:2025-02-10 09:25:01.282535+00:00
[2025-02-10T09:25:36.744+0000] {logging_mixin.py:190} INFO - Task hostname:fbc98e9fe6bb operator:PythonVirtualenvOperator
[2025-02-10T09:25:36.780+0000] {local_task_job_runner.py:266} INFO - Task exited with return code 0
[2025-02-10T09:25:36.801+0000] {taskinstance.py:3895} INFO - 1 downstream tasks scheduled from follow-on schedule check
[2025-02-10T09:25:36.803+0000] {local_task_job_runner.py:245} INFO - ::endgroup::
