[2025-02-07T08:51:52.906+0000] {local_task_job_runner.py:123} INFO - ::group::Pre task execution logs
[2025-02-07T08:51:52.916+0000] {taskinstance.py:2613} INFO - Dependencies all met for dep_context=non-requeueable deps ti=<TaskInstance: cluster_deployment.run_pre_check manual__2025-02-07T08:51:27.430738+00:00 [queued]>
[2025-02-07T08:51:52.921+0000] {taskinstance.py:2613} INFO - Dependencies all met for dep_context=requeueable deps ti=<TaskInstance: cluster_deployment.run_pre_check manual__2025-02-07T08:51:27.430738+00:00 [queued]>
[2025-02-07T08:51:52.922+0000] {taskinstance.py:2866} INFO - Starting attempt 1 of 2
[2025-02-07T08:51:52.928+0000] {taskinstance.py:2889} INFO - Executing <Task(PythonVirtualenvOperator): run_pre_check> on 2025-02-07 08:51:27.430738+00:00
[2025-02-07T08:51:52.932+0000] {warnings.py:112} WARNING - /home/***/.local/lib/python3.12/site-packages/***/task/task_runner/standard_task_runner.py:70: DeprecationWarning: This process (pid=6508) is multi-threaded, use of fork() may lead to deadlocks in the child.
  pid = os.fork()

[2025-02-07T08:51:52.933+0000] {standard_task_runner.py:72} INFO - Started process 6509 to run task
[2025-02-07T08:51:52.934+0000] {standard_task_runner.py:104} INFO - Running: ['***', 'tasks', 'run', 'cluster_deployment', 'run_pre_check', 'manual__2025-02-07T08:51:27.430738+00:00', '--job-id', '20', '--raw', '--subdir', 'DAGS_FOLDER/cluster_deployment.py', '--cfg-path', '/tmp/tmp_05fbne2']
[2025-02-07T08:51:52.935+0000] {standard_task_runner.py:105} INFO - Job 20: Subtask run_pre_check
[2025-02-07T08:51:52.970+0000] {task_command.py:467} INFO - Running <TaskInstance: cluster_deployment.run_pre_check manual__2025-02-07T08:51:27.430738+00:00 [running]> on host ***-worker
[2025-02-07T08:51:53.024+0000] {taskinstance.py:3132} INFO - Exporting env vars: AIRFLOW_CTX_DAG_OWNER='***' AIRFLOW_CTX_DAG_ID='cluster_deployment' AIRFLOW_CTX_TASK_ID='run_pre_check' AIRFLOW_CTX_EXECUTION_DATE='2025-02-07T08:51:27.430738+00:00' AIRFLOW_CTX_TRY_NUMBER='1' AIRFLOW_CTX_DAG_RUN_ID='manual__2025-02-07T08:51:27.430738+00:00'
[2025-02-07T08:51:53.025+0000] {logging_mixin.py:190} INFO - Task instance is in running state
[2025-02-07T08:51:53.025+0000] {logging_mixin.py:190} INFO -  Previous state of the Task instance: queued
[2025-02-07T08:51:53.025+0000] {logging_mixin.py:190} INFO - Current task name:run_pre_check state:running start_date:2025-02-07 08:51:52.917247+00:00
[2025-02-07T08:51:53.026+0000] {logging_mixin.py:190} INFO - Dag name:cluster_deployment and current dag run status:running
[2025-02-07T08:51:53.026+0000] {taskinstance.py:731} INFO - ::endgroup::
[2025-02-07T08:51:53.026+0000] {baseoperator.py:421} WARNING - PythonVirtualenvOperator.execute cannot be called outside TaskInstance!
[2025-02-07T08:51:53.028+0000] {process_utils.py:186} INFO - Executing cmd: /home/***/.local/bin/python -m virtualenv /tmp/venvodgnj_v1 --system-site-packages --python=python
[2025-02-07T08:51:53.028+0000] {process_utils.py:190} INFO - Output:
[2025-02-07T08:51:53.667+0000] {process_utils.py:194} INFO - created virtual environment CPython3.12.8.final.0-64 in 183ms
[2025-02-07T08:51:53.668+0000] {process_utils.py:194} INFO -   creator CPython3Posix(dest=/tmp/venvodgnj_v1, clear=False, no_vcs_ignore=False, global=True)
[2025-02-07T08:51:53.668+0000] {process_utils.py:194} INFO -   seeder FromAppData(download=False, pip=bundle, via=copy, app_data_dir=/home/***/.local/share/virtualenv)
[2025-02-07T08:51:53.669+0000] {process_utils.py:194} INFO -     added seed packages: pip==24.3.1
[2025-02-07T08:51:53.669+0000] {process_utils.py:194} INFO -   activators BashActivator,CShellActivator,FishActivator,NushellActivator,PowerShellActivator,PythonActivator
[2025-02-07T08:51:53.686+0000] {process_utils.py:186} INFO - Executing cmd: /tmp/venvodgnj_v1/bin/pip install -r /tmp/venvodgnj_v1/requirements.txt
[2025-02-07T08:51:53.688+0000] {process_utils.py:190} INFO - Output:
[2025-02-07T08:51:54.699+0000] {process_utils.py:194} INFO - Requirement already satisfied: pandas==2.1.4 in /home/***/.local/lib/python3.12/site-packages (from -r /tmp/venvodgnj_v1/requirements.txt (line 1)) (2.1.4)
[2025-02-07T08:51:54.704+0000] {process_utils.py:194} INFO - Requirement already satisfied: numpy<2,>=1.26.0 in /home/***/.local/lib/python3.12/site-packages (from pandas==2.1.4->-r /tmp/venvodgnj_v1/requirements.txt (line 1)) (1.26.4)
[2025-02-07T08:51:54.705+0000] {process_utils.py:194} INFO - Requirement already satisfied: python-dateutil>=2.8.2 in /home/***/.local/lib/python3.12/site-packages (from pandas==2.1.4->-r /tmp/venvodgnj_v1/requirements.txt (line 1)) (2.9.0.post0)
[2025-02-07T08:51:54.705+0000] {process_utils.py:194} INFO - Requirement already satisfied: pytz>=2020.1 in /home/***/.local/lib/python3.12/site-packages (from pandas==2.1.4->-r /tmp/venvodgnj_v1/requirements.txt (line 1)) (2024.2)
[2025-02-07T08:51:54.705+0000] {process_utils.py:194} INFO - Requirement already satisfied: tzdata>=2022.1 in /home/***/.local/lib/python3.12/site-packages (from pandas==2.1.4->-r /tmp/venvodgnj_v1/requirements.txt (line 1)) (2024.2)
[2025-02-07T08:51:54.708+0000] {process_utils.py:194} INFO - Requirement already satisfied: six>=1.5 in /home/***/.local/lib/python3.12/site-packages (from python-dateutil>=2.8.2->pandas==2.1.4->-r /tmp/venvodgnj_v1/requirements.txt (line 1)) (1.17.0)
[2025-02-07T08:51:55.172+0000] {process_utils.py:194} INFO - 
[2025-02-07T08:51:55.173+0000] {process_utils.py:194} INFO - [notice] A new release of pip is available: 24.3.1 -> 25.0
[2025-02-07T08:51:55.174+0000] {process_utils.py:194} INFO - [notice] To update, run: python -m pip install --upgrade pip
[2025-02-07T08:51:55.243+0000] {python.py:513} INFO - Use 'pickle' as serializer.
[2025-02-07T08:51:55.252+0000] {process_utils.py:186} INFO - Executing cmd: /tmp/venvodgnj_v1/bin/python /tmp/venv-callyyejo65n/script.py /tmp/venv-callyyejo65n/script.in /tmp/venv-callyyejo65n/script.out /tmp/venv-callyyejo65n/string_args.txt /tmp/venv-callyyejo65n/termination.log
[2025-02-07T08:51:55.253+0000] {process_utils.py:190} INFO - Output:
[2025-02-07T08:51:57.266+0000] {process_utils.py:194} INFO - [2025-02-07T08:51:57.265+0000] {script.py:23} INFO - Starting pre-deployment checks...
[2025-02-07T08:51:57.268+0000] {process_utils.py:194} INFO - [2025-02-07T08:51:57.266+0000] {script.py:33} WARNING - Invalid type for pre_deployment_checks_result: <class 'str'>
[2025-02-07T08:51:57.269+0000] {process_utils.py:194} INFO - [2025-02-07T08:51:57.266+0000] {script.py:37} WARNING - Invalid type for download_stack_result: <class 'str'>
[2025-02-07T08:51:57.269+0000] {process_utils.py:194} INFO - [2025-02-07T08:51:57.266+0000] {script.py:40} INFO - Pre Deployment Report: {}
[2025-02-07T08:51:57.269+0000] {process_utils.py:194} INFO - [2025-02-07T08:51:57.267+0000] {script.py:41} INFO - Download Report: {}
[2025-02-07T08:51:57.270+0000] {process_utils.py:194} INFO - [2025-02-07T08:51:57.268+0000] {script.py:70} INFO - Pre-deployment checks completed:
[2025-02-07T08:51:57.271+0000] {process_utils.py:194} INFO - Total memory usage: 1536%
[2025-02-07T08:51:57.271+0000] {process_utils.py:194} INFO - Status: PASS
[2025-02-07T08:51:57.619+0000] {python.py:240} INFO - Done. Returned value was: {'total_memory_usage_mb': 1536, 'checks_passed': True, 'timestamp': '2025-02-07T08:51:57.268654'}
[2025-02-07T08:51:57.643+0000] {taskinstance.py:340} INFO - ::group::Post task execution logs
[2025-02-07T08:51:57.643+0000] {taskinstance.py:352} INFO - Marking task as SUCCESS. dag_id=cluster_deployment, task_id=run_pre_check, run_id=manual__2025-02-07T08:51:27.430738+00:00, execution_date=20250207T085127, start_date=20250207T085152, end_date=20250207T085157
[2025-02-07T08:51:57.652+0000] {logging_mixin.py:190} INFO - Task instance in success state
[2025-02-07T08:51:57.652+0000] {logging_mixin.py:190} INFO -  Previous state of the Task instance: running
[2025-02-07T08:51:57.653+0000] {logging_mixin.py:190} INFO - Dag name:cluster_deployment queued_at:2025-02-07 08:51:27.471557+00:00
[2025-02-07T08:51:57.653+0000] {logging_mixin.py:190} INFO - Task hostname:***-worker operator:PythonVirtualenvOperator
[2025-02-07T08:51:57.695+0000] {local_task_job_runner.py:266} INFO - Task exited with return code 0
[2025-02-07T08:51:57.726+0000] {taskinstance.py:3895} INFO - 1 downstream tasks scheduled from follow-on schedule check
[2025-02-07T08:51:57.727+0000] {local_task_job_runner.py:245} INFO - ::endgroup::
