[2025-02-10T09:18:29.655+0000] {local_task_job_runner.py:123} INFO - ::group::Pre task execution logs
[2025-02-10T09:18:29.671+0000] {taskinstance.py:2613} INFO - Dependencies all met for dep_context=non-requeueable deps ti=<TaskInstance: cluster_deployment.pre_deployment_checks manual__2025-02-10T09:18:23.744625+00:00 [queued]>
[2025-02-10T09:18:29.681+0000] {taskinstance.py:2613} INFO - Dependencies all met for dep_context=requeueable deps ti=<TaskInstance: cluster_deployment.pre_deployment_checks manual__2025-02-10T09:18:23.744625+00:00 [queued]>
[2025-02-10T09:18:29.681+0000] {taskinstance.py:2866} INFO - Starting attempt 1 of 2
[2025-02-10T09:18:29.690+0000] {taskinstance.py:2889} INFO - Executing <Task(PythonVirtualenvOperator): pre_deployment_checks> on 2025-02-10 09:18:23.744625+00:00
[2025-02-10T09:18:29.728+0000] {standard_task_runner.py:104} INFO - Running: ['***', 'tasks', 'run', 'cluster_deployment', 'pre_deployment_checks', 'manual__2025-02-10T09:18:23.744625+00:00', '--job-id', '490', '--raw', '--subdir', 'DAGS_FOLDER/cluster_deployment.py', '--cfg-path', '/tmp/tmpn7q7jmt5']
[2025-02-10T09:18:29.729+0000] {standard_task_runner.py:105} INFO - Job 490: Subtask pre_deployment_checks
[2025-02-10T09:18:29.727+0000] {warnings.py:112} WARNING - /home/***/.local/lib/python3.12/site-packages/***/task/task_runner/standard_task_runner.py:70: DeprecationWarning: This process (pid=14227) is multi-threaded, use of fork() may lead to deadlocks in the child.
  pid = os.fork()

[2025-02-10T09:18:29.731+0000] {standard_task_runner.py:72} INFO - Started process 14230 to run task
[2025-02-10T09:18:29.785+0000] {task_command.py:467} INFO - Running <TaskInstance: cluster_deployment.pre_deployment_checks manual__2025-02-10T09:18:23.744625+00:00 [running]> on host 1999c8c59930
[2025-02-10T09:18:29.864+0000] {taskinstance.py:3132} INFO - Exporting env vars: AIRFLOW_CTX_DAG_OWNER='***' AIRFLOW_CTX_DAG_ID='cluster_deployment' AIRFLOW_CTX_TASK_ID='pre_deployment_checks' AIRFLOW_CTX_EXECUTION_DATE='2025-02-10T09:18:23.744625+00:00' AIRFLOW_CTX_TRY_NUMBER='1' AIRFLOW_CTX_DAG_RUN_ID='manual__2025-02-10T09:18:23.744625+00:00'
[2025-02-10T09:18:29.866+0000] {logging_mixin.py:190} INFO - Task instance is in running state
[2025-02-10T09:18:29.867+0000] {logging_mixin.py:190} INFO -  Previous state of the Task instance: queued
[2025-02-10T09:18:29.867+0000] {logging_mixin.py:190} INFO - Current task name:pre_deployment_checks state:running start_date:2025-02-10 09:18:29.672251+00:00
[2025-02-10T09:18:29.868+0000] {logging_mixin.py:190} INFO - Dag name:cluster_deployment and current dag run status:running
[2025-02-10T09:18:29.868+0000] {taskinstance.py:731} INFO - ::endgroup::
[2025-02-10T09:18:29.868+0000] {baseoperator.py:421} WARNING - PythonVirtualenvOperator.execute cannot be called outside TaskInstance!
[2025-02-10T09:18:29.870+0000] {process_utils.py:186} INFO - Executing cmd: /home/***/.local/bin/python -m virtualenv /tmp/venvgeffg3ak --system-site-packages --python=python
[2025-02-10T09:18:29.871+0000] {process_utils.py:190} INFO - Output:
[2025-02-10T09:18:30.865+0000] {process_utils.py:194} INFO - created virtual environment CPython3.12.8.final.0-64 in 444ms
[2025-02-10T09:18:30.868+0000] {process_utils.py:194} INFO -   creator CPython3Posix(dest=/tmp/venvgeffg3ak, clear=False, no_vcs_ignore=False, global=True)
[2025-02-10T09:18:30.868+0000] {process_utils.py:194} INFO -   seeder FromAppData(download=False, pip=bundle, via=copy, app_data_dir=/home/***/.local/share/virtualenv)
[2025-02-10T09:18:30.868+0000] {process_utils.py:194} INFO -     added seed packages: pip==24.3.1
[2025-02-10T09:18:30.869+0000] {process_utils.py:194} INFO -   activators BashActivator,CShellActivator,FishActivator,NushellActivator,PowerShellActivator,PythonActivator
[2025-02-10T09:18:30.888+0000] {process_utils.py:186} INFO - Executing cmd: /tmp/venvgeffg3ak/bin/pip install -r /tmp/venvgeffg3ak/requirements.txt
[2025-02-10T09:18:30.889+0000] {process_utils.py:190} INFO - Output:
[2025-02-10T09:18:32.313+0000] {process_utils.py:194} INFO - Requirement already satisfied: pandas==2.1.4 in /home/***/.local/lib/python3.12/site-packages (from -r /tmp/venvgeffg3ak/requirements.txt (line 1)) (2.1.4)
[2025-02-10T09:18:32.318+0000] {process_utils.py:194} INFO - Requirement already satisfied: numpy<2,>=1.26.0 in /home/***/.local/lib/python3.12/site-packages (from pandas==2.1.4->-r /tmp/venvgeffg3ak/requirements.txt (line 1)) (1.26.4)
[2025-02-10T09:18:32.319+0000] {process_utils.py:194} INFO - Requirement already satisfied: python-dateutil>=2.8.2 in /home/***/.local/lib/python3.12/site-packages (from pandas==2.1.4->-r /tmp/venvgeffg3ak/requirements.txt (line 1)) (2.9.0.post0)
[2025-02-10T09:18:32.320+0000] {process_utils.py:194} INFO - Requirement already satisfied: pytz>=2020.1 in /home/***/.local/lib/python3.12/site-packages (from pandas==2.1.4->-r /tmp/venvgeffg3ak/requirements.txt (line 1)) (2024.2)
[2025-02-10T09:18:32.320+0000] {process_utils.py:194} INFO - Requirement already satisfied: tzdata>=2022.1 in /home/***/.local/lib/python3.12/site-packages (from pandas==2.1.4->-r /tmp/venvgeffg3ak/requirements.txt (line 1)) (2024.2)
[2025-02-10T09:18:32.323+0000] {process_utils.py:194} INFO - Requirement already satisfied: six>=1.5 in /home/***/.local/lib/python3.12/site-packages (from python-dateutil>=2.8.2->pandas==2.1.4->-r /tmp/venvgeffg3ak/requirements.txt (line 1)) (1.17.0)
[2025-02-10T09:18:32.824+0000] {process_utils.py:194} INFO - 
[2025-02-10T09:18:32.825+0000] {process_utils.py:194} INFO - [notice] A new release of pip is available: 24.3.1 -> 25.0.1
[2025-02-10T09:18:32.825+0000] {process_utils.py:194} INFO - [notice] To update, run: python -m pip install --upgrade pip
[2025-02-10T09:18:32.917+0000] {process_utils.py:186} INFO - Executing cmd: /tmp/venvgeffg3ak/bin/python /tmp/venv-callmng561ho/script.py /tmp/venv-callmng561ho/script.in /tmp/venv-callmng561ho/script.out /tmp/venv-callmng561ho/string_args.txt /tmp/venv-callmng561ho/termination.log
[2025-02-10T09:18:32.918+0000] {process_utils.py:190} INFO - Output:
[2025-02-10T09:18:35.559+0000] {process_utils.py:194} INFO - [2025-02-10T09:18:35.557+0000] {script.py:23} INFO - Starting pre-deployment checks...
[2025-02-10T09:18:35.562+0000] {process_utils.py:194} INFO - [2025-02-10T09:18:35.562+0000] {script.py:38} INFO - Pre-deployment checks completed
[2025-02-10T09:18:36.080+0000] {python.py:240} INFO - Done. Returned value was: {'services_status': {'running': 4}, 'deployment_ready': True, 'timestamp': '2025-02-10T09:18:35.562022'}
[2025-02-10T09:18:36.145+0000] {taskinstance.py:340} INFO - ::group::Post task execution logs
[2025-02-10T09:18:36.146+0000] {taskinstance.py:352} INFO - Marking task as SUCCESS. dag_id=cluster_deployment, task_id=pre_deployment_checks, run_id=manual__2025-02-10T09:18:23.744625+00:00, execution_date=20250210T091823, start_date=20250210T091829, end_date=20250210T091836
[2025-02-10T09:18:36.170+0000] {logging_mixin.py:190} INFO - Task instance in success state
[2025-02-10T09:18:36.171+0000] {logging_mixin.py:190} INFO -  Previous state of the Task instance: running
[2025-02-10T09:18:36.171+0000] {logging_mixin.py:190} INFO - Dag name:cluster_deployment queued_at:2025-02-10 09:18:23.797582+00:00
[2025-02-10T09:18:36.171+0000] {logging_mixin.py:190} INFO - Task hostname:1999c8c59930 operator:PythonVirtualenvOperator
[2025-02-10T09:18:36.234+0000] {local_task_job_runner.py:266} INFO - Task exited with return code 0
[2025-02-10T09:18:36.282+0000] {taskinstance.py:3895} INFO - 1 downstream tasks scheduled from follow-on schedule check
[2025-02-10T09:18:36.283+0000] {local_task_job_runner.py:245} INFO - ::endgroup::
