[2025-02-07T14:50:00.800+0000] {local_task_job_runner.py:123} INFO - ::group::Pre task execution logs
[2025-02-07T14:50:00.808+0000] {taskinstance.py:2613} INFO - Dependencies all met for dep_context=non-requeueable deps ti=<TaskInstance: cluster_deployment_versioned.run_pre_check manual__2025-02-07T14:49:35.468009+00:00 [queued]>
[2025-02-07T14:50:00.813+0000] {taskinstance.py:2613} INFO - Dependencies all met for dep_context=requeueable deps ti=<TaskInstance: cluster_deployment_versioned.run_pre_check manual__2025-02-07T14:49:35.468009+00:00 [queued]>
[2025-02-07T14:50:00.813+0000] {taskinstance.py:2866} INFO - Starting attempt 1 of 2
[2025-02-07T14:50:00.819+0000] {taskinstance.py:2889} INFO - Executing <Task(PythonVirtualenvOperator): run_pre_check> on 2025-02-07 14:49:35.468009+00:00
[2025-02-07T14:50:00.823+0000] {warnings.py:112} WARNING - /home/***/.local/lib/python3.12/site-packages/***/task/task_runner/standard_task_runner.py:70: DeprecationWarning: This process (pid=409) is multi-threaded, use of fork() may lead to deadlocks in the child.
  pid = os.fork()

[2025-02-07T14:50:00.824+0000] {standard_task_runner.py:72} INFO - Started process 410 to run task
[2025-02-07T14:50:00.825+0000] {standard_task_runner.py:104} INFO - Running: ['***', 'tasks', 'run', 'cluster_deployment_versioned', 'run_pre_check', 'manual__2025-02-07T14:49:35.468009+00:00', '--job-id', '205', '--raw', '--subdir', 'DAGS_FOLDER/cluster_deployment_versioned.py', '--cfg-path', '/tmp/tmp89rfwmhs']
[2025-02-07T14:50:00.827+0000] {standard_task_runner.py:105} INFO - Job 205: Subtask run_pre_check
[2025-02-07T14:50:00.862+0000] {task_command.py:467} INFO - Running <TaskInstance: cluster_deployment_versioned.run_pre_check manual__2025-02-07T14:49:35.468009+00:00 [running]> on host 35f5723d0861
[2025-02-07T14:50:00.916+0000] {taskinstance.py:3132} INFO - Exporting env vars: AIRFLOW_CTX_DAG_OWNER='***' AIRFLOW_CTX_DAG_ID='cluster_deployment_versioned' AIRFLOW_CTX_TASK_ID='run_pre_check' AIRFLOW_CTX_EXECUTION_DATE='2025-02-07T14:49:35.468009+00:00' AIRFLOW_CTX_TRY_NUMBER='1' AIRFLOW_CTX_DAG_RUN_ID='manual__2025-02-07T14:49:35.468009+00:00'
[2025-02-07T14:50:00.917+0000] {logging_mixin.py:190} INFO - Task instance is in running state
[2025-02-07T14:50:00.917+0000] {logging_mixin.py:190} INFO -  Previous state of the Task instance: queued
[2025-02-07T14:50:00.918+0000] {logging_mixin.py:190} INFO - Current task name:run_pre_check state:running start_date:2025-02-07 14:50:00.809301+00:00
[2025-02-07T14:50:00.918+0000] {logging_mixin.py:190} INFO - Dag name:cluster_deployment_versioned and current dag run status:running
[2025-02-07T14:50:00.918+0000] {taskinstance.py:731} INFO - ::endgroup::
[2025-02-07T14:50:00.919+0000] {baseoperator.py:421} WARNING - PythonVirtualenvOperator.execute cannot be called outside TaskInstance!
[2025-02-07T14:50:00.920+0000] {process_utils.py:186} INFO - Executing cmd: /home/***/.local/bin/python -m virtualenv /tmp/venvu8_rzbmc --system-site-packages --python=python
[2025-02-07T14:50:00.921+0000] {process_utils.py:190} INFO - Output:
[2025-02-07T14:50:01.408+0000] {process_utils.py:194} INFO - created virtual environment CPython3.12.8.final.0-64 in 136ms
[2025-02-07T14:50:01.409+0000] {process_utils.py:194} INFO -   creator CPython3Posix(dest=/tmp/venvu8_rzbmc, clear=False, no_vcs_ignore=False, global=True)
[2025-02-07T14:50:01.409+0000] {process_utils.py:194} INFO -   seeder FromAppData(download=False, pip=bundle, via=copy, app_data_dir=/home/***/.local/share/virtualenv)
[2025-02-07T14:50:01.410+0000] {process_utils.py:194} INFO -     added seed packages: pip==24.3.1
[2025-02-07T14:50:01.410+0000] {process_utils.py:194} INFO -   activators BashActivator,CShellActivator,FishActivator,NushellActivator,PowerShellActivator,PythonActivator
[2025-02-07T14:50:01.431+0000] {process_utils.py:186} INFO - Executing cmd: /tmp/venvu8_rzbmc/bin/pip install -r /tmp/venvu8_rzbmc/requirements.txt
[2025-02-07T14:50:01.432+0000] {process_utils.py:190} INFO - Output:
[2025-02-07T14:50:02.321+0000] {process_utils.py:194} INFO - Requirement already satisfied: pandas==2.1.4 in /home/***/.local/lib/python3.12/site-packages (from -r /tmp/venvu8_rzbmc/requirements.txt (line 1)) (2.1.4)
[2025-02-07T14:50:02.325+0000] {process_utils.py:194} INFO - Requirement already satisfied: numpy<2,>=1.26.0 in /home/***/.local/lib/python3.12/site-packages (from pandas==2.1.4->-r /tmp/venvu8_rzbmc/requirements.txt (line 1)) (1.26.4)
[2025-02-07T14:50:02.325+0000] {process_utils.py:194} INFO - Requirement already satisfied: python-dateutil>=2.8.2 in /home/***/.local/lib/python3.12/site-packages (from pandas==2.1.4->-r /tmp/venvu8_rzbmc/requirements.txt (line 1)) (2.9.0.post0)
[2025-02-07T14:50:02.325+0000] {process_utils.py:194} INFO - Requirement already satisfied: pytz>=2020.1 in /home/***/.local/lib/python3.12/site-packages (from pandas==2.1.4->-r /tmp/venvu8_rzbmc/requirements.txt (line 1)) (2024.2)
[2025-02-07T14:50:02.326+0000] {process_utils.py:194} INFO - Requirement already satisfied: tzdata>=2022.1 in /home/***/.local/lib/python3.12/site-packages (from pandas==2.1.4->-r /tmp/venvu8_rzbmc/requirements.txt (line 1)) (2024.2)
[2025-02-07T14:50:02.328+0000] {process_utils.py:194} INFO - Requirement already satisfied: six>=1.5 in /home/***/.local/lib/python3.12/site-packages (from python-dateutil>=2.8.2->pandas==2.1.4->-r /tmp/venvu8_rzbmc/requirements.txt (line 1)) (1.17.0)
[2025-02-07T14:50:02.718+0000] {process_utils.py:194} INFO - 
[2025-02-07T14:50:02.718+0000] {process_utils.py:194} INFO - [notice] A new release of pip is available: 24.3.1 -> 25.0
[2025-02-07T14:50:02.719+0000] {process_utils.py:194} INFO - [notice] To update, run: python -m pip install --upgrade pip
[2025-02-07T14:50:02.779+0000] {python.py:513} INFO - Use 'pickle' as serializer.
[2025-02-07T14:50:02.785+0000] {process_utils.py:186} INFO - Executing cmd: /tmp/venvu8_rzbmc/bin/python /tmp/venv-callu_3pqn3f/script.py /tmp/venv-callu_3pqn3f/script.in /tmp/venv-callu_3pqn3f/script.out /tmp/venv-callu_3pqn3f/string_args.txt /tmp/venv-callu_3pqn3f/termination.log
[2025-02-07T14:50:02.785+0000] {process_utils.py:190} INFO - Output:
[2025-02-07T14:50:04.484+0000] {process_utils.py:194} INFO - [2025-02-07T14:50:04.484+0000] {script.py:23} INFO - Starting run pre-checks...
[2025-02-07T14:50:04.485+0000] {process_utils.py:194} INFO - [2025-02-07T14:50:04.484+0000] {script.py:26} INFO - Pre Deployment Report: {'services_status': {'running': 4}, 'deployment_ready': True, 'timestamp': '2025-02-07T14:49:42.147530'}
[2025-02-07T14:50:04.485+0000] {process_utils.py:194} INFO - [2025-02-07T14:50:04.484+0000] {script.py:27} INFO - Download Report: {'stacks': ['baseos', 'gi'], 'total_size_mb': 1200.0, 'total_time_seconds': 240, 'download_speed_mbs': 5.0, 'status': 'success', 'details': [{'stack': 'baseos', 'size_mb': 1000, 'status': 'completed', 'time': 180}, {'stack': 'gi', 'size_mb': 200, 'status': 'completed', 'time': 60}], 'timestamp': '2025-02-07T14:49:58.425545'}
[2025-02-07T14:50:04.486+0000] {process_utils.py:194} INFO - [2025-02-07T14:50:04.485+0000] {script.py:42} INFO - Pre-checks completed:
[2025-02-07T14:50:04.486+0000] {process_utils.py:194} INFO - Total memory usage: 1536%
[2025-02-07T14:50:04.487+0000] {process_utils.py:194} INFO - Status: PASS
[2025-02-07T14:50:04.813+0000] {python.py:240} INFO - Done. Returned value was: {'total_memory_usage_mb': 1536, 'checks_passed': True, 'timestamp': '2025-02-07T14:50:04.485736'}
[2025-02-07T14:50:04.828+0000] {taskinstance.py:340} INFO - ::group::Post task execution logs
[2025-02-07T14:50:04.829+0000] {taskinstance.py:352} INFO - Marking task as SUCCESS. dag_id=cluster_deployment_versioned, task_id=run_pre_check, run_id=manual__2025-02-07T14:49:35.468009+00:00, execution_date=20250207T144935, start_date=20250207T145000, end_date=20250207T145004
[2025-02-07T14:50:04.838+0000] {logging_mixin.py:190} INFO - Task instance in success state
[2025-02-07T14:50:04.838+0000] {logging_mixin.py:190} INFO -  Previous state of the Task instance: running
[2025-02-07T14:50:04.839+0000] {logging_mixin.py:190} INFO - Dag name:cluster_deployment_versioned queued_at:2025-02-07 14:49:35.479528+00:00
[2025-02-07T14:50:04.839+0000] {logging_mixin.py:190} INFO - Task hostname:35f5723d0861 operator:PythonVirtualenvOperator
[2025-02-07T14:50:04.878+0000] {local_task_job_runner.py:266} INFO - Task exited with return code 0
[2025-02-07T14:50:04.895+0000] {taskinstance.py:3895} INFO - 1 downstream tasks scheduled from follow-on schedule check
[2025-02-07T14:50:04.896+0000] {local_task_job_runner.py:245} INFO - ::endgroup::
