[2025-02-05T15:38:11.557+0000] {local_task_job_runner.py:123} INFO - ::group::Pre task execution logs
[2025-02-05T15:38:11.566+0000] {taskinstance.py:2613} INFO - Dependencies all met for dep_context=non-requeueable deps ti=<TaskInstance: external_signal_workflow.final_task manual__2025-02-05T15:32:50.929025+00:00 [queued]>
[2025-02-05T15:38:11.571+0000] {taskinstance.py:2613} INFO - Dependencies all met for dep_context=requeueable deps ti=<TaskInstance: external_signal_workflow.final_task manual__2025-02-05T15:32:50.929025+00:00 [queued]>
[2025-02-05T15:38:11.571+0000] {taskinstance.py:2866} INFO - Starting attempt 1 of 2
[2025-02-05T15:38:11.678+0000] {taskinstance.py:2889} INFO - Executing <Task(PythonOperator): final_task> on 2025-02-05 15:32:50.929025+00:00
[2025-02-05T15:38:11.685+0000] {warnings.py:112} WARNING - /home/***/.local/lib/python3.12/site-packages/***/task/task_runner/standard_task_runner.py:70: DeprecationWarning: This process (pid=3100) is multi-threaded, use of fork() may lead to deadlocks in the child.
  pid = os.fork()

[2025-02-05T15:38:11.687+0000] {standard_task_runner.py:72} INFO - Started process 3101 to run task
[2025-02-05T15:38:11.689+0000] {standard_task_runner.py:104} INFO - Running: ['***', 'tasks', 'run', 'external_signal_workflow', 'final_task', 'manual__2025-02-05T15:32:50.929025+00:00', '--job-id', '158', '--raw', '--subdir', 'DAGS_FOLDER/external_signal_workflow.py', '--cfg-path', '/tmp/tmp8hp049c3']
[2025-02-05T15:38:11.690+0000] {standard_task_runner.py:105} INFO - Job 158: Subtask final_task
[2025-02-05T15:38:11.723+0000] {task_command.py:467} INFO - Running <TaskInstance: external_signal_workflow.final_task manual__2025-02-05T15:32:50.929025+00:00 [running]> on host ***-worker-2
[2025-02-05T15:38:11.781+0000] {taskinstance.py:3132} INFO - Exporting env vars: AIRFLOW_CTX_DAG_OWNER='***' AIRFLOW_CTX_DAG_ID='external_signal_workflow' AIRFLOW_CTX_TASK_ID='final_task' AIRFLOW_CTX_EXECUTION_DATE='2025-02-05T15:32:50.929025+00:00' AIRFLOW_CTX_TRY_NUMBER='1' AIRFLOW_CTX_DAG_RUN_ID='manual__2025-02-05T15:32:50.929025+00:00'
[2025-02-05T15:38:11.783+0000] {logging_mixin.py:190} INFO - Task instance is in running state
[2025-02-05T15:38:11.783+0000] {logging_mixin.py:190} INFO -  Previous state of the Task instance: queued
[2025-02-05T15:38:11.784+0000] {logging_mixin.py:190} INFO - Current task name:final_task state:running start_date:2025-02-05 15:38:11.566964+00:00
[2025-02-05T15:38:11.784+0000] {logging_mixin.py:190} INFO - Dag name:external_signal_workflow and current dag run status:running
[2025-02-05T15:38:11.784+0000] {taskinstance.py:731} INFO - ::endgroup::
[2025-02-05T15:38:11.785+0000] {external_signal_workflow.py:87} INFO - Completing workflow
[2025-02-05T15:38:11.786+0000] {python.py:240} INFO - Done. Returned value was: None
[2025-02-05T15:38:11.802+0000] {taskinstance.py:340} INFO - ::group::Post task execution logs
[2025-02-05T15:38:11.803+0000] {taskinstance.py:352} INFO - Marking task as SUCCESS. dag_id=external_signal_workflow, task_id=final_task, run_id=manual__2025-02-05T15:32:50.929025+00:00, execution_date=20250205T153250, start_date=20250205T153811, end_date=20250205T153811
[2025-02-05T15:38:11.810+0000] {logging_mixin.py:190} INFO - Task instance in success state
[2025-02-05T15:38:11.812+0000] {logging_mixin.py:190} INFO -  Previous state of the Task instance: running
[2025-02-05T15:38:11.813+0000] {logging_mixin.py:190} INFO - Dag name:external_signal_workflow queued_at:2025-02-05 15:32:50.959370+00:00
[2025-02-05T15:38:11.813+0000] {logging_mixin.py:190} INFO - Task hostname:***-worker-2 operator:PythonOperator
[2025-02-05T15:38:11.824+0000] {local_task_job_runner.py:266} INFO - Task exited with return code 0
[2025-02-05T15:38:11.836+0000] {taskinstance.py:3895} INFO - 0 downstream tasks scheduled from follow-on schedule check
[2025-02-05T15:38:11.837+0000] {local_task_job_runner.py:245} INFO - ::endgroup::
