[2025-02-11T09:12:13.747+0000] {local_task_job_runner.py:123} INFO - ::group::Pre task execution logs
[2025-02-11T09:12:13.774+0000] {taskinstance.py:2613} INFO - Dependencies all met for dep_context=non-requeueable deps ti=<TaskInstance: api_workflow.save_response_v2 manual__2025-02-11T11:11:45+02:00 [queued]>
[2025-02-11T09:12:13.789+0000] {taskinstance.py:2613} INFO - Dependencies all met for dep_context=requeueable deps ti=<TaskInstance: api_workflow.save_response_v2 manual__2025-02-11T11:11:45+02:00 [queued]>
[2025-02-11T09:12:13.790+0000] {taskinstance.py:2866} INFO - Starting attempt 1 of 2
[2025-02-11T09:12:13.807+0000] {taskinstance.py:2889} INFO - Executing <Task(PythonOperator): save_response_v2> on 2025-02-11 09:11:45+00:00
[2025-02-11T09:12:13.826+0000] {warnings.py:112} WARNING - /home/***/.local/lib/python3.12/site-packages/***/task/task_runner/standard_task_runner.py:70: DeprecationWarning: This process (pid=15198) is multi-threaded, use of fork() may lead to deadlocks in the child.
  pid = os.fork()

[2025-02-11T09:12:13.828+0000] {standard_task_runner.py:72} INFO - Started process 15199 to run task
[2025-02-11T09:12:13.840+0000] {standard_task_runner.py:104} INFO - Running: ['***', 'tasks', 'run', 'api_workflow', 'save_response_v2', 'manual__2025-02-11T11:11:45+02:00', '--job-id', '643', '--raw', '--subdir', 'DAGS_FOLDER/generate_dags_from_yaml.py', '--cfg-path', '/tmp/tmpohh7l4wr']
[2025-02-11T09:12:13.842+0000] {standard_task_runner.py:105} INFO - Job 643: Subtask save_response_v2
[2025-02-11T09:12:13.937+0000] {task_command.py:467} INFO - Running <TaskInstance: api_workflow.save_response_v2 manual__2025-02-11T11:11:45+02:00 [running]> on host 1999c8c59930
[2025-02-11T09:12:13.995+0000] {taskinstance.py:3132} INFO - Exporting env vars: AIRFLOW_CTX_DAG_OWNER='***' AIRFLOW_CTX_DAG_ID='api_workflow' AIRFLOW_CTX_TASK_ID='save_response_v2' AIRFLOW_CTX_EXECUTION_DATE='2025-02-11T09:11:45+00:00' AIRFLOW_CTX_TRY_NUMBER='1' AIRFLOW_CTX_DAG_RUN_ID='manual__2025-02-11T11:11:45+02:00'
[2025-02-11T09:12:13.998+0000] {logging_mixin.py:190} INFO - Task instance is in running state
[2025-02-11T09:12:13.999+0000] {logging_mixin.py:190} INFO -  Previous state of the Task instance: queued
[2025-02-11T09:12:13.999+0000] {logging_mixin.py:190} INFO - Current task name:save_response_v2 state:running start_date:2025-02-11 09:12:13.774569+00:00
[2025-02-11T09:12:14.000+0000] {logging_mixin.py:190} INFO - Dag name:api_workflow and current dag run status:running
[2025-02-11T09:12:14.000+0000] {taskinstance.py:731} INFO - ::endgroup::
[2025-02-11T09:12:14.006+0000] {api_tasks_for_ymls.py:70} INFO - Save API response to: /opt/***/data/croatia_colleges.txt
[2025-02-11T09:12:14.012+0000] {api_tasks_for_ymls.py:74} INFO - Succesfully saved to file.
[2025-02-11T09:12:14.012+0000] {python.py:240} INFO - Done. Returned value was: None
[2025-02-11T09:12:14.020+0000] {taskinstance.py:340} INFO - ::group::Post task execution logs
[2025-02-11T09:12:14.020+0000] {taskinstance.py:352} INFO - Marking task as SUCCESS. dag_id=api_workflow, task_id=save_response_v2, run_id=manual__2025-02-11T11:11:45+02:00, execution_date=20250211T091145, start_date=20250211T091213, end_date=20250211T091214
[2025-02-11T09:12:14.027+0000] {logging_mixin.py:190} INFO - Task instance in success state
[2025-02-11T09:12:14.030+0000] {logging_mixin.py:190} INFO -  Previous state of the Task instance: running
[2025-02-11T09:12:14.030+0000] {logging_mixin.py:190} INFO - Dag name:api_workflow queued_at:2025-02-11 09:12:08.472241+00:00
[2025-02-11T09:12:14.031+0000] {logging_mixin.py:190} INFO - Task hostname:1999c8c59930 operator:PythonOperator
[2025-02-11T09:12:14.047+0000] {local_task_job_runner.py:266} INFO - Task exited with return code 0
[2025-02-11T09:12:14.069+0000] {taskinstance.py:3895} INFO - 1 downstream tasks scheduled from follow-on schedule check
[2025-02-11T09:12:14.071+0000] {local_task_job_runner.py:245} INFO - ::endgroup::
