[2025-02-10T12:47:43.166+0000] {local_task_job_runner.py:123} INFO - ::group::Pre task execution logs
[2025-02-10T12:47:43.177+0000] {taskinstance.py:2613} INFO - Dependencies all met for dep_context=non-requeueable deps ti=<TaskInstance: cluster_deployment.download_stack manual__2025-02-10T12:47:31.086830+00:00 [queued]>
[2025-02-10T12:47:43.181+0000] {taskinstance.py:2613} INFO - Dependencies all met for dep_context=requeueable deps ti=<TaskInstance: cluster_deployment.download_stack manual__2025-02-10T12:47:31.086830+00:00 [queued]>
[2025-02-10T12:47:43.182+0000] {taskinstance.py:2866} INFO - Starting attempt 1 of 2
[2025-02-10T12:47:43.189+0000] {taskinstance.py:2889} INFO - Executing <Task(PythonVirtualenvOperator): download_stack> on 2025-02-10 12:47:31.086830+00:00
[2025-02-10T12:47:43.196+0000] {warnings.py:112} WARNING - /home/***/.local/lib/python3.12/site-packages/***/task/task_runner/standard_task_runner.py:70: DeprecationWarning: This process (pid=526) is multi-threaded, use of fork() may lead to deadlocks in the child.
  pid = os.fork()

[2025-02-10T12:47:43.198+0000] {standard_task_runner.py:72} INFO - Started process 527 to run task
[2025-02-10T12:47:43.199+0000] {standard_task_runner.py:104} INFO - Running: ['***', 'tasks', 'run', 'cluster_deployment', 'download_stack', 'manual__2025-02-10T12:47:31.086830+00:00', '--job-id', '618', '--raw', '--subdir', 'DAGS_FOLDER/cluster_deployment.py', '--cfg-path', '/tmp/tmp9030pdum']
[2025-02-10T12:47:43.200+0000] {standard_task_runner.py:105} INFO - Job 618: Subtask download_stack
[2025-02-10T12:47:43.248+0000] {task_command.py:467} INFO - Running <TaskInstance: cluster_deployment.download_stack manual__2025-02-10T12:47:31.086830+00:00 [running]> on host 1999c8c59930
[2025-02-10T12:47:43.305+0000] {taskinstance.py:3132} INFO - Exporting env vars: AIRFLOW_CTX_DAG_OWNER='***' AIRFLOW_CTX_DAG_ID='cluster_deployment' AIRFLOW_CTX_TASK_ID='download_stack' AIRFLOW_CTX_EXECUTION_DATE='2025-02-10T12:47:31.086830+00:00' AIRFLOW_CTX_TRY_NUMBER='1' AIRFLOW_CTX_DAG_RUN_ID='manual__2025-02-10T12:47:31.086830+00:00'
[2025-02-10T12:47:43.307+0000] {logging_mixin.py:190} INFO - Task instance is in running state
[2025-02-10T12:47:43.307+0000] {logging_mixin.py:190} INFO -  Previous state of the Task instance: queued
[2025-02-10T12:47:43.308+0000] {logging_mixin.py:190} INFO - Current task name:download_stack state:running start_date:2025-02-10 12:47:43.177353+00:00
[2025-02-10T12:47:43.308+0000] {logging_mixin.py:190} INFO - Dag name:cluster_deployment and current dag run status:running
[2025-02-10T12:47:43.308+0000] {taskinstance.py:731} INFO - ::endgroup::
[2025-02-10T12:47:43.309+0000] {baseoperator.py:421} WARNING - PythonVirtualenvOperator.execute cannot be called outside TaskInstance!
[2025-02-10T12:47:43.310+0000] {process_utils.py:186} INFO - Executing cmd: /home/***/.local/bin/python -m virtualenv /tmp/venvtdcjw55p --system-site-packages --python=python
[2025-02-10T12:47:43.311+0000] {process_utils.py:190} INFO - Output:
[2025-02-10T12:47:43.961+0000] {process_utils.py:194} INFO - created virtual environment CPython3.12.8.final.0-64 in 232ms
[2025-02-10T12:47:43.962+0000] {process_utils.py:194} INFO -   creator CPython3Posix(dest=/tmp/venvtdcjw55p, clear=False, no_vcs_ignore=False, global=True)
[2025-02-10T12:47:43.963+0000] {process_utils.py:194} INFO -   seeder FromAppData(download=False, pip=bundle, via=copy, app_data_dir=/home/***/.local/share/virtualenv)
[2025-02-10T12:47:43.963+0000] {process_utils.py:194} INFO -     added seed packages: pip==24.3.1
[2025-02-10T12:47:43.964+0000] {process_utils.py:194} INFO -   activators BashActivator,CShellActivator,FishActivator,NushellActivator,PowerShellActivator,PythonActivator
[2025-02-10T12:47:43.980+0000] {process_utils.py:186} INFO - Executing cmd: /tmp/venvtdcjw55p/bin/pip install -r /tmp/venvtdcjw55p/requirements.txt
[2025-02-10T12:47:43.981+0000] {process_utils.py:190} INFO - Output:
[2025-02-10T12:47:45.041+0000] {process_utils.py:194} INFO - Requirement already satisfied: pandas==2.1.4 in /home/***/.local/lib/python3.12/site-packages (from -r /tmp/venvtdcjw55p/requirements.txt (line 1)) (2.1.4)
[2025-02-10T12:47:45.047+0000] {process_utils.py:194} INFO - Requirement already satisfied: numpy<2,>=1.26.0 in /home/***/.local/lib/python3.12/site-packages (from pandas==2.1.4->-r /tmp/venvtdcjw55p/requirements.txt (line 1)) (1.26.4)
[2025-02-10T12:47:45.047+0000] {process_utils.py:194} INFO - Requirement already satisfied: python-dateutil>=2.8.2 in /home/***/.local/lib/python3.12/site-packages (from pandas==2.1.4->-r /tmp/venvtdcjw55p/requirements.txt (line 1)) (2.9.0.post0)
[2025-02-10T12:47:45.048+0000] {process_utils.py:194} INFO - Requirement already satisfied: pytz>=2020.1 in /home/***/.local/lib/python3.12/site-packages (from pandas==2.1.4->-r /tmp/venvtdcjw55p/requirements.txt (line 1)) (2024.2)
[2025-02-10T12:47:45.048+0000] {process_utils.py:194} INFO - Requirement already satisfied: tzdata>=2022.1 in /home/***/.local/lib/python3.12/site-packages (from pandas==2.1.4->-r /tmp/venvtdcjw55p/requirements.txt (line 1)) (2024.2)
[2025-02-10T12:47:45.051+0000] {process_utils.py:194} INFO - Requirement already satisfied: six>=1.5 in /home/***/.local/lib/python3.12/site-packages (from python-dateutil>=2.8.2->pandas==2.1.4->-r /tmp/venvtdcjw55p/requirements.txt (line 1)) (1.17.0)
[2025-02-10T12:47:45.456+0000] {process_utils.py:194} INFO - 
[2025-02-10T12:47:45.456+0000] {process_utils.py:194} INFO - [notice] A new release of pip is available: 24.3.1 -> 25.0.1
[2025-02-10T12:47:45.457+0000] {process_utils.py:194} INFO - [notice] To update, run: python -m pip install --upgrade pip
[2025-02-10T12:47:45.522+0000] {process_utils.py:186} INFO - Executing cmd: /tmp/venvtdcjw55p/bin/python /tmp/venv-callcdi2t333/script.py /tmp/venv-callcdi2t333/script.in /tmp/venv-callcdi2t333/script.out /tmp/venv-callcdi2t333/string_args.txt /tmp/venv-callcdi2t333/termination.log
[2025-02-10T12:47:45.523+0000] {process_utils.py:190} INFO - Output:
[2025-02-10T12:47:47.518+0000] {process_utils.py:194} INFO - [2025-02-10T12:47:47.517+0000] {script.py:30} INFO - Starting download stack...
[2025-02-10T12:47:57.551+0000] {process_utils.py:194} INFO - [2025-02-10T12:47:57.547+0000] {script.py:46} INFO - Writing download report to to: /opt/***/data/download_report_from_v1.0.0.json
[2025-02-10T12:47:57.556+0000] {process_utils.py:194} INFO - [2025-02-10T12:47:57.554+0000] {script.py:50} INFO - Download stack completed:
[2025-02-10T12:47:57.557+0000] {process_utils.py:194} INFO - Total size: 1200.0MB
[2025-02-10T12:47:57.557+0000] {process_utils.py:194} INFO - Total time: 240s
[2025-02-10T12:47:57.558+0000] {process_utils.py:194} INFO - Download speed: 5.0MB/s
[2025-02-10T12:47:58.392+0000] {python.py:240} INFO - Done. Returned value was: {'stacks': ['baseos', 'gi'], 'total_size_mb': 1200.0, 'total_time_seconds': 240, 'download_speed_mbs': 5.0, 'status': 'success', 'details': [{'stack': 'baseos', 'size_mb': 1000, 'status': 'completed', 'time': 180}, {'stack': 'gi', 'size_mb': 200, 'status': 'completed', 'time': 60}], 'timestamp': '2025-02-10T12:47:57.546663'}
[2025-02-10T12:47:58.488+0000] {taskinstance.py:340} INFO - ::group::Post task execution logs
[2025-02-10T12:47:58.489+0000] {taskinstance.py:352} INFO - Marking task as SUCCESS. dag_id=cluster_deployment, task_id=download_stack, run_id=manual__2025-02-10T12:47:31.086830+00:00, execution_date=20250210T124731, start_date=20250210T124743, end_date=20250210T124758
[2025-02-10T12:47:58.522+0000] {logging_mixin.py:190} INFO - Task instance in success state
[2025-02-10T12:47:58.522+0000] {logging_mixin.py:190} INFO -  Previous state of the Task instance: running
[2025-02-10T12:47:58.523+0000] {logging_mixin.py:190} INFO - Dag name:cluster_deployment queued_at:2025-02-10 12:47:31.122350+00:00
[2025-02-10T12:47:58.523+0000] {logging_mixin.py:190} INFO - Task hostname:1999c8c59930 operator:PythonVirtualenvOperator
[2025-02-10T12:47:58.585+0000] {local_task_job_runner.py:266} INFO - Task exited with return code 0
[2025-02-10T12:47:58.713+0000] {taskinstance.py:3895} INFO - 1 downstream tasks scheduled from follow-on schedule check
[2025-02-10T12:47:58.721+0000] {local_task_job_runner.py:245} INFO - ::endgroup::
