[2025-02-07T09:18:41.381+0000] {local_task_job_runner.py:123} INFO - ::group::Pre task execution logs
[2025-02-07T09:18:41.393+0000] {taskinstance.py:2613} INFO - Dependencies all met for dep_context=non-requeueable deps ti=<TaskInstance: cluster_deployment.finish_download manual__2025-02-07T09:14:38.768651+00:00 [queued]>
[2025-02-07T09:18:41.399+0000] {taskinstance.py:2613} INFO - Dependencies all met for dep_context=requeueable deps ti=<TaskInstance: cluster_deployment.finish_download manual__2025-02-07T09:14:38.768651+00:00 [queued]>
[2025-02-07T09:18:41.400+0000] {taskinstance.py:2866} INFO - Starting attempt 1 of 2
[2025-02-07T09:18:41.409+0000] {taskinstance.py:2889} INFO - Executing <Task(PythonOperator): finish_download> on 2025-02-07 09:14:38.768651+00:00
[2025-02-07T09:18:41.413+0000] {warnings.py:112} WARNING - /home/***/.local/lib/python3.12/site-packages/***/task/task_runner/standard_task_runner.py:70: DeprecationWarning: This process (pid=7482) is multi-threaded, use of fork() may lead to deadlocks in the child.
  pid = os.fork()

[2025-02-07T09:18:41.415+0000] {standard_task_runner.py:72} INFO - Started process 7483 to run task
[2025-02-07T09:18:41.416+0000] {standard_task_runner.py:104} INFO - Running: ['***', 'tasks', 'run', 'cluster_deployment', 'finish_download', 'manual__2025-02-07T09:14:38.768651+00:00', '--job-id', '130', '--raw', '--subdir', 'DAGS_FOLDER/cluster_deployment.py', '--cfg-path', '/tmp/tmp82akh7x4']
[2025-02-07T09:18:41.417+0000] {standard_task_runner.py:105} INFO - Job 130: Subtask finish_download
[2025-02-07T09:18:41.472+0000] {task_command.py:467} INFO - Running <TaskInstance: cluster_deployment.finish_download manual__2025-02-07T09:14:38.768651+00:00 [running]> on host ***-worker
[2025-02-07T09:18:41.535+0000] {taskinstance.py:3132} INFO - Exporting env vars: AIRFLOW_CTX_DAG_OWNER='***' AIRFLOW_CTX_DAG_ID='cluster_deployment' AIRFLOW_CTX_TASK_ID='finish_download' AIRFLOW_CTX_EXECUTION_DATE='2025-02-07T09:14:38.768651+00:00' AIRFLOW_CTX_TRY_NUMBER='1' AIRFLOW_CTX_DAG_RUN_ID='manual__2025-02-07T09:14:38.768651+00:00'
[2025-02-07T09:18:41.537+0000] {logging_mixin.py:190} INFO - Task instance is in running state
[2025-02-07T09:18:41.539+0000] {logging_mixin.py:190} INFO -  Previous state of the Task instance: queued
[2025-02-07T09:18:41.539+0000] {logging_mixin.py:190} INFO - Current task name:finish_download state:running start_date:2025-02-07 09:18:41.394241+00:00
[2025-02-07T09:18:41.540+0000] {logging_mixin.py:190} INFO - Dag name:cluster_deployment and current dag run status:running
[2025-02-07T09:18:41.542+0000] {taskinstance.py:731} INFO - ::endgroup::
[2025-02-07T09:18:41.542+0000] {logging_mixin.py:190} INFO - Finishing download...
[2025-02-07T09:18:44.552+0000] {logging_mixin.py:190} INFO - Download completed successfully...
[2025-02-07T09:18:44.556+0000] {python.py:240} INFO - Done. Returned value was: None
[2025-02-07T09:18:44.573+0000] {taskinstance.py:340} INFO - ::group::Post task execution logs
[2025-02-07T09:18:44.575+0000] {taskinstance.py:352} INFO - Marking task as SUCCESS. dag_id=cluster_deployment, task_id=finish_download, run_id=manual__2025-02-07T09:14:38.768651+00:00, execution_date=20250207T091438, start_date=20250207T091841, end_date=20250207T091844
[2025-02-07T09:18:44.586+0000] {logging_mixin.py:190} INFO - Task instance in success state
[2025-02-07T09:18:44.587+0000] {logging_mixin.py:190} INFO -  Previous state of the Task instance: running
[2025-02-07T09:18:44.588+0000] {logging_mixin.py:190} INFO - Dag name:cluster_deployment queued_at:2025-02-07 09:14:38.808758+00:00
[2025-02-07T09:18:44.588+0000] {logging_mixin.py:190} INFO - Task hostname:***-worker operator:PythonOperator
[2025-02-07T09:18:44.636+0000] {local_task_job_runner.py:266} INFO - Task exited with return code 0
[2025-02-07T09:18:44.666+0000] {taskinstance.py:3895} INFO - 0 downstream tasks scheduled from follow-on schedule check
[2025-02-07T09:18:44.668+0000] {local_task_job_runner.py:245} INFO - ::endgroup::
