[2025-02-07T09:03:47.841+0000] {local_task_job_runner.py:123} INFO - ::group::Pre task execution logs
[2025-02-07T09:03:47.852+0000] {taskinstance.py:2613} INFO - Dependencies all met for dep_context=non-requeueable deps ti=<TaskInstance: cluster_deployment.pre_deployment_checks manual__2025-02-07T09:03:46.115030+00:00 [queued]>
[2025-02-07T09:03:47.857+0000] {taskinstance.py:2613} INFO - Dependencies all met for dep_context=requeueable deps ti=<TaskInstance: cluster_deployment.pre_deployment_checks manual__2025-02-07T09:03:46.115030+00:00 [queued]>
[2025-02-07T09:03:47.857+0000] {taskinstance.py:2866} INFO - Starting attempt 1 of 2
[2025-02-07T09:03:47.863+0000] {taskinstance.py:2889} INFO - Executing <Task(PythonVirtualenvOperator): pre_deployment_checks> on 2025-02-07 09:03:46.115030+00:00
[2025-02-07T09:03:47.869+0000] {warnings.py:112} WARNING - /home/***/.local/lib/python3.12/site-packages/***/task/task_runner/standard_task_runner.py:70: DeprecationWarning: This process (pid=6886) is multi-threaded, use of fork() may lead to deadlocks in the child.
  pid = os.fork()

[2025-02-07T09:03:47.870+0000] {standard_task_runner.py:72} INFO - Started process 6887 to run task
[2025-02-07T09:03:47.870+0000] {standard_task_runner.py:104} INFO - Running: ['***', 'tasks', 'run', 'cluster_deployment', 'pre_deployment_checks', 'manual__2025-02-07T09:03:46.115030+00:00', '--job-id', '87', '--raw', '--subdir', 'DAGS_FOLDER/cluster_deployment.py', '--cfg-path', '/tmp/tmp333ct621']
[2025-02-07T09:03:47.871+0000] {standard_task_runner.py:105} INFO - Job 87: Subtask pre_deployment_checks
[2025-02-07T09:03:47.903+0000] {task_command.py:467} INFO - Running <TaskInstance: cluster_deployment.pre_deployment_checks manual__2025-02-07T09:03:46.115030+00:00 [running]> on host ***-worker
[2025-02-07T09:03:47.962+0000] {taskinstance.py:3132} INFO - Exporting env vars: AIRFLOW_CTX_DAG_OWNER='***' AIRFLOW_CTX_DAG_ID='cluster_deployment' AIRFLOW_CTX_TASK_ID='pre_deployment_checks' AIRFLOW_CTX_EXECUTION_DATE='2025-02-07T09:03:46.115030+00:00' AIRFLOW_CTX_TRY_NUMBER='1' AIRFLOW_CTX_DAG_RUN_ID='manual__2025-02-07T09:03:46.115030+00:00'
[2025-02-07T09:03:47.964+0000] {logging_mixin.py:190} INFO - Task instance is in running state
[2025-02-07T09:03:47.964+0000] {logging_mixin.py:190} INFO -  Previous state of the Task instance: queued
[2025-02-07T09:03:47.965+0000] {logging_mixin.py:190} INFO - Current task name:pre_deployment_checks state:running start_date:2025-02-07 09:03:47.853049+00:00
[2025-02-07T09:03:47.965+0000] {logging_mixin.py:190} INFO - Dag name:cluster_deployment and current dag run status:running
[2025-02-07T09:03:47.966+0000] {taskinstance.py:731} INFO - ::endgroup::
[2025-02-07T09:03:47.966+0000] {baseoperator.py:421} WARNING - PythonVirtualenvOperator.execute cannot be called outside TaskInstance!
[2025-02-07T09:03:47.968+0000] {process_utils.py:186} INFO - Executing cmd: /home/***/.local/bin/python -m virtualenv /tmp/venvdo3lewbm --system-site-packages --python=python
[2025-02-07T09:03:47.969+0000] {process_utils.py:190} INFO - Output:
[2025-02-07T09:03:48.622+0000] {process_utils.py:194} INFO - created virtual environment CPython3.12.8.final.0-64 in 161ms
[2025-02-07T09:03:48.622+0000] {process_utils.py:194} INFO -   creator CPython3Posix(dest=/tmp/venvdo3lewbm, clear=False, no_vcs_ignore=False, global=True)
[2025-02-07T09:03:48.623+0000] {process_utils.py:194} INFO -   seeder FromAppData(download=False, pip=bundle, via=copy, app_data_dir=/home/***/.local/share/virtualenv)
[2025-02-07T09:03:48.623+0000] {process_utils.py:194} INFO -     added seed packages: pip==24.3.1
[2025-02-07T09:03:48.624+0000] {process_utils.py:194} INFO -   activators BashActivator,CShellActivator,FishActivator,NushellActivator,PowerShellActivator,PythonActivator
[2025-02-07T09:03:48.640+0000] {process_utils.py:186} INFO - Executing cmd: /tmp/venvdo3lewbm/bin/pip install -r /tmp/venvdo3lewbm/requirements.txt
[2025-02-07T09:03:48.641+0000] {process_utils.py:190} INFO - Output:
[2025-02-07T09:03:49.606+0000] {process_utils.py:194} INFO - Requirement already satisfied: pandas==2.1.4 in /home/***/.local/lib/python3.12/site-packages (from -r /tmp/venvdo3lewbm/requirements.txt (line 1)) (2.1.4)
[2025-02-07T09:03:49.610+0000] {process_utils.py:194} INFO - Requirement already satisfied: numpy<2,>=1.26.0 in /home/***/.local/lib/python3.12/site-packages (from pandas==2.1.4->-r /tmp/venvdo3lewbm/requirements.txt (line 1)) (1.26.4)
[2025-02-07T09:03:49.611+0000] {process_utils.py:194} INFO - Requirement already satisfied: python-dateutil>=2.8.2 in /home/***/.local/lib/python3.12/site-packages (from pandas==2.1.4->-r /tmp/venvdo3lewbm/requirements.txt (line 1)) (2.9.0.post0)
[2025-02-07T09:03:49.611+0000] {process_utils.py:194} INFO - Requirement already satisfied: pytz>=2020.1 in /home/***/.local/lib/python3.12/site-packages (from pandas==2.1.4->-r /tmp/venvdo3lewbm/requirements.txt (line 1)) (2024.2)
[2025-02-07T09:03:49.611+0000] {process_utils.py:194} INFO - Requirement already satisfied: tzdata>=2022.1 in /home/***/.local/lib/python3.12/site-packages (from pandas==2.1.4->-r /tmp/venvdo3lewbm/requirements.txt (line 1)) (2024.2)
[2025-02-07T09:03:49.614+0000] {process_utils.py:194} INFO - Requirement already satisfied: six>=1.5 in /home/***/.local/lib/python3.12/site-packages (from python-dateutil>=2.8.2->pandas==2.1.4->-r /tmp/venvdo3lewbm/requirements.txt (line 1)) (1.17.0)
[2025-02-07T09:03:50.013+0000] {process_utils.py:194} INFO - 
[2025-02-07T09:03:50.013+0000] {process_utils.py:194} INFO - [notice] A new release of pip is available: 24.3.1 -> 25.0
[2025-02-07T09:03:50.014+0000] {process_utils.py:194} INFO - [notice] To update, run: python -m pip install --upgrade pip
[2025-02-07T09:03:50.085+0000] {process_utils.py:186} INFO - Executing cmd: /tmp/venvdo3lewbm/bin/python /tmp/venv-call8e2ekpv3/script.py /tmp/venv-call8e2ekpv3/script.in /tmp/venv-call8e2ekpv3/script.out /tmp/venv-call8e2ekpv3/string_args.txt /tmp/venv-call8e2ekpv3/termination.log
[2025-02-07T09:03:50.086+0000] {process_utils.py:190} INFO - Output:
[2025-02-07T09:03:51.913+0000] {process_utils.py:194} INFO - [2025-02-07T09:03:51.912+0000] {script.py:23} INFO - Starting pre-deployment checks...
[2025-02-07T09:03:51.915+0000] {process_utils.py:194} INFO - [2025-02-07T09:03:51.914+0000] {script.py:38} INFO - Pre-deployment checks completed
[2025-02-07T09:03:52.264+0000] {python.py:240} INFO - Done. Returned value was: {'services_status': {'running': 4}, 'deployment_ready': True, 'timestamp': '2025-02-07T09:03:51.914708'}
[2025-02-07T09:03:52.283+0000] {taskinstance.py:340} INFO - ::group::Post task execution logs
[2025-02-07T09:03:52.284+0000] {taskinstance.py:352} INFO - Marking task as SUCCESS. dag_id=cluster_deployment, task_id=pre_deployment_checks, run_id=manual__2025-02-07T09:03:46.115030+00:00, execution_date=20250207T090346, start_date=20250207T090347, end_date=20250207T090352
[2025-02-07T09:03:52.290+0000] {logging_mixin.py:190} INFO - Task instance in success state
[2025-02-07T09:03:52.290+0000] {logging_mixin.py:190} INFO -  Previous state of the Task instance: running
[2025-02-07T09:03:52.290+0000] {logging_mixin.py:190} INFO - Dag name:cluster_deployment queued_at:2025-02-07 09:03:46.122909+00:00
[2025-02-07T09:03:52.291+0000] {logging_mixin.py:190} INFO - Task hostname:***-worker operator:PythonVirtualenvOperator
[2025-02-07T09:03:52.378+0000] {local_task_job_runner.py:266} INFO - Task exited with return code 0
[2025-02-07T09:03:52.582+0000] {taskinstance.py:3895} INFO - 1 downstream tasks scheduled from follow-on schedule check
[2025-02-07T09:03:52.587+0000] {local_task_job_runner.py:245} INFO - ::endgroup::
