[2025-02-07T15:40:39.703+0000] {local_task_job_runner.py:123} INFO - ::group::Pre task execution logs
[2025-02-07T15:40:39.712+0000] {taskinstance.py:2613} INFO - Dependencies all met for dep_context=non-requeueable deps ti=<TaskInstance: cluster_deployment_rollback.pre_deployment_checks manual__2025-02-07T15:40:37.799884+00:00 [queued]>
[2025-02-07T15:40:39.715+0000] {taskinstance.py:2613} INFO - Dependencies all met for dep_context=requeueable deps ti=<TaskInstance: cluster_deployment_rollback.pre_deployment_checks manual__2025-02-07T15:40:37.799884+00:00 [queued]>
[2025-02-07T15:40:39.716+0000] {taskinstance.py:2866} INFO - Starting attempt 1 of 2
[2025-02-07T15:40:39.723+0000] {taskinstance.py:2889} INFO - Executing <Task(PythonVirtualenvOperator): pre_deployment_checks> on 2025-02-07 15:40:37.799884+00:00
[2025-02-07T15:40:39.728+0000] {warnings.py:112} WARNING - /home/***/.local/lib/python3.12/site-packages/***/task/task_runner/standard_task_runner.py:70: DeprecationWarning: This process (pid=672) is multi-threaded, use of fork() may lead to deadlocks in the child.
  pid = os.fork()

[2025-02-07T15:40:39.729+0000] {standard_task_runner.py:72} INFO - Started process 673 to run task
[2025-02-07T15:40:39.729+0000] {standard_task_runner.py:104} INFO - Running: ['***', 'tasks', 'run', 'cluster_deployment_rollback', 'pre_deployment_checks', 'manual__2025-02-07T15:40:37.799884+00:00', '--job-id', '303', '--raw', '--subdir', 'DAGS_FOLDER/cluster_deployment_rollback.py', '--cfg-path', '/tmp/tmpy5hf5o_6']
[2025-02-07T15:40:39.731+0000] {standard_task_runner.py:105} INFO - Job 303: Subtask pre_deployment_checks
[2025-02-07T15:40:39.778+0000] {task_command.py:467} INFO - Running <TaskInstance: cluster_deployment_rollback.pre_deployment_checks manual__2025-02-07T15:40:37.799884+00:00 [running]> on host 1999c8c59930
[2025-02-07T15:40:39.829+0000] {taskinstance.py:3132} INFO - Exporting env vars: AIRFLOW_CTX_DAG_OWNER='***' AIRFLOW_CTX_DAG_ID='cluster_deployment_rollback' AIRFLOW_CTX_TASK_ID='pre_deployment_checks' AIRFLOW_CTX_EXECUTION_DATE='2025-02-07T15:40:37.799884+00:00' AIRFLOW_CTX_TRY_NUMBER='1' AIRFLOW_CTX_DAG_RUN_ID='manual__2025-02-07T15:40:37.799884+00:00'
[2025-02-07T15:40:39.832+0000] {logging_mixin.py:190} INFO - Task instance is in running state
[2025-02-07T15:40:39.832+0000] {logging_mixin.py:190} INFO -  Previous state of the Task instance: queued
[2025-02-07T15:40:39.833+0000] {logging_mixin.py:190} INFO - Current task name:pre_deployment_checks state:running start_date:2025-02-07 15:40:39.712692+00:00
[2025-02-07T15:40:39.833+0000] {logging_mixin.py:190} INFO - Dag name:cluster_deployment_rollback and current dag run status:running
[2025-02-07T15:40:39.833+0000] {taskinstance.py:731} INFO - ::endgroup::
[2025-02-07T15:40:39.834+0000] {baseoperator.py:421} WARNING - PythonVirtualenvOperator.execute cannot be called outside TaskInstance!
[2025-02-07T15:40:39.835+0000] {process_utils.py:186} INFO - Executing cmd: /home/***/.local/bin/python -m virtualenv /tmp/venv0ohpihw6 --system-site-packages --python=python
[2025-02-07T15:40:39.836+0000] {process_utils.py:190} INFO - Output:
[2025-02-07T15:40:40.462+0000] {process_utils.py:194} INFO - created virtual environment CPython3.12.8.final.0-64 in 174ms
[2025-02-07T15:40:40.463+0000] {process_utils.py:194} INFO -   creator CPython3Posix(dest=/tmp/venv0ohpihw6, clear=False, no_vcs_ignore=False, global=True)
[2025-02-07T15:40:40.464+0000] {process_utils.py:194} INFO -   seeder FromAppData(download=False, pip=bundle, via=copy, app_data_dir=/home/***/.local/share/virtualenv)
[2025-02-07T15:40:40.464+0000] {process_utils.py:194} INFO -     added seed packages: pip==24.3.1
[2025-02-07T15:40:40.464+0000] {process_utils.py:194} INFO -   activators BashActivator,CShellActivator,FishActivator,NushellActivator,PowerShellActivator,PythonActivator
[2025-02-07T15:40:40.486+0000] {process_utils.py:186} INFO - Executing cmd: /tmp/venv0ohpihw6/bin/pip install -r /tmp/venv0ohpihw6/requirements.txt
[2025-02-07T15:40:40.487+0000] {process_utils.py:190} INFO - Output:
[2025-02-07T15:40:41.792+0000] {process_utils.py:194} INFO - Requirement already satisfied: pandas==2.1.4 in /home/***/.local/lib/python3.12/site-packages (from -r /tmp/venv0ohpihw6/requirements.txt (line 1)) (2.1.4)
[2025-02-07T15:40:41.798+0000] {process_utils.py:194} INFO - Requirement already satisfied: numpy<2,>=1.26.0 in /home/***/.local/lib/python3.12/site-packages (from pandas==2.1.4->-r /tmp/venv0ohpihw6/requirements.txt (line 1)) (1.26.4)
[2025-02-07T15:40:41.798+0000] {process_utils.py:194} INFO - Requirement already satisfied: python-dateutil>=2.8.2 in /home/***/.local/lib/python3.12/site-packages (from pandas==2.1.4->-r /tmp/venv0ohpihw6/requirements.txt (line 1)) (2.9.0.post0)
[2025-02-07T15:40:41.799+0000] {process_utils.py:194} INFO - Requirement already satisfied: pytz>=2020.1 in /home/***/.local/lib/python3.12/site-packages (from pandas==2.1.4->-r /tmp/venv0ohpihw6/requirements.txt (line 1)) (2024.2)
[2025-02-07T15:40:41.800+0000] {process_utils.py:194} INFO - Requirement already satisfied: tzdata>=2022.1 in /home/***/.local/lib/python3.12/site-packages (from pandas==2.1.4->-r /tmp/venv0ohpihw6/requirements.txt (line 1)) (2024.2)
[2025-02-07T15:40:41.802+0000] {process_utils.py:194} INFO - Requirement already satisfied: six>=1.5 in /home/***/.local/lib/python3.12/site-packages (from python-dateutil>=2.8.2->pandas==2.1.4->-r /tmp/venv0ohpihw6/requirements.txt (line 1)) (1.17.0)
[2025-02-07T15:40:42.200+0000] {process_utils.py:194} INFO - 
[2025-02-07T15:40:42.201+0000] {process_utils.py:194} INFO - [notice] A new release of pip is available: 24.3.1 -> 25.0
[2025-02-07T15:40:42.202+0000] {process_utils.py:194} INFO - [notice] To update, run: python -m pip install --upgrade pip
[2025-02-07T15:40:42.266+0000] {process_utils.py:186} INFO - Executing cmd: /tmp/venv0ohpihw6/bin/python /tmp/venv-callwszjpfdk/script.py /tmp/venv-callwszjpfdk/script.in /tmp/venv-callwszjpfdk/script.out /tmp/venv-callwszjpfdk/string_args.txt /tmp/venv-callwszjpfdk/termination.log
[2025-02-07T15:40:42.267+0000] {process_utils.py:190} INFO - Output:
[2025-02-07T15:40:44.734+0000] {process_utils.py:194} INFO - [2025-02-07T15:40:44.732+0000] {script.py:23} INFO - Starting pre-deployment checks...
[2025-02-07T15:40:44.738+0000] {process_utils.py:194} INFO - [2025-02-07T15:40:44.736+0000] {script.py:38} INFO - Pre-deployment checks completed
[2025-02-07T15:40:45.264+0000] {python.py:240} INFO - Done. Returned value was: {'services_status': {'running': 4}, 'deployment_ready': True, 'timestamp': '2025-02-07T15:40:44.735917'}
[2025-02-07T15:40:45.314+0000] {taskinstance.py:340} INFO - ::group::Post task execution logs
[2025-02-07T15:40:45.315+0000] {taskinstance.py:352} INFO - Marking task as SUCCESS. dag_id=cluster_deployment_rollback, task_id=pre_deployment_checks, run_id=manual__2025-02-07T15:40:37.799884+00:00, execution_date=20250207T154037, start_date=20250207T154039, end_date=20250207T154045
[2025-02-07T15:40:45.324+0000] {logging_mixin.py:190} INFO - Task instance in success state
[2025-02-07T15:40:45.324+0000] {logging_mixin.py:190} INFO -  Previous state of the Task instance: running
[2025-02-07T15:40:45.325+0000] {logging_mixin.py:190} INFO - Dag name:cluster_deployment_rollback queued_at:2025-02-07 15:40:37.819961+00:00
[2025-02-07T15:40:45.325+0000] {logging_mixin.py:190} INFO - Task hostname:1999c8c59930 operator:PythonVirtualenvOperator
[2025-02-07T15:40:45.345+0000] {local_task_job_runner.py:266} INFO - Task exited with return code 0
[2025-02-07T15:40:45.384+0000] {taskinstance.py:3895} INFO - 1 downstream tasks scheduled from follow-on schedule check
[2025-02-07T15:40:45.386+0000] {local_task_job_runner.py:245} INFO - ::endgroup::
