[2025-02-10T09:39:36.610+0000] {local_task_job_runner.py:123} INFO - ::group::Pre task execution logs
[2025-02-10T09:39:36.619+0000] {taskinstance.py:2613} INFO - Dependencies all met for dep_context=non-requeueable deps ti=<TaskInstance: cluster_deployment_rollback.run_pre_check manual__2025-02-10T09:39:08.243353+00:00 [queued]>
[2025-02-10T09:39:36.624+0000] {taskinstance.py:2613} INFO - Dependencies all met for dep_context=requeueable deps ti=<TaskInstance: cluster_deployment_rollback.run_pre_check manual__2025-02-10T09:39:08.243353+00:00 [queued]>
[2025-02-10T09:39:36.624+0000] {taskinstance.py:2866} INFO - Starting attempt 1 of 2
[2025-02-10T09:39:36.631+0000] {taskinstance.py:2889} INFO - Executing <Task(PythonVirtualenvOperator): run_pre_check> on 2025-02-10 09:39:08.243353+00:00
[2025-02-10T09:39:36.637+0000] {warnings.py:112} WARNING - /home/***/.local/lib/python3.12/site-packages/***/task/task_runner/standard_task_runner.py:70: DeprecationWarning: This process (pid=14927) is multi-threaded, use of fork() may lead to deadlocks in the child.
  pid = os.fork()

[2025-02-10T09:39:36.638+0000] {standard_task_runner.py:72} INFO - Started process 14928 to run task
[2025-02-10T09:39:36.639+0000] {standard_task_runner.py:104} INFO - Running: ['***', 'tasks', 'run', 'cluster_deployment_rollback', 'run_pre_check', 'manual__2025-02-10T09:39:08.243353+00:00', '--job-id', '575', '--raw', '--subdir', 'DAGS_FOLDER/cluster_deployment_rollback.py', '--cfg-path', '/tmp/tmps2nzhotb']
[2025-02-10T09:39:36.640+0000] {standard_task_runner.py:105} INFO - Job 575: Subtask run_pre_check
[2025-02-10T09:39:36.669+0000] {task_command.py:467} INFO - Running <TaskInstance: cluster_deployment_rollback.run_pre_check manual__2025-02-10T09:39:08.243353+00:00 [running]> on host fbc98e9fe6bb
[2025-02-10T09:39:36.718+0000] {taskinstance.py:3132} INFO - Exporting env vars: AIRFLOW_CTX_DAG_OWNER='***' AIRFLOW_CTX_DAG_ID='cluster_deployment_rollback' AIRFLOW_CTX_TASK_ID='run_pre_check' AIRFLOW_CTX_EXECUTION_DATE='2025-02-10T09:39:08.243353+00:00' AIRFLOW_CTX_TRY_NUMBER='1' AIRFLOW_CTX_DAG_RUN_ID='manual__2025-02-10T09:39:08.243353+00:00'
[2025-02-10T09:39:36.719+0000] {logging_mixin.py:190} INFO - Task instance is in running state
[2025-02-10T09:39:36.719+0000] {logging_mixin.py:190} INFO -  Previous state of the Task instance: queued
[2025-02-10T09:39:36.720+0000] {logging_mixin.py:190} INFO - Current task name:run_pre_check state:running start_date:2025-02-10 09:39:36.620072+00:00
[2025-02-10T09:39:36.720+0000] {logging_mixin.py:190} INFO - Dag name:cluster_deployment_rollback and current dag run status:running
[2025-02-10T09:39:36.720+0000] {taskinstance.py:731} INFO - ::endgroup::
[2025-02-10T09:39:36.721+0000] {baseoperator.py:421} WARNING - PythonVirtualenvOperator.execute cannot be called outside TaskInstance!
[2025-02-10T09:39:36.722+0000] {process_utils.py:186} INFO - Executing cmd: /home/***/.local/bin/python -m virtualenv /tmp/venv60lm7qz9 --system-site-packages --python=python
[2025-02-10T09:39:36.724+0000] {process_utils.py:190} INFO - Output:
[2025-02-10T09:39:37.298+0000] {process_utils.py:194} INFO - created virtual environment CPython3.12.8.final.0-64 in 197ms
[2025-02-10T09:39:37.299+0000] {process_utils.py:194} INFO -   creator CPython3Posix(dest=/tmp/venv60lm7qz9, clear=False, no_vcs_ignore=False, global=True)
[2025-02-10T09:39:37.300+0000] {process_utils.py:194} INFO -   seeder FromAppData(download=False, pip=bundle, via=copy, app_data_dir=/home/***/.local/share/virtualenv)
[2025-02-10T09:39:37.300+0000] {process_utils.py:194} INFO -     added seed packages: pip==24.3.1
[2025-02-10T09:39:37.301+0000] {process_utils.py:194} INFO -   activators BashActivator,CShellActivator,FishActivator,NushellActivator,PowerShellActivator,PythonActivator
[2025-02-10T09:39:37.320+0000] {process_utils.py:186} INFO - Executing cmd: /tmp/venv60lm7qz9/bin/pip install -r /tmp/venv60lm7qz9/requirements.txt
[2025-02-10T09:39:37.321+0000] {process_utils.py:190} INFO - Output:
[2025-02-10T09:39:38.311+0000] {process_utils.py:194} INFO - Requirement already satisfied: pandas==2.1.4 in /home/***/.local/lib/python3.12/site-packages (from -r /tmp/venv60lm7qz9/requirements.txt (line 1)) (2.1.4)
[2025-02-10T09:39:38.316+0000] {process_utils.py:194} INFO - Requirement already satisfied: numpy<2,>=1.26.0 in /home/***/.local/lib/python3.12/site-packages (from pandas==2.1.4->-r /tmp/venv60lm7qz9/requirements.txt (line 1)) (1.26.4)
[2025-02-10T09:39:38.316+0000] {process_utils.py:194} INFO - Requirement already satisfied: python-dateutil>=2.8.2 in /home/***/.local/lib/python3.12/site-packages (from pandas==2.1.4->-r /tmp/venv60lm7qz9/requirements.txt (line 1)) (2.9.0.post0)
[2025-02-10T09:39:38.317+0000] {process_utils.py:194} INFO - Requirement already satisfied: pytz>=2020.1 in /home/***/.local/lib/python3.12/site-packages (from pandas==2.1.4->-r /tmp/venv60lm7qz9/requirements.txt (line 1)) (2024.2)
[2025-02-10T09:39:38.317+0000] {process_utils.py:194} INFO - Requirement already satisfied: tzdata>=2022.1 in /home/***/.local/lib/python3.12/site-packages (from pandas==2.1.4->-r /tmp/venv60lm7qz9/requirements.txt (line 1)) (2024.2)
[2025-02-10T09:39:38.320+0000] {process_utils.py:194} INFO - Requirement already satisfied: six>=1.5 in /home/***/.local/lib/python3.12/site-packages (from python-dateutil>=2.8.2->pandas==2.1.4->-r /tmp/venv60lm7qz9/requirements.txt (line 1)) (1.17.0)
[2025-02-10T09:39:38.717+0000] {process_utils.py:194} INFO - 
[2025-02-10T09:39:38.718+0000] {process_utils.py:194} INFO - [notice] A new release of pip is available: 24.3.1 -> 25.0.1
[2025-02-10T09:39:38.718+0000] {process_utils.py:194} INFO - [notice] To update, run: python -m pip install --upgrade pip
[2025-02-10T09:39:38.812+0000] {python.py:513} INFO - Use 'pickle' as serializer.
[2025-02-10T09:39:38.821+0000] {process_utils.py:186} INFO - Executing cmd: /tmp/venv60lm7qz9/bin/python /tmp/venv-callwm1s7_48/script.py /tmp/venv-callwm1s7_48/script.in /tmp/venv-callwm1s7_48/script.out /tmp/venv-callwm1s7_48/string_args.txt /tmp/venv-callwm1s7_48/termination.log
[2025-02-10T09:39:38.822+0000] {process_utils.py:190} INFO - Output:
[2025-02-10T09:39:40.840+0000] {process_utils.py:194} INFO - [2025-02-10T09:39:40.839+0000] {script.py:23} INFO - Starting run pre-checks...
[2025-02-10T09:39:40.842+0000] {process_utils.py:194} INFO - [2025-02-10T09:39:40.839+0000] {script.py:26} INFO - Pre Deployment Report: {'services_status': {'running': 4}, 'deployment_ready': True, 'timestamp': '2025-02-10T09:39:15.446514'}
[2025-02-10T09:39:40.843+0000] {process_utils.py:194} INFO - [2025-02-10T09:39:40.841+0000] {script.py:41} INFO - Pre-checks completed:
[2025-02-10T09:39:40.843+0000] {process_utils.py:194} INFO - Total memory usage: 1536%
[2025-02-10T09:39:40.844+0000] {process_utils.py:194} INFO - Status: PASS
[2025-02-10T09:39:41.210+0000] {python.py:240} INFO - Done. Returned value was: {'total_memory_usage_mb': 1536, 'checks_passed': True, 'timestamp': '2025-02-10T09:39:40.841412'}
[2025-02-10T09:39:41.242+0000] {taskinstance.py:340} INFO - ::group::Post task execution logs
[2025-02-10T09:39:41.242+0000] {taskinstance.py:352} INFO - Marking task as SUCCESS. dag_id=cluster_deployment_rollback, task_id=run_pre_check, run_id=manual__2025-02-10T09:39:08.243353+00:00, execution_date=20250210T093908, start_date=20250210T093936, end_date=20250210T093941
[2025-02-10T09:39:41.253+0000] {logging_mixin.py:190} INFO - Task instance in success state
[2025-02-10T09:39:41.253+0000] {logging_mixin.py:190} INFO -  Previous state of the Task instance: running
[2025-02-10T09:39:41.254+0000] {logging_mixin.py:190} INFO - Dag name:cluster_deployment_rollback queued_at:2025-02-10 09:39:08.258989+00:00
[2025-02-10T09:39:41.255+0000] {logging_mixin.py:190} INFO - Task hostname:fbc98e9fe6bb operator:PythonVirtualenvOperator
[2025-02-10T09:39:41.296+0000] {local_task_job_runner.py:266} INFO - Task exited with return code 0
[2025-02-10T09:39:41.388+0000] {taskinstance.py:3895} INFO - 1 downstream tasks scheduled from follow-on schedule check
[2025-02-10T09:39:41.394+0000] {local_task_job_runner.py:245} INFO - ::endgroup::
