[2025-02-05T14:00:52.284+0000] {local_task_job_runner.py:123} INFO - ::group::Pre task execution logs
[2025-02-05T14:00:52.294+0000] {taskinstance.py:2613} INFO - Dependencies all met for dep_context=non-requeueable deps ti=<TaskInstance: external_signal_workflow.wait_for_signal manual__2025-02-05T14:00:27.639112+00:00 [queued]>
[2025-02-05T14:00:52.300+0000] {taskinstance.py:2613} INFO - Dependencies all met for dep_context=requeueable deps ti=<TaskInstance: external_signal_workflow.wait_for_signal manual__2025-02-05T14:00:27.639112+00:00 [queued]>
[2025-02-05T14:00:52.300+0000] {taskinstance.py:2866} INFO - Starting attempt 1 of 2
[2025-02-05T14:00:52.408+0000] {taskinstance.py:2889} INFO - Executing <Task(ExternalTaskSensor): wait_for_signal> on 2025-02-05 14:00:27.639112+00:00
[2025-02-05T14:00:52.415+0000] {warnings.py:112} WARNING - /home/***/.local/lib/python3.12/site-packages/***/task/task_runner/standard_task_runner.py:70: DeprecationWarning: This process (pid=1591) is multi-threaded, use of fork() may lead to deadlocks in the child.
  pid = os.fork()

[2025-02-05T14:00:52.417+0000] {standard_task_runner.py:72} INFO - Started process 1592 to run task
[2025-02-05T14:00:52.417+0000] {standard_task_runner.py:104} INFO - Running: ['***', 'tasks', 'run', 'external_signal_workflow', 'wait_for_signal', 'manual__2025-02-05T14:00:27.639112+00:00', '--job-id', '52', '--raw', '--subdir', 'DAGS_FOLDER/external_signal_workflow.py', '--cfg-path', '/tmp/tmpwri5hkxd']
[2025-02-05T14:00:52.418+0000] {standard_task_runner.py:105} INFO - Job 52: Subtask wait_for_signal
[2025-02-05T14:00:52.465+0000] {task_command.py:467} INFO - Running <TaskInstance: external_signal_workflow.wait_for_signal manual__2025-02-05T14:00:27.639112+00:00 [running]> on host ***-worker-3
[2025-02-05T14:00:52.517+0000] {taskinstance.py:3132} INFO - Exporting env vars: AIRFLOW_CTX_DAG_OWNER='***' AIRFLOW_CTX_DAG_ID='external_signal_workflow' AIRFLOW_CTX_TASK_ID='wait_for_signal' AIRFLOW_CTX_EXECUTION_DATE='2025-02-05T14:00:27.639112+00:00' AIRFLOW_CTX_TRY_NUMBER='1' AIRFLOW_CTX_DAG_RUN_ID='manual__2025-02-05T14:00:27.639112+00:00'
[2025-02-05T14:00:52.518+0000] {logging_mixin.py:190} INFO - Task instance is in running state
[2025-02-05T14:00:52.518+0000] {logging_mixin.py:190} INFO -  Previous state of the Task instance: queued
[2025-02-05T14:00:52.519+0000] {logging_mixin.py:190} INFO - Current task name:wait_for_signal state:running start_date:2025-02-05 14:00:52.295184+00:00
[2025-02-05T14:00:52.519+0000] {logging_mixin.py:190} INFO - Dag name:external_signal_workflow and current dag run status:running
[2025-02-05T14:00:52.519+0000] {taskinstance.py:731} INFO - ::endgroup::
[2025-02-05T14:00:52.520+0000] {baseoperator.py:421} WARNING - ExternalTaskSensor.execute cannot be called outside TaskInstance!
[2025-02-05T14:00:52.525+0000] {external_task.py:258} INFO - Poking for tasks ['send_signal'] in dag signal_dag on 2025-02-05T14:00:27.639112+00:00 ... 
[2025-02-05T14:00:52.526+0000] {warnings.py:112} WARNING - /home/***/.local/lib/python3.12/site-packages/***/utils/session.py:97: DeprecationWarning: This method is deprecated and will be removed in future.
  return func(*args, session=session, **kwargs)

[2025-02-05T14:00:52.543+0000] {taskinstance.py:309} INFO - Rescheduling task, marking task as UP_FOR_RESCHEDULE
[2025-02-05T14:00:52.543+0000] {taskinstance.py:340} INFO - ::group::Post task execution logs
[2025-02-05T14:00:52.551+0000] {local_task_job_runner.py:266} INFO - Task exited with return code 0
[2025-02-05T14:00:52.566+0000] {taskinstance.py:3895} INFO - 0 downstream tasks scheduled from follow-on schedule check
[2025-02-05T14:00:52.568+0000] {local_task_job_runner.py:245} INFO - ::endgroup::
[2025-02-05T14:01:55.416+0000] {local_task_job_runner.py:123} INFO - ::group::Pre task execution logs
[2025-02-05T14:01:55.430+0000] {taskinstance.py:2613} INFO - Dependencies all met for dep_context=non-requeueable deps ti=<TaskInstance: external_signal_workflow.wait_for_signal manual__2025-02-05T14:00:27.639112+00:00 [queued]>
[2025-02-05T14:01:55.441+0000] {taskinstance.py:2613} INFO - Dependencies all met for dep_context=requeueable deps ti=<TaskInstance: external_signal_workflow.wait_for_signal manual__2025-02-05T14:00:27.639112+00:00 [queued]>
[2025-02-05T14:01:55.442+0000] {taskinstance.py:2866} INFO - Starting attempt 1 of 2
[2025-02-05T14:01:55.603+0000] {taskinstance.py:2889} INFO - Executing <Task(ExternalTaskSensor): wait_for_signal> on 2025-02-05 14:00:27.639112+00:00
[2025-02-05T14:01:55.610+0000] {warnings.py:112} WARNING - /home/***/.local/lib/python3.12/site-packages/***/task/task_runner/standard_task_runner.py:70: DeprecationWarning: This process (pid=1640) is multi-threaded, use of fork() may lead to deadlocks in the child.
  pid = os.fork()

[2025-02-05T14:01:55.611+0000] {standard_task_runner.py:72} INFO - Started process 1641 to run task
[2025-02-05T14:01:55.611+0000] {standard_task_runner.py:104} INFO - Running: ['***', 'tasks', 'run', 'external_signal_workflow', 'wait_for_signal', 'manual__2025-02-05T14:00:27.639112+00:00', '--job-id', '53', '--raw', '--subdir', 'DAGS_FOLDER/external_signal_workflow.py', '--cfg-path', '/tmp/tmpcgf3tq6e']
[2025-02-05T14:01:55.612+0000] {standard_task_runner.py:105} INFO - Job 53: Subtask wait_for_signal
[2025-02-05T14:01:55.678+0000] {task_command.py:467} INFO - Running <TaskInstance: external_signal_workflow.wait_for_signal manual__2025-02-05T14:00:27.639112+00:00 [running]> on host ***-worker-2
[2025-02-05T14:01:55.783+0000] {taskinstance.py:3132} INFO - Exporting env vars: AIRFLOW_CTX_DAG_OWNER='***' AIRFLOW_CTX_DAG_ID='external_signal_workflow' AIRFLOW_CTX_TASK_ID='wait_for_signal' AIRFLOW_CTX_EXECUTION_DATE='2025-02-05T14:00:27.639112+00:00' AIRFLOW_CTX_TRY_NUMBER='1' AIRFLOW_CTX_DAG_RUN_ID='manual__2025-02-05T14:00:27.639112+00:00'
[2025-02-05T14:01:55.784+0000] {logging_mixin.py:190} INFO - Task instance is in running state
[2025-02-05T14:01:55.784+0000] {logging_mixin.py:190} INFO -  Previous state of the Task instance: queued
[2025-02-05T14:01:55.785+0000] {logging_mixin.py:190} INFO - Current task name:wait_for_signal state:running start_date:2025-02-05 14:01:55.431430+00:00
[2025-02-05T14:01:55.785+0000] {logging_mixin.py:190} INFO - Dag name:external_signal_workflow and current dag run status:running
[2025-02-05T14:01:55.785+0000] {taskinstance.py:731} INFO - ::endgroup::
[2025-02-05T14:01:55.786+0000] {baseoperator.py:421} WARNING - ExternalTaskSensor.execute cannot be called outside TaskInstance!
[2025-02-05T14:01:55.796+0000] {external_task.py:258} INFO - Poking for tasks ['send_signal'] in dag signal_dag on 2025-02-05T14:00:27.639112+00:00 ... 
[2025-02-05T14:01:55.799+0000] {warnings.py:112} WARNING - /home/***/.local/lib/python3.12/site-packages/***/utils/session.py:97: DeprecationWarning: This method is deprecated and will be removed in future.
  return func(*args, session=session, **kwargs)

[2025-02-05T14:01:55.851+0000] {taskinstance.py:309} INFO - Rescheduling task, marking task as UP_FOR_RESCHEDULE
[2025-02-05T14:01:55.851+0000] {taskinstance.py:340} INFO - ::group::Post task execution logs
[2025-02-05T14:01:55.867+0000] {local_task_job_runner.py:266} INFO - Task exited with return code 0
[2025-02-05T14:01:55.894+0000] {taskinstance.py:3895} INFO - 0 downstream tasks scheduled from follow-on schedule check
[2025-02-05T14:01:55.896+0000] {local_task_job_runner.py:245} INFO - ::endgroup::
[2025-02-05T14:02:58.391+0000] {local_task_job_runner.py:123} INFO - ::group::Pre task execution logs
[2025-02-05T14:02:58.400+0000] {taskinstance.py:2613} INFO - Dependencies all met for dep_context=non-requeueable deps ti=<TaskInstance: external_signal_workflow.wait_for_signal manual__2025-02-05T14:00:27.639112+00:00 [queued]>
[2025-02-05T14:02:58.406+0000] {taskinstance.py:2613} INFO - Dependencies all met for dep_context=requeueable deps ti=<TaskInstance: external_signal_workflow.wait_for_signal manual__2025-02-05T14:00:27.639112+00:00 [queued]>
[2025-02-05T14:02:58.406+0000] {taskinstance.py:2866} INFO - Starting attempt 1 of 2
[2025-02-05T14:02:58.505+0000] {taskinstance.py:2889} INFO - Executing <Task(ExternalTaskSensor): wait_for_signal> on 2025-02-05 14:00:27.639112+00:00
[2025-02-05T14:02:58.513+0000] {warnings.py:112} WARNING - /home/***/.local/lib/python3.12/site-packages/***/task/task_runner/standard_task_runner.py:70: DeprecationWarning: This process (pid=1625) is multi-threaded, use of fork() may lead to deadlocks in the child.
  pid = os.fork()

[2025-02-05T14:02:58.515+0000] {standard_task_runner.py:104} INFO - Running: ['***', 'tasks', 'run', 'external_signal_workflow', 'wait_for_signal', 'manual__2025-02-05T14:00:27.639112+00:00', '--job-id', '55', '--raw', '--subdir', 'DAGS_FOLDER/external_signal_workflow.py', '--cfg-path', '/tmp/tmpz41dstkw']
[2025-02-05T14:02:58.516+0000] {standard_task_runner.py:72} INFO - Started process 1626 to run task
[2025-02-05T14:02:58.516+0000] {standard_task_runner.py:105} INFO - Job 55: Subtask wait_for_signal
[2025-02-05T14:02:58.561+0000] {task_command.py:467} INFO - Running <TaskInstance: external_signal_workflow.wait_for_signal manual__2025-02-05T14:00:27.639112+00:00 [running]> on host ***-worker-3
[2025-02-05T14:02:58.623+0000] {taskinstance.py:3132} INFO - Exporting env vars: AIRFLOW_CTX_DAG_OWNER='***' AIRFLOW_CTX_DAG_ID='external_signal_workflow' AIRFLOW_CTX_TASK_ID='wait_for_signal' AIRFLOW_CTX_EXECUTION_DATE='2025-02-05T14:00:27.639112+00:00' AIRFLOW_CTX_TRY_NUMBER='1' AIRFLOW_CTX_DAG_RUN_ID='manual__2025-02-05T14:00:27.639112+00:00'
[2025-02-05T14:02:58.624+0000] {logging_mixin.py:190} INFO - Task instance is in running state
[2025-02-05T14:02:58.624+0000] {logging_mixin.py:190} INFO -  Previous state of the Task instance: queued
[2025-02-05T14:02:58.625+0000] {logging_mixin.py:190} INFO - Current task name:wait_for_signal state:running start_date:2025-02-05 14:02:58.400413+00:00
[2025-02-05T14:02:58.625+0000] {logging_mixin.py:190} INFO - Dag name:external_signal_workflow and current dag run status:running
[2025-02-05T14:02:58.625+0000] {taskinstance.py:731} INFO - ::endgroup::
[2025-02-05T14:02:58.626+0000] {baseoperator.py:421} WARNING - ExternalTaskSensor.execute cannot be called outside TaskInstance!
[2025-02-05T14:02:58.634+0000] {external_task.py:258} INFO - Poking for tasks ['send_signal'] in dag signal_dag on 2025-02-05T14:00:27.639112+00:00 ... 
[2025-02-05T14:02:58.636+0000] {warnings.py:112} WARNING - /home/***/.local/lib/python3.12/site-packages/***/utils/session.py:97: DeprecationWarning: This method is deprecated and will be removed in future.
  return func(*args, session=session, **kwargs)

[2025-02-05T14:02:58.654+0000] {taskinstance.py:309} INFO - Rescheduling task, marking task as UP_FOR_RESCHEDULE
[2025-02-05T14:02:58.654+0000] {taskinstance.py:340} INFO - ::group::Post task execution logs
[2025-02-05T14:02:58.692+0000] {local_task_job_runner.py:266} INFO - Task exited with return code 0
[2025-02-05T14:02:58.711+0000] {taskinstance.py:3895} INFO - 0 downstream tasks scheduled from follow-on schedule check
[2025-02-05T14:02:58.713+0000] {local_task_job_runner.py:245} INFO - ::endgroup::
[2025-02-05T14:04:00.480+0000] {local_task_job_runner.py:123} INFO - ::group::Pre task execution logs
[2025-02-05T14:04:00.491+0000] {taskinstance.py:2613} INFO - Dependencies all met for dep_context=non-requeueable deps ti=<TaskInstance: external_signal_workflow.wait_for_signal manual__2025-02-05T14:00:27.639112+00:00 [queued]>
[2025-02-05T14:04:00.496+0000] {taskinstance.py:2613} INFO - Dependencies all met for dep_context=requeueable deps ti=<TaskInstance: external_signal_workflow.wait_for_signal manual__2025-02-05T14:00:27.639112+00:00 [queued]>
[2025-02-05T14:04:00.496+0000] {taskinstance.py:2866} INFO - Starting attempt 1 of 2
[2025-02-05T14:04:00.603+0000] {taskinstance.py:2889} INFO - Executing <Task(ExternalTaskSensor): wait_for_signal> on 2025-02-05 14:00:27.639112+00:00
[2025-02-05T14:04:00.613+0000] {standard_task_runner.py:104} INFO - Running: ['***', 'tasks', 'run', 'external_signal_workflow', 'wait_for_signal', 'manual__2025-02-05T14:00:27.639112+00:00', '--job-id', '56', '--raw', '--subdir', 'DAGS_FOLDER/external_signal_workflow.py', '--cfg-path', '/tmp/tmpikmwwzvl']
[2025-02-05T14:04:00.612+0000] {warnings.py:112} WARNING - /home/***/.local/lib/python3.12/site-packages/***/task/task_runner/standard_task_runner.py:70: DeprecationWarning: This process (pid=1653) is multi-threaded, use of fork() may lead to deadlocks in the child.
  pid = os.fork()

[2025-02-05T14:04:00.614+0000] {standard_task_runner.py:72} INFO - Started process 1654 to run task
[2025-02-05T14:04:00.615+0000] {standard_task_runner.py:105} INFO - Job 56: Subtask wait_for_signal
[2025-02-05T14:04:00.655+0000] {task_command.py:467} INFO - Running <TaskInstance: external_signal_workflow.wait_for_signal manual__2025-02-05T14:00:27.639112+00:00 [running]> on host ***-worker-1
[2025-02-05T14:04:00.718+0000] {taskinstance.py:3132} INFO - Exporting env vars: AIRFLOW_CTX_DAG_OWNER='***' AIRFLOW_CTX_DAG_ID='external_signal_workflow' AIRFLOW_CTX_TASK_ID='wait_for_signal' AIRFLOW_CTX_EXECUTION_DATE='2025-02-05T14:00:27.639112+00:00' AIRFLOW_CTX_TRY_NUMBER='1' AIRFLOW_CTX_DAG_RUN_ID='manual__2025-02-05T14:00:27.639112+00:00'
[2025-02-05T14:04:00.719+0000] {logging_mixin.py:190} INFO - Task instance is in running state
[2025-02-05T14:04:00.720+0000] {logging_mixin.py:190} INFO -  Previous state of the Task instance: queued
[2025-02-05T14:04:00.720+0000] {logging_mixin.py:190} INFO - Current task name:wait_for_signal state:running start_date:2025-02-05 14:04:00.492046+00:00
[2025-02-05T14:04:00.721+0000] {logging_mixin.py:190} INFO - Dag name:external_signal_workflow and current dag run status:running
[2025-02-05T14:04:00.721+0000] {taskinstance.py:731} INFO - ::endgroup::
[2025-02-05T14:04:00.722+0000] {baseoperator.py:421} WARNING - ExternalTaskSensor.execute cannot be called outside TaskInstance!
[2025-02-05T14:04:00.729+0000] {external_task.py:258} INFO - Poking for tasks ['send_signal'] in dag signal_dag on 2025-02-05T14:00:27.639112+00:00 ... 
[2025-02-05T14:04:00.730+0000] {warnings.py:112} WARNING - /home/***/.local/lib/python3.12/site-packages/***/utils/session.py:97: DeprecationWarning: This method is deprecated and will be removed in future.
  return func(*args, session=session, **kwargs)

[2025-02-05T14:04:00.750+0000] {taskinstance.py:309} INFO - Rescheduling task, marking task as UP_FOR_RESCHEDULE
[2025-02-05T14:04:00.750+0000] {taskinstance.py:340} INFO - ::group::Post task execution logs
[2025-02-05T14:04:00.790+0000] {local_task_job_runner.py:266} INFO - Task exited with return code 0
[2025-02-05T14:04:00.805+0000] {taskinstance.py:3895} INFO - 0 downstream tasks scheduled from follow-on schedule check
[2025-02-05T14:04:00.806+0000] {local_task_job_runner.py:245} INFO - ::endgroup::
[2025-02-05T14:05:02.750+0000] {local_task_job_runner.py:123} INFO - ::group::Pre task execution logs
[2025-02-05T14:05:02.759+0000] {taskinstance.py:2613} INFO - Dependencies all met for dep_context=non-requeueable deps ti=<TaskInstance: external_signal_workflow.wait_for_signal manual__2025-02-05T14:00:27.639112+00:00 [queued]>
[2025-02-05T14:05:02.763+0000] {taskinstance.py:2613} INFO - Dependencies all met for dep_context=requeueable deps ti=<TaskInstance: external_signal_workflow.wait_for_signal manual__2025-02-05T14:00:27.639112+00:00 [queued]>
[2025-02-05T14:05:02.763+0000] {taskinstance.py:2866} INFO - Starting attempt 1 of 2
[2025-02-05T14:05:02.867+0000] {taskinstance.py:2889} INFO - Executing <Task(ExternalTaskSensor): wait_for_signal> on 2025-02-05 14:00:27.639112+00:00
[2025-02-05T14:05:02.874+0000] {warnings.py:112} WARNING - /home/***/.local/lib/python3.12/site-packages/***/task/task_runner/standard_task_runner.py:70: DeprecationWarning: This process (pid=1684) is multi-threaded, use of fork() may lead to deadlocks in the child.
  pid = os.fork()

[2025-02-05T14:05:02.876+0000] {standard_task_runner.py:72} INFO - Started process 1685 to run task
[2025-02-05T14:05:02.876+0000] {standard_task_runner.py:104} INFO - Running: ['***', 'tasks', 'run', 'external_signal_workflow', 'wait_for_signal', 'manual__2025-02-05T14:00:27.639112+00:00', '--job-id', '57', '--raw', '--subdir', 'DAGS_FOLDER/external_signal_workflow.py', '--cfg-path', '/tmp/tmpy5t5q3_c']
[2025-02-05T14:05:02.878+0000] {standard_task_runner.py:105} INFO - Job 57: Subtask wait_for_signal
[2025-02-05T14:05:02.906+0000] {task_command.py:467} INFO - Running <TaskInstance: external_signal_workflow.wait_for_signal manual__2025-02-05T14:00:27.639112+00:00 [running]> on host ***-worker-2
[2025-02-05T14:05:02.953+0000] {taskinstance.py:3132} INFO - Exporting env vars: AIRFLOW_CTX_DAG_OWNER='***' AIRFLOW_CTX_DAG_ID='external_signal_workflow' AIRFLOW_CTX_TASK_ID='wait_for_signal' AIRFLOW_CTX_EXECUTION_DATE='2025-02-05T14:00:27.639112+00:00' AIRFLOW_CTX_TRY_NUMBER='1' AIRFLOW_CTX_DAG_RUN_ID='manual__2025-02-05T14:00:27.639112+00:00'
[2025-02-05T14:05:02.954+0000] {logging_mixin.py:190} INFO - Task instance is in running state
[2025-02-05T14:05:02.955+0000] {logging_mixin.py:190} INFO -  Previous state of the Task instance: queued
[2025-02-05T14:05:02.955+0000] {logging_mixin.py:190} INFO - Current task name:wait_for_signal state:running start_date:2025-02-05 14:05:02.759625+00:00
[2025-02-05T14:05:02.955+0000] {logging_mixin.py:190} INFO - Dag name:external_signal_workflow and current dag run status:running
[2025-02-05T14:05:02.955+0000] {taskinstance.py:731} INFO - ::endgroup::
[2025-02-05T14:05:02.956+0000] {baseoperator.py:421} WARNING - ExternalTaskSensor.execute cannot be called outside TaskInstance!
[2025-02-05T14:05:02.963+0000] {external_task.py:258} INFO - Poking for tasks ['send_signal'] in dag signal_dag on 2025-02-05T14:00:27.639112+00:00 ... 
[2025-02-05T14:05:02.964+0000] {warnings.py:112} WARNING - /home/***/.local/lib/python3.12/site-packages/***/utils/session.py:97: DeprecationWarning: This method is deprecated and will be removed in future.
  return func(*args, session=session, **kwargs)

[2025-02-05T14:05:02.992+0000] {taskinstance.py:309} INFO - Rescheduling task, marking task as UP_FOR_RESCHEDULE
[2025-02-05T14:05:02.993+0000] {taskinstance.py:340} INFO - ::group::Post task execution logs
[2025-02-05T14:05:03.012+0000] {local_task_job_runner.py:266} INFO - Task exited with return code 0
[2025-02-05T14:05:03.031+0000] {taskinstance.py:3895} INFO - 0 downstream tasks scheduled from follow-on schedule check
[2025-02-05T14:05:03.033+0000] {local_task_job_runner.py:245} INFO - ::endgroup::
[2025-02-05T14:06:05.361+0000] {local_task_job_runner.py:123} INFO - ::group::Pre task execution logs
[2025-02-05T14:06:05.370+0000] {taskinstance.py:2613} INFO - Dependencies all met for dep_context=non-requeueable deps ti=<TaskInstance: external_signal_workflow.wait_for_signal manual__2025-02-05T14:00:27.639112+00:00 [queued]>
[2025-02-05T14:06:05.375+0000] {taskinstance.py:2613} INFO - Dependencies all met for dep_context=requeueable deps ti=<TaskInstance: external_signal_workflow.wait_for_signal manual__2025-02-05T14:00:27.639112+00:00 [queued]>
[2025-02-05T14:06:05.375+0000] {taskinstance.py:2866} INFO - Starting attempt 1 of 2
[2025-02-05T14:06:05.484+0000] {taskinstance.py:2889} INFO - Executing <Task(ExternalTaskSensor): wait_for_signal> on 2025-02-05 14:00:27.639112+00:00
[2025-02-05T14:06:05.490+0000] {warnings.py:112} WARNING - /home/***/.local/lib/python3.12/site-packages/***/task/task_runner/standard_task_runner.py:70: DeprecationWarning: This process (pid=1670) is multi-threaded, use of fork() may lead to deadlocks in the child.
  pid = os.fork()

[2025-02-05T14:06:05.492+0000] {standard_task_runner.py:72} INFO - Started process 1671 to run task
[2025-02-05T14:06:05.492+0000] {standard_task_runner.py:104} INFO - Running: ['***', 'tasks', 'run', 'external_signal_workflow', 'wait_for_signal', 'manual__2025-02-05T14:00:27.639112+00:00', '--job-id', '58', '--raw', '--subdir', 'DAGS_FOLDER/external_signal_workflow.py', '--cfg-path', '/tmp/tmpapcb_bcq']
[2025-02-05T14:06:05.493+0000] {standard_task_runner.py:105} INFO - Job 58: Subtask wait_for_signal
[2025-02-05T14:06:05.534+0000] {task_command.py:467} INFO - Running <TaskInstance: external_signal_workflow.wait_for_signal manual__2025-02-05T14:00:27.639112+00:00 [running]> on host ***-worker-3
[2025-02-05T14:06:05.594+0000] {taskinstance.py:3132} INFO - Exporting env vars: AIRFLOW_CTX_DAG_OWNER='***' AIRFLOW_CTX_DAG_ID='external_signal_workflow' AIRFLOW_CTX_TASK_ID='wait_for_signal' AIRFLOW_CTX_EXECUTION_DATE='2025-02-05T14:00:27.639112+00:00' AIRFLOW_CTX_TRY_NUMBER='1' AIRFLOW_CTX_DAG_RUN_ID='manual__2025-02-05T14:00:27.639112+00:00'
[2025-02-05T14:06:05.595+0000] {logging_mixin.py:190} INFO - Task instance is in running state
[2025-02-05T14:06:05.595+0000] {logging_mixin.py:190} INFO -  Previous state of the Task instance: queued
[2025-02-05T14:06:05.596+0000] {logging_mixin.py:190} INFO - Current task name:wait_for_signal state:running start_date:2025-02-05 14:06:05.370456+00:00
[2025-02-05T14:06:05.596+0000] {logging_mixin.py:190} INFO - Dag name:external_signal_workflow and current dag run status:running
[2025-02-05T14:06:05.596+0000] {taskinstance.py:731} INFO - ::endgroup::
[2025-02-05T14:06:05.597+0000] {baseoperator.py:421} WARNING - ExternalTaskSensor.execute cannot be called outside TaskInstance!
[2025-02-05T14:06:05.604+0000] {external_task.py:258} INFO - Poking for tasks ['send_signal'] in dag signal_dag on 2025-02-05T14:00:27.639112+00:00 ... 
[2025-02-05T14:06:05.605+0000] {warnings.py:112} WARNING - /home/***/.local/lib/python3.12/site-packages/***/utils/session.py:97: DeprecationWarning: This method is deprecated and will be removed in future.
  return func(*args, session=session, **kwargs)

[2025-02-05T14:06:05.630+0000] {taskinstance.py:309} INFO - Rescheduling task, marking task as UP_FOR_RESCHEDULE
[2025-02-05T14:06:05.632+0000] {taskinstance.py:340} INFO - ::group::Post task execution logs
[2025-02-05T14:06:05.671+0000] {local_task_job_runner.py:266} INFO - Task exited with return code 0
[2025-02-05T14:06:05.686+0000] {taskinstance.py:3895} INFO - 0 downstream tasks scheduled from follow-on schedule check
[2025-02-05T14:06:05.688+0000] {local_task_job_runner.py:245} INFO - ::endgroup::
[2025-02-05T14:07:07.706+0000] {local_task_job_runner.py:123} INFO - ::group::Pre task execution logs
[2025-02-05T14:07:07.714+0000] {taskinstance.py:2613} INFO - Dependencies all met for dep_context=non-requeueable deps ti=<TaskInstance: external_signal_workflow.wait_for_signal manual__2025-02-05T14:00:27.639112+00:00 [queued]>
[2025-02-05T14:07:07.719+0000] {taskinstance.py:2613} INFO - Dependencies all met for dep_context=requeueable deps ti=<TaskInstance: external_signal_workflow.wait_for_signal manual__2025-02-05T14:00:27.639112+00:00 [queued]>
[2025-02-05T14:07:07.719+0000] {taskinstance.py:2866} INFO - Starting attempt 1 of 2
[2025-02-05T14:07:07.832+0000] {taskinstance.py:2889} INFO - Executing <Task(ExternalTaskSensor): wait_for_signal> on 2025-02-05 14:00:27.639112+00:00
[2025-02-05T14:07:07.837+0000] {warnings.py:112} WARNING - /home/***/.local/lib/python3.12/site-packages/***/task/task_runner/standard_task_runner.py:70: DeprecationWarning: This process (pid=1708) is multi-threaded, use of fork() may lead to deadlocks in the child.
  pid = os.fork()

[2025-02-05T14:07:07.838+0000] {standard_task_runner.py:72} INFO - Started process 1716 to run task
[2025-02-05T14:07:07.839+0000] {standard_task_runner.py:104} INFO - Running: ['***', 'tasks', 'run', 'external_signal_workflow', 'wait_for_signal', 'manual__2025-02-05T14:00:27.639112+00:00', '--job-id', '59', '--raw', '--subdir', 'DAGS_FOLDER/external_signal_workflow.py', '--cfg-path', '/tmp/tmph4jwxqph']
[2025-02-05T14:07:07.840+0000] {standard_task_runner.py:105} INFO - Job 59: Subtask wait_for_signal
[2025-02-05T14:07:07.869+0000] {task_command.py:467} INFO - Running <TaskInstance: external_signal_workflow.wait_for_signal manual__2025-02-05T14:00:27.639112+00:00 [running]> on host ***-worker-2
[2025-02-05T14:07:07.915+0000] {taskinstance.py:3132} INFO - Exporting env vars: AIRFLOW_CTX_DAG_OWNER='***' AIRFLOW_CTX_DAG_ID='external_signal_workflow' AIRFLOW_CTX_TASK_ID='wait_for_signal' AIRFLOW_CTX_EXECUTION_DATE='2025-02-05T14:00:27.639112+00:00' AIRFLOW_CTX_TRY_NUMBER='1' AIRFLOW_CTX_DAG_RUN_ID='manual__2025-02-05T14:00:27.639112+00:00'
[2025-02-05T14:07:07.916+0000] {logging_mixin.py:190} INFO - Task instance is in running state
[2025-02-05T14:07:07.917+0000] {logging_mixin.py:190} INFO -  Previous state of the Task instance: queued
[2025-02-05T14:07:07.917+0000] {logging_mixin.py:190} INFO - Current task name:wait_for_signal state:running start_date:2025-02-05 14:07:07.715076+00:00
[2025-02-05T14:07:07.917+0000] {logging_mixin.py:190} INFO - Dag name:external_signal_workflow and current dag run status:running
[2025-02-05T14:07:07.918+0000] {taskinstance.py:731} INFO - ::endgroup::
[2025-02-05T14:07:07.918+0000] {baseoperator.py:421} WARNING - ExternalTaskSensor.execute cannot be called outside TaskInstance!
[2025-02-05T14:07:07.924+0000] {external_task.py:258} INFO - Poking for tasks ['send_signal'] in dag signal_dag on 2025-02-05T14:00:27.639112+00:00 ... 
[2025-02-05T14:07:07.924+0000] {warnings.py:112} WARNING - /home/***/.local/lib/python3.12/site-packages/***/utils/session.py:97: DeprecationWarning: This method is deprecated and will be removed in future.
  return func(*args, session=session, **kwargs)

[2025-02-05T14:07:07.945+0000] {taskinstance.py:309} INFO - Rescheduling task, marking task as UP_FOR_RESCHEDULE
[2025-02-05T14:07:07.945+0000] {taskinstance.py:340} INFO - ::group::Post task execution logs
[2025-02-05T14:07:07.972+0000] {local_task_job_runner.py:266} INFO - Task exited with return code 0
[2025-02-05T14:07:07.989+0000] {taskinstance.py:3895} INFO - 0 downstream tasks scheduled from follow-on schedule check
[2025-02-05T14:07:07.991+0000] {local_task_job_runner.py:245} INFO - ::endgroup::
[2025-02-05T14:08:10.033+0000] {local_task_job_runner.py:123} INFO - ::group::Pre task execution logs
[2025-02-05T14:08:10.041+0000] {taskinstance.py:2613} INFO - Dependencies all met for dep_context=non-requeueable deps ti=<TaskInstance: external_signal_workflow.wait_for_signal manual__2025-02-05T14:00:27.639112+00:00 [queued]>
[2025-02-05T14:08:10.045+0000] {taskinstance.py:2613} INFO - Dependencies all met for dep_context=requeueable deps ti=<TaskInstance: external_signal_workflow.wait_for_signal manual__2025-02-05T14:00:27.639112+00:00 [queued]>
[2025-02-05T14:08:10.045+0000] {taskinstance.py:2866} INFO - Starting attempt 1 of 2
[2025-02-05T14:08:10.136+0000] {taskinstance.py:2889} INFO - Executing <Task(ExternalTaskSensor): wait_for_signal> on 2025-02-05 14:00:27.639112+00:00
[2025-02-05T14:08:10.141+0000] {warnings.py:112} WARNING - /home/***/.local/lib/python3.12/site-packages/***/task/task_runner/standard_task_runner.py:70: DeprecationWarning: This process (pid=1725) is multi-threaded, use of fork() may lead to deadlocks in the child.
  pid = os.fork()

[2025-02-05T14:08:10.142+0000] {standard_task_runner.py:72} INFO - Started process 1726 to run task
[2025-02-05T14:08:10.142+0000] {standard_task_runner.py:104} INFO - Running: ['***', 'tasks', 'run', 'external_signal_workflow', 'wait_for_signal', 'manual__2025-02-05T14:00:27.639112+00:00', '--job-id', '60', '--raw', '--subdir', 'DAGS_FOLDER/external_signal_workflow.py', '--cfg-path', '/tmp/tmph590tpwh']
[2025-02-05T14:08:10.143+0000] {standard_task_runner.py:105} INFO - Job 60: Subtask wait_for_signal
[2025-02-05T14:08:10.168+0000] {task_command.py:467} INFO - Running <TaskInstance: external_signal_workflow.wait_for_signal manual__2025-02-05T14:00:27.639112+00:00 [running]> on host ***-worker-2
[2025-02-05T14:08:10.206+0000] {taskinstance.py:3132} INFO - Exporting env vars: AIRFLOW_CTX_DAG_OWNER='***' AIRFLOW_CTX_DAG_ID='external_signal_workflow' AIRFLOW_CTX_TASK_ID='wait_for_signal' AIRFLOW_CTX_EXECUTION_DATE='2025-02-05T14:00:27.639112+00:00' AIRFLOW_CTX_TRY_NUMBER='1' AIRFLOW_CTX_DAG_RUN_ID='manual__2025-02-05T14:00:27.639112+00:00'
[2025-02-05T14:08:10.207+0000] {logging_mixin.py:190} INFO - Task instance is in running state
[2025-02-05T14:08:10.207+0000] {logging_mixin.py:190} INFO -  Previous state of the Task instance: queued
[2025-02-05T14:08:10.207+0000] {logging_mixin.py:190} INFO - Current task name:wait_for_signal state:running start_date:2025-02-05 14:08:10.042108+00:00
[2025-02-05T14:08:10.208+0000] {logging_mixin.py:190} INFO - Dag name:external_signal_workflow and current dag run status:running
[2025-02-05T14:08:10.208+0000] {taskinstance.py:731} INFO - ::endgroup::
[2025-02-05T14:08:10.209+0000] {baseoperator.py:421} WARNING - ExternalTaskSensor.execute cannot be called outside TaskInstance!
[2025-02-05T14:08:10.213+0000] {external_task.py:258} INFO - Poking for tasks ['send_signal'] in dag signal_dag on 2025-02-05T14:00:27.639112+00:00 ... 
[2025-02-05T14:08:10.213+0000] {warnings.py:112} WARNING - /home/***/.local/lib/python3.12/site-packages/***/utils/session.py:97: DeprecationWarning: This method is deprecated and will be removed in future.
  return func(*args, session=session, **kwargs)

[2025-02-05T14:08:10.227+0000] {taskinstance.py:309} INFO - Rescheduling task, marking task as UP_FOR_RESCHEDULE
[2025-02-05T14:08:10.227+0000] {taskinstance.py:340} INFO - ::group::Post task execution logs
[2025-02-05T14:08:10.236+0000] {local_task_job_runner.py:266} INFO - Task exited with return code 0
[2025-02-05T14:08:10.252+0000] {taskinstance.py:3895} INFO - 0 downstream tasks scheduled from follow-on schedule check
[2025-02-05T14:08:10.253+0000] {local_task_job_runner.py:245} INFO - ::endgroup::
[2025-02-05T14:09:11.320+0000] {local_task_job_runner.py:123} INFO - ::group::Pre task execution logs
[2025-02-05T14:09:11.328+0000] {taskinstance.py:2613} INFO - Dependencies all met for dep_context=non-requeueable deps ti=<TaskInstance: external_signal_workflow.wait_for_signal manual__2025-02-05T14:00:27.639112+00:00 [queued]>
[2025-02-05T14:09:11.331+0000] {taskinstance.py:2613} INFO - Dependencies all met for dep_context=requeueable deps ti=<TaskInstance: external_signal_workflow.wait_for_signal manual__2025-02-05T14:00:27.639112+00:00 [queued]>
[2025-02-05T14:09:11.331+0000] {taskinstance.py:2866} INFO - Starting attempt 1 of 2
[2025-02-05T14:09:11.421+0000] {taskinstance.py:2889} INFO - Executing <Task(ExternalTaskSensor): wait_for_signal> on 2025-02-05 14:00:27.639112+00:00
[2025-02-05T14:09:11.425+0000] {warnings.py:112} WARNING - /home/***/.local/lib/python3.12/site-packages/***/task/task_runner/standard_task_runner.py:70: DeprecationWarning: This process (pid=1742) is multi-threaded, use of fork() may lead to deadlocks in the child.
  pid = os.fork()

[2025-02-05T14:09:11.427+0000] {standard_task_runner.py:72} INFO - Started process 1743 to run task
[2025-02-05T14:09:11.428+0000] {standard_task_runner.py:104} INFO - Running: ['***', 'tasks', 'run', 'external_signal_workflow', 'wait_for_signal', 'manual__2025-02-05T14:00:27.639112+00:00', '--job-id', '61', '--raw', '--subdir', 'DAGS_FOLDER/external_signal_workflow.py', '--cfg-path', '/tmp/tmpwcax2ngs']
[2025-02-05T14:09:11.429+0000] {standard_task_runner.py:105} INFO - Job 61: Subtask wait_for_signal
[2025-02-05T14:09:11.460+0000] {task_command.py:467} INFO - Running <TaskInstance: external_signal_workflow.wait_for_signal manual__2025-02-05T14:00:27.639112+00:00 [running]> on host ***-worker-2
[2025-02-05T14:09:11.512+0000] {taskinstance.py:3132} INFO - Exporting env vars: AIRFLOW_CTX_DAG_OWNER='***' AIRFLOW_CTX_DAG_ID='external_signal_workflow' AIRFLOW_CTX_TASK_ID='wait_for_signal' AIRFLOW_CTX_EXECUTION_DATE='2025-02-05T14:00:27.639112+00:00' AIRFLOW_CTX_TRY_NUMBER='1' AIRFLOW_CTX_DAG_RUN_ID='manual__2025-02-05T14:00:27.639112+00:00'
[2025-02-05T14:09:11.513+0000] {logging_mixin.py:190} INFO - Task instance is in running state
[2025-02-05T14:09:11.514+0000] {logging_mixin.py:190} INFO -  Previous state of the Task instance: queued
[2025-02-05T14:09:11.514+0000] {logging_mixin.py:190} INFO - Current task name:wait_for_signal state:running start_date:2025-02-05 14:09:11.328318+00:00
[2025-02-05T14:09:11.514+0000] {logging_mixin.py:190} INFO - Dag name:external_signal_workflow and current dag run status:running
[2025-02-05T14:09:11.515+0000] {taskinstance.py:731} INFO - ::endgroup::
[2025-02-05T14:09:11.515+0000] {baseoperator.py:421} WARNING - ExternalTaskSensor.execute cannot be called outside TaskInstance!
[2025-02-05T14:09:11.521+0000] {external_task.py:258} INFO - Poking for tasks ['send_signal'] in dag signal_dag on 2025-02-05T14:00:27.639112+00:00 ... 
[2025-02-05T14:09:11.521+0000] {warnings.py:112} WARNING - /home/***/.local/lib/python3.12/site-packages/***/utils/session.py:97: DeprecationWarning: This method is deprecated and will be removed in future.
  return func(*args, session=session, **kwargs)

[2025-02-05T14:09:11.536+0000] {taskinstance.py:309} INFO - Rescheduling task, marking task as UP_FOR_RESCHEDULE
[2025-02-05T14:09:11.537+0000] {taskinstance.py:340} INFO - ::group::Post task execution logs
[2025-02-05T14:09:11.561+0000] {local_task_job_runner.py:266} INFO - Task exited with return code 0
[2025-02-05T14:09:11.577+0000] {taskinstance.py:3895} INFO - 0 downstream tasks scheduled from follow-on schedule check
[2025-02-05T14:09:11.579+0000] {local_task_job_runner.py:245} INFO - ::endgroup::
