[2025-02-10T12:44:12.572+0000] {local_task_job_runner.py:123} INFO - ::group::Pre task execution logs
[2025-02-10T12:44:12.649+0000] {taskinstance.py:2613} INFO - Dependencies all met for dep_context=non-requeueable deps ti=<TaskInstance: cluster_deployment_rollback.download_stack manual__2025-02-10T12:43:28.832135+00:00 [queued]>
[2025-02-10T12:44:12.670+0000] {taskinstance.py:2613} INFO - Dependencies all met for dep_context=requeueable deps ti=<TaskInstance: cluster_deployment_rollback.download_stack manual__2025-02-10T12:43:28.832135+00:00 [queued]>
[2025-02-10T12:44:12.671+0000] {taskinstance.py:2866} INFO - Starting attempt 1 of 2
[2025-02-10T12:44:12.826+0000] {taskinstance.py:2889} INFO - Executing <Task(PythonVirtualenvOperator): download_stack> on 2025-02-10 12:43:28.832135+00:00
[2025-02-10T12:44:13.167+0000] {warnings.py:112} WARNING - /home/***/.local/lib/python3.12/site-packages/***/task/task_runner/standard_task_runner.py:70: DeprecationWarning: This process (pid=18140) is multi-threaded, use of fork() may lead to deadlocks in the child.
  pid = os.fork()

[2025-02-10T12:44:13.205+0000] {standard_task_runner.py:72} INFO - Started process 18147 to run task
[2025-02-10T12:44:13.286+0000] {standard_task_runner.py:104} INFO - Running: ['***', 'tasks', 'run', 'cluster_deployment_rollback', 'download_stack', 'manual__2025-02-10T12:43:28.832135+00:00', '--job-id', '587', '--raw', '--subdir', 'DAGS_FOLDER/cluster_deployment_rollback.py', '--cfg-path', '/tmp/tmpyntoyrth']
[2025-02-10T12:44:13.312+0000] {standard_task_runner.py:105} INFO - Job 587: Subtask download_stack
[2025-02-10T12:44:13.659+0000] {task_command.py:467} INFO - Running <TaskInstance: cluster_deployment_rollback.download_stack manual__2025-02-10T12:43:28.832135+00:00 [running]> on host fbc98e9fe6bb
[2025-02-10T12:44:13.766+0000] {taskinstance.py:3132} INFO - Exporting env vars: AIRFLOW_CTX_DAG_OWNER='***' AIRFLOW_CTX_DAG_ID='cluster_deployment_rollback' AIRFLOW_CTX_TASK_ID='download_stack' AIRFLOW_CTX_EXECUTION_DATE='2025-02-10T12:43:28.832135+00:00' AIRFLOW_CTX_TRY_NUMBER='1' AIRFLOW_CTX_DAG_RUN_ID='manual__2025-02-10T12:43:28.832135+00:00'
[2025-02-10T12:44:13.775+0000] {logging_mixin.py:190} INFO - Task instance is in running state
[2025-02-10T12:44:13.775+0000] {logging_mixin.py:190} INFO -  Previous state of the Task instance: queued
[2025-02-10T12:44:13.777+0000] {logging_mixin.py:190} INFO - Current task name:download_stack state:running start_date:2025-02-10 12:44:12.650365+00:00
[2025-02-10T12:44:13.777+0000] {logging_mixin.py:190} INFO - Dag name:cluster_deployment_rollback and current dag run status:running
[2025-02-10T12:44:13.777+0000] {taskinstance.py:731} INFO - ::endgroup::
[2025-02-10T12:44:13.780+0000] {baseoperator.py:421} WARNING - PythonVirtualenvOperator.execute cannot be called outside TaskInstance!
[2025-02-10T12:44:13.786+0000] {process_utils.py:186} INFO - Executing cmd: /home/***/.local/bin/python -m virtualenv /tmp/venv117l3n_g --system-site-packages --python=python
[2025-02-10T12:44:13.841+0000] {process_utils.py:190} INFO - Output:
[2025-02-10T12:44:16.044+0000] {process_utils.py:194} INFO - created virtual environment CPython3.12.8.final.0-64 in 753ms
[2025-02-10T12:44:16.066+0000] {process_utils.py:194} INFO -   creator CPython3Posix(dest=/tmp/venv117l3n_g, clear=False, no_vcs_ignore=False, global=True)
[2025-02-10T12:44:16.072+0000] {process_utils.py:194} INFO -   seeder FromAppData(download=False, pip=bundle, via=copy, app_data_dir=/home/***/.local/share/virtualenv)
[2025-02-10T12:44:16.075+0000] {process_utils.py:194} INFO -     added seed packages: pip==24.3.1
[2025-02-10T12:44:16.075+0000] {process_utils.py:194} INFO -   activators BashActivator,CShellActivator,FishActivator,NushellActivator,PowerShellActivator,PythonActivator
[2025-02-10T12:44:16.113+0000] {process_utils.py:186} INFO - Executing cmd: /tmp/venv117l3n_g/bin/pip install -r /tmp/venv117l3n_g/requirements.txt
[2025-02-10T12:44:16.123+0000] {process_utils.py:190} INFO - Output:
[2025-02-10T12:44:19.628+0000] {process_utils.py:194} INFO - Requirement already satisfied: pandas==2.1.4 in /home/***/.local/lib/python3.12/site-packages (from -r /tmp/venv117l3n_g/requirements.txt (line 1)) (2.1.4)
[2025-02-10T12:44:19.640+0000] {process_utils.py:194} INFO - Requirement already satisfied: numpy<2,>=1.26.0 in /home/***/.local/lib/python3.12/site-packages (from pandas==2.1.4->-r /tmp/venv117l3n_g/requirements.txt (line 1)) (1.26.4)
[2025-02-10T12:44:19.641+0000] {process_utils.py:194} INFO - Requirement already satisfied: python-dateutil>=2.8.2 in /home/***/.local/lib/python3.12/site-packages (from pandas==2.1.4->-r /tmp/venv117l3n_g/requirements.txt (line 1)) (2.9.0.post0)
[2025-02-10T12:44:19.643+0000] {process_utils.py:194} INFO - Requirement already satisfied: pytz>=2020.1 in /home/***/.local/lib/python3.12/site-packages (from pandas==2.1.4->-r /tmp/venv117l3n_g/requirements.txt (line 1)) (2024.2)
[2025-02-10T12:44:19.644+0000] {process_utils.py:194} INFO - Requirement already satisfied: tzdata>=2022.1 in /home/***/.local/lib/python3.12/site-packages (from pandas==2.1.4->-r /tmp/venv117l3n_g/requirements.txt (line 1)) (2024.2)
[2025-02-10T12:44:19.649+0000] {process_utils.py:194} INFO - Requirement already satisfied: six>=1.5 in /home/***/.local/lib/python3.12/site-packages (from python-dateutil>=2.8.2->pandas==2.1.4->-r /tmp/venv117l3n_g/requirements.txt (line 1)) (1.17.0)
[2025-02-10T12:44:20.628+0000] {process_utils.py:194} INFO - 
[2025-02-10T12:44:20.642+0000] {process_utils.py:194} INFO - [notice] A new release of pip is available: 24.3.1 -> 25.0.1
[2025-02-10T12:44:20.643+0000] {process_utils.py:194} INFO - [notice] To update, run: python -m pip install --upgrade pip
[2025-02-10T12:44:21.022+0000] {process_utils.py:186} INFO - Executing cmd: /tmp/venv117l3n_g/bin/python /tmp/venv-callvet_m9y2/script.py /tmp/venv-callvet_m9y2/script.in /tmp/venv-callvet_m9y2/script.out /tmp/venv-callvet_m9y2/string_args.txt /tmp/venv-callvet_m9y2/termination.log
[2025-02-10T12:44:21.043+0000] {process_utils.py:190} INFO - Output:
[2025-02-10T12:44:28.028+0000] {process_utils.py:194} INFO - [2025-02-10T12:44:28.023+0000] {script.py:30} INFO - Starting download stack...
[2025-02-10T12:44:38.084+0000] {process_utils.py:194} INFO - [2025-02-10T12:44:38.079+0000] {script.py:46} INFO - Writing download report to to: /opt/***/data/download_report_from_v1.0.0.json
[2025-02-10T12:44:38.090+0000] {process_utils.py:194} INFO - [2025-02-10T12:44:38.085+0000] {script.py:50} INFO - Download stack completed:
[2025-02-10T12:44:38.092+0000] {process_utils.py:194} INFO - Total size: 1200.0MB
[2025-02-10T12:44:38.094+0000] {process_utils.py:194} INFO - Total time: 240s
[2025-02-10T12:44:38.096+0000] {process_utils.py:194} INFO - Download speed: 5.0MB/s
[2025-02-10T12:44:38.936+0000] {python.py:240} INFO - Done. Returned value was: {'stacks': ['baseos', 'gi'], 'total_size_mb': 1200.0, 'total_time_seconds': 240, 'download_speed_mbs': 5.0, 'status': 'success', 'details': [{'stack': 'baseos', 'size_mb': 1000, 'status': 'completed', 'time': 180}, {'stack': 'gi', 'size_mb': 200, 'status': 'completed', 'time': 60}], 'timestamp': '2025-02-10T12:44:38.078691'}
[2025-02-10T12:44:39.026+0000] {taskinstance.py:340} INFO - ::group::Post task execution logs
[2025-02-10T12:44:39.028+0000] {taskinstance.py:352} INFO - Marking task as SUCCESS. dag_id=cluster_deployment_rollback, task_id=download_stack, run_id=manual__2025-02-10T12:43:28.832135+00:00, execution_date=20250210T124328, start_date=20250210T124412, end_date=20250210T124439
[2025-02-10T12:44:39.040+0000] {logging_mixin.py:190} INFO - Task instance in success state
[2025-02-10T12:44:39.041+0000] {logging_mixin.py:190} INFO -  Previous state of the Task instance: running
[2025-02-10T12:44:39.042+0000] {logging_mixin.py:190} INFO - Dag name:cluster_deployment_rollback queued_at:2025-02-10 12:43:28.852688+00:00
[2025-02-10T12:44:39.042+0000] {logging_mixin.py:190} INFO - Task hostname:fbc98e9fe6bb operator:PythonVirtualenvOperator
[2025-02-10T12:44:39.066+0000] {local_task_job_runner.py:266} INFO - Task exited with return code 0
[2025-02-10T12:44:39.123+0000] {taskinstance.py:3895} INFO - 1 downstream tasks scheduled from follow-on schedule check
[2025-02-10T12:44:39.125+0000] {local_task_job_runner.py:245} INFO - ::endgroup::
