[2025-02-07T14:47:41.049+0000] {local_task_job_runner.py:123} INFO - ::group::Pre task execution logs
[2025-02-07T14:47:41.063+0000] {taskinstance.py:2613} INFO - Dependencies all met for dep_context=non-requeueable deps ti=<TaskInstance: cluster_deployment_versioned.deploy_stack manual__2025-02-07T14:47:06.034920+00:00 [queued]>
[2025-02-07T14:47:41.070+0000] {taskinstance.py:2613} INFO - Dependencies all met for dep_context=requeueable deps ti=<TaskInstance: cluster_deployment_versioned.deploy_stack manual__2025-02-07T14:47:06.034920+00:00 [queued]>
[2025-02-07T14:47:41.071+0000] {taskinstance.py:2866} INFO - Starting attempt 1 of 2
[2025-02-07T14:47:41.079+0000] {taskinstance.py:2889} INFO - Executing <Task(PythonOperator): deploy_stack> on 2025-02-07 14:47:06.034920+00:00
[2025-02-07T14:47:41.088+0000] {warnings.py:112} WARNING - /home/***/.local/lib/python3.12/site-packages/***/task/task_runner/standard_task_runner.py:70: DeprecationWarning: This process (pid=304) is multi-threaded, use of fork() may lead to deadlocks in the child.
  pid = os.fork()

[2025-02-07T14:47:41.088+0000] {standard_task_runner.py:104} INFO - Running: ['***', 'tasks', 'run', 'cluster_deployment_versioned', 'deploy_stack', 'manual__2025-02-07T14:47:06.034920+00:00', '--job-id', '200', '--raw', '--subdir', 'DAGS_FOLDER/cluster_deployment_versioned.py', '--cfg-path', '/tmp/tmp5yj7q9ys']
[2025-02-07T14:47:41.091+0000] {standard_task_runner.py:105} INFO - Job 200: Subtask deploy_stack
[2025-02-07T14:47:41.091+0000] {standard_task_runner.py:72} INFO - Started process 305 to run task
[2025-02-07T14:47:41.140+0000] {task_command.py:467} INFO - Running <TaskInstance: cluster_deployment_versioned.deploy_stack manual__2025-02-07T14:47:06.034920+00:00 [running]> on host 35f5723d0861
[2025-02-07T14:47:41.201+0000] {taskinstance.py:3132} INFO - Exporting env vars: AIRFLOW_CTX_DAG_OWNER='***' AIRFLOW_CTX_DAG_ID='cluster_deployment_versioned' AIRFLOW_CTX_TASK_ID='deploy_stack' AIRFLOW_CTX_EXECUTION_DATE='2025-02-07T14:47:06.034920+00:00' AIRFLOW_CTX_TRY_NUMBER='1' AIRFLOW_CTX_DAG_RUN_ID='manual__2025-02-07T14:47:06.034920+00:00'
[2025-02-07T14:47:41.203+0000] {logging_mixin.py:190} INFO - Task instance is in running state
[2025-02-07T14:47:41.204+0000] {logging_mixin.py:190} INFO -  Previous state of the Task instance: queued
[2025-02-07T14:47:41.204+0000] {logging_mixin.py:190} INFO - Current task name:deploy_stack state:running start_date:2025-02-07 14:47:41.063718+00:00
[2025-02-07T14:47:41.204+0000] {logging_mixin.py:190} INFO - Dag name:cluster_deployment_versioned and current dag run status:running
[2025-02-07T14:47:41.205+0000] {taskinstance.py:731} INFO - ::endgroup::
[2025-02-07T14:47:41.206+0000] {logging_mixin.py:190} INFO - Deploying the stack...
[2025-02-07T14:47:46.250+0000] {logging_mixin.py:190} INFO - This is the task from the new version...
[2025-02-07T14:47:51.313+0000] {logging_mixin.py:190} INFO - New task rand and finished successfully...
[2025-02-07T14:47:51.327+0000] {logging_mixin.py:190} INFO - Stack deployed successfully...
[2025-02-07T14:47:51.328+0000] {python.py:240} INFO - Done. Returned value was: None
[2025-02-07T14:47:51.367+0000] {taskinstance.py:340} INFO - ::group::Post task execution logs
[2025-02-07T14:47:51.368+0000] {taskinstance.py:352} INFO - Marking task as SUCCESS. dag_id=cluster_deployment_versioned, task_id=deploy_stack, run_id=manual__2025-02-07T14:47:06.034920+00:00, execution_date=20250207T144706, start_date=20250207T144741, end_date=20250207T144751
[2025-02-07T14:47:51.395+0000] {logging_mixin.py:190} INFO - Task instance in success state
[2025-02-07T14:47:51.396+0000] {logging_mixin.py:190} INFO -  Previous state of the Task instance: running
[2025-02-07T14:47:51.397+0000] {logging_mixin.py:190} INFO - Dag name:cluster_deployment_versioned queued_at:2025-02-07 14:47:06.045914+00:00
[2025-02-07T14:47:51.398+0000] {logging_mixin.py:190} INFO - Task hostname:35f5723d0861 operator:PythonOperator
[2025-02-07T14:47:51.445+0000] {local_task_job_runner.py:266} INFO - Task exited with return code 0
[2025-02-07T14:47:51.477+0000] {taskinstance.py:3895} INFO - 1 downstream tasks scheduled from follow-on schedule check
[2025-02-07T14:47:51.479+0000] {local_task_job_runner.py:245} INFO - ::endgroup::
