[2025-02-05T15:38:09.495+0000] {local_task_job_runner.py:123} INFO - ::group::Pre task execution logs
[2025-02-05T15:38:09.507+0000] {taskinstance.py:2613} INFO - Dependencies all met for dep_context=non-requeueable deps ti=<TaskInstance: external_signal_workflow.resume_task manual__2025-02-05T15:32:50.929025+00:00 [queued]>
[2025-02-05T15:38:09.512+0000] {taskinstance.py:2613} INFO - Dependencies all met for dep_context=requeueable deps ti=<TaskInstance: external_signal_workflow.resume_task manual__2025-02-05T15:32:50.929025+00:00 [queued]>
[2025-02-05T15:38:09.512+0000] {taskinstance.py:2866} INFO - Starting attempt 1 of 2
[2025-02-05T15:38:09.613+0000] {taskinstance.py:2889} INFO - Executing <Task(PythonOperator): resume_task> on 2025-02-05 15:32:50.929025+00:00
[2025-02-05T15:38:09.619+0000] {warnings.py:112} WARNING - /home/***/.local/lib/python3.12/site-packages/***/task/task_runner/standard_task_runner.py:70: DeprecationWarning: This process (pid=3097) is multi-threaded, use of fork() may lead to deadlocks in the child.
  pid = os.fork()

[2025-02-05T15:38:09.620+0000] {standard_task_runner.py:72} INFO - Started process 3098 to run task
[2025-02-05T15:38:09.620+0000] {standard_task_runner.py:104} INFO - Running: ['***', 'tasks', 'run', 'external_signal_workflow', 'resume_task', 'manual__2025-02-05T15:32:50.929025+00:00', '--job-id', '157', '--raw', '--subdir', 'DAGS_FOLDER/external_signal_workflow.py', '--cfg-path', '/tmp/tmpxjcvnu0u']
[2025-02-05T15:38:09.621+0000] {standard_task_runner.py:105} INFO - Job 157: Subtask resume_task
[2025-02-05T15:38:09.669+0000] {task_command.py:467} INFO - Running <TaskInstance: external_signal_workflow.resume_task manual__2025-02-05T15:32:50.929025+00:00 [running]> on host ***-worker-2
[2025-02-05T15:38:09.720+0000] {taskinstance.py:3132} INFO - Exporting env vars: AIRFLOW_CTX_DAG_OWNER='***' AIRFLOW_CTX_DAG_ID='external_signal_workflow' AIRFLOW_CTX_TASK_ID='resume_task' AIRFLOW_CTX_EXECUTION_DATE='2025-02-05T15:32:50.929025+00:00' AIRFLOW_CTX_TRY_NUMBER='1' AIRFLOW_CTX_DAG_RUN_ID='manual__2025-02-05T15:32:50.929025+00:00'
[2025-02-05T15:38:09.721+0000] {logging_mixin.py:190} INFO - Task instance is in running state
[2025-02-05T15:38:09.721+0000] {logging_mixin.py:190} INFO -  Previous state of the Task instance: queued
[2025-02-05T15:38:09.722+0000] {logging_mixin.py:190} INFO - Current task name:resume_task state:running start_date:2025-02-05 15:38:09.507484+00:00
[2025-02-05T15:38:09.722+0000] {logging_mixin.py:190} INFO - Dag name:external_signal_workflow and current dag run status:running
[2025-02-05T15:38:09.722+0000] {taskinstance.py:731} INFO - ::endgroup::
[2025-02-05T15:38:09.723+0000] {external_signal_workflow.py:83} INFO - Resuming after external signal
[2025-02-05T15:38:09.723+0000] {python.py:240} INFO - Done. Returned value was: None
[2025-02-05T15:38:09.728+0000] {taskinstance.py:340} INFO - ::group::Post task execution logs
[2025-02-05T15:38:09.728+0000] {taskinstance.py:352} INFO - Marking task as SUCCESS. dag_id=external_signal_workflow, task_id=resume_task, run_id=manual__2025-02-05T15:32:50.929025+00:00, execution_date=20250205T153250, start_date=20250205T153809, end_date=20250205T153809
[2025-02-05T15:38:09.733+0000] {logging_mixin.py:190} INFO - Task instance in success state
[2025-02-05T15:38:09.733+0000] {logging_mixin.py:190} INFO -  Previous state of the Task instance: running
[2025-02-05T15:38:09.734+0000] {logging_mixin.py:190} INFO - Dag name:external_signal_workflow queued_at:2025-02-05 15:32:50.959370+00:00
[2025-02-05T15:38:09.734+0000] {logging_mixin.py:190} INFO - Task hostname:***-worker-2 operator:PythonOperator
[2025-02-05T15:38:09.755+0000] {local_task_job_runner.py:266} INFO - Task exited with return code 0
[2025-02-05T15:38:09.768+0000] {taskinstance.py:3895} INFO - 1 downstream tasks scheduled from follow-on schedule check
[2025-02-05T15:38:09.769+0000] {local_task_job_runner.py:245} INFO - ::endgroup::
