[2025-02-06T10:08:32.410+0000] {local_task_job_runner.py:123} INFO - ::group::Pre task execution logs
[2025-02-06T10:08:32.419+0000] {taskinstance.py:2613} INFO - Dependencies all met for dep_context=non-requeueable deps ti=<TaskInstance: demo_1st_scenario.final_task manual__2025-02-06T10:07:01.708234+00:00 [queued]>
[2025-02-06T10:08:32.422+0000] {taskinstance.py:2613} INFO - Dependencies all met for dep_context=requeueable deps ti=<TaskInstance: demo_1st_scenario.final_task manual__2025-02-06T10:07:01.708234+00:00 [queued]>
[2025-02-06T10:08:32.423+0000] {taskinstance.py:2866} INFO - Starting attempt 1 of 2
[2025-02-06T10:08:32.429+0000] {taskinstance.py:2889} INFO - Executing <Task(PythonOperator): final_task> on 2025-02-06 10:07:01.708234+00:00
[2025-02-06T10:08:32.434+0000] {warnings.py:112} WARNING - /home/***/.local/lib/python3.12/site-packages/***/task/task_runner/standard_task_runner.py:70: DeprecationWarning: This process (pid=136) is multi-threaded, use of fork() may lead to deadlocks in the child.
  pid = os.fork()

[2025-02-06T10:08:32.436+0000] {standard_task_runner.py:72} INFO - Started process 137 to run task
[2025-02-06T10:08:32.436+0000] {standard_task_runner.py:104} INFO - Running: ['***', 'tasks', 'run', 'demo_1st_scenario', 'final_task', 'manual__2025-02-06T10:07:01.708234+00:00', '--job-id', '32', '--raw', '--subdir', 'DAGS_FOLDER/demo_1st_scenario.py', '--cfg-path', '/tmp/tmpqy53bn_7']
[2025-02-06T10:08:32.437+0000] {standard_task_runner.py:105} INFO - Job 32: Subtask final_task
[2025-02-06T10:08:32.479+0000] {task_command.py:467} INFO - Running <TaskInstance: demo_1st_scenario.final_task manual__2025-02-06T10:07:01.708234+00:00 [running]> on host ***-worker-2
[2025-02-06T10:08:32.524+0000] {taskinstance.py:3132} INFO - Exporting env vars: AIRFLOW_CTX_DAG_OWNER='***' AIRFLOW_CTX_DAG_ID='demo_1st_scenario' AIRFLOW_CTX_TASK_ID='final_task' AIRFLOW_CTX_EXECUTION_DATE='2025-02-06T10:07:01.708234+00:00' AIRFLOW_CTX_TRY_NUMBER='1' AIRFLOW_CTX_DAG_RUN_ID='manual__2025-02-06T10:07:01.708234+00:00'
[2025-02-06T10:08:32.526+0000] {logging_mixin.py:190} INFO - Task instance is in running state
[2025-02-06T10:08:32.526+0000] {logging_mixin.py:190} INFO -  Previous state of the Task instance: queued
[2025-02-06T10:08:32.526+0000] {logging_mixin.py:190} INFO - Current task name:final_task state:running start_date:2025-02-06 10:08:32.419586+00:00
[2025-02-06T10:08:32.527+0000] {logging_mixin.py:190} INFO - Dag name:demo_1st_scenario and current dag run status:running
[2025-02-06T10:08:32.527+0000] {taskinstance.py:731} INFO - ::endgroup::
[2025-02-06T10:08:32.528+0000] {demo_1st_scenario.py:87} INFO - Completing workflow
[2025-02-06T10:08:32.528+0000] {python.py:240} INFO - Done. Returned value was: None
[2025-02-06T10:08:32.533+0000] {taskinstance.py:340} INFO - ::group::Post task execution logs
[2025-02-06T10:08:32.533+0000] {taskinstance.py:352} INFO - Marking task as SUCCESS. dag_id=demo_1st_scenario, task_id=final_task, run_id=manual__2025-02-06T10:07:01.708234+00:00, execution_date=20250206T100701, start_date=20250206T100832, end_date=20250206T100832
[2025-02-06T10:08:32.539+0000] {logging_mixin.py:190} INFO - Task instance in success state
[2025-02-06T10:08:32.539+0000] {logging_mixin.py:190} INFO -  Previous state of the Task instance: running
[2025-02-06T10:08:32.539+0000] {logging_mixin.py:190} INFO - Dag name:demo_1st_scenario queued_at:2025-02-06 10:07:01.721179+00:00
[2025-02-06T10:08:32.541+0000] {logging_mixin.py:190} INFO - Task hostname:***-worker-2 operator:PythonOperator
[2025-02-06T10:08:32.570+0000] {local_task_job_runner.py:266} INFO - Task exited with return code 0
[2025-02-06T10:08:32.581+0000] {taskinstance.py:3895} INFO - 0 downstream tasks scheduled from follow-on schedule check
[2025-02-06T10:08:32.582+0000] {local_task_job_runner.py:245} INFO - ::endgroup::
