[2025-02-10T12:47:35.183+0000] {local_task_job_runner.py:123} INFO - ::group::Pre task execution logs
[2025-02-10T12:47:35.217+0000] {taskinstance.py:2613} INFO - Dependencies all met for dep_context=non-requeueable deps ti=<TaskInstance: cluster_deployment.pre_deployment_checks manual__2025-02-10T12:47:31.086830+00:00 [queued]>
[2025-02-10T12:47:35.226+0000] {taskinstance.py:2613} INFO - Dependencies all met for dep_context=requeueable deps ti=<TaskInstance: cluster_deployment.pre_deployment_checks manual__2025-02-10T12:47:31.086830+00:00 [queued]>
[2025-02-10T12:47:35.226+0000] {taskinstance.py:2866} INFO - Starting attempt 1 of 2
[2025-02-10T12:47:35.240+0000] {taskinstance.py:2889} INFO - Executing <Task(PythonVirtualenvOperator): pre_deployment_checks> on 2025-02-10 12:47:31.086830+00:00
[2025-02-10T12:47:35.258+0000] {warnings.py:112} WARNING - /home/***/.local/lib/python3.12/site-packages/***/task/task_runner/standard_task_runner.py:70: DeprecationWarning: This process (pid=498) is multi-threaded, use of fork() may lead to deadlocks in the child.
  pid = os.fork()

[2025-02-10T12:47:35.261+0000] {standard_task_runner.py:72} INFO - Started process 499 to run task
[2025-02-10T12:47:35.262+0000] {standard_task_runner.py:104} INFO - Running: ['***', 'tasks', 'run', 'cluster_deployment', 'pre_deployment_checks', 'manual__2025-02-10T12:47:31.086830+00:00', '--job-id', '617', '--raw', '--subdir', 'DAGS_FOLDER/cluster_deployment.py', '--cfg-path', '/tmp/tmpd_uifjlo']
[2025-02-10T12:47:35.273+0000] {standard_task_runner.py:105} INFO - Job 617: Subtask pre_deployment_checks
[2025-02-10T12:47:35.342+0000] {task_command.py:467} INFO - Running <TaskInstance: cluster_deployment.pre_deployment_checks manual__2025-02-10T12:47:31.086830+00:00 [running]> on host 1999c8c59930
[2025-02-10T12:47:35.419+0000] {taskinstance.py:3132} INFO - Exporting env vars: AIRFLOW_CTX_DAG_OWNER='***' AIRFLOW_CTX_DAG_ID='cluster_deployment' AIRFLOW_CTX_TASK_ID='pre_deployment_checks' AIRFLOW_CTX_EXECUTION_DATE='2025-02-10T12:47:31.086830+00:00' AIRFLOW_CTX_TRY_NUMBER='1' AIRFLOW_CTX_DAG_RUN_ID='manual__2025-02-10T12:47:31.086830+00:00'
[2025-02-10T12:47:35.422+0000] {logging_mixin.py:190} INFO - Task instance is in running state
[2025-02-10T12:47:35.422+0000] {logging_mixin.py:190} INFO -  Previous state of the Task instance: queued
[2025-02-10T12:47:35.423+0000] {logging_mixin.py:190} INFO - Current task name:pre_deployment_checks state:running start_date:2025-02-10 12:47:35.218362+00:00
[2025-02-10T12:47:35.423+0000] {logging_mixin.py:190} INFO - Dag name:cluster_deployment and current dag run status:running
[2025-02-10T12:47:35.423+0000] {taskinstance.py:731} INFO - ::endgroup::
[2025-02-10T12:47:35.424+0000] {baseoperator.py:421} WARNING - PythonVirtualenvOperator.execute cannot be called outside TaskInstance!
[2025-02-10T12:47:35.427+0000] {process_utils.py:186} INFO - Executing cmd: /home/***/.local/bin/python -m virtualenv /tmp/venvfsb84f_b --system-site-packages --python=python
[2025-02-10T12:47:35.429+0000] {process_utils.py:190} INFO - Output:
[2025-02-10T12:47:36.578+0000] {process_utils.py:194} INFO - created virtual environment CPython3.12.8.final.0-64 in 574ms
[2025-02-10T12:47:36.604+0000] {process_utils.py:194} INFO -   creator CPython3Posix(dest=/tmp/venvfsb84f_b, clear=False, no_vcs_ignore=False, global=True)
[2025-02-10T12:47:36.613+0000] {process_utils.py:194} INFO -   seeder FromAppData(download=False, pip=bundle, via=copy, app_data_dir=/home/***/.local/share/virtualenv)
[2025-02-10T12:47:36.614+0000] {process_utils.py:194} INFO -     added seed packages: pip==24.3.1
[2025-02-10T12:47:36.614+0000] {process_utils.py:194} INFO -   activators BashActivator,CShellActivator,FishActivator,NushellActivator,PowerShellActivator,PythonActivator
[2025-02-10T12:47:36.647+0000] {process_utils.py:186} INFO - Executing cmd: /tmp/venvfsb84f_b/bin/pip install -r /tmp/venvfsb84f_b/requirements.txt
[2025-02-10T12:47:36.649+0000] {process_utils.py:190} INFO - Output:
[2025-02-10T12:47:37.814+0000] {process_utils.py:194} INFO - Requirement already satisfied: pandas==2.1.4 in /home/***/.local/lib/python3.12/site-packages (from -r /tmp/venvfsb84f_b/requirements.txt (line 1)) (2.1.4)
[2025-02-10T12:47:37.819+0000] {process_utils.py:194} INFO - Requirement already satisfied: numpy<2,>=1.26.0 in /home/***/.local/lib/python3.12/site-packages (from pandas==2.1.4->-r /tmp/venvfsb84f_b/requirements.txt (line 1)) (1.26.4)
[2025-02-10T12:47:37.820+0000] {process_utils.py:194} INFO - Requirement already satisfied: python-dateutil>=2.8.2 in /home/***/.local/lib/python3.12/site-packages (from pandas==2.1.4->-r /tmp/venvfsb84f_b/requirements.txt (line 1)) (2.9.0.post0)
[2025-02-10T12:47:37.821+0000] {process_utils.py:194} INFO - Requirement already satisfied: pytz>=2020.1 in /home/***/.local/lib/python3.12/site-packages (from pandas==2.1.4->-r /tmp/venvfsb84f_b/requirements.txt (line 1)) (2024.2)
[2025-02-10T12:47:37.822+0000] {process_utils.py:194} INFO - Requirement already satisfied: tzdata>=2022.1 in /home/***/.local/lib/python3.12/site-packages (from pandas==2.1.4->-r /tmp/venvfsb84f_b/requirements.txt (line 1)) (2024.2)
[2025-02-10T12:47:37.823+0000] {process_utils.py:194} INFO - Requirement already satisfied: six>=1.5 in /home/***/.local/lib/python3.12/site-packages (from python-dateutil>=2.8.2->pandas==2.1.4->-r /tmp/venvfsb84f_b/requirements.txt (line 1)) (1.17.0)
[2025-02-10T12:47:38.336+0000] {process_utils.py:194} INFO - 
[2025-02-10T12:47:38.336+0000] {process_utils.py:194} INFO - [notice] A new release of pip is available: 24.3.1 -> 25.0.1
[2025-02-10T12:47:38.337+0000] {process_utils.py:194} INFO - [notice] To update, run: python -m pip install --upgrade pip
[2025-02-10T12:47:38.443+0000] {process_utils.py:186} INFO - Executing cmd: /tmp/venvfsb84f_b/bin/python /tmp/venv-callwfnp003b/script.py /tmp/venv-callwfnp003b/script.in /tmp/venv-callwfnp003b/script.out /tmp/venv-callwfnp003b/string_args.txt /tmp/venv-callwfnp003b/termination.log
[2025-02-10T12:47:38.444+0000] {process_utils.py:190} INFO - Output:
[2025-02-10T12:47:40.749+0000] {process_utils.py:194} INFO - [2025-02-10T12:47:40.748+0000] {script.py:23} INFO - Starting pre-deployment checks...
[2025-02-10T12:47:40.753+0000] {process_utils.py:194} INFO - [2025-02-10T12:47:40.752+0000] {script.py:38} INFO - Pre-deployment checks completed
[2025-02-10T12:47:41.231+0000] {python.py:240} INFO - Done. Returned value was: {'services_status': {'running': 4}, 'deployment_ready': True, 'timestamp': '2025-02-10T12:47:40.751967'}
[2025-02-10T12:47:41.280+0000] {taskinstance.py:340} INFO - ::group::Post task execution logs
[2025-02-10T12:47:41.281+0000] {taskinstance.py:352} INFO - Marking task as SUCCESS. dag_id=cluster_deployment, task_id=pre_deployment_checks, run_id=manual__2025-02-10T12:47:31.086830+00:00, execution_date=20250210T124731, start_date=20250210T124735, end_date=20250210T124741
[2025-02-10T12:47:41.291+0000] {logging_mixin.py:190} INFO - Task instance in success state
[2025-02-10T12:47:41.292+0000] {logging_mixin.py:190} INFO -  Previous state of the Task instance: running
[2025-02-10T12:47:41.292+0000] {logging_mixin.py:190} INFO - Dag name:cluster_deployment queued_at:2025-02-10 12:47:31.122350+00:00
[2025-02-10T12:47:41.293+0000] {logging_mixin.py:190} INFO - Task hostname:1999c8c59930 operator:PythonVirtualenvOperator
[2025-02-10T12:47:41.314+0000] {local_task_job_runner.py:266} INFO - Task exited with return code 0
[2025-02-10T12:47:41.361+0000] {taskinstance.py:3895} INFO - 1 downstream tasks scheduled from follow-on schedule check
[2025-02-10T12:47:41.362+0000] {local_task_job_runner.py:245} INFO - ::endgroup::
