[2025-02-10T12:44:56.164+0000] {local_task_job_runner.py:123} INFO - ::group::Pre task execution logs
[2025-02-10T12:44:56.247+0000] {taskinstance.py:2613} INFO - Dependencies all met for dep_context=non-requeueable deps ti=<TaskInstance: cluster_deployment_rollback.run_pre_check manual__2025-02-10T12:43:26.960473+00:00 [queued]>
[2025-02-10T12:44:56.280+0000] {taskinstance.py:2613} INFO - Dependencies all met for dep_context=requeueable deps ti=<TaskInstance: cluster_deployment_rollback.run_pre_check manual__2025-02-10T12:43:26.960473+00:00 [queued]>
[2025-02-10T12:44:56.293+0000] {taskinstance.py:2866} INFO - Starting attempt 1 of 2
[2025-02-10T12:44:56.336+0000] {taskinstance.py:2889} INFO - Executing <Task(PythonVirtualenvOperator): run_pre_check> on 2025-02-10 12:43:26.960473+00:00
[2025-02-10T12:44:56.377+0000] {warnings.py:112} WARNING - /home/***/.local/lib/python3.12/site-packages/***/task/task_runner/standard_task_runner.py:70: DeprecationWarning: This process (pid=288) is multi-threaded, use of fork() may lead to deadlocks in the child.
  pid = os.fork()

[2025-02-10T12:44:56.378+0000] {standard_task_runner.py:72} INFO - Started process 302 to run task
[2025-02-10T12:44:56.380+0000] {standard_task_runner.py:104} INFO - Running: ['***', 'tasks', 'run', 'cluster_deployment_rollback', 'run_pre_check', 'manual__2025-02-10T12:43:26.960473+00:00', '--job-id', '593', '--raw', '--subdir', 'DAGS_FOLDER/cluster_deployment_rollback.py', '--cfg-path', '/tmp/tmp9t3kmeh4']
[2025-02-10T12:44:56.387+0000] {standard_task_runner.py:105} INFO - Job 593: Subtask run_pre_check
[2025-02-10T12:44:56.550+0000] {task_command.py:467} INFO - Running <TaskInstance: cluster_deployment_rollback.run_pre_check manual__2025-02-10T12:43:26.960473+00:00 [running]> on host 1999c8c59930
[2025-02-10T12:44:56.873+0000] {taskinstance.py:3132} INFO - Exporting env vars: AIRFLOW_CTX_DAG_OWNER='***' AIRFLOW_CTX_DAG_ID='cluster_deployment_rollback' AIRFLOW_CTX_TASK_ID='run_pre_check' AIRFLOW_CTX_EXECUTION_DATE='2025-02-10T12:43:26.960473+00:00' AIRFLOW_CTX_TRY_NUMBER='1' AIRFLOW_CTX_DAG_RUN_ID='manual__2025-02-10T12:43:26.960473+00:00'
[2025-02-10T12:44:56.878+0000] {logging_mixin.py:190} INFO - Task instance is in running state
[2025-02-10T12:44:56.881+0000] {logging_mixin.py:190} INFO -  Previous state of the Task instance: queued
[2025-02-10T12:44:56.881+0000] {logging_mixin.py:190} INFO - Current task name:run_pre_check state:running start_date:2025-02-10 12:44:56.249783+00:00
[2025-02-10T12:44:56.882+0000] {logging_mixin.py:190} INFO - Dag name:cluster_deployment_rollback and current dag run status:running
[2025-02-10T12:44:56.883+0000] {taskinstance.py:731} INFO - ::endgroup::
[2025-02-10T12:44:56.884+0000] {baseoperator.py:421} WARNING - PythonVirtualenvOperator.execute cannot be called outside TaskInstance!
[2025-02-10T12:44:56.890+0000] {process_utils.py:186} INFO - Executing cmd: /home/***/.local/bin/python -m virtualenv /tmp/venv97zwqli4 --system-site-packages --python=python
[2025-02-10T12:44:56.904+0000] {process_utils.py:190} INFO - Output:
[2025-02-10T12:44:58.734+0000] {process_utils.py:194} INFO - created virtual environment CPython3.12.8.final.0-64 in 739ms
[2025-02-10T12:44:58.737+0000] {process_utils.py:194} INFO -   creator CPython3Posix(dest=/tmp/venv97zwqli4, clear=False, no_vcs_ignore=False, global=True)
[2025-02-10T12:44:58.738+0000] {process_utils.py:194} INFO -   seeder FromAppData(download=False, pip=bundle, via=copy, app_data_dir=/home/***/.local/share/virtualenv)
[2025-02-10T12:44:58.744+0000] {process_utils.py:194} INFO -     added seed packages: pip==24.3.1
[2025-02-10T12:44:58.744+0000] {process_utils.py:194} INFO -   activators BashActivator,CShellActivator,FishActivator,NushellActivator,PowerShellActivator,PythonActivator
[2025-02-10T12:44:58.778+0000] {process_utils.py:186} INFO - Executing cmd: /tmp/venv97zwqli4/bin/pip install -r /tmp/venv97zwqli4/requirements.txt
[2025-02-10T12:44:58.783+0000] {process_utils.py:190} INFO - Output:
[2025-02-10T12:45:00.949+0000] {process_utils.py:194} INFO - Requirement already satisfied: pandas==2.1.4 in /home/***/.local/lib/python3.12/site-packages (from -r /tmp/venv97zwqli4/requirements.txt (line 1)) (2.1.4)
[2025-02-10T12:45:00.993+0000] {process_utils.py:194} INFO - Requirement already satisfied: numpy<2,>=1.26.0 in /home/***/.local/lib/python3.12/site-packages (from pandas==2.1.4->-r /tmp/venv97zwqli4/requirements.txt (line 1)) (1.26.4)
[2025-02-10T12:45:01.012+0000] {process_utils.py:194} INFO - Requirement already satisfied: python-dateutil>=2.8.2 in /home/***/.local/lib/python3.12/site-packages (from pandas==2.1.4->-r /tmp/venv97zwqli4/requirements.txt (line 1)) (2.9.0.post0)
[2025-02-10T12:45:01.015+0000] {process_utils.py:194} INFO - Requirement already satisfied: pytz>=2020.1 in /home/***/.local/lib/python3.12/site-packages (from pandas==2.1.4->-r /tmp/venv97zwqli4/requirements.txt (line 1)) (2024.2)
[2025-02-10T12:45:01.016+0000] {process_utils.py:194} INFO - Requirement already satisfied: tzdata>=2022.1 in /home/***/.local/lib/python3.12/site-packages (from pandas==2.1.4->-r /tmp/venv97zwqli4/requirements.txt (line 1)) (2024.2)
[2025-02-10T12:45:01.018+0000] {process_utils.py:194} INFO - Requirement already satisfied: six>=1.5 in /home/***/.local/lib/python3.12/site-packages (from python-dateutil>=2.8.2->pandas==2.1.4->-r /tmp/venv97zwqli4/requirements.txt (line 1)) (1.17.0)
[2025-02-10T12:45:02.053+0000] {process_utils.py:194} INFO - 
[2025-02-10T12:45:02.064+0000] {process_utils.py:194} INFO - [notice] A new release of pip is available: 24.3.1 -> 25.0.1
[2025-02-10T12:45:02.065+0000] {process_utils.py:194} INFO - [notice] To update, run: python -m pip install --upgrade pip
[2025-02-10T12:45:02.337+0000] {python.py:513} INFO - Use 'pickle' as serializer.
[2025-02-10T12:45:02.383+0000] {process_utils.py:186} INFO - Executing cmd: /tmp/venv97zwqli4/bin/python /tmp/venv-callp6w7ekrq/script.py /tmp/venv-callp6w7ekrq/script.in /tmp/venv-callp6w7ekrq/script.out /tmp/venv-callp6w7ekrq/string_args.txt /tmp/venv-callp6w7ekrq/termination.log
[2025-02-10T12:45:02.398+0000] {process_utils.py:190} INFO - Output:
[2025-02-10T12:45:07.974+0000] {process_utils.py:194} INFO - [2025-02-10T12:45:07.970+0000] {script.py:23} INFO - Starting run pre-checks...
[2025-02-10T12:45:07.978+0000] {process_utils.py:194} INFO - [2025-02-10T12:45:07.971+0000] {script.py:26} INFO - Pre Deployment Report: {'services_status': {'running': 4}, 'deployment_ready': True, 'timestamp': '2025-02-10T12:44:00.070379'}
[2025-02-10T12:45:07.979+0000] {process_utils.py:194} INFO - [2025-02-10T12:45:07.974+0000] {script.py:41} INFO - Pre-checks completed:
[2025-02-10T12:45:07.979+0000] {process_utils.py:194} INFO - Total memory usage: 1536%
[2025-02-10T12:45:07.979+0000] {process_utils.py:194} INFO - Status: PASS
[2025-02-10T12:45:08.645+0000] {python.py:240} INFO - Done. Returned value was: {'total_memory_usage_mb': 1536, 'checks_passed': True, 'timestamp': '2025-02-10T12:45:07.974463'}
[2025-02-10T12:45:08.720+0000] {taskinstance.py:340} INFO - ::group::Post task execution logs
[2025-02-10T12:45:08.721+0000] {taskinstance.py:352} INFO - Marking task as SUCCESS. dag_id=cluster_deployment_rollback, task_id=run_pre_check, run_id=manual__2025-02-10T12:43:26.960473+00:00, execution_date=20250210T124326, start_date=20250210T124456, end_date=20250210T124508
[2025-02-10T12:45:08.733+0000] {logging_mixin.py:190} INFO - Task instance in success state
[2025-02-10T12:45:08.734+0000] {logging_mixin.py:190} INFO -  Previous state of the Task instance: running
[2025-02-10T12:45:08.734+0000] {logging_mixin.py:190} INFO - Dag name:cluster_deployment_rollback queued_at:2025-02-10 12:43:26.996595+00:00
[2025-02-10T12:45:08.734+0000] {logging_mixin.py:190} INFO - Task hostname:1999c8c59930 operator:PythonVirtualenvOperator
[2025-02-10T12:45:08.781+0000] {local_task_job_runner.py:266} INFO - Task exited with return code 0
[2025-02-10T12:45:08.847+0000] {taskinstance.py:3895} INFO - 1 downstream tasks scheduled from follow-on schedule check
[2025-02-10T12:45:08.849+0000] {local_task_job_runner.py:245} INFO - ::endgroup::
