[2025-02-05T15:09:45.229+0000] {local_task_job_runner.py:123} INFO - ::group::Pre task execution logs
[2025-02-05T15:09:45.263+0000] {taskinstance.py:2613} INFO - Dependencies all met for dep_context=non-requeueable deps ti=<TaskInstance: external_signal_workflow.task_2 manual__2025-02-05T15:09:31.102192+00:00 [queued]>
[2025-02-05T15:09:45.274+0000] {taskinstance.py:2613} INFO - Dependencies all met for dep_context=requeueable deps ti=<TaskInstance: external_signal_workflow.task_2 manual__2025-02-05T15:09:31.102192+00:00 [queued]>
[2025-02-05T15:09:45.275+0000] {taskinstance.py:2866} INFO - Starting attempt 1 of 2
[2025-02-05T15:09:45.681+0000] {taskinstance.py:2889} INFO - Executing <Task(PythonVirtualenvOperator): task_2> on 2025-02-05 15:09:31.102192+00:00
[2025-02-05T15:09:45.700+0000] {warnings.py:112} WARNING - /home/***/.local/lib/python3.12/site-packages/***/task/task_runner/standard_task_runner.py:70: DeprecationWarning: This process (pid=2631) is multi-threaded, use of fork() may lead to deadlocks in the child.
  pid = os.fork()

[2025-02-05T15:09:45.701+0000] {standard_task_runner.py:104} INFO - Running: ['***', 'tasks', 'run', 'external_signal_workflow', 'task_2', 'manual__2025-02-05T15:09:31.102192+00:00', '--job-id', '123', '--raw', '--subdir', 'DAGS_FOLDER/external_signal_workflow.py', '--cfg-path', '/tmp/tmp8mxyj2e1']
[2025-02-05T15:09:45.704+0000] {standard_task_runner.py:72} INFO - Started process 2632 to run task
[2025-02-05T15:09:45.705+0000] {standard_task_runner.py:105} INFO - Job 123: Subtask task_2
[2025-02-05T15:09:45.822+0000] {task_command.py:467} INFO - Running <TaskInstance: external_signal_workflow.task_2 manual__2025-02-05T15:09:31.102192+00:00 [running]> on host ***-worker-1
[2025-02-05T15:09:45.994+0000] {taskinstance.py:3132} INFO - Exporting env vars: AIRFLOW_CTX_DAG_OWNER='***' AIRFLOW_CTX_DAG_ID='external_signal_workflow' AIRFLOW_CTX_TASK_ID='task_2' AIRFLOW_CTX_EXECUTION_DATE='2025-02-05T15:09:31.102192+00:00' AIRFLOW_CTX_TRY_NUMBER='1' AIRFLOW_CTX_DAG_RUN_ID='manual__2025-02-05T15:09:31.102192+00:00'
[2025-02-05T15:09:45.996+0000] {logging_mixin.py:190} INFO - Task instance is in running state
[2025-02-05T15:09:45.996+0000] {logging_mixin.py:190} INFO -  Previous state of the Task instance: queued
[2025-02-05T15:09:45.996+0000] {logging_mixin.py:190} INFO - Current task name:task_2 state:running start_date:2025-02-05 15:09:45.266307+00:00
[2025-02-05T15:09:45.997+0000] {logging_mixin.py:190} INFO - Dag name:external_signal_workflow and current dag run status:running
[2025-02-05T15:09:45.997+0000] {taskinstance.py:731} INFO - ::endgroup::
[2025-02-05T15:09:45.998+0000] {baseoperator.py:421} WARNING - PythonVirtualenvOperator.execute cannot be called outside TaskInstance!
[2025-02-05T15:09:46.000+0000] {process_utils.py:186} INFO - Executing cmd: /home/***/.local/bin/python -m virtualenv /tmp/venvnp_5qcot --python=python
[2025-02-05T15:09:46.003+0000] {process_utils.py:190} INFO - Output:
[2025-02-05T15:09:47.504+0000] {process_utils.py:194} INFO - created virtual environment CPython3.12.8.final.0-64 in 468ms
[2025-02-05T15:09:47.516+0000] {process_utils.py:194} INFO -   creator CPython3Posix(dest=/tmp/venvnp_5qcot, clear=False, no_vcs_ignore=False, global=False)
[2025-02-05T15:09:47.518+0000] {process_utils.py:194} INFO -   seeder FromAppData(download=False, pip=bundle, via=copy, app_data_dir=/home/***/.local/share/virtualenv)
[2025-02-05T15:09:47.519+0000] {process_utils.py:194} INFO -     added seed packages: pip==24.3.1
[2025-02-05T15:09:47.520+0000] {process_utils.py:194} INFO -   activators BashActivator,CShellActivator,FishActivator,NushellActivator,PowerShellActivator,PythonActivator
[2025-02-05T15:09:47.554+0000] {process_utils.py:186} INFO - Executing cmd: /tmp/venvnp_5qcot/bin/pip install -r /tmp/venvnp_5qcot/requirements.txt
[2025-02-05T15:09:47.557+0000] {process_utils.py:190} INFO - Output:
[2025-02-05T15:09:48.670+0000] {process_utils.py:194} INFO - Collecting pandas==2.1.4 (from -r /tmp/venvnp_5qcot/requirements.txt (line 1))
[2025-02-05T15:09:48.674+0000] {process_utils.py:194} INFO -   Using cached pandas-2.1.4-cp312-cp312-manylinux_2_17_aarch64.manylinux2014_aarch64.whl.metadata (18 kB)
[2025-02-05T15:09:48.822+0000] {process_utils.py:194} INFO - Collecting numpy<2,>=1.26.0 (from pandas==2.1.4->-r /tmp/venvnp_5qcot/requirements.txt (line 1))
[2025-02-05T15:09:48.825+0000] {process_utils.py:194} INFO -   Using cached numpy-1.26.4-cp312-cp312-manylinux_2_17_aarch64.manylinux2014_aarch64.whl.metadata (62 kB)
[2025-02-05T15:09:48.866+0000] {process_utils.py:194} INFO - Collecting python-dateutil>=2.8.2 (from pandas==2.1.4->-r /tmp/venvnp_5qcot/requirements.txt (line 1))
[2025-02-05T15:09:48.867+0000] {process_utils.py:194} INFO -   Using cached python_dateutil-2.9.0.post0-py2.py3-none-any.whl.metadata (8.4 kB)
[2025-02-05T15:09:48.923+0000] {process_utils.py:194} INFO - Collecting pytz>=2020.1 (from pandas==2.1.4->-r /tmp/venvnp_5qcot/requirements.txt (line 1))
[2025-02-05T15:09:48.926+0000] {process_utils.py:194} INFO -   Using cached pytz-2025.1-py2.py3-none-any.whl.metadata (22 kB)
[2025-02-05T15:09:48.968+0000] {process_utils.py:194} INFO - Collecting tzdata>=2022.1 (from pandas==2.1.4->-r /tmp/venvnp_5qcot/requirements.txt (line 1))
[2025-02-05T15:09:48.970+0000] {process_utils.py:194} INFO -   Using cached tzdata-2025.1-py2.py3-none-any.whl.metadata (1.4 kB)
[2025-02-05T15:09:49.004+0000] {process_utils.py:194} INFO - Collecting six>=1.5 (from python-dateutil>=2.8.2->pandas==2.1.4->-r /tmp/venvnp_5qcot/requirements.txt (line 1))
[2025-02-05T15:09:49.005+0000] {process_utils.py:194} INFO -   Using cached six-1.17.0-py2.py3-none-any.whl.metadata (1.7 kB)
[2025-02-05T15:09:49.008+0000] {process_utils.py:194} INFO - Using cached pandas-2.1.4-cp312-cp312-manylinux_2_17_aarch64.manylinux2014_aarch64.whl (14.3 MB)
[2025-02-05T15:09:49.046+0000] {process_utils.py:194} INFO - Using cached numpy-1.26.4-cp312-cp312-manylinux_2_17_aarch64.manylinux2014_aarch64.whl (13.9 MB)
[2025-02-05T15:09:49.096+0000] {process_utils.py:194} INFO - Using cached python_dateutil-2.9.0.post0-py2.py3-none-any.whl (229 kB)
[2025-02-05T15:09:49.098+0000] {process_utils.py:194} INFO - Using cached pytz-2025.1-py2.py3-none-any.whl (507 kB)
[2025-02-05T15:09:49.101+0000] {process_utils.py:194} INFO - Using cached tzdata-2025.1-py2.py3-none-any.whl (346 kB)
[2025-02-05T15:09:49.104+0000] {process_utils.py:194} INFO - Using cached six-1.17.0-py2.py3-none-any.whl (11 kB)
[2025-02-05T15:09:49.171+0000] {process_utils.py:194} INFO - Installing collected packages: pytz, tzdata, six, numpy, python-dateutil, pandas
[2025-02-05T15:09:53.782+0000] {process_utils.py:194} INFO - Successfully installed numpy-1.26.4 pandas-2.1.4 python-dateutil-2.9.0.post0 pytz-2025.1 six-1.17.0 tzdata-2025.1
[2025-02-05T15:09:53.958+0000] {process_utils.py:194} INFO - 
[2025-02-05T15:09:53.959+0000] {process_utils.py:194} INFO - [notice] A new release of pip is available: 24.3.1 -> 25.0
[2025-02-05T15:09:53.960+0000] {process_utils.py:194} INFO - [notice] To update, run: python -m pip install --upgrade pip
[2025-02-05T15:09:54.087+0000] {python.py:513} INFO - Use 'pickle' as serializer.
[2025-02-05T15:09:54.104+0000] {process_utils.py:186} INFO - Executing cmd: /tmp/venvnp_5qcot/bin/python /tmp/venv-callkw7j594u/script.py /tmp/venv-callkw7j594u/script.in /tmp/venv-callkw7j594u/script.out /tmp/venv-callkw7j594u/string_args.txt /tmp/venv-callkw7j594u/termination.log
[2025-02-05T15:09:54.105+0000] {process_utils.py:190} INFO - Output:
[2025-02-05T15:09:54.689+0000] {python.py:240} INFO - Done. Returned value was: None
[2025-02-05T15:09:54.714+0000] {taskinstance.py:340} INFO - ::group::Post task execution logs
[2025-02-05T15:09:54.715+0000] {taskinstance.py:352} INFO - Marking task as SUCCESS. dag_id=external_signal_workflow, task_id=task_2, run_id=manual__2025-02-05T15:09:31.102192+00:00, execution_date=20250205T150931, start_date=20250205T150945, end_date=20250205T150954
[2025-02-05T15:09:54.728+0000] {logging_mixin.py:190} INFO - Task instance in success state
[2025-02-05T15:09:54.729+0000] {logging_mixin.py:190} INFO -  Previous state of the Task instance: running
[2025-02-05T15:09:54.729+0000] {logging_mixin.py:190} INFO - Dag name:external_signal_workflow queued_at:2025-02-05 15:09:31.120518+00:00
[2025-02-05T15:09:54.730+0000] {logging_mixin.py:190} INFO - Task hostname:***-worker-1 operator:PythonVirtualenvOperator
[2025-02-05T15:09:54.780+0000] {local_task_job_runner.py:266} INFO - Task exited with return code 0
[2025-02-05T15:09:54.801+0000] {taskinstance.py:3895} INFO - 1 downstream tasks scheduled from follow-on schedule check
[2025-02-05T15:09:54.802+0000] {local_task_job_runner.py:245} INFO - ::endgroup::
