[2025-02-10T08:04:15.941+0000] {local_task_job_runner.py:123} INFO - ::group::Pre task execution logs
[2025-02-10T08:04:15.952+0000] {taskinstance.py:2613} INFO - Dependencies all met for dep_context=non-requeueable deps ti=<TaskInstance: cluster_deployment_versioned.pre_deployment_checks manual__2025-02-10T08:04:12.770666+00:00 [queued]>
[2025-02-10T08:04:15.957+0000] {taskinstance.py:2613} INFO - Dependencies all met for dep_context=requeueable deps ti=<TaskInstance: cluster_deployment_versioned.pre_deployment_checks manual__2025-02-10T08:04:12.770666+00:00 [queued]>
[2025-02-10T08:04:15.958+0000] {taskinstance.py:2866} INFO - Starting attempt 1 of 2
[2025-02-10T08:04:15.966+0000] {taskinstance.py:2889} INFO - Executing <Task(PythonVirtualenvOperator): pre_deployment_checks> on 2025-02-10 08:04:12.770666+00:00
[2025-02-10T08:04:15.974+0000] {warnings.py:112} WARNING - /home/***/.local/lib/python3.12/site-packages/***/task/task_runner/standard_task_runner.py:70: DeprecationWarning: This process (pid=12873) is multi-threaded, use of fork() may lead to deadlocks in the child.
  pid = os.fork()

[2025-02-10T08:04:15.975+0000] {standard_task_runner.py:72} INFO - Started process 12874 to run task
[2025-02-10T08:04:15.976+0000] {standard_task_runner.py:104} INFO - Running: ['***', 'tasks', 'run', 'cluster_deployment_versioned', 'pre_deployment_checks', 'manual__2025-02-10T08:04:12.770666+00:00', '--job-id', '425', '--raw', '--subdir', 'DAGS_FOLDER/cluster_deployment_versioned.py', '--cfg-path', '/tmp/tmp4oalxs6a']
[2025-02-10T08:04:15.977+0000] {standard_task_runner.py:105} INFO - Job 425: Subtask pre_deployment_checks
[2025-02-10T08:04:16.017+0000] {task_command.py:467} INFO - Running <TaskInstance: cluster_deployment_versioned.pre_deployment_checks manual__2025-02-10T08:04:12.770666+00:00 [running]> on host 1999c8c59930
[2025-02-10T08:04:16.093+0000] {taskinstance.py:3132} INFO - Exporting env vars: AIRFLOW_CTX_DAG_OWNER='***' AIRFLOW_CTX_DAG_ID='cluster_deployment_versioned' AIRFLOW_CTX_TASK_ID='pre_deployment_checks' AIRFLOW_CTX_EXECUTION_DATE='2025-02-10T08:04:12.770666+00:00' AIRFLOW_CTX_TRY_NUMBER='1' AIRFLOW_CTX_DAG_RUN_ID='manual__2025-02-10T08:04:12.770666+00:00'
[2025-02-10T08:04:16.095+0000] {logging_mixin.py:190} INFO - Task instance is in running state
[2025-02-10T08:04:16.095+0000] {logging_mixin.py:190} INFO -  Previous state of the Task instance: queued
[2025-02-10T08:04:16.096+0000] {logging_mixin.py:190} INFO - Current task name:pre_deployment_checks state:running start_date:2025-02-10 08:04:15.952960+00:00
[2025-02-10T08:04:16.096+0000] {logging_mixin.py:190} INFO - Dag name:cluster_deployment_versioned and current dag run status:running
[2025-02-10T08:04:16.097+0000] {taskinstance.py:731} INFO - ::endgroup::
[2025-02-10T08:04:16.097+0000] {baseoperator.py:421} WARNING - PythonVirtualenvOperator.execute cannot be called outside TaskInstance!
[2025-02-10T08:04:16.099+0000] {process_utils.py:186} INFO - Executing cmd: /home/***/.local/bin/python -m virtualenv /tmp/venv9fm46ncr --system-site-packages --python=python
[2025-02-10T08:04:16.100+0000] {process_utils.py:190} INFO - Output:
[2025-02-10T08:04:16.809+0000] {process_utils.py:194} INFO - created virtual environment CPython3.12.8.final.0-64 in 239ms
[2025-02-10T08:04:16.810+0000] {process_utils.py:194} INFO -   creator CPython3Posix(dest=/tmp/venv9fm46ncr, clear=False, no_vcs_ignore=False, global=True)
[2025-02-10T08:04:16.811+0000] {process_utils.py:194} INFO -   seeder FromAppData(download=False, pip=bundle, via=copy, app_data_dir=/home/***/.local/share/virtualenv)
[2025-02-10T08:04:16.811+0000] {process_utils.py:194} INFO -     added seed packages: pip==24.3.1
[2025-02-10T08:04:16.812+0000] {process_utils.py:194} INFO -   activators BashActivator,CShellActivator,FishActivator,NushellActivator,PowerShellActivator,PythonActivator
[2025-02-10T08:04:16.831+0000] {process_utils.py:186} INFO - Executing cmd: /tmp/venv9fm46ncr/bin/pip install -r /tmp/venv9fm46ncr/requirements.txt
[2025-02-10T08:04:16.832+0000] {process_utils.py:190} INFO - Output:
[2025-02-10T08:04:17.962+0000] {process_utils.py:194} INFO - Requirement already satisfied: pandas==2.1.4 in /home/***/.local/lib/python3.12/site-packages (from -r /tmp/venv9fm46ncr/requirements.txt (line 1)) (2.1.4)
[2025-02-10T08:04:17.966+0000] {process_utils.py:194} INFO - Requirement already satisfied: numpy<2,>=1.26.0 in /home/***/.local/lib/python3.12/site-packages (from pandas==2.1.4->-r /tmp/venv9fm46ncr/requirements.txt (line 1)) (1.26.4)
[2025-02-10T08:04:17.967+0000] {process_utils.py:194} INFO - Requirement already satisfied: python-dateutil>=2.8.2 in /home/***/.local/lib/python3.12/site-packages (from pandas==2.1.4->-r /tmp/venv9fm46ncr/requirements.txt (line 1)) (2.9.0.post0)
[2025-02-10T08:04:17.967+0000] {process_utils.py:194} INFO - Requirement already satisfied: pytz>=2020.1 in /home/***/.local/lib/python3.12/site-packages (from pandas==2.1.4->-r /tmp/venv9fm46ncr/requirements.txt (line 1)) (2024.2)
[2025-02-10T08:04:17.968+0000] {process_utils.py:194} INFO - Requirement already satisfied: tzdata>=2022.1 in /home/***/.local/lib/python3.12/site-packages (from pandas==2.1.4->-r /tmp/venv9fm46ncr/requirements.txt (line 1)) (2024.2)
[2025-02-10T08:04:17.970+0000] {process_utils.py:194} INFO - Requirement already satisfied: six>=1.5 in /home/***/.local/lib/python3.12/site-packages (from python-dateutil>=2.8.2->pandas==2.1.4->-r /tmp/venv9fm46ncr/requirements.txt (line 1)) (1.17.0)
[2025-02-10T08:04:18.466+0000] {process_utils.py:194} INFO - 
[2025-02-10T08:04:18.467+0000] {process_utils.py:194} INFO - [notice] A new release of pip is available: 24.3.1 -> 25.0.1
[2025-02-10T08:04:18.468+0000] {process_utils.py:194} INFO - [notice] To update, run: python -m pip install --upgrade pip
[2025-02-10T08:04:18.554+0000] {process_utils.py:186} INFO - Executing cmd: /tmp/venv9fm46ncr/bin/python /tmp/venv-callexw2ohfh/script.py /tmp/venv-callexw2ohfh/script.in /tmp/venv-callexw2ohfh/script.out /tmp/venv-callexw2ohfh/string_args.txt /tmp/venv-callexw2ohfh/termination.log
[2025-02-10T08:04:18.555+0000] {process_utils.py:190} INFO - Output:
[2025-02-10T08:04:21.095+0000] {process_utils.py:194} INFO - [2025-02-10T08:04:21.094+0000] {script.py:23} INFO - Starting pre-deployment checks...
[2025-02-10T08:04:21.098+0000] {process_utils.py:194} INFO - [2025-02-10T08:04:21.097+0000] {script.py:38} INFO - Pre-deployment checks completed
[2025-02-10T08:04:21.583+0000] {python.py:240} INFO - Done. Returned value was: {'services_status': {'running': 4}, 'deployment_ready': True, 'timestamp': '2025-02-10T08:04:21.097720'}
[2025-02-10T08:04:21.621+0000] {taskinstance.py:340} INFO - ::group::Post task execution logs
[2025-02-10T08:04:21.622+0000] {taskinstance.py:352} INFO - Marking task as SUCCESS. dag_id=cluster_deployment_versioned, task_id=pre_deployment_checks, run_id=manual__2025-02-10T08:04:12.770666+00:00, execution_date=20250210T080412, start_date=20250210T080415, end_date=20250210T080421
[2025-02-10T08:04:21.640+0000] {logging_mixin.py:190} INFO - Task instance in success state
[2025-02-10T08:04:21.640+0000] {logging_mixin.py:190} INFO -  Previous state of the Task instance: running
[2025-02-10T08:04:21.641+0000] {logging_mixin.py:190} INFO - Dag name:cluster_deployment_versioned queued_at:2025-02-10 08:04:12.922195+00:00
[2025-02-10T08:04:21.641+0000] {logging_mixin.py:190} INFO - Task hostname:1999c8c59930 operator:PythonVirtualenvOperator
[2025-02-10T08:04:21.663+0000] {local_task_job_runner.py:266} INFO - Task exited with return code 0
[2025-02-10T08:04:21.697+0000] {taskinstance.py:3895} INFO - 1 downstream tasks scheduled from follow-on schedule check
[2025-02-10T08:04:21.699+0000] {local_task_job_runner.py:245} INFO - ::endgroup::
