[2025-02-10T09:19:58.267+0000] {local_task_job_runner.py:123} INFO - ::group::Pre task execution logs
[2025-02-10T09:19:58.279+0000] {taskinstance.py:2613} INFO - Dependencies all met for dep_context=non-requeueable deps ti=<TaskInstance: cluster_deployment.deploy_stack manual__2025-02-10T09:18:23.744625+00:00 [queued]>
[2025-02-10T09:19:58.284+0000] {taskinstance.py:2613} INFO - Dependencies all met for dep_context=requeueable deps ti=<TaskInstance: cluster_deployment.deploy_stack manual__2025-02-10T09:18:23.744625+00:00 [queued]>
[2025-02-10T09:19:58.285+0000] {taskinstance.py:2866} INFO - Starting attempt 1 of 2
[2025-02-10T09:19:58.294+0000] {taskinstance.py:2889} INFO - Executing <Task(PythonOperator): deploy_stack> on 2025-02-10 09:18:23.744625+00:00
[2025-02-10T09:19:58.302+0000] {warnings.py:112} WARNING - /home/***/.local/lib/python3.12/site-packages/***/task/task_runner/standard_task_runner.py:70: DeprecationWarning: This process (pid=14274) is multi-threaded, use of fork() may lead to deadlocks in the child.
  pid = os.fork()

[2025-02-10T09:19:58.303+0000] {standard_task_runner.py:72} INFO - Started process 14275 to run task
[2025-02-10T09:19:58.304+0000] {standard_task_runner.py:104} INFO - Running: ['***', 'tasks', 'run', 'cluster_deployment', 'deploy_stack', 'manual__2025-02-10T09:18:23.744625+00:00', '--job-id', '502', '--raw', '--subdir', 'DAGS_FOLDER/cluster_deployment.py', '--cfg-path', '/tmp/tmp3q3j6mhg']
[2025-02-10T09:19:58.304+0000] {standard_task_runner.py:105} INFO - Job 502: Subtask deploy_stack
[2025-02-10T09:19:58.337+0000] {task_command.py:467} INFO - Running <TaskInstance: cluster_deployment.deploy_stack manual__2025-02-10T09:18:23.744625+00:00 [running]> on host fbc98e9fe6bb
[2025-02-10T09:19:58.387+0000] {taskinstance.py:3132} INFO - Exporting env vars: AIRFLOW_CTX_DAG_OWNER='***' AIRFLOW_CTX_DAG_ID='cluster_deployment' AIRFLOW_CTX_TASK_ID='deploy_stack' AIRFLOW_CTX_EXECUTION_DATE='2025-02-10T09:18:23.744625+00:00' AIRFLOW_CTX_TRY_NUMBER='1' AIRFLOW_CTX_DAG_RUN_ID='manual__2025-02-10T09:18:23.744625+00:00'
[2025-02-10T09:19:58.389+0000] {logging_mixin.py:190} INFO - Task instance is in running state
[2025-02-10T09:19:58.389+0000] {logging_mixin.py:190} INFO -  Previous state of the Task instance: queued
[2025-02-10T09:19:58.389+0000] {logging_mixin.py:190} INFO - Current task name:deploy_stack state:running start_date:2025-02-10 09:19:58.279624+00:00
[2025-02-10T09:19:58.389+0000] {logging_mixin.py:190} INFO - Dag name:cluster_deployment and current dag run status:running
[2025-02-10T09:19:58.390+0000] {taskinstance.py:731} INFO - ::endgroup::
[2025-02-10T09:19:58.390+0000] {logging_mixin.py:190} INFO - Deploying the stack...
[2025-02-10T09:20:08.404+0000] {logging_mixin.py:190} INFO - Stack deployed successfully...
[2025-02-10T09:20:08.410+0000] {python.py:240} INFO - Done. Returned value was: None
[2025-02-10T09:20:08.427+0000] {taskinstance.py:340} INFO - ::group::Post task execution logs
[2025-02-10T09:20:08.428+0000] {taskinstance.py:352} INFO - Marking task as SUCCESS. dag_id=cluster_deployment, task_id=deploy_stack, run_id=manual__2025-02-10T09:18:23.744625+00:00, execution_date=20250210T091823, start_date=20250210T091958, end_date=20250210T092008
[2025-02-10T09:20:08.438+0000] {logging_mixin.py:190} INFO - Task instance in success state
[2025-02-10T09:20:08.439+0000] {logging_mixin.py:190} INFO -  Previous state of the Task instance: running
[2025-02-10T09:20:08.439+0000] {logging_mixin.py:190} INFO - Dag name:cluster_deployment queued_at:2025-02-10 09:18:23.797582+00:00
[2025-02-10T09:20:08.439+0000] {logging_mixin.py:190} INFO - Task hostname:fbc98e9fe6bb operator:PythonOperator
[2025-02-10T09:20:08.452+0000] {local_task_job_runner.py:266} INFO - Task exited with return code 0
[2025-02-10T09:20:08.470+0000] {taskinstance.py:3895} INFO - 1 downstream tasks scheduled from follow-on schedule check
[2025-02-10T09:20:08.471+0000] {local_task_job_runner.py:245} INFO - ::endgroup::
