[2025-02-10T12:43:32.381+0000] {local_task_job_runner.py:123} INFO - ::group::Pre task execution logs
[2025-02-10T12:43:32.412+0000] {taskinstance.py:2613} INFO - Dependencies all met for dep_context=non-requeueable deps ti=<TaskInstance: cluster_deployment_rollback.pre_deployment_checks manual__2025-02-10T12:43:26.960473+00:00 [queued]>
[2025-02-10T12:43:32.433+0000] {taskinstance.py:2613} INFO - Dependencies all met for dep_context=requeueable deps ti=<TaskInstance: cluster_deployment_rollback.pre_deployment_checks manual__2025-02-10T12:43:26.960473+00:00 [queued]>
[2025-02-10T12:43:32.434+0000] {taskinstance.py:2866} INFO - Starting attempt 1 of 2
[2025-02-10T12:43:32.459+0000] {taskinstance.py:2889} INFO - Executing <Task(PythonVirtualenvOperator): pre_deployment_checks> on 2025-02-10 12:43:26.960473+00:00
[2025-02-10T12:43:32.535+0000] {warnings.py:112} WARNING - /home/***/.local/lib/python3.12/site-packages/***/task/task_runner/standard_task_runner.py:70: DeprecationWarning: This process (pid=137) is multi-threaded, use of fork() may lead to deadlocks in the child.
  pid = os.fork()

[2025-02-10T12:43:32.537+0000] {standard_task_runner.py:72} INFO - Started process 155 to run task
[2025-02-10T12:43:32.545+0000] {standard_task_runner.py:104} INFO - Running: ['***', 'tasks', 'run', 'cluster_deployment_rollback', 'pre_deployment_checks', 'manual__2025-02-10T12:43:26.960473+00:00', '--job-id', '581', '--raw', '--subdir', 'DAGS_FOLDER/cluster_deployment_rollback.py', '--cfg-path', '/tmp/tmpse5l7hr1']
[2025-02-10T12:43:32.553+0000] {standard_task_runner.py:105} INFO - Job 581: Subtask pre_deployment_checks
[2025-02-10T12:43:32.821+0000] {task_command.py:467} INFO - Running <TaskInstance: cluster_deployment_rollback.pre_deployment_checks manual__2025-02-10T12:43:26.960473+00:00 [running]> on host 1999c8c59930
[2025-02-10T12:43:33.069+0000] {taskinstance.py:3132} INFO - Exporting env vars: AIRFLOW_CTX_DAG_OWNER='***' AIRFLOW_CTX_DAG_ID='cluster_deployment_rollback' AIRFLOW_CTX_TASK_ID='pre_deployment_checks' AIRFLOW_CTX_EXECUTION_DATE='2025-02-10T12:43:26.960473+00:00' AIRFLOW_CTX_TRY_NUMBER='1' AIRFLOW_CTX_DAG_RUN_ID='manual__2025-02-10T12:43:26.960473+00:00'
[2025-02-10T12:43:33.073+0000] {logging_mixin.py:190} INFO - Task instance is in running state
[2025-02-10T12:43:33.083+0000] {logging_mixin.py:190} INFO -  Previous state of the Task instance: queued
[2025-02-10T12:43:33.084+0000] {logging_mixin.py:190} INFO - Current task name:pre_deployment_checks state:running start_date:2025-02-10 12:43:32.412538+00:00
[2025-02-10T12:43:33.084+0000] {logging_mixin.py:190} INFO - Dag name:cluster_deployment_rollback and current dag run status:running
[2025-02-10T12:43:33.085+0000] {taskinstance.py:731} INFO - ::endgroup::
[2025-02-10T12:43:33.087+0000] {baseoperator.py:421} WARNING - PythonVirtualenvOperator.execute cannot be called outside TaskInstance!
[2025-02-10T12:43:33.104+0000] {process_utils.py:186} INFO - Executing cmd: /home/***/.local/bin/python -m virtualenv /tmp/venvy2s9o106 --system-site-packages --python=python
[2025-02-10T12:43:33.106+0000] {process_utils.py:190} INFO - Output:
[2025-02-10T12:43:36.478+0000] {process_utils.py:194} INFO - created virtual environment CPython3.12.8.final.0-64 in 1518ms
[2025-02-10T12:43:36.528+0000] {process_utils.py:194} INFO -   creator CPython3Posix(dest=/tmp/venvy2s9o106, clear=False, no_vcs_ignore=False, global=True)
[2025-02-10T12:43:36.532+0000] {process_utils.py:194} INFO -   seeder FromAppData(download=False, pip=bundle, via=copy, app_data_dir=/home/***/.local/share/virtualenv)
[2025-02-10T12:43:36.570+0000] {process_utils.py:194} INFO -     added seed packages: pip==24.3.1
[2025-02-10T12:43:36.571+0000] {process_utils.py:194} INFO -   activators BashActivator,CShellActivator,FishActivator,NushellActivator,PowerShellActivator,PythonActivator
[2025-02-10T12:43:36.788+0000] {process_utils.py:186} INFO - Executing cmd: /tmp/venvy2s9o106/bin/pip install -r /tmp/venvy2s9o106/requirements.txt
[2025-02-10T12:43:36.809+0000] {process_utils.py:190} INFO - Output:
[2025-02-10T12:43:41.955+0000] {process_utils.py:194} INFO - Requirement already satisfied: pandas==2.1.4 in /home/***/.local/lib/python3.12/site-packages (from -r /tmp/venvy2s9o106/requirements.txt (line 1)) (2.1.4)
[2025-02-10T12:43:41.978+0000] {process_utils.py:194} INFO - Requirement already satisfied: numpy<2,>=1.26.0 in /home/***/.local/lib/python3.12/site-packages (from pandas==2.1.4->-r /tmp/venvy2s9o106/requirements.txt (line 1)) (1.26.4)
[2025-02-10T12:43:41.982+0000] {process_utils.py:194} INFO - Requirement already satisfied: python-dateutil>=2.8.2 in /home/***/.local/lib/python3.12/site-packages (from pandas==2.1.4->-r /tmp/venvy2s9o106/requirements.txt (line 1)) (2.9.0.post0)
[2025-02-10T12:43:41.985+0000] {process_utils.py:194} INFO - Requirement already satisfied: pytz>=2020.1 in /home/***/.local/lib/python3.12/site-packages (from pandas==2.1.4->-r /tmp/venvy2s9o106/requirements.txt (line 1)) (2024.2)
[2025-02-10T12:43:41.989+0000] {process_utils.py:194} INFO - Requirement already satisfied: tzdata>=2022.1 in /home/***/.local/lib/python3.12/site-packages (from pandas==2.1.4->-r /tmp/venvy2s9o106/requirements.txt (line 1)) (2024.2)
[2025-02-10T12:43:41.995+0000] {process_utils.py:194} INFO - Requirement already satisfied: six>=1.5 in /home/***/.local/lib/python3.12/site-packages (from python-dateutil>=2.8.2->pandas==2.1.4->-r /tmp/venvy2s9o106/requirements.txt (line 1)) (1.17.0)
[2025-02-10T12:43:43.233+0000] {process_utils.py:194} INFO - 
[2025-02-10T12:43:43.253+0000] {process_utils.py:194} INFO - [notice] A new release of pip is available: 24.3.1 -> 25.0.1
[2025-02-10T12:43:43.274+0000] {process_utils.py:194} INFO - [notice] To update, run: python -m pip install --upgrade pip
[2025-02-10T12:43:43.623+0000] {process_utils.py:186} INFO - Executing cmd: /tmp/venvy2s9o106/bin/python /tmp/venv-call397w57_y/script.py /tmp/venv-call397w57_y/script.in /tmp/venv-call397w57_y/script.out /tmp/venv-call397w57_y/string_args.txt /tmp/venv-call397w57_y/termination.log
[2025-02-10T12:43:43.635+0000] {process_utils.py:190} INFO - Output:
[2025-02-10T12:44:00.075+0000] {process_utils.py:194} INFO - [2025-02-10T12:44:00.065+0000] {script.py:23} INFO - Starting pre-deployment checks...
[2025-02-10T12:44:00.097+0000] {process_utils.py:194} INFO - [2025-02-10T12:44:00.070+0000] {script.py:38} INFO - Pre-deployment checks completed
[2025-02-10T12:44:00.816+0000] {python.py:240} INFO - Done. Returned value was: {'services_status': {'running': 4}, 'deployment_ready': True, 'timestamp': '2025-02-10T12:44:00.070379'}
[2025-02-10T12:44:00.903+0000] {taskinstance.py:340} INFO - ::group::Post task execution logs
[2025-02-10T12:44:00.904+0000] {taskinstance.py:352} INFO - Marking task as SUCCESS. dag_id=cluster_deployment_rollback, task_id=pre_deployment_checks, run_id=manual__2025-02-10T12:43:26.960473+00:00, execution_date=20250210T124326, start_date=20250210T124332, end_date=20250210T124400
[2025-02-10T12:44:00.934+0000] {logging_mixin.py:190} INFO - Task instance in success state
[2025-02-10T12:44:00.935+0000] {logging_mixin.py:190} INFO -  Previous state of the Task instance: running
[2025-02-10T12:44:00.936+0000] {logging_mixin.py:190} INFO - Dag name:cluster_deployment_rollback queued_at:2025-02-10 12:43:26.996595+00:00
[2025-02-10T12:44:00.936+0000] {logging_mixin.py:190} INFO - Task hostname:1999c8c59930 operator:PythonVirtualenvOperator
[2025-02-10T12:44:00.987+0000] {local_task_job_runner.py:266} INFO - Task exited with return code 0
[2025-02-10T12:44:01.215+0000] {taskinstance.py:3895} INFO - 1 downstream tasks scheduled from follow-on schedule check
[2025-02-10T12:44:01.222+0000] {local_task_job_runner.py:245} INFO - ::endgroup::
