[2025-02-05T14:15:23.723+0000] {local_task_job_runner.py:123} INFO - ::group::Pre task execution logs
[2025-02-05T14:15:23.730+0000] {taskinstance.py:2613} INFO - Dependencies all met for dep_context=non-requeueable deps ti=<TaskInstance: external_signal_workflow.wait_for_signal manual__2025-02-05T14:15:02.902404+00:00 [queued]>
[2025-02-05T14:15:23.735+0000] {taskinstance.py:2613} INFO - Dependencies all met for dep_context=requeueable deps ti=<TaskInstance: external_signal_workflow.wait_for_signal manual__2025-02-05T14:15:02.902404+00:00 [queued]>
[2025-02-05T14:15:23.735+0000] {taskinstance.py:2866} INFO - Starting attempt 1 of 2
[2025-02-05T14:15:23.835+0000] {taskinstance.py:2889} INFO - Executing <Task(ExternalTaskSensor): wait_for_signal> on 2025-02-05 14:15:02.902404+00:00
[2025-02-05T14:15:23.840+0000] {warnings.py:112} WARNING - /home/***/.local/lib/python3.12/site-packages/***/task/task_runner/standard_task_runner.py:70: DeprecationWarning: This process (pid=1830) is multi-threaded, use of fork() may lead to deadlocks in the child.
  pid = os.fork()

[2025-02-05T14:15:23.842+0000] {standard_task_runner.py:72} INFO - Started process 1831 to run task
[2025-02-05T14:15:23.842+0000] {standard_task_runner.py:104} INFO - Running: ['***', 'tasks', 'run', 'external_signal_workflow', 'wait_for_signal', 'manual__2025-02-05T14:15:02.902404+00:00', '--job-id', '71', '--raw', '--subdir', 'DAGS_FOLDER/external_signal_workflow.py', '--cfg-path', '/tmp/tmpvvqpk39f']
[2025-02-05T14:15:23.842+0000] {standard_task_runner.py:105} INFO - Job 71: Subtask wait_for_signal
[2025-02-05T14:15:23.871+0000] {task_command.py:467} INFO - Running <TaskInstance: external_signal_workflow.wait_for_signal manual__2025-02-05T14:15:02.902404+00:00 [running]> on host ***-worker-3
[2025-02-05T14:15:23.912+0000] {taskinstance.py:3132} INFO - Exporting env vars: AIRFLOW_CTX_DAG_OWNER='***' AIRFLOW_CTX_DAG_ID='external_signal_workflow' AIRFLOW_CTX_TASK_ID='wait_for_signal' AIRFLOW_CTX_EXECUTION_DATE='2025-02-05T14:15:02.902404+00:00' AIRFLOW_CTX_TRY_NUMBER='1' AIRFLOW_CTX_DAG_RUN_ID='manual__2025-02-05T14:15:02.902404+00:00'
[2025-02-05T14:15:23.913+0000] {logging_mixin.py:190} INFO - Task instance is in running state
[2025-02-05T14:15:23.913+0000] {logging_mixin.py:190} INFO -  Previous state of the Task instance: queued
[2025-02-05T14:15:23.913+0000] {logging_mixin.py:190} INFO - Current task name:wait_for_signal state:running start_date:2025-02-05 14:15:23.731208+00:00
[2025-02-05T14:15:23.914+0000] {logging_mixin.py:190} INFO - Dag name:external_signal_workflow and current dag run status:running
[2025-02-05T14:15:23.914+0000] {taskinstance.py:731} INFO - ::endgroup::
[2025-02-05T14:15:23.914+0000] {baseoperator.py:421} WARNING - ExternalTaskSensor.execute cannot be called outside TaskInstance!
[2025-02-05T14:15:23.919+0000] {external_task.py:258} INFO - Poking for tasks ['send_signal'] in dag signal_dag on 2025-02-05T14:15:02.902404+00:00 ... 
[2025-02-05T14:15:23.919+0000] {warnings.py:112} WARNING - /home/***/.local/lib/python3.12/site-packages/***/utils/session.py:97: DeprecationWarning: This method is deprecated and will be removed in future.
  return func(*args, session=session, **kwargs)

[2025-02-05T14:15:23.933+0000] {taskinstance.py:309} INFO - Rescheduling task, marking task as UP_FOR_RESCHEDULE
[2025-02-05T14:15:23.934+0000] {taskinstance.py:340} INFO - ::group::Post task execution logs
[2025-02-05T14:15:23.975+0000] {local_task_job_runner.py:266} INFO - Task exited with return code 0
[2025-02-05T14:15:23.989+0000] {taskinstance.py:3895} INFO - 0 downstream tasks scheduled from follow-on schedule check
[2025-02-05T14:15:23.991+0000] {local_task_job_runner.py:245} INFO - ::endgroup::
[2025-02-05T14:16:25.573+0000] {local_task_job_runner.py:123} INFO - ::group::Pre task execution logs
[2025-02-05T14:16:25.582+0000] {taskinstance.py:2613} INFO - Dependencies all met for dep_context=non-requeueable deps ti=<TaskInstance: external_signal_workflow.wait_for_signal manual__2025-02-05T14:15:02.902404+00:00 [queued]>
[2025-02-05T14:16:25.585+0000] {taskinstance.py:2613} INFO - Dependencies all met for dep_context=requeueable deps ti=<TaskInstance: external_signal_workflow.wait_for_signal manual__2025-02-05T14:15:02.902404+00:00 [queued]>
[2025-02-05T14:16:25.586+0000] {taskinstance.py:2866} INFO - Starting attempt 1 of 2
[2025-02-05T14:16:25.681+0000] {taskinstance.py:2889} INFO - Executing <Task(ExternalTaskSensor): wait_for_signal> on 2025-02-05 14:15:02.902404+00:00
[2025-02-05T14:16:25.686+0000] {warnings.py:112} WARNING - /home/***/.local/lib/python3.12/site-packages/***/task/task_runner/standard_task_runner.py:70: DeprecationWarning: This process (pid=1873) is multi-threaded, use of fork() may lead to deadlocks in the child.
  pid = os.fork()

[2025-02-05T14:16:25.687+0000] {standard_task_runner.py:72} INFO - Started process 1874 to run task
[2025-02-05T14:16:25.688+0000] {standard_task_runner.py:104} INFO - Running: ['***', 'tasks', 'run', 'external_signal_workflow', 'wait_for_signal', 'manual__2025-02-05T14:15:02.902404+00:00', '--job-id', '73', '--raw', '--subdir', 'DAGS_FOLDER/external_signal_workflow.py', '--cfg-path', '/tmp/tmp0uwwqztb']
[2025-02-05T14:16:25.689+0000] {standard_task_runner.py:105} INFO - Job 73: Subtask wait_for_signal
[2025-02-05T14:16:25.719+0000] {task_command.py:467} INFO - Running <TaskInstance: external_signal_workflow.wait_for_signal manual__2025-02-05T14:15:02.902404+00:00 [running]> on host ***-worker-1
[2025-02-05T14:16:25.765+0000] {taskinstance.py:3132} INFO - Exporting env vars: AIRFLOW_CTX_DAG_OWNER='***' AIRFLOW_CTX_DAG_ID='external_signal_workflow' AIRFLOW_CTX_TASK_ID='wait_for_signal' AIRFLOW_CTX_EXECUTION_DATE='2025-02-05T14:15:02.902404+00:00' AIRFLOW_CTX_TRY_NUMBER='1' AIRFLOW_CTX_DAG_RUN_ID='manual__2025-02-05T14:15:02.902404+00:00'
[2025-02-05T14:16:25.766+0000] {logging_mixin.py:190} INFO - Task instance is in running state
[2025-02-05T14:16:25.766+0000] {logging_mixin.py:190} INFO -  Previous state of the Task instance: queued
[2025-02-05T14:16:25.767+0000] {logging_mixin.py:190} INFO - Current task name:wait_for_signal state:running start_date:2025-02-05 14:16:25.582502+00:00
[2025-02-05T14:16:25.767+0000] {logging_mixin.py:190} INFO - Dag name:external_signal_workflow and current dag run status:running
[2025-02-05T14:16:25.768+0000] {taskinstance.py:731} INFO - ::endgroup::
[2025-02-05T14:16:25.768+0000] {baseoperator.py:421} WARNING - ExternalTaskSensor.execute cannot be called outside TaskInstance!
[2025-02-05T14:16:25.788+0000] {external_task.py:258} INFO - Poking for tasks ['send_signal'] in dag signal_dag on 2025-02-05T14:15:02.902404+00:00 ... 
[2025-02-05T14:16:25.789+0000] {warnings.py:112} WARNING - /home/***/.local/lib/python3.12/site-packages/***/utils/session.py:97: DeprecationWarning: This method is deprecated and will be removed in future.
  return func(*args, session=session, **kwargs)

[2025-02-05T14:16:25.819+0000] {taskinstance.py:309} INFO - Rescheduling task, marking task as UP_FOR_RESCHEDULE
[2025-02-05T14:16:25.819+0000] {taskinstance.py:340} INFO - ::group::Post task execution logs
[2025-02-05T14:16:25.863+0000] {local_task_job_runner.py:266} INFO - Task exited with return code 0
[2025-02-05T14:16:25.878+0000] {taskinstance.py:3895} INFO - 0 downstream tasks scheduled from follow-on schedule check
[2025-02-05T14:16:25.880+0000] {local_task_job_runner.py:245} INFO - ::endgroup::
[2025-02-05T14:17:27.709+0000] {local_task_job_runner.py:123} INFO - ::group::Pre task execution logs
[2025-02-05T14:17:27.717+0000] {taskinstance.py:2613} INFO - Dependencies all met for dep_context=non-requeueable deps ti=<TaskInstance: external_signal_workflow.wait_for_signal manual__2025-02-05T14:15:02.902404+00:00 [queued]>
[2025-02-05T14:17:27.721+0000] {taskinstance.py:2613} INFO - Dependencies all met for dep_context=requeueable deps ti=<TaskInstance: external_signal_workflow.wait_for_signal manual__2025-02-05T14:15:02.902404+00:00 [queued]>
[2025-02-05T14:17:27.721+0000] {taskinstance.py:2866} INFO - Starting attempt 1 of 2
[2025-02-05T14:17:27.811+0000] {taskinstance.py:2889} INFO - Executing <Task(ExternalTaskSensor): wait_for_signal> on 2025-02-05 14:15:02.902404+00:00
[2025-02-05T14:17:27.816+0000] {warnings.py:112} WARNING - /home/***/.local/lib/python3.12/site-packages/***/task/task_runner/standard_task_runner.py:70: DeprecationWarning: This process (pid=1889) is multi-threaded, use of fork() may lead to deadlocks in the child.
  pid = os.fork()

[2025-02-05T14:17:27.817+0000] {standard_task_runner.py:72} INFO - Started process 1890 to run task
[2025-02-05T14:17:27.817+0000] {standard_task_runner.py:104} INFO - Running: ['***', 'tasks', 'run', 'external_signal_workflow', 'wait_for_signal', 'manual__2025-02-05T14:15:02.902404+00:00', '--job-id', '74', '--raw', '--subdir', 'DAGS_FOLDER/external_signal_workflow.py', '--cfg-path', '/tmp/tmp8mdj5n67']
[2025-02-05T14:17:27.818+0000] {standard_task_runner.py:105} INFO - Job 74: Subtask wait_for_signal
[2025-02-05T14:17:27.845+0000] {task_command.py:467} INFO - Running <TaskInstance: external_signal_workflow.wait_for_signal manual__2025-02-05T14:15:02.902404+00:00 [running]> on host ***-worker-1
[2025-02-05T14:17:27.884+0000] {taskinstance.py:3132} INFO - Exporting env vars: AIRFLOW_CTX_DAG_OWNER='***' AIRFLOW_CTX_DAG_ID='external_signal_workflow' AIRFLOW_CTX_TASK_ID='wait_for_signal' AIRFLOW_CTX_EXECUTION_DATE='2025-02-05T14:15:02.902404+00:00' AIRFLOW_CTX_TRY_NUMBER='1' AIRFLOW_CTX_DAG_RUN_ID='manual__2025-02-05T14:15:02.902404+00:00'
[2025-02-05T14:17:27.885+0000] {logging_mixin.py:190} INFO - Task instance is in running state
[2025-02-05T14:17:27.885+0000] {logging_mixin.py:190} INFO -  Previous state of the Task instance: queued
[2025-02-05T14:17:27.886+0000] {logging_mixin.py:190} INFO - Current task name:wait_for_signal state:running start_date:2025-02-05 14:17:27.717548+00:00
[2025-02-05T14:17:27.886+0000] {logging_mixin.py:190} INFO - Dag name:external_signal_workflow and current dag run status:running
[2025-02-05T14:17:27.887+0000] {taskinstance.py:731} INFO - ::endgroup::
[2025-02-05T14:17:27.887+0000] {baseoperator.py:421} WARNING - ExternalTaskSensor.execute cannot be called outside TaskInstance!
[2025-02-05T14:17:27.893+0000] {external_task.py:258} INFO - Poking for tasks ['send_signal'] in dag signal_dag on 2025-02-05T14:15:02.902404+00:00 ... 
[2025-02-05T14:17:27.894+0000] {warnings.py:112} WARNING - /home/***/.local/lib/python3.12/site-packages/***/utils/session.py:97: DeprecationWarning: This method is deprecated and will be removed in future.
  return func(*args, session=session, **kwargs)

[2025-02-05T14:17:27.910+0000] {taskinstance.py:309} INFO - Rescheduling task, marking task as UP_FOR_RESCHEDULE
[2025-02-05T14:17:27.911+0000] {taskinstance.py:340} INFO - ::group::Post task execution logs
[2025-02-05T14:17:27.951+0000] {local_task_job_runner.py:266} INFO - Task exited with return code 0
[2025-02-05T14:17:27.964+0000] {taskinstance.py:3895} INFO - 0 downstream tasks scheduled from follow-on schedule check
[2025-02-05T14:17:27.965+0000] {local_task_job_runner.py:245} INFO - ::endgroup::
[2025-02-05T14:18:29.866+0000] {local_task_job_runner.py:123} INFO - ::group::Pre task execution logs
[2025-02-05T14:18:29.874+0000] {taskinstance.py:2613} INFO - Dependencies all met for dep_context=non-requeueable deps ti=<TaskInstance: external_signal_workflow.wait_for_signal manual__2025-02-05T14:15:02.902404+00:00 [queued]>
[2025-02-05T14:18:29.879+0000] {taskinstance.py:2613} INFO - Dependencies all met for dep_context=requeueable deps ti=<TaskInstance: external_signal_workflow.wait_for_signal manual__2025-02-05T14:15:02.902404+00:00 [queued]>
[2025-02-05T14:18:29.879+0000] {taskinstance.py:2866} INFO - Starting attempt 1 of 2
[2025-02-05T14:18:29.969+0000] {taskinstance.py:2889} INFO - Executing <Task(ExternalTaskSensor): wait_for_signal> on 2025-02-05 14:15:02.902404+00:00
[2025-02-05T14:18:29.974+0000] {warnings.py:112} WARNING - /home/***/.local/lib/python3.12/site-packages/***/task/task_runner/standard_task_runner.py:70: DeprecationWarning: This process (pid=1877) is multi-threaded, use of fork() may lead to deadlocks in the child.
  pid = os.fork()

[2025-02-05T14:18:29.976+0000] {standard_task_runner.py:72} INFO - Started process 1878 to run task
[2025-02-05T14:18:29.976+0000] {standard_task_runner.py:104} INFO - Running: ['***', 'tasks', 'run', 'external_signal_workflow', 'wait_for_signal', 'manual__2025-02-05T14:15:02.902404+00:00', '--job-id', '75', '--raw', '--subdir', 'DAGS_FOLDER/external_signal_workflow.py', '--cfg-path', '/tmp/tmpmmseoew4']
[2025-02-05T14:18:29.977+0000] {standard_task_runner.py:105} INFO - Job 75: Subtask wait_for_signal
[2025-02-05T14:18:30.007+0000] {task_command.py:467} INFO - Running <TaskInstance: external_signal_workflow.wait_for_signal manual__2025-02-05T14:15:02.902404+00:00 [running]> on host ***-worker-3
[2025-02-05T14:18:30.050+0000] {taskinstance.py:3132} INFO - Exporting env vars: AIRFLOW_CTX_DAG_OWNER='***' AIRFLOW_CTX_DAG_ID='external_signal_workflow' AIRFLOW_CTX_TASK_ID='wait_for_signal' AIRFLOW_CTX_EXECUTION_DATE='2025-02-05T14:15:02.902404+00:00' AIRFLOW_CTX_TRY_NUMBER='1' AIRFLOW_CTX_DAG_RUN_ID='manual__2025-02-05T14:15:02.902404+00:00'
[2025-02-05T14:18:30.051+0000] {logging_mixin.py:190} INFO - Task instance is in running state
[2025-02-05T14:18:30.051+0000] {logging_mixin.py:190} INFO -  Previous state of the Task instance: queued
[2025-02-05T14:18:30.051+0000] {logging_mixin.py:190} INFO - Current task name:wait_for_signal state:running start_date:2025-02-05 14:18:29.874863+00:00
[2025-02-05T14:18:30.051+0000] {logging_mixin.py:190} INFO - Dag name:external_signal_workflow and current dag run status:running
[2025-02-05T14:18:30.052+0000] {taskinstance.py:731} INFO - ::endgroup::
[2025-02-05T14:18:30.052+0000] {baseoperator.py:421} WARNING - ExternalTaskSensor.execute cannot be called outside TaskInstance!
[2025-02-05T14:18:30.058+0000] {external_task.py:258} INFO - Poking for tasks ['send_signal'] in dag signal_dag on 2025-02-05T14:15:02.902404+00:00 ... 
[2025-02-05T14:18:30.059+0000] {warnings.py:112} WARNING - /home/***/.local/lib/python3.12/site-packages/***/utils/session.py:97: DeprecationWarning: This method is deprecated and will be removed in future.
  return func(*args, session=session, **kwargs)

[2025-02-05T14:18:30.074+0000] {taskinstance.py:309} INFO - Rescheduling task, marking task as UP_FOR_RESCHEDULE
[2025-02-05T14:18:30.074+0000] {taskinstance.py:340} INFO - ::group::Post task execution logs
[2025-02-05T14:18:30.111+0000] {local_task_job_runner.py:266} INFO - Task exited with return code 0
[2025-02-05T14:18:30.131+0000] {taskinstance.py:3895} INFO - 0 downstream tasks scheduled from follow-on schedule check
[2025-02-05T14:18:30.133+0000] {local_task_job_runner.py:245} INFO - ::endgroup::
[2025-02-05T14:19:32.344+0000] {local_task_job_runner.py:123} INFO - ::group::Pre task execution logs
[2025-02-05T14:19:32.352+0000] {taskinstance.py:2613} INFO - Dependencies all met for dep_context=non-requeueable deps ti=<TaskInstance: external_signal_workflow.wait_for_signal manual__2025-02-05T14:15:02.902404+00:00 [queued]>
[2025-02-05T14:19:32.357+0000] {taskinstance.py:2613} INFO - Dependencies all met for dep_context=requeueable deps ti=<TaskInstance: external_signal_workflow.wait_for_signal manual__2025-02-05T14:15:02.902404+00:00 [queued]>
[2025-02-05T14:19:32.357+0000] {taskinstance.py:2866} INFO - Starting attempt 1 of 2
[2025-02-05T14:19:32.447+0000] {taskinstance.py:2889} INFO - Executing <Task(ExternalTaskSensor): wait_for_signal> on 2025-02-05 14:15:02.902404+00:00
[2025-02-05T14:19:32.454+0000] {warnings.py:112} WARNING - /home/***/.local/lib/python3.12/site-packages/***/task/task_runner/standard_task_runner.py:70: DeprecationWarning: This process (pid=1894) is multi-threaded, use of fork() may lead to deadlocks in the child.
  pid = os.fork()

[2025-02-05T14:19:32.455+0000] {standard_task_runner.py:72} INFO - Started process 1895 to run task
[2025-02-05T14:19:32.455+0000] {standard_task_runner.py:104} INFO - Running: ['***', 'tasks', 'run', 'external_signal_workflow', 'wait_for_signal', 'manual__2025-02-05T14:15:02.902404+00:00', '--job-id', '76', '--raw', '--subdir', 'DAGS_FOLDER/external_signal_workflow.py', '--cfg-path', '/tmp/tmp1kup410a']
[2025-02-05T14:19:32.456+0000] {standard_task_runner.py:105} INFO - Job 76: Subtask wait_for_signal
[2025-02-05T14:19:32.486+0000] {task_command.py:467} INFO - Running <TaskInstance: external_signal_workflow.wait_for_signal manual__2025-02-05T14:15:02.902404+00:00 [running]> on host ***-worker-3
[2025-02-05T14:19:32.526+0000] {taskinstance.py:3132} INFO - Exporting env vars: AIRFLOW_CTX_DAG_OWNER='***' AIRFLOW_CTX_DAG_ID='external_signal_workflow' AIRFLOW_CTX_TASK_ID='wait_for_signal' AIRFLOW_CTX_EXECUTION_DATE='2025-02-05T14:15:02.902404+00:00' AIRFLOW_CTX_TRY_NUMBER='1' AIRFLOW_CTX_DAG_RUN_ID='manual__2025-02-05T14:15:02.902404+00:00'
[2025-02-05T14:19:32.527+0000] {logging_mixin.py:190} INFO - Task instance is in running state
[2025-02-05T14:19:32.528+0000] {logging_mixin.py:190} INFO -  Previous state of the Task instance: queued
[2025-02-05T14:19:32.528+0000] {logging_mixin.py:190} INFO - Current task name:wait_for_signal state:running start_date:2025-02-05 14:19:32.352943+00:00
[2025-02-05T14:19:32.528+0000] {logging_mixin.py:190} INFO - Dag name:external_signal_workflow and current dag run status:running
[2025-02-05T14:19:32.529+0000] {taskinstance.py:731} INFO - ::endgroup::
[2025-02-05T14:19:32.529+0000] {baseoperator.py:421} WARNING - ExternalTaskSensor.execute cannot be called outside TaskInstance!
[2025-02-05T14:19:32.534+0000] {external_task.py:258} INFO - Poking for tasks ['send_signal'] in dag signal_dag on 2025-02-05T14:15:02.902404+00:00 ... 
[2025-02-05T14:19:32.534+0000] {warnings.py:112} WARNING - /home/***/.local/lib/python3.12/site-packages/***/utils/session.py:97: DeprecationWarning: This method is deprecated and will be removed in future.
  return func(*args, session=session, **kwargs)

[2025-02-05T14:19:32.549+0000] {taskinstance.py:309} INFO - Rescheduling task, marking task as UP_FOR_RESCHEDULE
[2025-02-05T14:19:32.550+0000] {taskinstance.py:340} INFO - ::group::Post task execution logs
[2025-02-05T14:19:32.590+0000] {local_task_job_runner.py:266} INFO - Task exited with return code 0
[2025-02-05T14:19:32.603+0000] {taskinstance.py:3895} INFO - 0 downstream tasks scheduled from follow-on schedule check
[2025-02-05T14:19:32.604+0000] {local_task_job_runner.py:245} INFO - ::endgroup::
[2025-02-05T14:20:34.318+0000] {local_task_job_runner.py:123} INFO - ::group::Pre task execution logs
[2025-02-05T14:20:34.326+0000] {taskinstance.py:2613} INFO - Dependencies all met for dep_context=non-requeueable deps ti=<TaskInstance: external_signal_workflow.wait_for_signal manual__2025-02-05T14:15:02.902404+00:00 [queued]>
[2025-02-05T14:20:34.330+0000] {taskinstance.py:2613} INFO - Dependencies all met for dep_context=requeueable deps ti=<TaskInstance: external_signal_workflow.wait_for_signal manual__2025-02-05T14:15:02.902404+00:00 [queued]>
[2025-02-05T14:20:34.330+0000] {taskinstance.py:2866} INFO - Starting attempt 1 of 2
[2025-02-05T14:20:34.420+0000] {taskinstance.py:2889} INFO - Executing <Task(ExternalTaskSensor): wait_for_signal> on 2025-02-05 14:15:02.902404+00:00
[2025-02-05T14:20:34.425+0000] {warnings.py:112} WARNING - /home/***/.local/lib/python3.12/site-packages/***/task/task_runner/standard_task_runner.py:70: DeprecationWarning: This process (pid=1934) is multi-threaded, use of fork() may lead to deadlocks in the child.
  pid = os.fork()

[2025-02-05T14:20:34.426+0000] {standard_task_runner.py:72} INFO - Started process 1935 to run task
[2025-02-05T14:20:34.427+0000] {standard_task_runner.py:104} INFO - Running: ['***', 'tasks', 'run', 'external_signal_workflow', 'wait_for_signal', 'manual__2025-02-05T14:15:02.902404+00:00', '--job-id', '77', '--raw', '--subdir', 'DAGS_FOLDER/external_signal_workflow.py', '--cfg-path', '/tmp/tmpm74ydy58']
[2025-02-05T14:20:34.428+0000] {standard_task_runner.py:105} INFO - Job 77: Subtask wait_for_signal
[2025-02-05T14:20:34.461+0000] {task_command.py:467} INFO - Running <TaskInstance: external_signal_workflow.wait_for_signal manual__2025-02-05T14:15:02.902404+00:00 [running]> on host ***-worker-1
[2025-02-05T14:20:34.506+0000] {taskinstance.py:3132} INFO - Exporting env vars: AIRFLOW_CTX_DAG_OWNER='***' AIRFLOW_CTX_DAG_ID='external_signal_workflow' AIRFLOW_CTX_TASK_ID='wait_for_signal' AIRFLOW_CTX_EXECUTION_DATE='2025-02-05T14:15:02.902404+00:00' AIRFLOW_CTX_TRY_NUMBER='1' AIRFLOW_CTX_DAG_RUN_ID='manual__2025-02-05T14:15:02.902404+00:00'
[2025-02-05T14:20:34.507+0000] {logging_mixin.py:190} INFO - Task instance is in running state
[2025-02-05T14:20:34.508+0000] {logging_mixin.py:190} INFO -  Previous state of the Task instance: queued
[2025-02-05T14:20:34.508+0000] {logging_mixin.py:190} INFO - Current task name:wait_for_signal state:running start_date:2025-02-05 14:20:34.326454+00:00
[2025-02-05T14:20:34.508+0000] {logging_mixin.py:190} INFO - Dag name:external_signal_workflow and current dag run status:running
[2025-02-05T14:20:34.509+0000] {taskinstance.py:731} INFO - ::endgroup::
[2025-02-05T14:20:34.509+0000] {baseoperator.py:421} WARNING - ExternalTaskSensor.execute cannot be called outside TaskInstance!
[2025-02-05T14:20:34.516+0000] {external_task.py:258} INFO - Poking for tasks ['send_signal'] in dag signal_dag on 2025-02-05T14:15:02.902404+00:00 ... 
[2025-02-05T14:20:34.516+0000] {warnings.py:112} WARNING - /home/***/.local/lib/python3.12/site-packages/***/utils/session.py:97: DeprecationWarning: This method is deprecated and will be removed in future.
  return func(*args, session=session, **kwargs)

[2025-02-05T14:20:34.531+0000] {taskinstance.py:309} INFO - Rescheduling task, marking task as UP_FOR_RESCHEDULE
[2025-02-05T14:20:34.531+0000] {taskinstance.py:340} INFO - ::group::Post task execution logs
[2025-02-05T14:20:34.561+0000] {local_task_job_runner.py:266} INFO - Task exited with return code 0
[2025-02-05T14:20:34.575+0000] {taskinstance.py:3895} INFO - 0 downstream tasks scheduled from follow-on schedule check
[2025-02-05T14:20:34.576+0000] {local_task_job_runner.py:245} INFO - ::endgroup::
[2025-02-05T14:21:36.755+0000] {local_task_job_runner.py:123} INFO - ::group::Pre task execution logs
[2025-02-05T14:21:36.764+0000] {taskinstance.py:2613} INFO - Dependencies all met for dep_context=non-requeueable deps ti=<TaskInstance: external_signal_workflow.wait_for_signal manual__2025-02-05T14:15:02.902404+00:00 [queued]>
[2025-02-05T14:21:36.770+0000] {taskinstance.py:2613} INFO - Dependencies all met for dep_context=requeueable deps ti=<TaskInstance: external_signal_workflow.wait_for_signal manual__2025-02-05T14:15:02.902404+00:00 [queued]>
[2025-02-05T14:21:36.770+0000] {taskinstance.py:2866} INFO - Starting attempt 1 of 2
[2025-02-05T14:21:36.881+0000] {taskinstance.py:2889} INFO - Executing <Task(ExternalTaskSensor): wait_for_signal> on 2025-02-05 14:15:02.902404+00:00
[2025-02-05T14:21:36.885+0000] {warnings.py:112} WARNING - /home/***/.local/lib/python3.12/site-packages/***/task/task_runner/standard_task_runner.py:70: DeprecationWarning: This process (pid=1923) is multi-threaded, use of fork() may lead to deadlocks in the child.
  pid = os.fork()

[2025-02-05T14:21:36.886+0000] {standard_task_runner.py:72} INFO - Started process 1924 to run task
[2025-02-05T14:21:36.887+0000] {standard_task_runner.py:104} INFO - Running: ['***', 'tasks', 'run', 'external_signal_workflow', 'wait_for_signal', 'manual__2025-02-05T14:15:02.902404+00:00', '--job-id', '78', '--raw', '--subdir', 'DAGS_FOLDER/external_signal_workflow.py', '--cfg-path', '/tmp/tmpk1e424im']
[2025-02-05T14:21:36.888+0000] {standard_task_runner.py:105} INFO - Job 78: Subtask wait_for_signal
[2025-02-05T14:21:36.916+0000] {task_command.py:467} INFO - Running <TaskInstance: external_signal_workflow.wait_for_signal manual__2025-02-05T14:15:02.902404+00:00 [running]> on host ***-worker-3
[2025-02-05T14:21:36.957+0000] {taskinstance.py:3132} INFO - Exporting env vars: AIRFLOW_CTX_DAG_OWNER='***' AIRFLOW_CTX_DAG_ID='external_signal_workflow' AIRFLOW_CTX_TASK_ID='wait_for_signal' AIRFLOW_CTX_EXECUTION_DATE='2025-02-05T14:15:02.902404+00:00' AIRFLOW_CTX_TRY_NUMBER='1' AIRFLOW_CTX_DAG_RUN_ID='manual__2025-02-05T14:15:02.902404+00:00'
[2025-02-05T14:21:36.958+0000] {logging_mixin.py:190} INFO - Task instance is in running state
[2025-02-05T14:21:36.958+0000] {logging_mixin.py:190} INFO -  Previous state of the Task instance: queued
[2025-02-05T14:21:36.959+0000] {logging_mixin.py:190} INFO - Current task name:wait_for_signal state:running start_date:2025-02-05 14:21:36.764945+00:00
[2025-02-05T14:21:36.959+0000] {logging_mixin.py:190} INFO - Dag name:external_signal_workflow and current dag run status:running
[2025-02-05T14:21:36.959+0000] {taskinstance.py:731} INFO - ::endgroup::
[2025-02-05T14:21:36.960+0000] {baseoperator.py:421} WARNING - ExternalTaskSensor.execute cannot be called outside TaskInstance!
[2025-02-05T14:21:36.968+0000] {external_task.py:258} INFO - Poking for tasks ['send_signal'] in dag signal_dag on 2025-02-05T14:15:07.902404+00:00 ... 
[2025-02-05T14:21:36.969+0000] {warnings.py:112} WARNING - /home/***/.local/lib/python3.12/site-packages/***/utils/session.py:97: DeprecationWarning: This method is deprecated and will be removed in future.
  return func(*args, session=session, **kwargs)

[2025-02-05T14:21:36.989+0000] {taskinstance.py:309} INFO - Rescheduling task, marking task as UP_FOR_RESCHEDULE
[2025-02-05T14:21:36.989+0000] {taskinstance.py:340} INFO - ::group::Post task execution logs
[2025-02-05T14:21:37.020+0000] {local_task_job_runner.py:266} INFO - Task exited with return code 0
[2025-02-05T14:21:37.039+0000] {taskinstance.py:3895} INFO - 0 downstream tasks scheduled from follow-on schedule check
[2025-02-05T14:21:37.040+0000] {local_task_job_runner.py:245} INFO - ::endgroup::
