[2025-02-10T09:18:38.829+0000] {local_task_job_runner.py:123} INFO - ::group::Pre task execution logs
[2025-02-10T09:18:38.840+0000] {taskinstance.py:2613} INFO - Dependencies all met for dep_context=non-requeueable deps ti=<TaskInstance: cluster_deployment.download_stack manual__2025-02-10T09:18:23.744625+00:00 [queued]>
[2025-02-10T09:18:38.846+0000] {taskinstance.py:2613} INFO - Dependencies all met for dep_context=requeueable deps ti=<TaskInstance: cluster_deployment.download_stack manual__2025-02-10T09:18:23.744625+00:00 [queued]>
[2025-02-10T09:18:38.847+0000] {taskinstance.py:2866} INFO - Starting attempt 1 of 2
[2025-02-10T09:18:38.855+0000] {taskinstance.py:2889} INFO - Executing <Task(PythonVirtualenvOperator): download_stack> on 2025-02-10 09:18:23.744625+00:00
[2025-02-10T09:18:38.860+0000] {warnings.py:112} WARNING - /home/***/.local/lib/python3.12/site-packages/***/task/task_runner/standard_task_runner.py:70: DeprecationWarning: This process (pid=14257) is multi-threaded, use of fork() may lead to deadlocks in the child.
  pid = os.fork()

[2025-02-10T09:18:38.861+0000] {standard_task_runner.py:72} INFO - Started process 14258 to run task
[2025-02-10T09:18:38.862+0000] {standard_task_runner.py:104} INFO - Running: ['***', 'tasks', 'run', 'cluster_deployment', 'download_stack', 'manual__2025-02-10T09:18:23.744625+00:00', '--job-id', '491', '--raw', '--subdir', 'DAGS_FOLDER/cluster_deployment.py', '--cfg-path', '/tmp/tmp54vdvoo7']
[2025-02-10T09:18:38.864+0000] {standard_task_runner.py:105} INFO - Job 491: Subtask download_stack
[2025-02-10T09:18:38.907+0000] {task_command.py:467} INFO - Running <TaskInstance: cluster_deployment.download_stack manual__2025-02-10T09:18:23.744625+00:00 [running]> on host 1999c8c59930
[2025-02-10T09:18:38.960+0000] {taskinstance.py:3132} INFO - Exporting env vars: AIRFLOW_CTX_DAG_OWNER='***' AIRFLOW_CTX_DAG_ID='cluster_deployment' AIRFLOW_CTX_TASK_ID='download_stack' AIRFLOW_CTX_EXECUTION_DATE='2025-02-10T09:18:23.744625+00:00' AIRFLOW_CTX_TRY_NUMBER='1' AIRFLOW_CTX_DAG_RUN_ID='manual__2025-02-10T09:18:23.744625+00:00'
[2025-02-10T09:18:38.961+0000] {logging_mixin.py:190} INFO - Task instance is in running state
[2025-02-10T09:18:38.962+0000] {logging_mixin.py:190} INFO -  Previous state of the Task instance: queued
[2025-02-10T09:18:38.962+0000] {logging_mixin.py:190} INFO - Current task name:download_stack state:running start_date:2025-02-10 09:18:38.841121+00:00
[2025-02-10T09:18:38.963+0000] {logging_mixin.py:190} INFO - Dag name:cluster_deployment and current dag run status:running
[2025-02-10T09:18:38.963+0000] {taskinstance.py:731} INFO - ::endgroup::
[2025-02-10T09:18:38.964+0000] {baseoperator.py:421} WARNING - PythonVirtualenvOperator.execute cannot be called outside TaskInstance!
[2025-02-10T09:18:38.965+0000] {process_utils.py:186} INFO - Executing cmd: /home/***/.local/bin/python -m virtualenv /tmp/venv3k3ctbry --system-site-packages --python=python
[2025-02-10T09:18:38.966+0000] {process_utils.py:190} INFO - Output:
[2025-02-10T09:18:39.601+0000] {process_utils.py:194} INFO - created virtual environment CPython3.12.8.final.0-64 in 230ms
[2025-02-10T09:18:39.602+0000] {process_utils.py:194} INFO -   creator CPython3Posix(dest=/tmp/venv3k3ctbry, clear=False, no_vcs_ignore=False, global=True)
[2025-02-10T09:18:39.603+0000] {process_utils.py:194} INFO -   seeder FromAppData(download=False, pip=bundle, via=copy, app_data_dir=/home/***/.local/share/virtualenv)
[2025-02-10T09:18:39.604+0000] {process_utils.py:194} INFO -     added seed packages: pip==24.3.1
[2025-02-10T09:18:39.605+0000] {process_utils.py:194} INFO -   activators BashActivator,CShellActivator,FishActivator,NushellActivator,PowerShellActivator,PythonActivator
[2025-02-10T09:18:39.620+0000] {process_utils.py:186} INFO - Executing cmd: /tmp/venv3k3ctbry/bin/pip install -r /tmp/venv3k3ctbry/requirements.txt
[2025-02-10T09:18:39.622+0000] {process_utils.py:190} INFO - Output:
[2025-02-10T09:18:40.893+0000] {process_utils.py:194} INFO - Requirement already satisfied: pandas==2.1.4 in /home/***/.local/lib/python3.12/site-packages (from -r /tmp/venv3k3ctbry/requirements.txt (line 1)) (2.1.4)
[2025-02-10T09:18:40.898+0000] {process_utils.py:194} INFO - Requirement already satisfied: numpy<2,>=1.26.0 in /home/***/.local/lib/python3.12/site-packages (from pandas==2.1.4->-r /tmp/venv3k3ctbry/requirements.txt (line 1)) (1.26.4)
[2025-02-10T09:18:40.898+0000] {process_utils.py:194} INFO - Requirement already satisfied: python-dateutil>=2.8.2 in /home/***/.local/lib/python3.12/site-packages (from pandas==2.1.4->-r /tmp/venv3k3ctbry/requirements.txt (line 1)) (2.9.0.post0)
[2025-02-10T09:18:40.899+0000] {process_utils.py:194} INFO - Requirement already satisfied: pytz>=2020.1 in /home/***/.local/lib/python3.12/site-packages (from pandas==2.1.4->-r /tmp/venv3k3ctbry/requirements.txt (line 1)) (2024.2)
[2025-02-10T09:18:40.900+0000] {process_utils.py:194} INFO - Requirement already satisfied: tzdata>=2022.1 in /home/***/.local/lib/python3.12/site-packages (from pandas==2.1.4->-r /tmp/venv3k3ctbry/requirements.txt (line 1)) (2024.2)
[2025-02-10T09:18:40.901+0000] {process_utils.py:194} INFO - Requirement already satisfied: six>=1.5 in /home/***/.local/lib/python3.12/site-packages (from python-dateutil>=2.8.2->pandas==2.1.4->-r /tmp/venv3k3ctbry/requirements.txt (line 1)) (1.17.0)
[2025-02-10T09:18:41.354+0000] {process_utils.py:194} INFO - 
[2025-02-10T09:18:41.355+0000] {process_utils.py:194} INFO - [notice] A new release of pip is available: 24.3.1 -> 25.0.1
[2025-02-10T09:18:41.355+0000] {process_utils.py:194} INFO - [notice] To update, run: python -m pip install --upgrade pip
[2025-02-10T09:18:41.428+0000] {process_utils.py:186} INFO - Executing cmd: /tmp/venv3k3ctbry/bin/python /tmp/venv-calldgt7_x7d/script.py /tmp/venv-calldgt7_x7d/script.in /tmp/venv-calldgt7_x7d/script.out /tmp/venv-calldgt7_x7d/string_args.txt /tmp/venv-calldgt7_x7d/termination.log
[2025-02-10T09:18:41.430+0000] {process_utils.py:190} INFO - Output:
[2025-02-10T09:18:43.918+0000] {process_utils.py:194} INFO - [2025-02-10T09:18:43.913+0000] {script.py:30} INFO - Starting download stack...
[2025-02-10T09:18:53.934+0000] {process_utils.py:194} INFO - [2025-02-10T09:18:53.931+0000] {script.py:46} INFO - Writing download report to to: /opt/***/data/download_report_from_v1.0.0.json
[2025-02-10T09:18:53.947+0000] {process_utils.py:194} INFO - [2025-02-10T09:18:53.937+0000] {script.py:50} INFO - Download stack completed:
[2025-02-10T09:18:53.949+0000] {process_utils.py:194} INFO - Total size: 1200.0MB
[2025-02-10T09:18:53.950+0000] {process_utils.py:194} INFO - Total time: 240s
[2025-02-10T09:18:53.951+0000] {process_utils.py:194} INFO - Download speed: 5.0MB/s
[2025-02-10T09:18:54.471+0000] {python.py:240} INFO - Done. Returned value was: {'stacks': ['baseos', 'gi'], 'total_size_mb': 1200.0, 'total_time_seconds': 240, 'download_speed_mbs': 5.0, 'status': 'success', 'details': [{'stack': 'baseos', 'size_mb': 1000, 'status': 'completed', 'time': 180}, {'stack': 'gi', 'size_mb': 200, 'status': 'completed', 'time': 60}], 'timestamp': '2025-02-10T09:18:53.930550'}
[2025-02-10T09:18:54.512+0000] {taskinstance.py:340} INFO - ::group::Post task execution logs
[2025-02-10T09:18:54.513+0000] {taskinstance.py:352} INFO - Marking task as SUCCESS. dag_id=cluster_deployment, task_id=download_stack, run_id=manual__2025-02-10T09:18:23.744625+00:00, execution_date=20250210T091823, start_date=20250210T091838, end_date=20250210T091854
[2025-02-10T09:18:54.525+0000] {logging_mixin.py:190} INFO - Task instance in success state
[2025-02-10T09:18:54.525+0000] {logging_mixin.py:190} INFO -  Previous state of the Task instance: running
[2025-02-10T09:18:54.525+0000] {logging_mixin.py:190} INFO - Dag name:cluster_deployment queued_at:2025-02-10 09:18:23.797582+00:00
[2025-02-10T09:18:54.525+0000] {logging_mixin.py:190} INFO - Task hostname:1999c8c59930 operator:PythonVirtualenvOperator
[2025-02-10T09:18:54.585+0000] {local_task_job_runner.py:266} INFO - Task exited with return code 0
[2025-02-10T09:18:54.630+0000] {taskinstance.py:3895} INFO - 1 downstream tasks scheduled from follow-on schedule check
[2025-02-10T09:18:54.632+0000] {local_task_job_runner.py:245} INFO - ::endgroup::
