[2025-02-05T14:24:25.004+0000] {local_task_job_runner.py:123} INFO - ::group::Pre task execution logs
[2025-02-05T14:24:25.013+0000] {taskinstance.py:2613} INFO - Dependencies all met for dep_context=non-requeueable deps ti=<TaskInstance: external_signal_workflow.wait_for_signal manual__2025-02-05T14:24:01.997070+00:00 [queued]>
[2025-02-05T14:24:25.018+0000] {taskinstance.py:2613} INFO - Dependencies all met for dep_context=requeueable deps ti=<TaskInstance: external_signal_workflow.wait_for_signal manual__2025-02-05T14:24:01.997070+00:00 [queued]>
[2025-02-05T14:24:25.018+0000] {taskinstance.py:2866} INFO - Starting attempt 1 of 2
[2025-02-05T14:24:25.129+0000] {taskinstance.py:2889} INFO - Executing <Task(ExternalTaskSensor): wait_for_signal> on 2025-02-05 14:24:01.997070+00:00
[2025-02-05T14:24:25.137+0000] {warnings.py:112} WARNING - /home/***/.local/lib/python3.12/site-packages/***/task/task_runner/standard_task_runner.py:70: DeprecationWarning: This process (pid=2025) is multi-threaded, use of fork() may lead to deadlocks in the child.
  pid = os.fork()

[2025-02-05T14:24:25.139+0000] {standard_task_runner.py:72} INFO - Started process 2026 to run task
[2025-02-05T14:24:25.140+0000] {standard_task_runner.py:104} INFO - Running: ['***', 'tasks', 'run', 'external_signal_workflow', 'wait_for_signal', 'manual__2025-02-05T14:24:01.997070+00:00', '--job-id', '86', '--raw', '--subdir', 'DAGS_FOLDER/external_signal_workflow.py', '--cfg-path', '/tmp/tmpbebgp783']
[2025-02-05T14:24:25.141+0000] {standard_task_runner.py:105} INFO - Job 86: Subtask wait_for_signal
[2025-02-05T14:24:25.182+0000] {task_command.py:467} INFO - Running <TaskInstance: external_signal_workflow.wait_for_signal manual__2025-02-05T14:24:01.997070+00:00 [running]> on host ***-worker-2
[2025-02-05T14:24:25.244+0000] {taskinstance.py:3132} INFO - Exporting env vars: AIRFLOW_CTX_DAG_OWNER='***' AIRFLOW_CTX_DAG_ID='external_signal_workflow' AIRFLOW_CTX_TASK_ID='wait_for_signal' AIRFLOW_CTX_EXECUTION_DATE='2025-02-05T14:24:01.997070+00:00' AIRFLOW_CTX_TRY_NUMBER='1' AIRFLOW_CTX_DAG_RUN_ID='manual__2025-02-05T14:24:01.997070+00:00'
[2025-02-05T14:24:25.245+0000] {logging_mixin.py:190} INFO - Task instance is in running state
[2025-02-05T14:24:25.245+0000] {logging_mixin.py:190} INFO -  Previous state of the Task instance: queued
[2025-02-05T14:24:25.245+0000] {logging_mixin.py:190} INFO - Current task name:wait_for_signal state:running start_date:2025-02-05 14:24:25.014021+00:00
[2025-02-05T14:24:25.246+0000] {logging_mixin.py:190} INFO - Dag name:external_signal_workflow and current dag run status:running
[2025-02-05T14:24:25.246+0000] {taskinstance.py:731} INFO - ::endgroup::
[2025-02-05T14:24:25.246+0000] {baseoperator.py:421} WARNING - ExternalTaskSensor.execute cannot be called outside TaskInstance!
[2025-02-05T14:24:25.253+0000] {external_task.py:258} INFO - Poking for tasks ['send_signal'] in dag signal_dag on 2025-02-05T14:25:01.997070+00:00 ... 
[2025-02-05T14:24:25.254+0000] {warnings.py:112} WARNING - /home/***/.local/lib/python3.12/site-packages/***/utils/session.py:97: DeprecationWarning: This method is deprecated and will be removed in future.
  return func(*args, session=session, **kwargs)

[2025-02-05T14:24:25.270+0000] {taskinstance.py:309} INFO - Rescheduling task, marking task as UP_FOR_RESCHEDULE
[2025-02-05T14:24:25.271+0000] {taskinstance.py:340} INFO - ::group::Post task execution logs
[2025-02-05T14:24:25.316+0000] {local_task_job_runner.py:266} INFO - Task exited with return code 0
[2025-02-05T14:24:25.330+0000] {taskinstance.py:3895} INFO - 0 downstream tasks scheduled from follow-on schedule check
[2025-02-05T14:24:25.331+0000] {local_task_job_runner.py:245} INFO - ::endgroup::
[2025-02-05T14:25:26.997+0000] {local_task_job_runner.py:123} INFO - ::group::Pre task execution logs
[2025-02-05T14:25:27.013+0000] {taskinstance.py:2613} INFO - Dependencies all met for dep_context=non-requeueable deps ti=<TaskInstance: external_signal_workflow.wait_for_signal manual__2025-02-05T14:24:01.997070+00:00 [queued]>
[2025-02-05T14:25:27.018+0000] {taskinstance.py:2613} INFO - Dependencies all met for dep_context=requeueable deps ti=<TaskInstance: external_signal_workflow.wait_for_signal manual__2025-02-05T14:24:01.997070+00:00 [queued]>
[2025-02-05T14:25:27.019+0000] {taskinstance.py:2866} INFO - Starting attempt 1 of 2
[2025-02-05T14:25:27.144+0000] {taskinstance.py:2889} INFO - Executing <Task(ExternalTaskSensor): wait_for_signal> on 2025-02-05 14:24:01.997070+00:00
[2025-02-05T14:25:27.152+0000] {warnings.py:112} WARNING - /home/***/.local/lib/python3.12/site-packages/***/task/task_runner/standard_task_runner.py:70: DeprecationWarning: This process (pid=2045) is multi-threaded, use of fork() may lead to deadlocks in the child.
  pid = os.fork()

[2025-02-05T14:25:27.155+0000] {standard_task_runner.py:72} INFO - Started process 2046 to run task
[2025-02-05T14:25:27.156+0000] {standard_task_runner.py:104} INFO - Running: ['***', 'tasks', 'run', 'external_signal_workflow', 'wait_for_signal', 'manual__2025-02-05T14:24:01.997070+00:00', '--job-id', '88', '--raw', '--subdir', 'DAGS_FOLDER/external_signal_workflow.py', '--cfg-path', '/tmp/tmpdn7g51gj']
[2025-02-05T14:25:27.157+0000] {standard_task_runner.py:105} INFO - Job 88: Subtask wait_for_signal
[2025-02-05T14:25:27.194+0000] {task_command.py:467} INFO - Running <TaskInstance: external_signal_workflow.wait_for_signal manual__2025-02-05T14:24:01.997070+00:00 [running]> on host ***-worker-2
[2025-02-05T14:25:27.266+0000] {taskinstance.py:3132} INFO - Exporting env vars: AIRFLOW_CTX_DAG_OWNER='***' AIRFLOW_CTX_DAG_ID='external_signal_workflow' AIRFLOW_CTX_TASK_ID='wait_for_signal' AIRFLOW_CTX_EXECUTION_DATE='2025-02-05T14:24:01.997070+00:00' AIRFLOW_CTX_TRY_NUMBER='1' AIRFLOW_CTX_DAG_RUN_ID='manual__2025-02-05T14:24:01.997070+00:00'
[2025-02-05T14:25:27.270+0000] {logging_mixin.py:190} INFO - Task instance is in running state
[2025-02-05T14:25:27.271+0000] {logging_mixin.py:190} INFO -  Previous state of the Task instance: queued
[2025-02-05T14:25:27.272+0000] {logging_mixin.py:190} INFO - Current task name:wait_for_signal state:running start_date:2025-02-05 14:25:27.013437+00:00
[2025-02-05T14:25:27.272+0000] {logging_mixin.py:190} INFO - Dag name:external_signal_workflow and current dag run status:running
[2025-02-05T14:25:27.273+0000] {taskinstance.py:731} INFO - ::endgroup::
[2025-02-05T14:25:27.275+0000] {baseoperator.py:421} WARNING - ExternalTaskSensor.execute cannot be called outside TaskInstance!
[2025-02-05T14:25:27.289+0000] {external_task.py:258} INFO - Poking for tasks ['send_signal'] in dag signal_dag on 2025-02-05T14:25:01.997070+00:00 ... 
[2025-02-05T14:25:27.290+0000] {warnings.py:112} WARNING - /home/***/.local/lib/python3.12/site-packages/***/utils/session.py:97: DeprecationWarning: This method is deprecated and will be removed in future.
  return func(*args, session=session, **kwargs)

[2025-02-05T14:25:27.314+0000] {taskinstance.py:309} INFO - Rescheduling task, marking task as UP_FOR_RESCHEDULE
[2025-02-05T14:25:27.316+0000] {taskinstance.py:340} INFO - ::group::Post task execution logs
[2025-02-05T14:25:27.333+0000] {local_task_job_runner.py:266} INFO - Task exited with return code 0
[2025-02-05T14:25:27.362+0000] {taskinstance.py:3895} INFO - 0 downstream tasks scheduled from follow-on schedule check
[2025-02-05T14:25:27.364+0000] {local_task_job_runner.py:245} INFO - ::endgroup::
[2025-02-05T14:26:29.531+0000] {local_task_job_runner.py:123} INFO - ::group::Pre task execution logs
[2025-02-05T14:26:29.544+0000] {taskinstance.py:2613} INFO - Dependencies all met for dep_context=non-requeueable deps ti=<TaskInstance: external_signal_workflow.wait_for_signal manual__2025-02-05T14:24:01.997070+00:00 [queued]>
[2025-02-05T14:26:29.552+0000] {taskinstance.py:2613} INFO - Dependencies all met for dep_context=requeueable deps ti=<TaskInstance: external_signal_workflow.wait_for_signal manual__2025-02-05T14:24:01.997070+00:00 [queued]>
[2025-02-05T14:26:29.553+0000] {taskinstance.py:2866} INFO - Starting attempt 1 of 2
[2025-02-05T14:26:29.667+0000] {taskinstance.py:2889} INFO - Executing <Task(ExternalTaskSensor): wait_for_signal> on 2025-02-05 14:24:01.997070+00:00
[2025-02-05T14:26:29.673+0000] {warnings.py:112} WARNING - /home/***/.local/lib/python3.12/site-packages/***/task/task_runner/standard_task_runner.py:70: DeprecationWarning: This process (pid=2062) is multi-threaded, use of fork() may lead to deadlocks in the child.
  pid = os.fork()

[2025-02-05T14:26:29.676+0000] {standard_task_runner.py:72} INFO - Started process 2063 to run task
[2025-02-05T14:26:29.682+0000] {standard_task_runner.py:104} INFO - Running: ['***', 'tasks', 'run', 'external_signal_workflow', 'wait_for_signal', 'manual__2025-02-05T14:24:01.997070+00:00', '--job-id', '89', '--raw', '--subdir', 'DAGS_FOLDER/external_signal_workflow.py', '--cfg-path', '/tmp/tmpvitqktxz']
[2025-02-05T14:26:29.683+0000] {standard_task_runner.py:105} INFO - Job 89: Subtask wait_for_signal
[2025-02-05T14:26:29.740+0000] {task_command.py:467} INFO - Running <TaskInstance: external_signal_workflow.wait_for_signal manual__2025-02-05T14:24:01.997070+00:00 [running]> on host ***-worker-2
[2025-02-05T14:26:29.808+0000] {taskinstance.py:3132} INFO - Exporting env vars: AIRFLOW_CTX_DAG_OWNER='***' AIRFLOW_CTX_DAG_ID='external_signal_workflow' AIRFLOW_CTX_TASK_ID='wait_for_signal' AIRFLOW_CTX_EXECUTION_DATE='2025-02-05T14:24:01.997070+00:00' AIRFLOW_CTX_TRY_NUMBER='1' AIRFLOW_CTX_DAG_RUN_ID='manual__2025-02-05T14:24:01.997070+00:00'
[2025-02-05T14:26:29.810+0000] {logging_mixin.py:190} INFO - Task instance is in running state
[2025-02-05T14:26:29.810+0000] {logging_mixin.py:190} INFO -  Previous state of the Task instance: queued
[2025-02-05T14:26:29.811+0000] {logging_mixin.py:190} INFO - Current task name:wait_for_signal state:running start_date:2025-02-05 14:26:29.544773+00:00
[2025-02-05T14:26:29.812+0000] {logging_mixin.py:190} INFO - Dag name:external_signal_workflow and current dag run status:running
[2025-02-05T14:26:29.813+0000] {taskinstance.py:731} INFO - ::endgroup::
[2025-02-05T14:26:29.814+0000] {baseoperator.py:421} WARNING - ExternalTaskSensor.execute cannot be called outside TaskInstance!
[2025-02-05T14:26:29.826+0000] {external_task.py:258} INFO - Poking for tasks ['send_signal'] in dag signal_dag on 2025-02-05T14:25:01.997070+00:00 ... 
[2025-02-05T14:26:29.828+0000] {warnings.py:112} WARNING - /home/***/.local/lib/python3.12/site-packages/***/utils/session.py:97: DeprecationWarning: This method is deprecated and will be removed in future.
  return func(*args, session=session, **kwargs)

[2025-02-05T14:26:29.847+0000] {taskinstance.py:309} INFO - Rescheduling task, marking task as UP_FOR_RESCHEDULE
[2025-02-05T14:26:29.847+0000] {taskinstance.py:340} INFO - ::group::Post task execution logs
[2025-02-05T14:26:29.856+0000] {local_task_job_runner.py:266} INFO - Task exited with return code 0
[2025-02-05T14:26:29.874+0000] {taskinstance.py:3895} INFO - 0 downstream tasks scheduled from follow-on schedule check
[2025-02-05T14:26:29.875+0000] {local_task_job_runner.py:245} INFO - ::endgroup::
[2025-02-05T14:27:31.780+0000] {local_task_job_runner.py:123} INFO - ::group::Pre task execution logs
[2025-02-05T14:27:31.791+0000] {taskinstance.py:2613} INFO - Dependencies all met for dep_context=non-requeueable deps ti=<TaskInstance: external_signal_workflow.wait_for_signal manual__2025-02-05T14:24:01.997070+00:00 [queued]>
[2025-02-05T14:27:31.800+0000] {taskinstance.py:2613} INFO - Dependencies all met for dep_context=requeueable deps ti=<TaskInstance: external_signal_workflow.wait_for_signal manual__2025-02-05T14:24:01.997070+00:00 [queued]>
[2025-02-05T14:27:31.802+0000] {taskinstance.py:2866} INFO - Starting attempt 1 of 2
[2025-02-05T14:27:31.943+0000] {taskinstance.py:2889} INFO - Executing <Task(ExternalTaskSensor): wait_for_signal> on 2025-02-05 14:24:01.997070+00:00
[2025-02-05T14:27:31.950+0000] {warnings.py:112} WARNING - /home/***/.local/lib/python3.12/site-packages/***/task/task_runner/standard_task_runner.py:70: DeprecationWarning: This process (pid=2078) is multi-threaded, use of fork() may lead to deadlocks in the child.
  pid = os.fork()

[2025-02-05T14:27:31.952+0000] {standard_task_runner.py:72} INFO - Started process 2079 to run task
[2025-02-05T14:27:31.952+0000] {standard_task_runner.py:104} INFO - Running: ['***', 'tasks', 'run', 'external_signal_workflow', 'wait_for_signal', 'manual__2025-02-05T14:24:01.997070+00:00', '--job-id', '90', '--raw', '--subdir', 'DAGS_FOLDER/external_signal_workflow.py', '--cfg-path', '/tmp/tmp29tejhr7']
[2025-02-05T14:27:31.953+0000] {standard_task_runner.py:105} INFO - Job 90: Subtask wait_for_signal
[2025-02-05T14:27:31.991+0000] {task_command.py:467} INFO - Running <TaskInstance: external_signal_workflow.wait_for_signal manual__2025-02-05T14:24:01.997070+00:00 [running]> on host ***-worker-2
[2025-02-05T14:27:32.040+0000] {taskinstance.py:3132} INFO - Exporting env vars: AIRFLOW_CTX_DAG_OWNER='***' AIRFLOW_CTX_DAG_ID='external_signal_workflow' AIRFLOW_CTX_TASK_ID='wait_for_signal' AIRFLOW_CTX_EXECUTION_DATE='2025-02-05T14:24:01.997070+00:00' AIRFLOW_CTX_TRY_NUMBER='1' AIRFLOW_CTX_DAG_RUN_ID='manual__2025-02-05T14:24:01.997070+00:00'
[2025-02-05T14:27:32.041+0000] {logging_mixin.py:190} INFO - Task instance is in running state
[2025-02-05T14:27:32.041+0000] {logging_mixin.py:190} INFO -  Previous state of the Task instance: queued
[2025-02-05T14:27:32.041+0000] {logging_mixin.py:190} INFO - Current task name:wait_for_signal state:running start_date:2025-02-05 14:27:31.792332+00:00
[2025-02-05T14:27:32.042+0000] {logging_mixin.py:190} INFO - Dag name:external_signal_workflow and current dag run status:running
[2025-02-05T14:27:32.042+0000] {taskinstance.py:731} INFO - ::endgroup::
[2025-02-05T14:27:32.042+0000] {baseoperator.py:421} WARNING - ExternalTaskSensor.execute cannot be called outside TaskInstance!
[2025-02-05T14:27:32.052+0000] {external_task.py:258} INFO - Poking for tasks ['send_signal'] in dag signal_dag on 2025-02-05T14:25:01.997070+00:00 ... 
[2025-02-05T14:27:32.054+0000] {warnings.py:112} WARNING - /home/***/.local/lib/python3.12/site-packages/***/utils/session.py:97: DeprecationWarning: This method is deprecated and will be removed in future.
  return func(*args, session=session, **kwargs)

[2025-02-05T14:27:32.081+0000] {taskinstance.py:309} INFO - Rescheduling task, marking task as UP_FOR_RESCHEDULE
[2025-02-05T14:27:32.082+0000] {taskinstance.py:340} INFO - ::group::Post task execution logs
[2025-02-05T14:27:32.127+0000] {local_task_job_runner.py:266} INFO - Task exited with return code 0
[2025-02-05T14:27:32.143+0000] {taskinstance.py:3895} INFO - 0 downstream tasks scheduled from follow-on schedule check
[2025-02-05T14:27:32.145+0000] {local_task_job_runner.py:245} INFO - ::endgroup::
[2025-02-05T14:28:37.905+0000] {local_task_job_runner.py:123} INFO - ::group::Pre task execution logs
[2025-02-05T14:28:37.916+0000] {taskinstance.py:2613} INFO - Dependencies all met for dep_context=non-requeueable deps ti=<TaskInstance: external_signal_workflow.wait_for_signal manual__2025-02-05T14:24:01.997070+00:00 [queued]>
[2025-02-05T14:28:37.922+0000] {taskinstance.py:2613} INFO - Dependencies all met for dep_context=requeueable deps ti=<TaskInstance: external_signal_workflow.wait_for_signal manual__2025-02-05T14:24:01.997070+00:00 [queued]>
[2025-02-05T14:28:37.923+0000] {taskinstance.py:2866} INFO - Starting attempt 1 of 2
[2025-02-05T14:28:38.093+0000] {taskinstance.py:2889} INFO - Executing <Task(ExternalTaskSensor): wait_for_signal> on 2025-02-05 14:24:01.997070+00:00
[2025-02-05T14:28:38.099+0000] {warnings.py:112} WARNING - /home/***/.local/lib/python3.12/site-packages/***/task/task_runner/standard_task_runner.py:70: DeprecationWarning: This process (pid=2045) is multi-threaded, use of fork() may lead to deadlocks in the child.
  pid = os.fork()

[2025-02-05T14:28:38.111+0000] {standard_task_runner.py:72} INFO - Started process 2046 to run task
[2025-02-05T14:28:38.100+0000] {standard_task_runner.py:104} INFO - Running: ['***', 'tasks', 'run', 'external_signal_workflow', 'wait_for_signal', 'manual__2025-02-05T14:24:01.997070+00:00', '--job-id', '91', '--raw', '--subdir', 'DAGS_FOLDER/external_signal_workflow.py', '--cfg-path', '/tmp/tmpdy5hr9mj']
[2025-02-05T14:28:38.116+0000] {standard_task_runner.py:105} INFO - Job 91: Subtask wait_for_signal
[2025-02-05T14:28:38.164+0000] {task_command.py:467} INFO - Running <TaskInstance: external_signal_workflow.wait_for_signal manual__2025-02-05T14:24:01.997070+00:00 [running]> on host ***-worker-1
[2025-02-05T14:28:38.264+0000] {taskinstance.py:3132} INFO - Exporting env vars: AIRFLOW_CTX_DAG_OWNER='***' AIRFLOW_CTX_DAG_ID='external_signal_workflow' AIRFLOW_CTX_TASK_ID='wait_for_signal' AIRFLOW_CTX_EXECUTION_DATE='2025-02-05T14:24:01.997070+00:00' AIRFLOW_CTX_TRY_NUMBER='1' AIRFLOW_CTX_DAG_RUN_ID='manual__2025-02-05T14:24:01.997070+00:00'
[2025-02-05T14:28:38.265+0000] {logging_mixin.py:190} INFO - Task instance is in running state
[2025-02-05T14:28:38.266+0000] {logging_mixin.py:190} INFO -  Previous state of the Task instance: queued
[2025-02-05T14:28:38.266+0000] {logging_mixin.py:190} INFO - Current task name:wait_for_signal state:running start_date:2025-02-05 14:28:37.917042+00:00
[2025-02-05T14:28:38.268+0000] {logging_mixin.py:190} INFO - Dag name:external_signal_workflow and current dag run status:running
[2025-02-05T14:28:38.268+0000] {taskinstance.py:731} INFO - ::endgroup::
[2025-02-05T14:28:38.269+0000] {baseoperator.py:421} WARNING - ExternalTaskSensor.execute cannot be called outside TaskInstance!
[2025-02-05T14:28:38.289+0000] {external_task.py:258} INFO - Poking for tasks ['send_signal'] in dag signal_dag on 2025-02-05T14:25:01.997070+00:00 ... 
[2025-02-05T14:28:38.290+0000] {warnings.py:112} WARNING - /home/***/.local/lib/python3.12/site-packages/***/utils/session.py:97: DeprecationWarning: This method is deprecated and will be removed in future.
  return func(*args, session=session, **kwargs)

[2025-02-05T14:28:38.325+0000] {taskinstance.py:309} INFO - Rescheduling task, marking task as UP_FOR_RESCHEDULE
[2025-02-05T14:28:38.326+0000] {taskinstance.py:340} INFO - ::group::Post task execution logs
[2025-02-05T14:28:38.333+0000] {local_task_job_runner.py:266} INFO - Task exited with return code 0
[2025-02-05T14:28:38.365+0000] {taskinstance.py:3895} INFO - 0 downstream tasks scheduled from follow-on schedule check
[2025-02-05T14:28:38.367+0000] {local_task_job_runner.py:245} INFO - ::endgroup::
[2025-02-05T14:29:41.748+0000] {local_task_job_runner.py:123} INFO - ::group::Pre task execution logs
[2025-02-05T14:29:41.761+0000] {taskinstance.py:2613} INFO - Dependencies all met for dep_context=non-requeueable deps ti=<TaskInstance: external_signal_workflow.wait_for_signal manual__2025-02-05T14:24:01.997070+00:00 [queued]>
[2025-02-05T14:29:41.766+0000] {taskinstance.py:2613} INFO - Dependencies all met for dep_context=requeueable deps ti=<TaskInstance: external_signal_workflow.wait_for_signal manual__2025-02-05T14:24:01.997070+00:00 [queued]>
[2025-02-05T14:29:41.766+0000] {taskinstance.py:2866} INFO - Starting attempt 1 of 2
[2025-02-05T14:29:41.912+0000] {taskinstance.py:2889} INFO - Executing <Task(ExternalTaskSensor): wait_for_signal> on 2025-02-05 14:24:01.997070+00:00
[2025-02-05T14:29:41.928+0000] {warnings.py:112} WARNING - /home/***/.local/lib/python3.12/site-packages/***/task/task_runner/standard_task_runner.py:70: DeprecationWarning: This process (pid=2055) is multi-threaded, use of fork() may lead to deadlocks in the child.
  pid = os.fork()

[2025-02-05T14:29:41.934+0000] {standard_task_runner.py:72} INFO - Started process 2063 to run task
[2025-02-05T14:29:41.933+0000] {standard_task_runner.py:104} INFO - Running: ['***', 'tasks', 'run', 'external_signal_workflow', 'wait_for_signal', 'manual__2025-02-05T14:24:01.997070+00:00', '--job-id', '92', '--raw', '--subdir', 'DAGS_FOLDER/external_signal_workflow.py', '--cfg-path', '/tmp/tmprv3kwfxl']
[2025-02-05T14:29:41.937+0000] {standard_task_runner.py:105} INFO - Job 92: Subtask wait_for_signal
[2025-02-05T14:29:41.997+0000] {task_command.py:467} INFO - Running <TaskInstance: external_signal_workflow.wait_for_signal manual__2025-02-05T14:24:01.997070+00:00 [running]> on host ***-worker-1
[2025-02-05T14:29:42.098+0000] {taskinstance.py:3132} INFO - Exporting env vars: AIRFLOW_CTX_DAG_OWNER='***' AIRFLOW_CTX_DAG_ID='external_signal_workflow' AIRFLOW_CTX_TASK_ID='wait_for_signal' AIRFLOW_CTX_EXECUTION_DATE='2025-02-05T14:24:01.997070+00:00' AIRFLOW_CTX_TRY_NUMBER='1' AIRFLOW_CTX_DAG_RUN_ID='manual__2025-02-05T14:24:01.997070+00:00'
[2025-02-05T14:29:42.100+0000] {logging_mixin.py:190} INFO - Task instance is in running state
[2025-02-05T14:29:42.102+0000] {logging_mixin.py:190} INFO -  Previous state of the Task instance: queued
[2025-02-05T14:29:42.103+0000] {logging_mixin.py:190} INFO - Current task name:wait_for_signal state:running start_date:2025-02-05 14:29:41.761728+00:00
[2025-02-05T14:29:42.103+0000] {logging_mixin.py:190} INFO - Dag name:external_signal_workflow and current dag run status:running
[2025-02-05T14:29:42.104+0000] {taskinstance.py:731} INFO - ::endgroup::
[2025-02-05T14:29:42.105+0000] {baseoperator.py:421} WARNING - ExternalTaskSensor.execute cannot be called outside TaskInstance!
[2025-02-05T14:29:42.120+0000] {external_task.py:258} INFO - Poking for tasks ['send_signal'] in dag signal_dag on 2025-02-05T14:25:01.997070+00:00 ... 
[2025-02-05T14:29:42.122+0000] {warnings.py:112} WARNING - /home/***/.local/lib/python3.12/site-packages/***/utils/session.py:97: DeprecationWarning: This method is deprecated and will be removed in future.
  return func(*args, session=session, **kwargs)

[2025-02-05T14:29:42.168+0000] {taskinstance.py:309} INFO - Rescheduling task, marking task as UP_FOR_RESCHEDULE
[2025-02-05T14:29:42.171+0000] {taskinstance.py:340} INFO - ::group::Post task execution logs
[2025-02-05T14:29:42.200+0000] {local_task_job_runner.py:266} INFO - Task exited with return code 0
[2025-02-05T14:29:42.259+0000] {taskinstance.py:3895} INFO - 0 downstream tasks scheduled from follow-on schedule check
[2025-02-05T14:29:42.262+0000] {local_task_job_runner.py:245} INFO - ::endgroup::
[2025-02-05T14:30:44.421+0000] {local_task_job_runner.py:123} INFO - ::group::Pre task execution logs
[2025-02-05T14:30:44.431+0000] {taskinstance.py:2613} INFO - Dependencies all met for dep_context=non-requeueable deps ti=<TaskInstance: external_signal_workflow.wait_for_signal manual__2025-02-05T14:24:01.997070+00:00 [queued]>
[2025-02-05T14:30:44.436+0000] {taskinstance.py:2613} INFO - Dependencies all met for dep_context=requeueable deps ti=<TaskInstance: external_signal_workflow.wait_for_signal manual__2025-02-05T14:24:01.997070+00:00 [queued]>
[2025-02-05T14:30:44.436+0000] {taskinstance.py:2866} INFO - Starting attempt 1 of 2
[2025-02-05T14:30:44.574+0000] {taskinstance.py:2889} INFO - Executing <Task(ExternalTaskSensor): wait_for_signal> on 2025-02-05 14:24:01.997070+00:00
[2025-02-05T14:30:44.580+0000] {warnings.py:112} WARNING - /home/***/.local/lib/python3.12/site-packages/***/task/task_runner/standard_task_runner.py:70: DeprecationWarning: This process (pid=2116) is multi-threaded, use of fork() may lead to deadlocks in the child.
  pid = os.fork()

[2025-02-05T14:30:44.581+0000] {standard_task_runner.py:72} INFO - Started process 2117 to run task
[2025-02-05T14:30:44.582+0000] {standard_task_runner.py:104} INFO - Running: ['***', 'tasks', 'run', 'external_signal_workflow', 'wait_for_signal', 'manual__2025-02-05T14:24:01.997070+00:00', '--job-id', '93', '--raw', '--subdir', 'DAGS_FOLDER/external_signal_workflow.py', '--cfg-path', '/tmp/tmphf57txb7']
[2025-02-05T14:30:44.583+0000] {standard_task_runner.py:105} INFO - Job 93: Subtask wait_for_signal
[2025-02-05T14:30:44.618+0000] {task_command.py:467} INFO - Running <TaskInstance: external_signal_workflow.wait_for_signal manual__2025-02-05T14:24:01.997070+00:00 [running]> on host ***-worker-2
[2025-02-05T14:30:44.688+0000] {taskinstance.py:3132} INFO - Exporting env vars: AIRFLOW_CTX_DAG_OWNER='***' AIRFLOW_CTX_DAG_ID='external_signal_workflow' AIRFLOW_CTX_TASK_ID='wait_for_signal' AIRFLOW_CTX_EXECUTION_DATE='2025-02-05T14:24:01.997070+00:00' AIRFLOW_CTX_TRY_NUMBER='1' AIRFLOW_CTX_DAG_RUN_ID='manual__2025-02-05T14:24:01.997070+00:00'
[2025-02-05T14:30:44.689+0000] {logging_mixin.py:190} INFO - Task instance is in running state
[2025-02-05T14:30:44.689+0000] {logging_mixin.py:190} INFO -  Previous state of the Task instance: queued
[2025-02-05T14:30:44.690+0000] {logging_mixin.py:190} INFO - Current task name:wait_for_signal state:running start_date:2025-02-05 14:30:44.431975+00:00
[2025-02-05T14:30:44.690+0000] {logging_mixin.py:190} INFO - Dag name:external_signal_workflow and current dag run status:running
[2025-02-05T14:30:44.690+0000] {taskinstance.py:731} INFO - ::endgroup::
[2025-02-05T14:30:44.690+0000] {baseoperator.py:421} WARNING - ExternalTaskSensor.execute cannot be called outside TaskInstance!
[2025-02-05T14:30:44.702+0000] {external_task.py:258} INFO - Poking for tasks ['send_signal'] in dag signal_dag on 2025-02-05T14:25:01.997070+00:00 ... 
[2025-02-05T14:30:44.702+0000] {warnings.py:112} WARNING - /home/***/.local/lib/python3.12/site-packages/***/utils/session.py:97: DeprecationWarning: This method is deprecated and will be removed in future.
  return func(*args, session=session, **kwargs)

[2025-02-05T14:30:44.724+0000] {taskinstance.py:309} INFO - Rescheduling task, marking task as UP_FOR_RESCHEDULE
[2025-02-05T14:30:44.725+0000] {taskinstance.py:340} INFO - ::group::Post task execution logs
[2025-02-05T14:30:44.760+0000] {local_task_job_runner.py:266} INFO - Task exited with return code 0
[2025-02-05T14:30:44.778+0000] {taskinstance.py:3895} INFO - 0 downstream tasks scheduled from follow-on schedule check
[2025-02-05T14:30:44.780+0000] {local_task_job_runner.py:245} INFO - ::endgroup::
[2025-02-05T14:31:46.681+0000] {local_task_job_runner.py:123} INFO - ::group::Pre task execution logs
[2025-02-05T14:31:46.697+0000] {taskinstance.py:2613} INFO - Dependencies all met for dep_context=non-requeueable deps ti=<TaskInstance: external_signal_workflow.wait_for_signal manual__2025-02-05T14:24:01.997070+00:00 [queued]>
[2025-02-05T14:31:46.709+0000] {taskinstance.py:2613} INFO - Dependencies all met for dep_context=requeueable deps ti=<TaskInstance: external_signal_workflow.wait_for_signal manual__2025-02-05T14:24:01.997070+00:00 [queued]>
[2025-02-05T14:31:46.709+0000] {taskinstance.py:2866} INFO - Starting attempt 1 of 2
[2025-02-05T14:31:46.840+0000] {taskinstance.py:2889} INFO - Executing <Task(ExternalTaskSensor): wait_for_signal> on 2025-02-05 14:24:01.997070+00:00
[2025-02-05T14:31:46.852+0000] {warnings.py:112} WARNING - /home/***/.local/lib/python3.12/site-packages/***/task/task_runner/standard_task_runner.py:70: DeprecationWarning: This process (pid=2112) is multi-threaded, use of fork() may lead to deadlocks in the child.
  pid = os.fork()

[2025-02-05T14:31:46.852+0000] {standard_task_runner.py:104} INFO - Running: ['***', 'tasks', 'run', 'external_signal_workflow', 'wait_for_signal', 'manual__2025-02-05T14:24:01.997070+00:00', '--job-id', '94', '--raw', '--subdir', 'DAGS_FOLDER/external_signal_workflow.py', '--cfg-path', '/tmp/tmpi_tgczl1']
[2025-02-05T14:31:46.854+0000] {standard_task_runner.py:105} INFO - Job 94: Subtask wait_for_signal
[2025-02-05T14:31:46.854+0000] {standard_task_runner.py:72} INFO - Started process 2113 to run task
[2025-02-05T14:31:46.926+0000] {task_command.py:467} INFO - Running <TaskInstance: external_signal_workflow.wait_for_signal manual__2025-02-05T14:24:01.997070+00:00 [running]> on host ***-worker-3
[2025-02-05T14:31:47.011+0000] {taskinstance.py:3132} INFO - Exporting env vars: AIRFLOW_CTX_DAG_OWNER='***' AIRFLOW_CTX_DAG_ID='external_signal_workflow' AIRFLOW_CTX_TASK_ID='wait_for_signal' AIRFLOW_CTX_EXECUTION_DATE='2025-02-05T14:24:01.997070+00:00' AIRFLOW_CTX_TRY_NUMBER='1' AIRFLOW_CTX_DAG_RUN_ID='manual__2025-02-05T14:24:01.997070+00:00'
[2025-02-05T14:31:47.012+0000] {logging_mixin.py:190} INFO - Task instance is in running state
[2025-02-05T14:31:47.012+0000] {logging_mixin.py:190} INFO -  Previous state of the Task instance: queued
[2025-02-05T14:31:47.013+0000] {logging_mixin.py:190} INFO - Current task name:wait_for_signal state:running start_date:2025-02-05 14:31:46.697601+00:00
[2025-02-05T14:31:47.013+0000] {logging_mixin.py:190} INFO - Dag name:external_signal_workflow and current dag run status:running
[2025-02-05T14:31:47.013+0000] {taskinstance.py:731} INFO - ::endgroup::
[2025-02-05T14:31:47.014+0000] {baseoperator.py:421} WARNING - ExternalTaskSensor.execute cannot be called outside TaskInstance!
[2025-02-05T14:31:47.031+0000] {external_task.py:258} INFO - Poking for tasks ['send_signal'] in dag signal_dag on 2025-02-05T14:25:01.997070+00:00 ... 
[2025-02-05T14:31:47.032+0000] {warnings.py:112} WARNING - /home/***/.local/lib/python3.12/site-packages/***/utils/session.py:97: DeprecationWarning: This method is deprecated and will be removed in future.
  return func(*args, session=session, **kwargs)

[2025-02-05T14:31:47.060+0000] {taskinstance.py:309} INFO - Rescheduling task, marking task as UP_FOR_RESCHEDULE
[2025-02-05T14:31:47.061+0000] {taskinstance.py:340} INFO - ::group::Post task execution logs
[2025-02-05T14:31:47.075+0000] {local_task_job_runner.py:266} INFO - Task exited with return code 0
[2025-02-05T14:31:47.091+0000] {taskinstance.py:3895} INFO - 0 downstream tasks scheduled from follow-on schedule check
[2025-02-05T14:31:47.093+0000] {local_task_job_runner.py:245} INFO - ::endgroup::
[2025-02-05T14:32:48.903+0000] {local_task_job_runner.py:123} INFO - ::group::Pre task execution logs
[2025-02-05T14:32:48.911+0000] {taskinstance.py:2613} INFO - Dependencies all met for dep_context=non-requeueable deps ti=<TaskInstance: external_signal_workflow.wait_for_signal manual__2025-02-05T14:24:01.997070+00:00 [queued]>
[2025-02-05T14:32:48.915+0000] {taskinstance.py:2613} INFO - Dependencies all met for dep_context=requeueable deps ti=<TaskInstance: external_signal_workflow.wait_for_signal manual__2025-02-05T14:24:01.997070+00:00 [queued]>
[2025-02-05T14:32:48.915+0000] {taskinstance.py:2866} INFO - Starting attempt 1 of 2
[2025-02-05T14:32:49.014+0000] {taskinstance.py:2889} INFO - Executing <Task(ExternalTaskSensor): wait_for_signal> on 2025-02-05 14:24:01.997070+00:00
[2025-02-05T14:32:49.023+0000] {warnings.py:112} WARNING - /home/***/.local/lib/python3.12/site-packages/***/task/task_runner/standard_task_runner.py:70: DeprecationWarning: This process (pid=2147) is multi-threaded, use of fork() may lead to deadlocks in the child.
  pid = os.fork()

[2025-02-05T14:32:49.026+0000] {standard_task_runner.py:72} INFO - Started process 2148 to run task
[2025-02-05T14:32:49.026+0000] {standard_task_runner.py:104} INFO - Running: ['***', 'tasks', 'run', 'external_signal_workflow', 'wait_for_signal', 'manual__2025-02-05T14:24:01.997070+00:00', '--job-id', '95', '--raw', '--subdir', 'DAGS_FOLDER/external_signal_workflow.py', '--cfg-path', '/tmp/tmpslq8aqbj']
[2025-02-05T14:32:49.027+0000] {standard_task_runner.py:105} INFO - Job 95: Subtask wait_for_signal
[2025-02-05T14:32:49.063+0000] {task_command.py:467} INFO - Running <TaskInstance: external_signal_workflow.wait_for_signal manual__2025-02-05T14:24:01.997070+00:00 [running]> on host ***-worker-2
[2025-02-05T14:32:49.127+0000] {taskinstance.py:3132} INFO - Exporting env vars: AIRFLOW_CTX_DAG_OWNER='***' AIRFLOW_CTX_DAG_ID='external_signal_workflow' AIRFLOW_CTX_TASK_ID='wait_for_signal' AIRFLOW_CTX_EXECUTION_DATE='2025-02-05T14:24:01.997070+00:00' AIRFLOW_CTX_TRY_NUMBER='1' AIRFLOW_CTX_DAG_RUN_ID='manual__2025-02-05T14:24:01.997070+00:00'
[2025-02-05T14:32:49.128+0000] {logging_mixin.py:190} INFO - Task instance is in running state
[2025-02-05T14:32:49.129+0000] {logging_mixin.py:190} INFO -  Previous state of the Task instance: queued
[2025-02-05T14:32:49.129+0000] {logging_mixin.py:190} INFO - Current task name:wait_for_signal state:running start_date:2025-02-05 14:32:48.912227+00:00
[2025-02-05T14:32:49.129+0000] {logging_mixin.py:190} INFO - Dag name:external_signal_workflow and current dag run status:running
[2025-02-05T14:32:49.129+0000] {taskinstance.py:731} INFO - ::endgroup::
[2025-02-05T14:32:49.130+0000] {baseoperator.py:421} WARNING - ExternalTaskSensor.execute cannot be called outside TaskInstance!
[2025-02-05T14:32:49.139+0000] {external_task.py:258} INFO - Poking for tasks ['send_signal'] in dag signal_dag on 2025-02-05T14:25:01.997070+00:00 ... 
[2025-02-05T14:32:49.140+0000] {warnings.py:112} WARNING - /home/***/.local/lib/python3.12/site-packages/***/utils/session.py:97: DeprecationWarning: This method is deprecated and will be removed in future.
  return func(*args, session=session, **kwargs)

[2025-02-05T14:32:49.170+0000] {taskinstance.py:309} INFO - Rescheduling task, marking task as UP_FOR_RESCHEDULE
[2025-02-05T14:32:49.171+0000] {taskinstance.py:340} INFO - ::group::Post task execution logs
[2025-02-05T14:32:49.201+0000] {local_task_job_runner.py:266} INFO - Task exited with return code 0
[2025-02-05T14:32:49.247+0000] {taskinstance.py:3895} INFO - 0 downstream tasks scheduled from follow-on schedule check
[2025-02-05T14:32:49.249+0000] {local_task_job_runner.py:245} INFO - ::endgroup::
[2025-02-05T14:33:51.402+0000] {local_task_job_runner.py:123} INFO - ::group::Pre task execution logs
[2025-02-05T14:33:51.409+0000] {taskinstance.py:2613} INFO - Dependencies all met for dep_context=non-requeueable deps ti=<TaskInstance: external_signal_workflow.wait_for_signal manual__2025-02-05T14:24:01.997070+00:00 [queued]>
[2025-02-05T14:33:51.412+0000] {taskinstance.py:2613} INFO - Dependencies all met for dep_context=requeueable deps ti=<TaskInstance: external_signal_workflow.wait_for_signal manual__2025-02-05T14:24:01.997070+00:00 [queued]>
[2025-02-05T14:33:51.413+0000] {taskinstance.py:2866} INFO - Starting attempt 1 of 2
[2025-02-05T14:33:51.503+0000] {taskinstance.py:2889} INFO - Executing <Task(ExternalTaskSensor): wait_for_signal> on 2025-02-05 14:24:01.997070+00:00
[2025-02-05T14:33:51.519+0000] {warnings.py:112} WARNING - /home/***/.local/lib/python3.12/site-packages/***/task/task_runner/standard_task_runner.py:70: DeprecationWarning: This process (pid=2112) is multi-threaded, use of fork() may lead to deadlocks in the child.
  pid = os.fork()

[2025-02-05T14:33:51.521+0000] {standard_task_runner.py:72} INFO - Started process 2113 to run task
[2025-02-05T14:33:51.521+0000] {standard_task_runner.py:104} INFO - Running: ['***', 'tasks', 'run', 'external_signal_workflow', 'wait_for_signal', 'manual__2025-02-05T14:24:01.997070+00:00', '--job-id', '96', '--raw', '--subdir', 'DAGS_FOLDER/external_signal_workflow.py', '--cfg-path', '/tmp/tmpixb73gt9']
[2025-02-05T14:33:51.522+0000] {standard_task_runner.py:105} INFO - Job 96: Subtask wait_for_signal
[2025-02-05T14:33:51.566+0000] {task_command.py:467} INFO - Running <TaskInstance: external_signal_workflow.wait_for_signal manual__2025-02-05T14:24:01.997070+00:00 [running]> on host ***-worker-1
[2025-02-05T14:33:51.611+0000] {taskinstance.py:3132} INFO - Exporting env vars: AIRFLOW_CTX_DAG_OWNER='***' AIRFLOW_CTX_DAG_ID='external_signal_workflow' AIRFLOW_CTX_TASK_ID='wait_for_signal' AIRFLOW_CTX_EXECUTION_DATE='2025-02-05T14:24:01.997070+00:00' AIRFLOW_CTX_TRY_NUMBER='1' AIRFLOW_CTX_DAG_RUN_ID='manual__2025-02-05T14:24:01.997070+00:00'
[2025-02-05T14:33:51.612+0000] {logging_mixin.py:190} INFO - Task instance is in running state
[2025-02-05T14:33:51.612+0000] {logging_mixin.py:190} INFO -  Previous state of the Task instance: queued
[2025-02-05T14:33:51.612+0000] {logging_mixin.py:190} INFO - Current task name:wait_for_signal state:running start_date:2025-02-05 14:33:51.409748+00:00
[2025-02-05T14:33:51.613+0000] {logging_mixin.py:190} INFO - Dag name:external_signal_workflow and current dag run status:running
[2025-02-05T14:33:51.613+0000] {taskinstance.py:731} INFO - ::endgroup::
[2025-02-05T14:33:51.614+0000] {baseoperator.py:421} WARNING - ExternalTaskSensor.execute cannot be called outside TaskInstance!
[2025-02-05T14:33:51.621+0000] {external_task.py:258} INFO - Poking for tasks ['send_signal'] in dag signal_dag on 2025-02-05T14:25:01.997070+00:00 ... 
[2025-02-05T14:33:51.623+0000] {warnings.py:112} WARNING - /home/***/.local/lib/python3.12/site-packages/***/utils/session.py:97: DeprecationWarning: This method is deprecated and will be removed in future.
  return func(*args, session=session, **kwargs)

[2025-02-05T14:33:51.637+0000] {taskinstance.py:309} INFO - Rescheduling task, marking task as UP_FOR_RESCHEDULE
[2025-02-05T14:33:51.638+0000] {taskinstance.py:340} INFO - ::group::Post task execution logs
[2025-02-05T14:33:51.655+0000] {local_task_job_runner.py:266} INFO - Task exited with return code 0
[2025-02-05T14:33:51.677+0000] {taskinstance.py:3895} INFO - 0 downstream tasks scheduled from follow-on schedule check
[2025-02-05T14:33:51.679+0000] {local_task_job_runner.py:245} INFO - ::endgroup::
[2025-02-05T14:34:53.851+0000] {local_task_job_runner.py:123} INFO - ::group::Pre task execution logs
[2025-02-05T14:34:53.859+0000] {taskinstance.py:2613} INFO - Dependencies all met for dep_context=non-requeueable deps ti=<TaskInstance: external_signal_workflow.wait_for_signal manual__2025-02-05T14:24:01.997070+00:00 [queued]>
[2025-02-05T14:34:53.864+0000] {taskinstance.py:2613} INFO - Dependencies all met for dep_context=requeueable deps ti=<TaskInstance: external_signal_workflow.wait_for_signal manual__2025-02-05T14:24:01.997070+00:00 [queued]>
[2025-02-05T14:34:53.864+0000] {taskinstance.py:2866} INFO - Starting attempt 1 of 2
[2025-02-05T14:34:53.955+0000] {taskinstance.py:2889} INFO - Executing <Task(ExternalTaskSensor): wait_for_signal> on 2025-02-05 14:24:01.997070+00:00
[2025-02-05T14:34:53.961+0000] {warnings.py:112} WARNING - /home/***/.local/lib/python3.12/site-packages/***/task/task_runner/standard_task_runner.py:70: DeprecationWarning: This process (pid=2157) is multi-threaded, use of fork() may lead to deadlocks in the child.
  pid = os.fork()

[2025-02-05T14:34:53.963+0000] {standard_task_runner.py:72} INFO - Started process 2158 to run task
[2025-02-05T14:34:53.963+0000] {standard_task_runner.py:104} INFO - Running: ['***', 'tasks', 'run', 'external_signal_workflow', 'wait_for_signal', 'manual__2025-02-05T14:24:01.997070+00:00', '--job-id', '97', '--raw', '--subdir', 'DAGS_FOLDER/external_signal_workflow.py', '--cfg-path', '/tmp/tmp98sfsjz9']
[2025-02-05T14:34:53.964+0000] {standard_task_runner.py:105} INFO - Job 97: Subtask wait_for_signal
[2025-02-05T14:34:53.996+0000] {task_command.py:467} INFO - Running <TaskInstance: external_signal_workflow.wait_for_signal manual__2025-02-05T14:24:01.997070+00:00 [running]> on host ***-worker-3
[2025-02-05T14:34:54.037+0000] {taskinstance.py:3132} INFO - Exporting env vars: AIRFLOW_CTX_DAG_OWNER='***' AIRFLOW_CTX_DAG_ID='external_signal_workflow' AIRFLOW_CTX_TASK_ID='wait_for_signal' AIRFLOW_CTX_EXECUTION_DATE='2025-02-05T14:24:01.997070+00:00' AIRFLOW_CTX_TRY_NUMBER='1' AIRFLOW_CTX_DAG_RUN_ID='manual__2025-02-05T14:24:01.997070+00:00'
[2025-02-05T14:34:54.038+0000] {logging_mixin.py:190} INFO - Task instance is in running state
[2025-02-05T14:34:54.038+0000] {logging_mixin.py:190} INFO -  Previous state of the Task instance: queued
[2025-02-05T14:34:54.039+0000] {logging_mixin.py:190} INFO - Current task name:wait_for_signal state:running start_date:2025-02-05 14:34:53.860047+00:00
[2025-02-05T14:34:54.039+0000] {logging_mixin.py:190} INFO - Dag name:external_signal_workflow and current dag run status:running
[2025-02-05T14:34:54.040+0000] {taskinstance.py:731} INFO - ::endgroup::
[2025-02-05T14:34:54.040+0000] {baseoperator.py:421} WARNING - ExternalTaskSensor.execute cannot be called outside TaskInstance!
[2025-02-05T14:34:54.046+0000] {external_task.py:258} INFO - Poking for tasks ['send_signal'] in dag signal_dag on 2025-02-05T14:25:01.997070+00:00 ... 
[2025-02-05T14:34:54.047+0000] {warnings.py:112} WARNING - /home/***/.local/lib/python3.12/site-packages/***/utils/session.py:97: DeprecationWarning: This method is deprecated and will be removed in future.
  return func(*args, session=session, **kwargs)

[2025-02-05T14:34:54.063+0000] {taskinstance.py:309} INFO - Rescheduling task, marking task as UP_FOR_RESCHEDULE
[2025-02-05T14:34:54.064+0000] {taskinstance.py:340} INFO - ::group::Post task execution logs
[2025-02-05T14:34:54.099+0000] {local_task_job_runner.py:266} INFO - Task exited with return code 0
[2025-02-05T14:34:54.112+0000] {taskinstance.py:3895} INFO - 0 downstream tasks scheduled from follow-on schedule check
[2025-02-05T14:34:54.113+0000] {local_task_job_runner.py:245} INFO - ::endgroup::
[2025-02-05T14:35:56.449+0000] {local_task_job_runner.py:123} INFO - ::group::Pre task execution logs
[2025-02-05T14:35:56.457+0000] {taskinstance.py:2613} INFO - Dependencies all met for dep_context=non-requeueable deps ti=<TaskInstance: external_signal_workflow.wait_for_signal manual__2025-02-05T14:24:01.997070+00:00 [queued]>
[2025-02-05T14:35:56.462+0000] {taskinstance.py:2613} INFO - Dependencies all met for dep_context=requeueable deps ti=<TaskInstance: external_signal_workflow.wait_for_signal manual__2025-02-05T14:24:01.997070+00:00 [queued]>
[2025-02-05T14:35:56.462+0000] {taskinstance.py:2866} INFO - Starting attempt 1 of 2
[2025-02-05T14:35:56.556+0000] {taskinstance.py:2889} INFO - Executing <Task(ExternalTaskSensor): wait_for_signal> on 2025-02-05 14:24:01.997070+00:00
[2025-02-05T14:35:56.561+0000] {warnings.py:112} WARNING - /home/***/.local/lib/python3.12/site-packages/***/task/task_runner/standard_task_runner.py:70: DeprecationWarning: This process (pid=2190) is multi-threaded, use of fork() may lead to deadlocks in the child.
  pid = os.fork()

[2025-02-05T14:35:56.562+0000] {standard_task_runner.py:72} INFO - Started process 2191 to run task
[2025-02-05T14:35:56.563+0000] {standard_task_runner.py:104} INFO - Running: ['***', 'tasks', 'run', 'external_signal_workflow', 'wait_for_signal', 'manual__2025-02-05T14:24:01.997070+00:00', '--job-id', '98', '--raw', '--subdir', 'DAGS_FOLDER/external_signal_workflow.py', '--cfg-path', '/tmp/tmpet5241c_']
[2025-02-05T14:35:56.563+0000] {standard_task_runner.py:105} INFO - Job 98: Subtask wait_for_signal
[2025-02-05T14:35:56.596+0000] {task_command.py:467} INFO - Running <TaskInstance: external_signal_workflow.wait_for_signal manual__2025-02-05T14:24:01.997070+00:00 [running]> on host ***-worker-2
[2025-02-05T14:35:56.641+0000] {taskinstance.py:3132} INFO - Exporting env vars: AIRFLOW_CTX_DAG_OWNER='***' AIRFLOW_CTX_DAG_ID='external_signal_workflow' AIRFLOW_CTX_TASK_ID='wait_for_signal' AIRFLOW_CTX_EXECUTION_DATE='2025-02-05T14:24:01.997070+00:00' AIRFLOW_CTX_TRY_NUMBER='1' AIRFLOW_CTX_DAG_RUN_ID='manual__2025-02-05T14:24:01.997070+00:00'
[2025-02-05T14:35:56.642+0000] {logging_mixin.py:190} INFO - Task instance is in running state
[2025-02-05T14:35:56.642+0000] {logging_mixin.py:190} INFO -  Previous state of the Task instance: queued
[2025-02-05T14:35:56.643+0000] {logging_mixin.py:190} INFO - Current task name:wait_for_signal state:running start_date:2025-02-05 14:35:56.457837+00:00
[2025-02-05T14:35:56.643+0000] {logging_mixin.py:190} INFO - Dag name:external_signal_workflow and current dag run status:running
[2025-02-05T14:35:56.643+0000] {taskinstance.py:731} INFO - ::endgroup::
[2025-02-05T14:35:56.644+0000] {baseoperator.py:421} WARNING - ExternalTaskSensor.execute cannot be called outside TaskInstance!
[2025-02-05T14:35:56.651+0000] {external_task.py:258} INFO - Poking for tasks ['send_signal'] in dag signal_dag on 2025-02-05T14:25:01.997070+00:00 ... 
[2025-02-05T14:35:56.652+0000] {warnings.py:112} WARNING - /home/***/.local/lib/python3.12/site-packages/***/utils/session.py:97: DeprecationWarning: This method is deprecated and will be removed in future.
  return func(*args, session=session, **kwargs)

[2025-02-05T14:35:56.668+0000] {taskinstance.py:309} INFO - Rescheduling task, marking task as UP_FOR_RESCHEDULE
[2025-02-05T14:35:56.668+0000] {taskinstance.py:340} INFO - ::group::Post task execution logs
[2025-02-05T14:35:56.700+0000] {local_task_job_runner.py:266} INFO - Task exited with return code 0
[2025-02-05T14:35:56.717+0000] {taskinstance.py:3895} INFO - 0 downstream tasks scheduled from follow-on schedule check
[2025-02-05T14:35:56.719+0000] {local_task_job_runner.py:245} INFO - ::endgroup::
[2025-02-05T14:36:58.796+0000] {local_task_job_runner.py:123} INFO - ::group::Pre task execution logs
[2025-02-05T14:36:58.804+0000] {taskinstance.py:2613} INFO - Dependencies all met for dep_context=non-requeueable deps ti=<TaskInstance: external_signal_workflow.wait_for_signal manual__2025-02-05T14:24:01.997070+00:00 [queued]>
[2025-02-05T14:36:58.808+0000] {taskinstance.py:2613} INFO - Dependencies all met for dep_context=requeueable deps ti=<TaskInstance: external_signal_workflow.wait_for_signal manual__2025-02-05T14:24:01.997070+00:00 [queued]>
[2025-02-05T14:36:58.808+0000] {taskinstance.py:2866} INFO - Starting attempt 1 of 2
[2025-02-05T14:36:58.901+0000] {taskinstance.py:2889} INFO - Executing <Task(ExternalTaskSensor): wait_for_signal> on 2025-02-05 14:24:01.997070+00:00
[2025-02-05T14:36:58.907+0000] {warnings.py:112} WARNING - /home/***/.local/lib/python3.12/site-packages/***/task/task_runner/standard_task_runner.py:70: DeprecationWarning: This process (pid=2155) is multi-threaded, use of fork() may lead to deadlocks in the child.
  pid = os.fork()

[2025-02-05T14:36:58.909+0000] {standard_task_runner.py:72} INFO - Started process 2156 to run task
[2025-02-05T14:36:58.909+0000] {standard_task_runner.py:104} INFO - Running: ['***', 'tasks', 'run', 'external_signal_workflow', 'wait_for_signal', 'manual__2025-02-05T14:24:01.997070+00:00', '--job-id', '99', '--raw', '--subdir', 'DAGS_FOLDER/external_signal_workflow.py', '--cfg-path', '/tmp/tmpyitgexn2']
[2025-02-05T14:36:58.910+0000] {standard_task_runner.py:105} INFO - Job 99: Subtask wait_for_signal
[2025-02-05T14:36:58.941+0000] {task_command.py:467} INFO - Running <TaskInstance: external_signal_workflow.wait_for_signal manual__2025-02-05T14:24:01.997070+00:00 [running]> on host ***-worker-1
[2025-02-05T14:36:58.982+0000] {taskinstance.py:3132} INFO - Exporting env vars: AIRFLOW_CTX_DAG_OWNER='***' AIRFLOW_CTX_DAG_ID='external_signal_workflow' AIRFLOW_CTX_TASK_ID='wait_for_signal' AIRFLOW_CTX_EXECUTION_DATE='2025-02-05T14:24:01.997070+00:00' AIRFLOW_CTX_TRY_NUMBER='1' AIRFLOW_CTX_DAG_RUN_ID='manual__2025-02-05T14:24:01.997070+00:00'
[2025-02-05T14:36:58.983+0000] {logging_mixin.py:190} INFO - Task instance is in running state
[2025-02-05T14:36:58.984+0000] {logging_mixin.py:190} INFO -  Previous state of the Task instance: queued
[2025-02-05T14:36:58.984+0000] {logging_mixin.py:190} INFO - Current task name:wait_for_signal state:running start_date:2025-02-05 14:36:58.804669+00:00
[2025-02-05T14:36:58.984+0000] {logging_mixin.py:190} INFO - Dag name:external_signal_workflow and current dag run status:running
[2025-02-05T14:36:58.984+0000] {taskinstance.py:731} INFO - ::endgroup::
[2025-02-05T14:36:58.985+0000] {baseoperator.py:421} WARNING - ExternalTaskSensor.execute cannot be called outside TaskInstance!
[2025-02-05T14:36:58.992+0000] {external_task.py:258} INFO - Poking for tasks ['send_signal'] in dag signal_dag on 2025-02-05T14:25:01.997070+00:00 ... 
[2025-02-05T14:36:58.993+0000] {warnings.py:112} WARNING - /home/***/.local/lib/python3.12/site-packages/***/utils/session.py:97: DeprecationWarning: This method is deprecated and will be removed in future.
  return func(*args, session=session, **kwargs)

[2025-02-05T14:36:59.007+0000] {taskinstance.py:309} INFO - Rescheduling task, marking task as UP_FOR_RESCHEDULE
[2025-02-05T14:36:59.008+0000] {taskinstance.py:340} INFO - ::group::Post task execution logs
[2025-02-05T14:36:59.044+0000] {local_task_job_runner.py:266} INFO - Task exited with return code 0
[2025-02-05T14:36:59.058+0000] {taskinstance.py:3895} INFO - 0 downstream tasks scheduled from follow-on schedule check
[2025-02-05T14:36:59.060+0000] {local_task_job_runner.py:245} INFO - ::endgroup::
[2025-02-05T14:38:24.514+0000] {local_task_job_runner.py:123} INFO - ::group::Pre task execution logs
[2025-02-05T14:38:24.582+0000] {taskinstance.py:2613} INFO - Dependencies all met for dep_context=non-requeueable deps ti=<TaskInstance: external_signal_workflow.wait_for_signal manual__2025-02-05T14:24:01.997070+00:00 [queued]>
[2025-02-05T14:38:24.621+0000] {taskinstance.py:2613} INFO - Dependencies all met for dep_context=requeueable deps ti=<TaskInstance: external_signal_workflow.wait_for_signal manual__2025-02-05T14:24:01.997070+00:00 [queued]>
[2025-02-05T14:38:24.622+0000] {taskinstance.py:2866} INFO - Starting attempt 1 of 2
[2025-02-05T14:38:25.402+0000] {taskinstance.py:2889} INFO - Executing <Task(ExternalTaskSensor): wait_for_signal> on 2025-02-05 14:24:01.997070+00:00
[2025-02-05T14:38:25.420+0000] {warnings.py:112} WARNING - /home/***/.local/lib/python3.12/site-packages/***/task/task_runner/standard_task_runner.py:70: DeprecationWarning: This process (pid=2202) is multi-threaded, use of fork() may lead to deadlocks in the child.
  pid = os.fork()

[2025-02-05T14:38:25.427+0000] {standard_task_runner.py:72} INFO - Started process 2203 to run task
[2025-02-05T14:38:25.441+0000] {standard_task_runner.py:104} INFO - Running: ['***', 'tasks', 'run', 'external_signal_workflow', 'wait_for_signal', 'manual__2025-02-05T14:24:01.997070+00:00', '--job-id', '100', '--raw', '--subdir', 'DAGS_FOLDER/external_signal_workflow.py', '--cfg-path', '/tmp/tmpew1qrddl']
[2025-02-05T14:38:25.498+0000] {standard_task_runner.py:105} INFO - Job 100: Subtask wait_for_signal
[2025-02-05T14:38:25.705+0000] {task_command.py:467} INFO - Running <TaskInstance: external_signal_workflow.wait_for_signal manual__2025-02-05T14:24:01.997070+00:00 [running]> on host ***-worker-3
[2025-02-05T14:38:25.879+0000] {taskinstance.py:3132} INFO - Exporting env vars: AIRFLOW_CTX_DAG_OWNER='***' AIRFLOW_CTX_DAG_ID='external_signal_workflow' AIRFLOW_CTX_TASK_ID='wait_for_signal' AIRFLOW_CTX_EXECUTION_DATE='2025-02-05T14:24:01.997070+00:00' AIRFLOW_CTX_TRY_NUMBER='1' AIRFLOW_CTX_DAG_RUN_ID='manual__2025-02-05T14:24:01.997070+00:00'
[2025-02-05T14:38:25.881+0000] {logging_mixin.py:190} INFO - Task instance is in running state
[2025-02-05T14:38:25.881+0000] {logging_mixin.py:190} INFO -  Previous state of the Task instance: queued
[2025-02-05T14:38:25.882+0000] {logging_mixin.py:190} INFO - Current task name:wait_for_signal state:running start_date:2025-02-05 14:38:24.585165+00:00
[2025-02-05T14:38:25.882+0000] {logging_mixin.py:190} INFO - Dag name:external_signal_workflow and current dag run status:running
[2025-02-05T14:38:25.882+0000] {taskinstance.py:731} INFO - ::endgroup::
[2025-02-05T14:38:25.883+0000] {baseoperator.py:421} WARNING - ExternalTaskSensor.execute cannot be called outside TaskInstance!
[2025-02-05T14:38:25.892+0000] {external_task.py:258} INFO - Poking for tasks ['send_signal'] in dag signal_dag on 2025-02-05T14:25:01.997070+00:00 ... 
[2025-02-05T14:38:25.894+0000] {warnings.py:112} WARNING - /home/***/.local/lib/python3.12/site-packages/***/utils/session.py:97: DeprecationWarning: This method is deprecated and will be removed in future.
  return func(*args, session=session, **kwargs)

[2025-02-05T14:38:25.929+0000] {taskinstance.py:309} INFO - Rescheduling task, marking task as UP_FOR_RESCHEDULE
[2025-02-05T14:38:25.929+0000] {taskinstance.py:340} INFO - ::group::Post task execution logs
[2025-02-05T14:38:25.967+0000] {local_task_job_runner.py:266} INFO - Task exited with return code 0
[2025-02-05T14:38:26.003+0000] {taskinstance.py:3895} INFO - 0 downstream tasks scheduled from follow-on schedule check
[2025-02-05T14:38:26.004+0000] {local_task_job_runner.py:245} INFO - ::endgroup::
[2025-02-05T14:39:28.433+0000] {local_task_job_runner.py:123} INFO - ::group::Pre task execution logs
[2025-02-05T14:39:28.444+0000] {taskinstance.py:2613} INFO - Dependencies all met for dep_context=non-requeueable deps ti=<TaskInstance: external_signal_workflow.wait_for_signal manual__2025-02-05T14:24:01.997070+00:00 [queued]>
[2025-02-05T14:39:28.449+0000] {taskinstance.py:2613} INFO - Dependencies all met for dep_context=requeueable deps ti=<TaskInstance: external_signal_workflow.wait_for_signal manual__2025-02-05T14:24:01.997070+00:00 [queued]>
[2025-02-05T14:39:28.450+0000] {taskinstance.py:2866} INFO - Starting attempt 1 of 2
[2025-02-05T14:39:28.568+0000] {taskinstance.py:2889} INFO - Executing <Task(ExternalTaskSensor): wait_for_signal> on 2025-02-05 14:24:01.997070+00:00
[2025-02-05T14:39:28.573+0000] {warnings.py:112} WARNING - /home/***/.local/lib/python3.12/site-packages/***/task/task_runner/standard_task_runner.py:70: DeprecationWarning: This process (pid=2236) is multi-threaded, use of fork() may lead to deadlocks in the child.
  pid = os.fork()

[2025-02-05T14:39:28.574+0000] {standard_task_runner.py:72} INFO - Started process 2237 to run task
[2025-02-05T14:39:28.574+0000] {standard_task_runner.py:104} INFO - Running: ['***', 'tasks', 'run', 'external_signal_workflow', 'wait_for_signal', 'manual__2025-02-05T14:24:01.997070+00:00', '--job-id', '101', '--raw', '--subdir', 'DAGS_FOLDER/external_signal_workflow.py', '--cfg-path', '/tmp/tmpxbvpmw40']
[2025-02-05T14:39:28.575+0000] {standard_task_runner.py:105} INFO - Job 101: Subtask wait_for_signal
[2025-02-05T14:39:28.605+0000] {task_command.py:467} INFO - Running <TaskInstance: external_signal_workflow.wait_for_signal manual__2025-02-05T14:24:01.997070+00:00 [running]> on host ***-worker-2
[2025-02-05T14:39:28.664+0000] {taskinstance.py:3132} INFO - Exporting env vars: AIRFLOW_CTX_DAG_OWNER='***' AIRFLOW_CTX_DAG_ID='external_signal_workflow' AIRFLOW_CTX_TASK_ID='wait_for_signal' AIRFLOW_CTX_EXECUTION_DATE='2025-02-05T14:24:01.997070+00:00' AIRFLOW_CTX_TRY_NUMBER='1' AIRFLOW_CTX_DAG_RUN_ID='manual__2025-02-05T14:24:01.997070+00:00'
[2025-02-05T14:39:28.665+0000] {logging_mixin.py:190} INFO - Task instance is in running state
[2025-02-05T14:39:28.665+0000] {logging_mixin.py:190} INFO -  Previous state of the Task instance: queued
[2025-02-05T14:39:28.666+0000] {logging_mixin.py:190} INFO - Current task name:wait_for_signal state:running start_date:2025-02-05 14:39:28.444592+00:00
[2025-02-05T14:39:28.666+0000] {logging_mixin.py:190} INFO - Dag name:external_signal_workflow and current dag run status:running
[2025-02-05T14:39:28.666+0000] {taskinstance.py:731} INFO - ::endgroup::
[2025-02-05T14:39:28.666+0000] {baseoperator.py:421} WARNING - ExternalTaskSensor.execute cannot be called outside TaskInstance!
[2025-02-05T14:39:28.685+0000] {external_task.py:258} INFO - Poking for tasks ['send_signal'] in dag signal_dag on 2025-02-05T14:25:01.997070+00:00 ... 
[2025-02-05T14:39:28.687+0000] {warnings.py:112} WARNING - /home/***/.local/lib/python3.12/site-packages/***/utils/session.py:97: DeprecationWarning: This method is deprecated and will be removed in future.
  return func(*args, session=session, **kwargs)

[2025-02-05T14:39:28.719+0000] {taskinstance.py:309} INFO - Rescheduling task, marking task as UP_FOR_RESCHEDULE
[2025-02-05T14:39:28.719+0000] {taskinstance.py:340} INFO - ::group::Post task execution logs
[2025-02-05T14:39:28.748+0000] {local_task_job_runner.py:266} INFO - Task exited with return code 0
[2025-02-05T14:39:28.766+0000] {taskinstance.py:3895} INFO - 0 downstream tasks scheduled from follow-on schedule check
[2025-02-05T14:39:28.767+0000] {local_task_job_runner.py:245} INFO - ::endgroup::
[2025-02-05T14:40:31.164+0000] {local_task_job_runner.py:123} INFO - ::group::Pre task execution logs
[2025-02-05T14:40:31.173+0000] {taskinstance.py:2613} INFO - Dependencies all met for dep_context=non-requeueable deps ti=<TaskInstance: external_signal_workflow.wait_for_signal manual__2025-02-05T14:24:01.997070+00:00 [queued]>
[2025-02-05T14:40:31.179+0000] {taskinstance.py:2613} INFO - Dependencies all met for dep_context=requeueable deps ti=<TaskInstance: external_signal_workflow.wait_for_signal manual__2025-02-05T14:24:01.997070+00:00 [queued]>
[2025-02-05T14:40:31.179+0000] {taskinstance.py:2866} INFO - Starting attempt 1 of 2
[2025-02-05T14:40:31.290+0000] {taskinstance.py:2889} INFO - Executing <Task(ExternalTaskSensor): wait_for_signal> on 2025-02-05 14:24:01.997070+00:00
[2025-02-05T14:40:31.296+0000] {warnings.py:112} WARNING - /home/***/.local/lib/python3.12/site-packages/***/task/task_runner/standard_task_runner.py:70: DeprecationWarning: This process (pid=2234) is multi-threaded, use of fork() may lead to deadlocks in the child.
  pid = os.fork()

[2025-02-05T14:40:31.297+0000] {standard_task_runner.py:72} INFO - Started process 2235 to run task
[2025-02-05T14:40:31.297+0000] {standard_task_runner.py:104} INFO - Running: ['***', 'tasks', 'run', 'external_signal_workflow', 'wait_for_signal', 'manual__2025-02-05T14:24:01.997070+00:00', '--job-id', '102', '--raw', '--subdir', 'DAGS_FOLDER/external_signal_workflow.py', '--cfg-path', '/tmp/tmpi7a5cflf']
[2025-02-05T14:40:31.298+0000] {standard_task_runner.py:105} INFO - Job 102: Subtask wait_for_signal
[2025-02-05T14:40:31.329+0000] {task_command.py:467} INFO - Running <TaskInstance: external_signal_workflow.wait_for_signal manual__2025-02-05T14:24:01.997070+00:00 [running]> on host ***-worker-3
[2025-02-05T14:40:31.371+0000] {taskinstance.py:3132} INFO - Exporting env vars: AIRFLOW_CTX_DAG_OWNER='***' AIRFLOW_CTX_DAG_ID='external_signal_workflow' AIRFLOW_CTX_TASK_ID='wait_for_signal' AIRFLOW_CTX_EXECUTION_DATE='2025-02-05T14:24:01.997070+00:00' AIRFLOW_CTX_TRY_NUMBER='1' AIRFLOW_CTX_DAG_RUN_ID='manual__2025-02-05T14:24:01.997070+00:00'
[2025-02-05T14:40:31.372+0000] {logging_mixin.py:190} INFO - Task instance is in running state
[2025-02-05T14:40:31.372+0000] {logging_mixin.py:190} INFO -  Previous state of the Task instance: queued
[2025-02-05T14:40:31.373+0000] {logging_mixin.py:190} INFO - Current task name:wait_for_signal state:running start_date:2025-02-05 14:40:31.174124+00:00
[2025-02-05T14:40:31.373+0000] {logging_mixin.py:190} INFO - Dag name:external_signal_workflow and current dag run status:running
[2025-02-05T14:40:31.373+0000] {taskinstance.py:731} INFO - ::endgroup::
[2025-02-05T14:40:31.374+0000] {baseoperator.py:421} WARNING - ExternalTaskSensor.execute cannot be called outside TaskInstance!
[2025-02-05T14:40:31.381+0000] {external_task.py:258} INFO - Poking for tasks ['send_signal'] in dag signal_dag on 2025-02-05T14:25:01.997070+00:00 ... 
[2025-02-05T14:40:31.382+0000] {warnings.py:112} WARNING - /home/***/.local/lib/python3.12/site-packages/***/utils/session.py:97: DeprecationWarning: This method is deprecated and will be removed in future.
  return func(*args, session=session, **kwargs)

[2025-02-05T14:40:31.404+0000] {taskinstance.py:309} INFO - Rescheduling task, marking task as UP_FOR_RESCHEDULE
[2025-02-05T14:40:31.404+0000] {taskinstance.py:340} INFO - ::group::Post task execution logs
[2025-02-05T14:40:31.431+0000] {local_task_job_runner.py:266} INFO - Task exited with return code 0
[2025-02-05T14:40:31.445+0000] {taskinstance.py:3895} INFO - 0 downstream tasks scheduled from follow-on schedule check
[2025-02-05T14:40:31.446+0000] {local_task_job_runner.py:245} INFO - ::endgroup::
[2025-02-05T14:41:33.446+0000] {local_task_job_runner.py:123} INFO - ::group::Pre task execution logs
[2025-02-05T14:41:33.456+0000] {taskinstance.py:2613} INFO - Dependencies all met for dep_context=non-requeueable deps ti=<TaskInstance: external_signal_workflow.wait_for_signal manual__2025-02-05T14:24:01.997070+00:00 [queued]>
[2025-02-05T14:41:33.461+0000] {taskinstance.py:2613} INFO - Dependencies all met for dep_context=requeueable deps ti=<TaskInstance: external_signal_workflow.wait_for_signal manual__2025-02-05T14:24:01.997070+00:00 [queued]>
[2025-02-05T14:41:33.461+0000] {taskinstance.py:2866} INFO - Starting attempt 1 of 2
[2025-02-05T14:41:33.584+0000] {taskinstance.py:2889} INFO - Executing <Task(ExternalTaskSensor): wait_for_signal> on 2025-02-05 14:24:01.997070+00:00
[2025-02-05T14:41:33.592+0000] {warnings.py:112} WARNING - /home/***/.local/lib/python3.12/site-packages/***/task/task_runner/standard_task_runner.py:70: DeprecationWarning: This process (pid=2266) is multi-threaded, use of fork() may lead to deadlocks in the child.
  pid = os.fork()

[2025-02-05T14:41:33.594+0000] {standard_task_runner.py:72} INFO - Started process 2267 to run task
[2025-02-05T14:41:33.594+0000] {standard_task_runner.py:104} INFO - Running: ['***', 'tasks', 'run', 'external_signal_workflow', 'wait_for_signal', 'manual__2025-02-05T14:24:01.997070+00:00', '--job-id', '103', '--raw', '--subdir', 'DAGS_FOLDER/external_signal_workflow.py', '--cfg-path', '/tmp/tmpqntpmgjz']
[2025-02-05T14:41:33.595+0000] {standard_task_runner.py:105} INFO - Job 103: Subtask wait_for_signal
[2025-02-05T14:41:33.641+0000] {task_command.py:467} INFO - Running <TaskInstance: external_signal_workflow.wait_for_signal manual__2025-02-05T14:24:01.997070+00:00 [running]> on host ***-worker-2
[2025-02-05T14:41:33.694+0000] {taskinstance.py:3132} INFO - Exporting env vars: AIRFLOW_CTX_DAG_OWNER='***' AIRFLOW_CTX_DAG_ID='external_signal_workflow' AIRFLOW_CTX_TASK_ID='wait_for_signal' AIRFLOW_CTX_EXECUTION_DATE='2025-02-05T14:24:01.997070+00:00' AIRFLOW_CTX_TRY_NUMBER='1' AIRFLOW_CTX_DAG_RUN_ID='manual__2025-02-05T14:24:01.997070+00:00'
[2025-02-05T14:41:33.695+0000] {logging_mixin.py:190} INFO - Task instance is in running state
[2025-02-05T14:41:33.695+0000] {logging_mixin.py:190} INFO -  Previous state of the Task instance: queued
[2025-02-05T14:41:33.695+0000] {logging_mixin.py:190} INFO - Current task name:wait_for_signal state:running start_date:2025-02-05 14:41:33.456630+00:00
[2025-02-05T14:41:33.696+0000] {logging_mixin.py:190} INFO - Dag name:external_signal_workflow and current dag run status:running
[2025-02-05T14:41:33.696+0000] {taskinstance.py:731} INFO - ::endgroup::
[2025-02-05T14:41:33.696+0000] {baseoperator.py:421} WARNING - ExternalTaskSensor.execute cannot be called outside TaskInstance!
[2025-02-05T14:41:33.703+0000] {external_task.py:258} INFO - Poking for tasks ['send_signal'] in dag signal_dag on 2025-02-05T14:25:01.997070+00:00 ... 
[2025-02-05T14:41:33.704+0000] {warnings.py:112} WARNING - /home/***/.local/lib/python3.12/site-packages/***/utils/session.py:97: DeprecationWarning: This method is deprecated and will be removed in future.
  return func(*args, session=session, **kwargs)

[2025-02-05T14:41:33.718+0000] {taskinstance.py:309} INFO - Rescheduling task, marking task as UP_FOR_RESCHEDULE
[2025-02-05T14:41:33.719+0000] {taskinstance.py:340} INFO - ::group::Post task execution logs
[2025-02-05T14:41:33.733+0000] {local_task_job_runner.py:266} INFO - Task exited with return code 0
[2025-02-05T14:41:33.747+0000] {taskinstance.py:3895} INFO - 0 downstream tasks scheduled from follow-on schedule check
[2025-02-05T14:41:33.749+0000] {local_task_job_runner.py:245} INFO - ::endgroup::
[2025-02-05T14:42:36.784+0000] {local_task_job_runner.py:123} INFO - ::group::Pre task execution logs
[2025-02-05T14:42:36.794+0000] {taskinstance.py:2613} INFO - Dependencies all met for dep_context=non-requeueable deps ti=<TaskInstance: external_signal_workflow.wait_for_signal manual__2025-02-05T14:24:01.997070+00:00 [queued]>
[2025-02-05T14:42:36.800+0000] {taskinstance.py:2613} INFO - Dependencies all met for dep_context=requeueable deps ti=<TaskInstance: external_signal_workflow.wait_for_signal manual__2025-02-05T14:24:01.997070+00:00 [queued]>
[2025-02-05T14:42:36.801+0000] {taskinstance.py:2866} INFO - Starting attempt 1 of 2
[2025-02-05T14:42:36.953+0000] {taskinstance.py:2889} INFO - Executing <Task(ExternalTaskSensor): wait_for_signal> on 2025-02-05 14:24:01.997070+00:00
[2025-02-05T14:42:36.968+0000] {warnings.py:112} WARNING - /home/***/.local/lib/python3.12/site-packages/***/task/task_runner/standard_task_runner.py:70: DeprecationWarning: This process (pid=2227) is multi-threaded, use of fork() may lead to deadlocks in the child.
  pid = os.fork()

[2025-02-05T14:42:36.971+0000] {standard_task_runner.py:72} INFO - Started process 2228 to run task
[2025-02-05T14:42:36.971+0000] {standard_task_runner.py:104} INFO - Running: ['***', 'tasks', 'run', 'external_signal_workflow', 'wait_for_signal', 'manual__2025-02-05T14:24:01.997070+00:00', '--job-id', '104', '--raw', '--subdir', 'DAGS_FOLDER/external_signal_workflow.py', '--cfg-path', '/tmp/tmpex7pgeo4']
[2025-02-05T14:42:36.975+0000] {standard_task_runner.py:105} INFO - Job 104: Subtask wait_for_signal
[2025-02-05T14:42:37.012+0000] {task_command.py:467} INFO - Running <TaskInstance: external_signal_workflow.wait_for_signal manual__2025-02-05T14:24:01.997070+00:00 [running]> on host ***-worker-1
[2025-02-05T14:42:37.073+0000] {taskinstance.py:3132} INFO - Exporting env vars: AIRFLOW_CTX_DAG_OWNER='***' AIRFLOW_CTX_DAG_ID='external_signal_workflow' AIRFLOW_CTX_TASK_ID='wait_for_signal' AIRFLOW_CTX_EXECUTION_DATE='2025-02-05T14:24:01.997070+00:00' AIRFLOW_CTX_TRY_NUMBER='1' AIRFLOW_CTX_DAG_RUN_ID='manual__2025-02-05T14:24:01.997070+00:00'
[2025-02-05T14:42:37.074+0000] {logging_mixin.py:190} INFO - Task instance is in running state
[2025-02-05T14:42:37.074+0000] {logging_mixin.py:190} INFO -  Previous state of the Task instance: queued
[2025-02-05T14:42:37.075+0000] {logging_mixin.py:190} INFO - Current task name:wait_for_signal state:running start_date:2025-02-05 14:42:36.795062+00:00
[2025-02-05T14:42:37.075+0000] {logging_mixin.py:190} INFO - Dag name:external_signal_workflow and current dag run status:running
[2025-02-05T14:42:37.075+0000] {taskinstance.py:731} INFO - ::endgroup::
[2025-02-05T14:42:37.076+0000] {baseoperator.py:421} WARNING - ExternalTaskSensor.execute cannot be called outside TaskInstance!
[2025-02-05T14:42:37.082+0000] {external_task.py:258} INFO - Poking for tasks ['send_signal'] in dag signal_dag on 2025-02-05T14:24:01.997070+00:00 ... 
[2025-02-05T14:42:37.083+0000] {warnings.py:112} WARNING - /home/***/.local/lib/python3.12/site-packages/***/utils/session.py:97: DeprecationWarning: This method is deprecated and will be removed in future.
  return func(*args, session=session, **kwargs)

[2025-02-05T14:42:37.192+0000] {taskinstance.py:309} INFO - Rescheduling task, marking task as UP_FOR_RESCHEDULE
[2025-02-05T14:42:37.193+0000] {taskinstance.py:340} INFO - ::group::Post task execution logs
[2025-02-05T14:42:37.239+0000] {local_task_job_runner.py:266} INFO - Task exited with return code 0
[2025-02-05T14:42:37.289+0000] {taskinstance.py:3895} INFO - 0 downstream tasks scheduled from follow-on schedule check
[2025-02-05T14:42:37.291+0000] {local_task_job_runner.py:245} INFO - ::endgroup::
[2025-02-05T14:43:11.483+0000] {local_task_job_runner.py:123} INFO - ::group::Pre task execution logs
[2025-02-05T14:43:11.500+0000] {taskinstance.py:2613} INFO - Dependencies all met for dep_context=non-requeueable deps ti=<TaskInstance: external_signal_workflow.wait_for_signal manual__2025-02-05T14:24:01.997070+00:00 [queued]>
[2025-02-05T14:43:11.507+0000] {taskinstance.py:2613} INFO - Dependencies all met for dep_context=requeueable deps ti=<TaskInstance: external_signal_workflow.wait_for_signal manual__2025-02-05T14:24:01.997070+00:00 [queued]>
[2025-02-05T14:43:11.507+0000] {taskinstance.py:2866} INFO - Starting attempt 1 of 2
[2025-02-05T14:43:11.799+0000] {taskinstance.py:2889} INFO - Executing <Task(ExternalTaskSensor): wait_for_signal> on 2025-02-05 14:24:01.997070+00:00
[2025-02-05T14:43:11.810+0000] {warnings.py:112} WARNING - /home/***/.local/lib/python3.12/site-packages/***/task/task_runner/standard_task_runner.py:70: DeprecationWarning: This process (pid=2272) is multi-threaded, use of fork() may lead to deadlocks in the child.
  pid = os.fork()

[2025-02-05T14:43:11.812+0000] {standard_task_runner.py:72} INFO - Started process 2273 to run task
[2025-02-05T14:43:11.816+0000] {standard_task_runner.py:104} INFO - Running: ['***', 'tasks', 'run', 'external_signal_workflow', 'wait_for_signal', 'manual__2025-02-05T14:24:01.997070+00:00', '--job-id', '105', '--raw', '--subdir', 'DAGS_FOLDER/external_signal_workflow.py', '--cfg-path', '/tmp/tmp5v6fjqg1']
[2025-02-05T14:43:11.819+0000] {standard_task_runner.py:105} INFO - Job 105: Subtask wait_for_signal
[2025-02-05T14:43:11.900+0000] {task_command.py:467} INFO - Running <TaskInstance: external_signal_workflow.wait_for_signal manual__2025-02-05T14:24:01.997070+00:00 [running]> on host ***-worker-3
[2025-02-05T14:43:11.958+0000] {taskinstance.py:3132} INFO - Exporting env vars: AIRFLOW_CTX_DAG_OWNER='***' AIRFLOW_CTX_DAG_ID='external_signal_workflow' AIRFLOW_CTX_TASK_ID='wait_for_signal' AIRFLOW_CTX_EXECUTION_DATE='2025-02-05T14:24:01.997070+00:00' AIRFLOW_CTX_TRY_NUMBER='1' AIRFLOW_CTX_DAG_RUN_ID='manual__2025-02-05T14:24:01.997070+00:00'
[2025-02-05T14:43:11.960+0000] {logging_mixin.py:190} INFO - Task instance is in running state
[2025-02-05T14:43:11.960+0000] {logging_mixin.py:190} INFO -  Previous state of the Task instance: queued
[2025-02-05T14:43:11.960+0000] {logging_mixin.py:190} INFO - Current task name:wait_for_signal state:running start_date:2025-02-05 14:43:11.500501+00:00
[2025-02-05T14:43:11.961+0000] {logging_mixin.py:190} INFO - Dag name:external_signal_workflow and current dag run status:running
[2025-02-05T14:43:11.962+0000] {taskinstance.py:731} INFO - ::endgroup::
[2025-02-05T14:43:11.962+0000] {baseoperator.py:421} WARNING - ExternalTaskSensor.execute cannot be called outside TaskInstance!
[2025-02-05T14:43:11.969+0000] {external_task.py:258} INFO - Poking for tasks ['send_signal'] in dag signal_dag on 2025-02-05T14:24:01.997070+00:00 ... 
[2025-02-05T14:43:11.970+0000] {warnings.py:112} WARNING - /home/***/.local/lib/python3.12/site-packages/***/utils/session.py:97: DeprecationWarning: This method is deprecated and will be removed in future.
  return func(*args, session=session, **kwargs)

[2025-02-05T14:43:11.997+0000] {taskinstance.py:309} INFO - Rescheduling task, marking task as UP_FOR_RESCHEDULE
[2025-02-05T14:43:11.998+0000] {taskinstance.py:340} INFO - ::group::Post task execution logs
[2025-02-05T14:43:12.033+0000] {local_task_job_runner.py:266} INFO - Task exited with return code 0
[2025-02-05T14:43:12.058+0000] {taskinstance.py:3895} INFO - 0 downstream tasks scheduled from follow-on schedule check
[2025-02-05T14:43:12.061+0000] {local_task_job_runner.py:245} INFO - ::endgroup::
