[2025-02-11T08:55:06.989+0000] {local_task_job_runner.py:123} INFO - ::group::Pre task execution logs
[2025-02-11T08:55:07.001+0000] {taskinstance.py:2613} INFO - Dependencies all met for dep_context=non-requeueable deps ti=<TaskInstance: api_workflow.save_response_v1 manual__2025-02-11T08:55:01.017340+00:00 [queued]>
[2025-02-11T08:55:07.007+0000] {taskinstance.py:2613} INFO - Dependencies all met for dep_context=requeueable deps ti=<TaskInstance: api_workflow.save_response_v1 manual__2025-02-11T08:55:01.017340+00:00 [queued]>
[2025-02-11T08:55:07.008+0000] {taskinstance.py:2866} INFO - Starting attempt 1 of 2
[2025-02-11T08:55:07.017+0000] {taskinstance.py:2889} INFO - Executing <Task(PythonOperator): save_response_v1> on 2025-02-11 08:55:01.017340+00:00
[2025-02-11T08:55:07.023+0000] {warnings.py:112} WARNING - /home/***/.local/lib/python3.12/site-packages/***/task/task_runner/standard_task_runner.py:70: DeprecationWarning: This process (pid=14886) is multi-threaded, use of fork() may lead to deadlocks in the child.
  pid = os.fork()

[2025-02-11T08:55:07.025+0000] {standard_task_runner.py:72} INFO - Started process 14890 to run task
[2025-02-11T08:55:07.025+0000] {standard_task_runner.py:104} INFO - Running: ['***', 'tasks', 'run', 'api_workflow', 'save_response_v1', 'manual__2025-02-11T08:55:01.017340+00:00', '--job-id', '636', '--raw', '--subdir', 'DAGS_FOLDER/generate_dags_from_yaml.py', '--cfg-path', '/tmp/tmp89aieu1f']
[2025-02-11T08:55:07.026+0000] {standard_task_runner.py:105} INFO - Job 636: Subtask save_response_v1
[2025-02-11T08:55:07.062+0000] {task_command.py:467} INFO - Running <TaskInstance: api_workflow.save_response_v1 manual__2025-02-11T08:55:01.017340+00:00 [running]> on host 1999c8c59930
[2025-02-11T08:55:07.124+0000] {taskinstance.py:3132} INFO - Exporting env vars: AIRFLOW_CTX_DAG_OWNER='***' AIRFLOW_CTX_DAG_ID='api_workflow' AIRFLOW_CTX_TASK_ID='save_response_v1' AIRFLOW_CTX_EXECUTION_DATE='2025-02-11T08:55:01.017340+00:00' AIRFLOW_CTX_TRY_NUMBER='1' AIRFLOW_CTX_DAG_RUN_ID='manual__2025-02-11T08:55:01.017340+00:00'
[2025-02-11T08:55:07.125+0000] {logging_mixin.py:190} INFO - Task instance is in running state
[2025-02-11T08:55:07.125+0000] {logging_mixin.py:190} INFO -  Previous state of the Task instance: queued
[2025-02-11T08:55:07.125+0000] {logging_mixin.py:190} INFO - Current task name:save_response_v1 state:running start_date:2025-02-11 08:55:07.001540+00:00
[2025-02-11T08:55:07.125+0000] {logging_mixin.py:190} INFO - Dag name:api_workflow and current dag run status:running
[2025-02-11T08:55:07.126+0000] {taskinstance.py:731} INFO - ::endgroup::
[2025-02-11T08:55:07.134+0000] {api_tasks_for_ymls.py:55} INFO - Save API response to: /opt/***/data/romania_universities.txt
[2025-02-11T08:55:07.139+0000] {api_tasks_for_ymls.py:59} INFO - Succesfully saved to file.
[2025-02-11T08:55:07.140+0000] {python.py:240} INFO - Done. Returned value was: None
[2025-02-11T08:55:07.145+0000] {taskinstance.py:340} INFO - ::group::Post task execution logs
[2025-02-11T08:55:07.146+0000] {taskinstance.py:352} INFO - Marking task as SUCCESS. dag_id=api_workflow, task_id=save_response_v1, run_id=manual__2025-02-11T08:55:01.017340+00:00, execution_date=20250211T085501, start_date=20250211T085507, end_date=20250211T085507
[2025-02-11T08:55:07.151+0000] {logging_mixin.py:190} INFO - Task instance in success state
[2025-02-11T08:55:07.152+0000] {logging_mixin.py:190} INFO -  Previous state of the Task instance: running
[2025-02-11T08:55:07.152+0000] {logging_mixin.py:190} INFO - Dag name:api_workflow queued_at:2025-02-11 08:55:01.034700+00:00
[2025-02-11T08:55:07.153+0000] {logging_mixin.py:190} INFO - Task hostname:1999c8c59930 operator:PythonOperator
[2025-02-11T08:55:07.160+0000] {local_task_job_runner.py:266} INFO - Task exited with return code 0
[2025-02-11T08:55:07.173+0000] {taskinstance.py:3895} INFO - 0 downstream tasks scheduled from follow-on schedule check
[2025-02-11T08:55:07.174+0000] {local_task_job_runner.py:245} INFO - ::endgroup::
