[2025-02-06T09:36:07.522+0000] {local_task_job_runner.py:123} INFO - ::group::Pre task execution logs
[2025-02-06T09:36:07.536+0000] {taskinstance.py:2613} INFO - Dependencies all met for dep_context=non-requeueable deps ti=<TaskInstance: multiple_conditions_workflow.process_sales manual__2025-02-06T09:36:01.526471+00:00 [queued]>
[2025-02-06T09:36:07.542+0000] {taskinstance.py:2613} INFO - Dependencies all met for dep_context=requeueable deps ti=<TaskInstance: multiple_conditions_workflow.process_sales manual__2025-02-06T09:36:01.526471+00:00 [queued]>
[2025-02-06T09:36:07.542+0000] {taskinstance.py:2866} INFO - Starting attempt 1 of 2
[2025-02-06T09:36:07.552+0000] {taskinstance.py:2889} INFO - Executing <Task(PythonOperator): process_sales> on 2025-02-06 09:36:01.526471+00:00
[2025-02-06T09:36:07.558+0000] {warnings.py:112} WARNING - /home/***/.local/lib/python3.12/site-packages/***/task/task_runner/standard_task_runner.py:70: DeprecationWarning: This process (pid=169) is multi-threaded, use of fork() may lead to deadlocks in the child.
  pid = os.fork()

[2025-02-06T09:36:07.560+0000] {standard_task_runner.py:72} INFO - Started process 170 to run task
[2025-02-06T09:36:07.560+0000] {standard_task_runner.py:104} INFO - Running: ['***', 'tasks', 'run', 'multiple_conditions_workflow', 'process_sales', 'manual__2025-02-06T09:36:01.526471+00:00', '--job-id', '12', '--raw', '--subdir', 'DAGS_FOLDER/multiple_conditions_workflow.py', '--cfg-path', '/tmp/tmpg32dskdt']
[2025-02-06T09:36:07.562+0000] {standard_task_runner.py:105} INFO - Job 12: Subtask process_sales
[2025-02-06T09:36:07.682+0000] {task_command.py:467} INFO - Running <TaskInstance: multiple_conditions_workflow.process_sales manual__2025-02-06T09:36:01.526471+00:00 [running]> on host ***-worker-1
[2025-02-06T09:36:07.731+0000] {taskinstance.py:3132} INFO - Exporting env vars: AIRFLOW_CTX_DAG_OWNER='***' AIRFLOW_CTX_DAG_ID='multiple_conditions_workflow' AIRFLOW_CTX_TASK_ID='process_sales' AIRFLOW_CTX_EXECUTION_DATE='2025-02-06T09:36:01.526471+00:00' AIRFLOW_CTX_TRY_NUMBER='1' AIRFLOW_CTX_DAG_RUN_ID='manual__2025-02-06T09:36:01.526471+00:00'
[2025-02-06T09:36:07.732+0000] {logging_mixin.py:190} INFO - Task instance is in running state
[2025-02-06T09:36:07.732+0000] {logging_mixin.py:190} INFO -  Previous state of the Task instance: queued
[2025-02-06T09:36:07.732+0000] {logging_mixin.py:190} INFO - Current task name:process_sales state:running start_date:2025-02-06 09:36:07.536935+00:00
[2025-02-06T09:36:07.733+0000] {logging_mixin.py:190} INFO - Dag name:multiple_conditions_workflow and current dag run status:running
[2025-02-06T09:36:07.733+0000] {taskinstance.py:731} INFO - ::endgroup::
[2025-02-06T09:36:07.733+0000] {multiple_conditions_workflow_tasks.py:21} INFO - Processing sales data.
[2025-02-06T09:36:07.734+0000] {python.py:240} INFO - Done. Returned value was: None
[2025-02-06T09:36:07.739+0000] {taskinstance.py:340} INFO - ::group::Post task execution logs
[2025-02-06T09:36:07.739+0000] {taskinstance.py:352} INFO - Marking task as SUCCESS. dag_id=multiple_conditions_workflow, task_id=process_sales, run_id=manual__2025-02-06T09:36:01.526471+00:00, execution_date=20250206T093601, start_date=20250206T093607, end_date=20250206T093607
[2025-02-06T09:36:07.744+0000] {logging_mixin.py:190} INFO - Task instance in success state
[2025-02-06T09:36:07.745+0000] {logging_mixin.py:190} INFO -  Previous state of the Task instance: running
[2025-02-06T09:36:07.745+0000] {logging_mixin.py:190} INFO - Dag name:multiple_conditions_workflow queued_at:2025-02-06 09:36:01.548887+00:00
[2025-02-06T09:36:07.745+0000] {logging_mixin.py:190} INFO - Task hostname:***-worker-1 operator:PythonOperator
[2025-02-06T09:36:07.783+0000] {local_task_job_runner.py:266} INFO - Task exited with return code 0
[2025-02-06T09:36:07.799+0000] {taskinstance.py:3895} INFO - 0 downstream tasks scheduled from follow-on schedule check
[2025-02-06T09:36:07.801+0000] {local_task_job_runner.py:245} INFO - ::endgroup::
