[2025-02-05T14:10:29.413+0000] {local_task_job_runner.py:123} INFO - ::group::Pre task execution logs
[2025-02-05T14:10:29.420+0000] {taskinstance.py:2613} INFO - Dependencies all met for dep_context=non-requeueable deps ti=<TaskInstance: external_signal_workflow.wait_for_signal manual__2025-02-05T14:10:06.775817+00:00 [queued]>
[2025-02-05T14:10:29.425+0000] {taskinstance.py:2613} INFO - Dependencies all met for dep_context=requeueable deps ti=<TaskInstance: external_signal_workflow.wait_for_signal manual__2025-02-05T14:10:06.775817+00:00 [queued]>
[2025-02-05T14:10:29.425+0000] {taskinstance.py:2866} INFO - Starting attempt 1 of 2
[2025-02-05T14:10:29.526+0000] {taskinstance.py:2889} INFO - Executing <Task(ExternalTaskSensor): wait_for_signal> on 2025-02-05 14:10:06.775817+00:00
[2025-02-05T14:10:29.531+0000] {warnings.py:112} WARNING - /home/***/.local/lib/python3.12/site-packages/***/task/task_runner/standard_task_runner.py:70: DeprecationWarning: This process (pid=1728) is multi-threaded, use of fork() may lead to deadlocks in the child.
  pid = os.fork()

[2025-02-05T14:10:29.532+0000] {standard_task_runner.py:72} INFO - Started process 1729 to run task
[2025-02-05T14:10:29.533+0000] {standard_task_runner.py:104} INFO - Running: ['***', 'tasks', 'run', 'external_signal_workflow', 'wait_for_signal', 'manual__2025-02-05T14:10:06.775817+00:00', '--job-id', '64', '--raw', '--subdir', 'DAGS_FOLDER/external_signal_workflow.py', '--cfg-path', '/tmp/tmpzsjjmbxa']
[2025-02-05T14:10:29.533+0000] {standard_task_runner.py:105} INFO - Job 64: Subtask wait_for_signal
[2025-02-05T14:10:29.572+0000] {task_command.py:467} INFO - Running <TaskInstance: external_signal_workflow.wait_for_signal manual__2025-02-05T14:10:06.775817+00:00 [running]> on host ***-worker-3
[2025-02-05T14:10:29.626+0000] {taskinstance.py:3132} INFO - Exporting env vars: AIRFLOW_CTX_DAG_OWNER='***' AIRFLOW_CTX_DAG_ID='external_signal_workflow' AIRFLOW_CTX_TASK_ID='wait_for_signal' AIRFLOW_CTX_EXECUTION_DATE='2025-02-05T14:10:06.775817+00:00' AIRFLOW_CTX_TRY_NUMBER='1' AIRFLOW_CTX_DAG_RUN_ID='manual__2025-02-05T14:10:06.775817+00:00'
[2025-02-05T14:10:29.627+0000] {logging_mixin.py:190} INFO - Task instance is in running state
[2025-02-05T14:10:29.627+0000] {logging_mixin.py:190} INFO -  Previous state of the Task instance: queued
[2025-02-05T14:10:29.627+0000] {logging_mixin.py:190} INFO - Current task name:wait_for_signal state:running start_date:2025-02-05 14:10:29.421170+00:00
[2025-02-05T14:10:29.627+0000] {logging_mixin.py:190} INFO - Dag name:external_signal_workflow and current dag run status:running
[2025-02-05T14:10:29.628+0000] {taskinstance.py:731} INFO - ::endgroup::
[2025-02-05T14:10:29.628+0000] {baseoperator.py:421} WARNING - ExternalTaskSensor.execute cannot be called outside TaskInstance!
[2025-02-05T14:10:29.633+0000] {external_task.py:258} INFO - Poking for tasks ['send_signal'] in dag signal_dag on 2025-02-05T14:10:06.775817+00:00 ... 
[2025-02-05T14:10:29.634+0000] {warnings.py:112} WARNING - /home/***/.local/lib/python3.12/site-packages/***/utils/session.py:97: DeprecationWarning: This method is deprecated and will be removed in future.
  return func(*args, session=session, **kwargs)

[2025-02-05T14:10:29.652+0000] {taskinstance.py:309} INFO - Rescheduling task, marking task as UP_FOR_RESCHEDULE
[2025-02-05T14:10:29.652+0000] {taskinstance.py:340} INFO - ::group::Post task execution logs
[2025-02-05T14:10:29.666+0000] {local_task_job_runner.py:266} INFO - Task exited with return code 0
[2025-02-05T14:10:29.680+0000] {taskinstance.py:3895} INFO - 0 downstream tasks scheduled from follow-on schedule check
[2025-02-05T14:10:29.681+0000] {local_task_job_runner.py:245} INFO - ::endgroup::
[2025-02-05T14:11:31.996+0000] {local_task_job_runner.py:123} INFO - ::group::Pre task execution logs
[2025-02-05T14:11:32.006+0000] {taskinstance.py:2613} INFO - Dependencies all met for dep_context=non-requeueable deps ti=<TaskInstance: external_signal_workflow.wait_for_signal manual__2025-02-05T14:10:06.775817+00:00 [queued]>
[2025-02-05T14:11:32.012+0000] {taskinstance.py:2613} INFO - Dependencies all met for dep_context=requeueable deps ti=<TaskInstance: external_signal_workflow.wait_for_signal manual__2025-02-05T14:10:06.775817+00:00 [queued]>
[2025-02-05T14:11:32.012+0000] {taskinstance.py:2866} INFO - Starting attempt 1 of 2
[2025-02-05T14:11:32.110+0000] {taskinstance.py:2889} INFO - Executing <Task(ExternalTaskSensor): wait_for_signal> on 2025-02-05 14:10:06.775817+00:00
[2025-02-05T14:11:32.121+0000] {warnings.py:112} WARNING - /home/***/.local/lib/python3.12/site-packages/***/task/task_runner/standard_task_runner.py:70: DeprecationWarning: This process (pid=1748) is multi-threaded, use of fork() may lead to deadlocks in the child.
  pid = os.fork()

[2025-02-05T14:11:32.123+0000] {standard_task_runner.py:72} INFO - Started process 1749 to run task
[2025-02-05T14:11:32.123+0000] {standard_task_runner.py:104} INFO - Running: ['***', 'tasks', 'run', 'external_signal_workflow', 'wait_for_signal', 'manual__2025-02-05T14:10:06.775817+00:00', '--job-id', '66', '--raw', '--subdir', 'DAGS_FOLDER/external_signal_workflow.py', '--cfg-path', '/tmp/tmpod7913nu']
[2025-02-05T14:11:32.125+0000] {standard_task_runner.py:105} INFO - Job 66: Subtask wait_for_signal
[2025-02-05T14:11:32.162+0000] {task_command.py:467} INFO - Running <TaskInstance: external_signal_workflow.wait_for_signal manual__2025-02-05T14:10:06.775817+00:00 [running]> on host ***-worker-3
[2025-02-05T14:11:32.214+0000] {taskinstance.py:3132} INFO - Exporting env vars: AIRFLOW_CTX_DAG_OWNER='***' AIRFLOW_CTX_DAG_ID='external_signal_workflow' AIRFLOW_CTX_TASK_ID='wait_for_signal' AIRFLOW_CTX_EXECUTION_DATE='2025-02-05T14:10:06.775817+00:00' AIRFLOW_CTX_TRY_NUMBER='1' AIRFLOW_CTX_DAG_RUN_ID='manual__2025-02-05T14:10:06.775817+00:00'
[2025-02-05T14:11:32.215+0000] {logging_mixin.py:190} INFO - Task instance is in running state
[2025-02-05T14:11:32.215+0000] {logging_mixin.py:190} INFO -  Previous state of the Task instance: queued
[2025-02-05T14:11:32.215+0000] {logging_mixin.py:190} INFO - Current task name:wait_for_signal state:running start_date:2025-02-05 14:11:32.007071+00:00
[2025-02-05T14:11:32.216+0000] {logging_mixin.py:190} INFO - Dag name:external_signal_workflow and current dag run status:running
[2025-02-05T14:11:32.216+0000] {taskinstance.py:731} INFO - ::endgroup::
[2025-02-05T14:11:32.216+0000] {baseoperator.py:421} WARNING - ExternalTaskSensor.execute cannot be called outside TaskInstance!
[2025-02-05T14:11:32.223+0000] {external_task.py:258} INFO - Poking for tasks ['send_signal'] in dag signal_dag on 2025-02-05T14:10:06.775817+00:00 ... 
[2025-02-05T14:11:32.223+0000] {warnings.py:112} WARNING - /home/***/.local/lib/python3.12/site-packages/***/utils/session.py:97: DeprecationWarning: This method is deprecated and will be removed in future.
  return func(*args, session=session, **kwargs)

[2025-02-05T14:11:32.242+0000] {taskinstance.py:309} INFO - Rescheduling task, marking task as UP_FOR_RESCHEDULE
[2025-02-05T14:11:32.242+0000] {taskinstance.py:340} INFO - ::group::Post task execution logs
[2025-02-05T14:11:32.260+0000] {local_task_job_runner.py:266} INFO - Task exited with return code 0
[2025-02-05T14:11:32.276+0000] {taskinstance.py:3895} INFO - 0 downstream tasks scheduled from follow-on schedule check
[2025-02-05T14:11:32.279+0000] {local_task_job_runner.py:245} INFO - ::endgroup::
[2025-02-05T14:12:34.186+0000] {local_task_job_runner.py:123} INFO - ::group::Pre task execution logs
[2025-02-05T14:12:34.194+0000] {taskinstance.py:2613} INFO - Dependencies all met for dep_context=non-requeueable deps ti=<TaskInstance: external_signal_workflow.wait_for_signal manual__2025-02-05T14:10:06.775817+00:00 [queued]>
[2025-02-05T14:12:34.198+0000] {taskinstance.py:2613} INFO - Dependencies all met for dep_context=requeueable deps ti=<TaskInstance: external_signal_workflow.wait_for_signal manual__2025-02-05T14:10:06.775817+00:00 [queued]>
[2025-02-05T14:12:34.198+0000] {taskinstance.py:2866} INFO - Starting attempt 1 of 2
[2025-02-05T14:12:34.306+0000] {taskinstance.py:2889} INFO - Executing <Task(ExternalTaskSensor): wait_for_signal> on 2025-02-05 14:10:06.775817+00:00
[2025-02-05T14:12:34.312+0000] {warnings.py:112} WARNING - /home/***/.local/lib/python3.12/site-packages/***/task/task_runner/standard_task_runner.py:70: DeprecationWarning: This process (pid=1794) is multi-threaded, use of fork() may lead to deadlocks in the child.
  pid = os.fork()

[2025-02-05T14:12:34.313+0000] {standard_task_runner.py:72} INFO - Started process 1795 to run task
[2025-02-05T14:12:34.313+0000] {standard_task_runner.py:104} INFO - Running: ['***', 'tasks', 'run', 'external_signal_workflow', 'wait_for_signal', 'manual__2025-02-05T14:10:06.775817+00:00', '--job-id', '67', '--raw', '--subdir', 'DAGS_FOLDER/external_signal_workflow.py', '--cfg-path', '/tmp/tmp990zymy0']
[2025-02-05T14:12:34.314+0000] {standard_task_runner.py:105} INFO - Job 67: Subtask wait_for_signal
[2025-02-05T14:12:34.349+0000] {task_command.py:467} INFO - Running <TaskInstance: external_signal_workflow.wait_for_signal manual__2025-02-05T14:10:06.775817+00:00 [running]> on host ***-worker-1
[2025-02-05T14:12:34.391+0000] {taskinstance.py:3132} INFO - Exporting env vars: AIRFLOW_CTX_DAG_OWNER='***' AIRFLOW_CTX_DAG_ID='external_signal_workflow' AIRFLOW_CTX_TASK_ID='wait_for_signal' AIRFLOW_CTX_EXECUTION_DATE='2025-02-05T14:10:06.775817+00:00' AIRFLOW_CTX_TRY_NUMBER='1' AIRFLOW_CTX_DAG_RUN_ID='manual__2025-02-05T14:10:06.775817+00:00'
[2025-02-05T14:12:34.392+0000] {logging_mixin.py:190} INFO - Task instance is in running state
[2025-02-05T14:12:34.392+0000] {logging_mixin.py:190} INFO -  Previous state of the Task instance: queued
[2025-02-05T14:12:34.392+0000] {logging_mixin.py:190} INFO - Current task name:wait_for_signal state:running start_date:2025-02-05 14:12:34.194873+00:00
[2025-02-05T14:12:34.393+0000] {logging_mixin.py:190} INFO - Dag name:external_signal_workflow and current dag run status:running
[2025-02-05T14:12:34.393+0000] {taskinstance.py:731} INFO - ::endgroup::
[2025-02-05T14:12:34.393+0000] {baseoperator.py:421} WARNING - ExternalTaskSensor.execute cannot be called outside TaskInstance!
[2025-02-05T14:12:34.399+0000] {external_task.py:258} INFO - Poking for tasks ['send_signal'] in dag signal_dag on 2025-02-05T14:10:06.775817+00:00 ... 
[2025-02-05T14:12:34.400+0000] {warnings.py:112} WARNING - /home/***/.local/lib/python3.12/site-packages/***/utils/session.py:97: DeprecationWarning: This method is deprecated and will be removed in future.
  return func(*args, session=session, **kwargs)

[2025-02-05T14:12:34.416+0000] {taskinstance.py:309} INFO - Rescheduling task, marking task as UP_FOR_RESCHEDULE
[2025-02-05T14:12:34.416+0000] {taskinstance.py:340} INFO - ::group::Post task execution logs
[2025-02-05T14:12:34.449+0000] {local_task_job_runner.py:266} INFO - Task exited with return code 0
[2025-02-05T14:12:34.463+0000] {taskinstance.py:3895} INFO - 0 downstream tasks scheduled from follow-on schedule check
[2025-02-05T14:12:34.464+0000] {local_task_job_runner.py:245} INFO - ::endgroup::
[2025-02-05T14:13:36.165+0000] {local_task_job_runner.py:123} INFO - ::group::Pre task execution logs
[2025-02-05T14:13:36.174+0000] {taskinstance.py:2613} INFO - Dependencies all met for dep_context=non-requeueable deps ti=<TaskInstance: external_signal_workflow.wait_for_signal manual__2025-02-05T14:10:06.775817+00:00 [queued]>
[2025-02-05T14:13:36.182+0000] {taskinstance.py:2613} INFO - Dependencies all met for dep_context=requeueable deps ti=<TaskInstance: external_signal_workflow.wait_for_signal manual__2025-02-05T14:10:06.775817+00:00 [queued]>
[2025-02-05T14:13:36.182+0000] {taskinstance.py:2866} INFO - Starting attempt 1 of 2
[2025-02-05T14:13:36.287+0000] {taskinstance.py:2889} INFO - Executing <Task(ExternalTaskSensor): wait_for_signal> on 2025-02-05 14:10:06.775817+00:00
[2025-02-05T14:13:36.294+0000] {warnings.py:112} WARNING - /home/***/.local/lib/python3.12/site-packages/***/task/task_runner/standard_task_runner.py:70: DeprecationWarning: This process (pid=1779) is multi-threaded, use of fork() may lead to deadlocks in the child.
  pid = os.fork()

[2025-02-05T14:13:36.296+0000] {standard_task_runner.py:72} INFO - Started process 1780 to run task
[2025-02-05T14:13:36.297+0000] {standard_task_runner.py:104} INFO - Running: ['***', 'tasks', 'run', 'external_signal_workflow', 'wait_for_signal', 'manual__2025-02-05T14:10:06.775817+00:00', '--job-id', '68', '--raw', '--subdir', 'DAGS_FOLDER/external_signal_workflow.py', '--cfg-path', '/tmp/tmpei4jqy8l']
[2025-02-05T14:13:36.298+0000] {standard_task_runner.py:105} INFO - Job 68: Subtask wait_for_signal
[2025-02-05T14:13:36.328+0000] {task_command.py:467} INFO - Running <TaskInstance: external_signal_workflow.wait_for_signal manual__2025-02-05T14:10:06.775817+00:00 [running]> on host ***-worker-3
[2025-02-05T14:13:36.448+0000] {taskinstance.py:3132} INFO - Exporting env vars: AIRFLOW_CTX_DAG_OWNER='***' AIRFLOW_CTX_DAG_ID='external_signal_workflow' AIRFLOW_CTX_TASK_ID='wait_for_signal' AIRFLOW_CTX_EXECUTION_DATE='2025-02-05T14:10:06.775817+00:00' AIRFLOW_CTX_TRY_NUMBER='1' AIRFLOW_CTX_DAG_RUN_ID='manual__2025-02-05T14:10:06.775817+00:00'
[2025-02-05T14:13:36.450+0000] {logging_mixin.py:190} INFO - Task instance is in running state
[2025-02-05T14:13:36.450+0000] {logging_mixin.py:190} INFO -  Previous state of the Task instance: queued
[2025-02-05T14:13:36.451+0000] {logging_mixin.py:190} INFO - Current task name:wait_for_signal state:running start_date:2025-02-05 14:13:36.175055+00:00
[2025-02-05T14:13:36.451+0000] {logging_mixin.py:190} INFO - Dag name:external_signal_workflow and current dag run status:running
[2025-02-05T14:13:36.451+0000] {taskinstance.py:731} INFO - ::endgroup::
[2025-02-05T14:13:36.452+0000] {baseoperator.py:421} WARNING - ExternalTaskSensor.execute cannot be called outside TaskInstance!
[2025-02-05T14:13:36.460+0000] {external_task.py:258} INFO - Poking for tasks ['send_signal'] in dag signal_dag on 2025-02-05T14:10:06.775817+00:00 ... 
[2025-02-05T14:13:36.463+0000] {warnings.py:112} WARNING - /home/***/.local/lib/python3.12/site-packages/***/utils/session.py:97: DeprecationWarning: This method is deprecated and will be removed in future.
  return func(*args, session=session, **kwargs)

[2025-02-05T14:13:36.497+0000] {taskinstance.py:309} INFO - Rescheduling task, marking task as UP_FOR_RESCHEDULE
[2025-02-05T14:13:36.497+0000] {taskinstance.py:340} INFO - ::group::Post task execution logs
[2025-02-05T14:13:36.517+0000] {local_task_job_runner.py:266} INFO - Task exited with return code 0
[2025-02-05T14:13:36.533+0000] {taskinstance.py:3895} INFO - 0 downstream tasks scheduled from follow-on schedule check
[2025-02-05T14:13:36.534+0000] {local_task_job_runner.py:245} INFO - ::endgroup::
