[2025-02-07T14:53:54.517+0000] {local_task_job_runner.py:123} INFO - ::group::Pre task execution logs
[2025-02-07T14:53:54.526+0000] {taskinstance.py:2613} INFO - Dependencies all met for dep_context=non-requeueable deps ti=<TaskInstance: cluster_deployment_versioned.pre_deployment_checks manual__2025-02-07T14:53:52.605876+00:00 [queued]>
[2025-02-07T14:53:54.531+0000] {taskinstance.py:2613} INFO - Dependencies all met for dep_context=requeueable deps ti=<TaskInstance: cluster_deployment_versioned.pre_deployment_checks manual__2025-02-07T14:53:52.605876+00:00 [queued]>
[2025-02-07T14:53:54.531+0000] {taskinstance.py:2866} INFO - Starting attempt 1 of 2
[2025-02-07T14:53:54.539+0000] {taskinstance.py:2889} INFO - Executing <Task(PythonVirtualenvOperator): pre_deployment_checks> on 2025-02-07 14:53:52.605876+00:00
[2025-02-07T14:53:54.546+0000] {warnings.py:112} WARNING - /home/***/.local/lib/python3.12/site-packages/***/task/task_runner/standard_task_runner.py:70: DeprecationWarning: This process (pid=593) is multi-threaded, use of fork() may lead to deadlocks in the child.
  pid = os.fork()

[2025-02-07T14:53:54.548+0000] {standard_task_runner.py:72} INFO - Started process 602 to run task
[2025-02-07T14:53:54.548+0000] {standard_task_runner.py:104} INFO - Running: ['***', 'tasks', 'run', 'cluster_deployment_versioned', 'pre_deployment_checks', 'manual__2025-02-07T14:53:52.605876+00:00', '--job-id', '237', '--raw', '--subdir', 'DAGS_FOLDER/cluster_deployment_versioned.py', '--cfg-path', '/tmp/tmptm9so8b4']
[2025-02-07T14:53:54.549+0000] {standard_task_runner.py:105} INFO - Job 237: Subtask pre_deployment_checks
[2025-02-07T14:53:54.581+0000] {task_command.py:467} INFO - Running <TaskInstance: cluster_deployment_versioned.pre_deployment_checks manual__2025-02-07T14:53:52.605876+00:00 [running]> on host 35f5723d0861
[2025-02-07T14:53:54.627+0000] {taskinstance.py:3132} INFO - Exporting env vars: AIRFLOW_CTX_DAG_OWNER='***' AIRFLOW_CTX_DAG_ID='cluster_deployment_versioned' AIRFLOW_CTX_TASK_ID='pre_deployment_checks' AIRFLOW_CTX_EXECUTION_DATE='2025-02-07T14:53:52.605876+00:00' AIRFLOW_CTX_TRY_NUMBER='1' AIRFLOW_CTX_DAG_RUN_ID='manual__2025-02-07T14:53:52.605876+00:00'
[2025-02-07T14:53:54.628+0000] {logging_mixin.py:190} INFO - Task instance is in running state
[2025-02-07T14:53:54.629+0000] {logging_mixin.py:190} INFO -  Previous state of the Task instance: queued
[2025-02-07T14:53:54.629+0000] {logging_mixin.py:190} INFO - Current task name:pre_deployment_checks state:running start_date:2025-02-07 14:53:54.526828+00:00
[2025-02-07T14:53:54.629+0000] {logging_mixin.py:190} INFO - Dag name:cluster_deployment_versioned and current dag run status:running
[2025-02-07T14:53:54.629+0000] {taskinstance.py:731} INFO - ::endgroup::
[2025-02-07T14:53:54.630+0000] {baseoperator.py:421} WARNING - PythonVirtualenvOperator.execute cannot be called outside TaskInstance!
[2025-02-07T14:53:54.631+0000] {process_utils.py:186} INFO - Executing cmd: /home/***/.local/bin/python -m virtualenv /tmp/venvieptsevi --system-site-packages --python=python
[2025-02-07T14:53:54.632+0000] {process_utils.py:190} INFO - Output:
[2025-02-07T14:53:55.204+0000] {process_utils.py:194} INFO - created virtual environment CPython3.12.8.final.0-64 in 199ms
[2025-02-07T14:53:55.205+0000] {process_utils.py:194} INFO -   creator CPython3Posix(dest=/tmp/venvieptsevi, clear=False, no_vcs_ignore=False, global=True)
[2025-02-07T14:53:55.206+0000] {process_utils.py:194} INFO -   seeder FromAppData(download=False, pip=bundle, via=copy, app_data_dir=/home/***/.local/share/virtualenv)
[2025-02-07T14:53:55.206+0000] {process_utils.py:194} INFO -     added seed packages: pip==24.3.1
[2025-02-07T14:53:55.207+0000] {process_utils.py:194} INFO -   activators BashActivator,CShellActivator,FishActivator,NushellActivator,PowerShellActivator,PythonActivator
[2025-02-07T14:53:55.226+0000] {process_utils.py:186} INFO - Executing cmd: /tmp/venvieptsevi/bin/pip install -r /tmp/venvieptsevi/requirements.txt
[2025-02-07T14:53:55.227+0000] {process_utils.py:190} INFO - Output:
[2025-02-07T14:53:56.368+0000] {process_utils.py:194} INFO - Requirement already satisfied: pandas==2.1.4 in /home/***/.local/lib/python3.12/site-packages (from -r /tmp/venvieptsevi/requirements.txt (line 1)) (2.1.4)
[2025-02-07T14:53:56.373+0000] {process_utils.py:194} INFO - Requirement already satisfied: numpy<2,>=1.26.0 in /home/***/.local/lib/python3.12/site-packages (from pandas==2.1.4->-r /tmp/venvieptsevi/requirements.txt (line 1)) (1.26.4)
[2025-02-07T14:53:56.374+0000] {process_utils.py:194} INFO - Requirement already satisfied: python-dateutil>=2.8.2 in /home/***/.local/lib/python3.12/site-packages (from pandas==2.1.4->-r /tmp/venvieptsevi/requirements.txt (line 1)) (2.9.0.post0)
[2025-02-07T14:53:56.374+0000] {process_utils.py:194} INFO - Requirement already satisfied: pytz>=2020.1 in /home/***/.local/lib/python3.12/site-packages (from pandas==2.1.4->-r /tmp/venvieptsevi/requirements.txt (line 1)) (2024.2)
[2025-02-07T14:53:56.375+0000] {process_utils.py:194} INFO - Requirement already satisfied: tzdata>=2022.1 in /home/***/.local/lib/python3.12/site-packages (from pandas==2.1.4->-r /tmp/venvieptsevi/requirements.txt (line 1)) (2024.2)
[2025-02-07T14:53:56.377+0000] {process_utils.py:194} INFO - Requirement already satisfied: six>=1.5 in /home/***/.local/lib/python3.12/site-packages (from python-dateutil>=2.8.2->pandas==2.1.4->-r /tmp/venvieptsevi/requirements.txt (line 1)) (1.17.0)
[2025-02-07T14:53:56.756+0000] {process_utils.py:194} INFO - 
[2025-02-07T14:53:56.757+0000] {process_utils.py:194} INFO - [notice] A new release of pip is available: 24.3.1 -> 25.0
[2025-02-07T14:53:56.757+0000] {process_utils.py:194} INFO - [notice] To update, run: python -m pip install --upgrade pip
[2025-02-07T14:53:56.824+0000] {process_utils.py:186} INFO - Executing cmd: /tmp/venvieptsevi/bin/python /tmp/venv-callusuxtc6i/script.py /tmp/venv-callusuxtc6i/script.in /tmp/venv-callusuxtc6i/script.out /tmp/venv-callusuxtc6i/string_args.txt /tmp/venv-callusuxtc6i/termination.log
[2025-02-07T14:53:56.826+0000] {process_utils.py:190} INFO - Output:
[2025-02-07T14:53:58.794+0000] {process_utils.py:194} INFO - [2025-02-07T14:53:58.793+0000] {script.py:23} INFO - Starting pre-deployment checks...
[2025-02-07T14:53:58.798+0000] {process_utils.py:194} INFO - [2025-02-07T14:53:58.797+0000] {script.py:38} INFO - Pre-deployment checks completed
[2025-02-07T14:53:59.162+0000] {python.py:240} INFO - Done. Returned value was: {'services_status': {'running': 4}, 'deployment_ready': True, 'timestamp': '2025-02-07T14:53:58.797692'}
[2025-02-07T14:53:59.186+0000] {taskinstance.py:340} INFO - ::group::Post task execution logs
[2025-02-07T14:53:59.187+0000] {taskinstance.py:352} INFO - Marking task as SUCCESS. dag_id=cluster_deployment_versioned, task_id=pre_deployment_checks, run_id=manual__2025-02-07T14:53:52.605876+00:00, execution_date=20250207T145352, start_date=20250207T145354, end_date=20250207T145359
[2025-02-07T14:53:59.195+0000] {logging_mixin.py:190} INFO - Task instance in success state
[2025-02-07T14:53:59.195+0000] {logging_mixin.py:190} INFO -  Previous state of the Task instance: running
[2025-02-07T14:53:59.196+0000] {logging_mixin.py:190} INFO - Dag name:cluster_deployment_versioned queued_at:2025-02-07 14:53:52.621140+00:00
[2025-02-07T14:53:59.197+0000] {logging_mixin.py:190} INFO - Task hostname:35f5723d0861 operator:PythonVirtualenvOperator
[2025-02-07T14:53:59.239+0000] {local_task_job_runner.py:266} INFO - Task exited with return code 0
[2025-02-07T14:53:59.275+0000] {taskinstance.py:3895} INFO - 1 downstream tasks scheduled from follow-on schedule check
[2025-02-07T14:53:59.276+0000] {local_task_job_runner.py:245} INFO - ::endgroup::
