[2025-02-07T15:58:42.054+0000] {local_task_job_runner.py:123} INFO - ::group::Pre task execution logs
[2025-02-07T15:58:42.111+0000] {taskinstance.py:2613} INFO - Dependencies all met for dep_context=non-requeueable deps ti=<TaskInstance: cluster_deployment_rollback.download_stack manual__2025-02-07T15:58:32.836445+00:00 [queued]>
[2025-02-07T15:58:42.253+0000] {taskinstance.py:2613} INFO - Dependencies all met for dep_context=requeueable deps ti=<TaskInstance: cluster_deployment_rollback.download_stack manual__2025-02-07T15:58:32.836445+00:00 [queued]>
[2025-02-07T15:58:42.262+0000] {taskinstance.py:2866} INFO - Starting attempt 1 of 2
[2025-02-07T15:58:42.301+0000] {taskinstance.py:2889} INFO - Executing <Task(PythonVirtualenvOperator): download_stack> on 2025-02-07 15:58:32.836445+00:00
[2025-02-07T15:58:42.327+0000] {warnings.py:112} WARNING - /home/***/.local/lib/python3.12/site-packages/***/task/task_runner/standard_task_runner.py:70: DeprecationWarning: This process (pid=2174) is multi-threaded, use of fork() may lead to deadlocks in the child.
  pid = os.fork()

[2025-02-07T15:58:42.330+0000] {standard_task_runner.py:72} INFO - Started process 2175 to run task
[2025-02-07T15:58:42.331+0000] {standard_task_runner.py:104} INFO - Running: ['***', 'tasks', 'run', 'cluster_deployment_rollback', 'download_stack', 'manual__2025-02-07T15:58:32.836445+00:00', '--job-id', '331', '--raw', '--subdir', 'DAGS_FOLDER/cluster_deployment_rollback.py', '--cfg-path', '/tmp/tmpi5fi9ojz']
[2025-02-07T15:58:42.333+0000] {standard_task_runner.py:105} INFO - Job 331: Subtask download_stack
[2025-02-07T15:58:42.462+0000] {task_command.py:467} INFO - Running <TaskInstance: cluster_deployment_rollback.download_stack manual__2025-02-07T15:58:32.836445+00:00 [running]> on host 35f5723d0861
[2025-02-07T15:58:42.530+0000] {taskinstance.py:3132} INFO - Exporting env vars: AIRFLOW_CTX_DAG_OWNER='***' AIRFLOW_CTX_DAG_ID='cluster_deployment_rollback' AIRFLOW_CTX_TASK_ID='download_stack' AIRFLOW_CTX_EXECUTION_DATE='2025-02-07T15:58:32.836445+00:00' AIRFLOW_CTX_TRY_NUMBER='1' AIRFLOW_CTX_DAG_RUN_ID='manual__2025-02-07T15:58:32.836445+00:00'
[2025-02-07T15:58:42.533+0000] {logging_mixin.py:190} INFO - Task instance is in running state
[2025-02-07T15:58:42.533+0000] {logging_mixin.py:190} INFO -  Previous state of the Task instance: queued
[2025-02-07T15:58:42.533+0000] {logging_mixin.py:190} INFO - Current task name:download_stack state:running start_date:2025-02-07 15:58:42.112303+00:00
[2025-02-07T15:58:42.533+0000] {logging_mixin.py:190} INFO - Dag name:cluster_deployment_rollback and current dag run status:running
[2025-02-07T15:58:42.534+0000] {taskinstance.py:731} INFO - ::endgroup::
[2025-02-07T15:58:42.534+0000] {baseoperator.py:421} WARNING - PythonVirtualenvOperator.execute cannot be called outside TaskInstance!
[2025-02-07T15:58:42.536+0000] {process_utils.py:186} INFO - Executing cmd: /home/***/.local/bin/python -m virtualenv /tmp/venvajumrw6r --system-site-packages --python=python
[2025-02-07T15:58:42.537+0000] {process_utils.py:190} INFO - Output:
[2025-02-07T15:58:43.248+0000] {process_utils.py:194} INFO - created virtual environment CPython3.12.8.final.0-64 in 248ms
[2025-02-07T15:58:43.250+0000] {process_utils.py:194} INFO -   creator CPython3Posix(dest=/tmp/venvajumrw6r, clear=False, no_vcs_ignore=False, global=True)
[2025-02-07T15:58:43.251+0000] {process_utils.py:194} INFO -   seeder FromAppData(download=False, pip=bundle, via=copy, app_data_dir=/home/***/.local/share/virtualenv)
[2025-02-07T15:58:43.253+0000] {process_utils.py:194} INFO -     added seed packages: pip==24.3.1
[2025-02-07T15:58:43.253+0000] {process_utils.py:194} INFO -   activators BashActivator,CShellActivator,FishActivator,NushellActivator,PowerShellActivator,PythonActivator
[2025-02-07T15:58:43.271+0000] {process_utils.py:186} INFO - Executing cmd: /tmp/venvajumrw6r/bin/pip install -r /tmp/venvajumrw6r/requirements.txt
[2025-02-07T15:58:43.272+0000] {process_utils.py:190} INFO - Output:
[2025-02-07T15:58:44.582+0000] {process_utils.py:194} INFO - Requirement already satisfied: pandas==2.1.4 in /home/***/.local/lib/python3.12/site-packages (from -r /tmp/venvajumrw6r/requirements.txt (line 1)) (2.1.4)
[2025-02-07T15:58:44.588+0000] {process_utils.py:194} INFO - Requirement already satisfied: numpy<2,>=1.26.0 in /home/***/.local/lib/python3.12/site-packages (from pandas==2.1.4->-r /tmp/venvajumrw6r/requirements.txt (line 1)) (1.26.4)
[2025-02-07T15:58:44.588+0000] {process_utils.py:194} INFO - Requirement already satisfied: python-dateutil>=2.8.2 in /home/***/.local/lib/python3.12/site-packages (from pandas==2.1.4->-r /tmp/venvajumrw6r/requirements.txt (line 1)) (2.9.0.post0)
[2025-02-07T15:58:44.589+0000] {process_utils.py:194} INFO - Requirement already satisfied: pytz>=2020.1 in /home/***/.local/lib/python3.12/site-packages (from pandas==2.1.4->-r /tmp/venvajumrw6r/requirements.txt (line 1)) (2024.2)
[2025-02-07T15:58:44.589+0000] {process_utils.py:194} INFO - Requirement already satisfied: tzdata>=2022.1 in /home/***/.local/lib/python3.12/site-packages (from pandas==2.1.4->-r /tmp/venvajumrw6r/requirements.txt (line 1)) (2024.2)
[2025-02-07T15:58:44.592+0000] {process_utils.py:194} INFO - Requirement already satisfied: six>=1.5 in /home/***/.local/lib/python3.12/site-packages (from python-dateutil>=2.8.2->pandas==2.1.4->-r /tmp/venvajumrw6r/requirements.txt (line 1)) (1.17.0)
[2025-02-07T15:58:45.039+0000] {process_utils.py:194} INFO - 
[2025-02-07T15:58:45.040+0000] {process_utils.py:194} INFO - [notice] A new release of pip is available: 24.3.1 -> 25.0
[2025-02-07T15:58:45.040+0000] {process_utils.py:194} INFO - [notice] To update, run: python -m pip install --upgrade pip
[2025-02-07T15:58:45.119+0000] {process_utils.py:186} INFO - Executing cmd: /tmp/venvajumrw6r/bin/python /tmp/venv-callg2y3y9qs/script.py /tmp/venv-callg2y3y9qs/script.in /tmp/venv-callg2y3y9qs/script.out /tmp/venv-callg2y3y9qs/string_args.txt /tmp/venv-callg2y3y9qs/termination.log
[2025-02-07T15:58:45.121+0000] {process_utils.py:190} INFO - Output:
[2025-02-07T15:58:47.299+0000] {process_utils.py:194} INFO - [2025-02-07T15:58:47.298+0000] {script.py:24} INFO - Starting download stack...
[2025-02-07T15:58:57.348+0000] {process_utils.py:194} INFO - [2025-02-07T15:58:57.343+0000] {script.py:40} INFO - Download stack completed:
[2025-02-07T15:58:57.352+0000] {process_utils.py:194} INFO - Total size: 1200.0MB
[2025-02-07T15:58:57.353+0000] {process_utils.py:194} INFO - Total time: 240s
[2025-02-07T15:58:57.353+0000] {process_utils.py:194} INFO - Download speed: 5.0MB/s
[2025-02-07T15:58:57.862+0000] {python.py:240} INFO - Done. Returned value was: {'stacks': ['baseos', 'gi'], 'total_size_mb': 1200.0, 'total_time_seconds': 240, 'download_speed_mbs': 5.0, 'status': 'success', 'details': [{'stack': 'baseos', 'size_mb': 1000, 'status': 'completed', 'time': 180}, {'stack': 'gi', 'size_mb': 200, 'status': 'completed', 'time': 60}], 'timestamp': '2025-02-07T15:58:57.342178'}
[2025-02-07T15:58:57.888+0000] {taskinstance.py:340} INFO - ::group::Post task execution logs
[2025-02-07T15:58:57.888+0000] {taskinstance.py:352} INFO - Marking task as SUCCESS. dag_id=cluster_deployment_rollback, task_id=download_stack, run_id=manual__2025-02-07T15:58:32.836445+00:00, execution_date=20250207T155832, start_date=20250207T155842, end_date=20250207T155857
[2025-02-07T15:58:57.898+0000] {logging_mixin.py:190} INFO - Task instance in success state
[2025-02-07T15:58:57.899+0000] {logging_mixin.py:190} INFO -  Previous state of the Task instance: running
[2025-02-07T15:58:57.899+0000] {logging_mixin.py:190} INFO - Dag name:cluster_deployment_rollback queued_at:2025-02-07 15:58:32.855111+00:00
[2025-02-07T15:58:57.899+0000] {logging_mixin.py:190} INFO - Task hostname:35f5723d0861 operator:PythonVirtualenvOperator
[2025-02-07T15:58:57.928+0000] {local_task_job_runner.py:266} INFO - Task exited with return code 0
[2025-02-07T15:58:57.953+0000] {taskinstance.py:3895} INFO - 1 downstream tasks scheduled from follow-on schedule check
[2025-02-07T15:58:57.954+0000] {local_task_job_runner.py:245} INFO - ::endgroup::
