[2025-02-07T15:27:28.460+0000] {local_task_job_runner.py:123} INFO - ::group::Pre task execution logs
[2025-02-07T15:27:28.470+0000] {taskinstance.py:2613} INFO - Dependencies all met for dep_context=non-requeueable deps ti=<TaskInstance: cluster_deployment_rollback.run_pre_check manual__2025-02-07T15:27:00.648424+00:00 [queued]>
[2025-02-07T15:27:28.475+0000] {taskinstance.py:2613} INFO - Dependencies all met for dep_context=requeueable deps ti=<TaskInstance: cluster_deployment_rollback.run_pre_check manual__2025-02-07T15:27:00.648424+00:00 [queued]>
[2025-02-07T15:27:28.475+0000] {taskinstance.py:2866} INFO - Starting attempt 1 of 2
[2025-02-07T15:27:28.485+0000] {taskinstance.py:2889} INFO - Executing <Task(PythonVirtualenvOperator): run_pre_check> on 2025-02-07 15:27:00.648424+00:00
[2025-02-07T15:27:28.500+0000] {warnings.py:112} WARNING - /home/***/.local/lib/python3.12/site-packages/***/task/task_runner/standard_task_runner.py:70: DeprecationWarning: This process (pid=1445) is multi-threaded, use of fork() may lead to deadlocks in the child.
  pid = os.fork()

[2025-02-07T15:27:28.502+0000] {standard_task_runner.py:72} INFO - Started process 1446 to run task
[2025-02-07T15:27:28.503+0000] {standard_task_runner.py:104} INFO - Running: ['***', 'tasks', 'run', 'cluster_deployment_rollback', 'run_pre_check', 'manual__2025-02-07T15:27:00.648424+00:00', '--job-id', '287', '--raw', '--subdir', 'DAGS_FOLDER/cluster_deployment_rollback.py', '--cfg-path', '/tmp/tmp6ihl0p09']
[2025-02-07T15:27:28.506+0000] {standard_task_runner.py:105} INFO - Job 287: Subtask run_pre_check
[2025-02-07T15:27:28.574+0000] {task_command.py:467} INFO - Running <TaskInstance: cluster_deployment_rollback.run_pre_check manual__2025-02-07T15:27:00.648424+00:00 [running]> on host 35f5723d0861
[2025-02-07T15:27:28.641+0000] {taskinstance.py:3132} INFO - Exporting env vars: AIRFLOW_CTX_DAG_OWNER='***' AIRFLOW_CTX_DAG_ID='cluster_deployment_rollback' AIRFLOW_CTX_TASK_ID='run_pre_check' AIRFLOW_CTX_EXECUTION_DATE='2025-02-07T15:27:00.648424+00:00' AIRFLOW_CTX_TRY_NUMBER='1' AIRFLOW_CTX_DAG_RUN_ID='manual__2025-02-07T15:27:00.648424+00:00'
[2025-02-07T15:27:28.642+0000] {logging_mixin.py:190} INFO - Task instance is in running state
[2025-02-07T15:27:28.643+0000] {logging_mixin.py:190} INFO -  Previous state of the Task instance: queued
[2025-02-07T15:27:28.643+0000] {logging_mixin.py:190} INFO - Current task name:run_pre_check state:running start_date:2025-02-07 15:27:28.470735+00:00
[2025-02-07T15:27:28.643+0000] {logging_mixin.py:190} INFO - Dag name:cluster_deployment_rollback and current dag run status:running
[2025-02-07T15:27:28.643+0000] {taskinstance.py:731} INFO - ::endgroup::
[2025-02-07T15:27:28.644+0000] {baseoperator.py:421} WARNING - PythonVirtualenvOperator.execute cannot be called outside TaskInstance!
[2025-02-07T15:27:28.645+0000] {process_utils.py:186} INFO - Executing cmd: /home/***/.local/bin/python -m virtualenv /tmp/venvc6_btxyo --system-site-packages --python=python
[2025-02-07T15:27:28.646+0000] {process_utils.py:190} INFO - Output:
[2025-02-07T15:27:29.192+0000] {process_utils.py:194} INFO - created virtual environment CPython3.12.8.final.0-64 in 182ms
[2025-02-07T15:27:29.193+0000] {process_utils.py:194} INFO -   creator CPython3Posix(dest=/tmp/venvc6_btxyo, clear=False, no_vcs_ignore=False, global=True)
[2025-02-07T15:27:29.193+0000] {process_utils.py:194} INFO -   seeder FromAppData(download=False, pip=bundle, via=copy, app_data_dir=/home/***/.local/share/virtualenv)
[2025-02-07T15:27:29.194+0000] {process_utils.py:194} INFO -     added seed packages: pip==24.3.1
[2025-02-07T15:27:29.194+0000] {process_utils.py:194} INFO -   activators BashActivator,CShellActivator,FishActivator,NushellActivator,PowerShellActivator,PythonActivator
[2025-02-07T15:27:29.211+0000] {process_utils.py:186} INFO - Executing cmd: /tmp/venvc6_btxyo/bin/pip install -r /tmp/venvc6_btxyo/requirements.txt
[2025-02-07T15:27:29.212+0000] {process_utils.py:190} INFO - Output:
[2025-02-07T15:27:30.374+0000] {process_utils.py:194} INFO - Requirement already satisfied: pandas==2.1.4 in /home/***/.local/lib/python3.12/site-packages (from -r /tmp/venvc6_btxyo/requirements.txt (line 1)) (2.1.4)
[2025-02-07T15:27:30.380+0000] {process_utils.py:194} INFO - Requirement already satisfied: numpy<2,>=1.26.0 in /home/***/.local/lib/python3.12/site-packages (from pandas==2.1.4->-r /tmp/venvc6_btxyo/requirements.txt (line 1)) (1.26.4)
[2025-02-07T15:27:30.380+0000] {process_utils.py:194} INFO - Requirement already satisfied: python-dateutil>=2.8.2 in /home/***/.local/lib/python3.12/site-packages (from pandas==2.1.4->-r /tmp/venvc6_btxyo/requirements.txt (line 1)) (2.9.0.post0)
[2025-02-07T15:27:30.381+0000] {process_utils.py:194} INFO - Requirement already satisfied: pytz>=2020.1 in /home/***/.local/lib/python3.12/site-packages (from pandas==2.1.4->-r /tmp/venvc6_btxyo/requirements.txt (line 1)) (2024.2)
[2025-02-07T15:27:30.382+0000] {process_utils.py:194} INFO - Requirement already satisfied: tzdata>=2022.1 in /home/***/.local/lib/python3.12/site-packages (from pandas==2.1.4->-r /tmp/venvc6_btxyo/requirements.txt (line 1)) (2024.2)
[2025-02-07T15:27:30.384+0000] {process_utils.py:194} INFO - Requirement already satisfied: six>=1.5 in /home/***/.local/lib/python3.12/site-packages (from python-dateutil>=2.8.2->pandas==2.1.4->-r /tmp/venvc6_btxyo/requirements.txt (line 1)) (1.17.0)
[2025-02-07T15:27:31.800+0000] {process_utils.py:194} INFO - 
[2025-02-07T15:27:31.801+0000] {process_utils.py:194} INFO - [notice] A new release of pip is available: 24.3.1 -> 25.0
[2025-02-07T15:27:31.801+0000] {process_utils.py:194} INFO - [notice] To update, run: python -m pip install --upgrade pip
[2025-02-07T15:27:31.870+0000] {python.py:513} INFO - Use 'pickle' as serializer.
[2025-02-07T15:27:31.882+0000] {process_utils.py:186} INFO - Executing cmd: /tmp/venvc6_btxyo/bin/python /tmp/venv-callpet025h9/script.py /tmp/venv-callpet025h9/script.in /tmp/venv-callpet025h9/script.out /tmp/venv-callpet025h9/string_args.txt /tmp/venv-callpet025h9/termination.log
[2025-02-07T15:27:31.883+0000] {process_utils.py:190} INFO - Output:
[2025-02-07T15:27:33.794+0000] {process_utils.py:194} INFO - [2025-02-07T15:27:33.793+0000] {script.py:23} INFO - Starting run pre-checks...
[2025-02-07T15:27:33.795+0000] {process_utils.py:194} INFO - [2025-02-07T15:27:33.794+0000] {script.py:26} INFO - Pre Deployment Report: {'services_status': {'running': 4}, 'deployment_ready': True, 'timestamp': '2025-02-07T15:27:07.812755'}
[2025-02-07T15:27:33.796+0000] {process_utils.py:194} INFO - [2025-02-07T15:27:33.794+0000] {script.py:27} INFO - Download Report: {'stacks': ['baseos', 'gi'], 'total_size_mb': 1200.0, 'total_time_seconds': 240, 'download_speed_mbs': 5.0, 'status': 'success', 'details': [{'stack': 'baseos', 'size_mb': 1000, 'status': 'completed', 'time': 180}, {'stack': 'gi', 'size_mb': 200, 'status': 'completed', 'time': 60}], 'timestamp': '2025-02-07T15:27:25.520151'}
[2025-02-07T15:27:33.797+0000] {process_utils.py:194} INFO - [2025-02-07T15:27:33.795+0000] {script.py:42} INFO - Pre-checks completed:
[2025-02-07T15:27:33.797+0000] {process_utils.py:194} INFO - Total memory usage: 1536%
[2025-02-07T15:27:33.798+0000] {process_utils.py:194} INFO - Status: PASS
[2025-02-07T15:27:34.113+0000] {python.py:240} INFO - Done. Returned value was: {'total_memory_usage_mb': 1536, 'checks_passed': True, 'timestamp': '2025-02-07T15:27:33.795767'}
[2025-02-07T15:27:34.133+0000] {taskinstance.py:340} INFO - ::group::Post task execution logs
[2025-02-07T15:27:34.134+0000] {taskinstance.py:352} INFO - Marking task as SUCCESS. dag_id=cluster_deployment_rollback, task_id=run_pre_check, run_id=manual__2025-02-07T15:27:00.648424+00:00, execution_date=20250207T152700, start_date=20250207T152728, end_date=20250207T152734
[2025-02-07T15:27:34.142+0000] {logging_mixin.py:190} INFO - Task instance in success state
[2025-02-07T15:27:34.143+0000] {logging_mixin.py:190} INFO -  Previous state of the Task instance: running
[2025-02-07T15:27:34.143+0000] {logging_mixin.py:190} INFO - Dag name:cluster_deployment_rollback queued_at:2025-02-07 15:27:00.674209+00:00
[2025-02-07T15:27:34.144+0000] {logging_mixin.py:190} INFO - Task hostname:35f5723d0861 operator:PythonVirtualenvOperator
[2025-02-07T15:27:34.158+0000] {local_task_job_runner.py:266} INFO - Task exited with return code 0
[2025-02-07T15:27:34.186+0000] {taskinstance.py:3895} INFO - 0 downstream tasks scheduled from follow-on schedule check
[2025-02-07T15:27:34.187+0000] {local_task_job_runner.py:245} INFO - ::endgroup::
