[2025-02-06T10:08:30.332+0000] {local_task_job_runner.py:123} INFO - ::group::Pre task execution logs
[2025-02-06T10:08:30.344+0000] {taskinstance.py:2613} INFO - Dependencies all met for dep_context=non-requeueable deps ti=<TaskInstance: demo_1st_scenario.resume_task manual__2025-02-06T10:07:01.708234+00:00 [queued]>
[2025-02-06T10:08:30.349+0000] {taskinstance.py:2613} INFO - Dependencies all met for dep_context=requeueable deps ti=<TaskInstance: demo_1st_scenario.resume_task manual__2025-02-06T10:07:01.708234+00:00 [queued]>
[2025-02-06T10:08:30.349+0000] {taskinstance.py:2866} INFO - Starting attempt 1 of 2
[2025-02-06T10:08:30.359+0000] {taskinstance.py:2889} INFO - Executing <Task(PythonOperator): resume_task> on 2025-02-06 10:07:01.708234+00:00
[2025-02-06T10:08:30.364+0000] {warnings.py:112} WARNING - /home/***/.local/lib/python3.12/site-packages/***/task/task_runner/standard_task_runner.py:70: DeprecationWarning: This process (pid=133) is multi-threaded, use of fork() may lead to deadlocks in the child.
  pid = os.fork()

[2025-02-06T10:08:30.365+0000] {standard_task_runner.py:72} INFO - Started process 134 to run task
[2025-02-06T10:08:30.367+0000] {standard_task_runner.py:104} INFO - Running: ['***', 'tasks', 'run', 'demo_1st_scenario', 'resume_task', 'manual__2025-02-06T10:07:01.708234+00:00', '--job-id', '31', '--raw', '--subdir', 'DAGS_FOLDER/demo_1st_scenario.py', '--cfg-path', '/tmp/tmp80k7xhe7']
[2025-02-06T10:08:30.368+0000] {standard_task_runner.py:105} INFO - Job 31: Subtask resume_task
[2025-02-06T10:08:30.402+0000] {task_command.py:467} INFO - Running <TaskInstance: demo_1st_scenario.resume_task manual__2025-02-06T10:07:01.708234+00:00 [running]> on host ***-worker-2
[2025-02-06T10:08:30.440+0000] {taskinstance.py:3132} INFO - Exporting env vars: AIRFLOW_CTX_DAG_OWNER='***' AIRFLOW_CTX_DAG_ID='demo_1st_scenario' AIRFLOW_CTX_TASK_ID='resume_task' AIRFLOW_CTX_EXECUTION_DATE='2025-02-06T10:07:01.708234+00:00' AIRFLOW_CTX_TRY_NUMBER='1' AIRFLOW_CTX_DAG_RUN_ID='manual__2025-02-06T10:07:01.708234+00:00'
[2025-02-06T10:08:30.441+0000] {logging_mixin.py:190} INFO - Task instance is in running state
[2025-02-06T10:08:30.442+0000] {logging_mixin.py:190} INFO -  Previous state of the Task instance: queued
[2025-02-06T10:08:30.442+0000] {logging_mixin.py:190} INFO - Current task name:resume_task state:running start_date:2025-02-06 10:08:30.344776+00:00
[2025-02-06T10:08:30.443+0000] {logging_mixin.py:190} INFO - Dag name:demo_1st_scenario and current dag run status:running
[2025-02-06T10:08:30.443+0000] {taskinstance.py:731} INFO - ::endgroup::
[2025-02-06T10:08:30.444+0000] {demo_1st_scenario.py:83} INFO - Resuming after external signal
[2025-02-06T10:08:30.444+0000] {python.py:240} INFO - Done. Returned value was: None
[2025-02-06T10:08:30.454+0000] {taskinstance.py:340} INFO - ::group::Post task execution logs
[2025-02-06T10:08:30.454+0000] {taskinstance.py:352} INFO - Marking task as SUCCESS. dag_id=demo_1st_scenario, task_id=resume_task, run_id=manual__2025-02-06T10:07:01.708234+00:00, execution_date=20250206T100701, start_date=20250206T100830, end_date=20250206T100830
[2025-02-06T10:08:30.460+0000] {logging_mixin.py:190} INFO - Task instance in success state
[2025-02-06T10:08:30.460+0000] {logging_mixin.py:190} INFO -  Previous state of the Task instance: running
[2025-02-06T10:08:30.461+0000] {logging_mixin.py:190} INFO - Dag name:demo_1st_scenario queued_at:2025-02-06 10:07:01.721179+00:00
[2025-02-06T10:08:30.461+0000] {logging_mixin.py:190} INFO - Task hostname:***-worker-2 operator:PythonOperator
[2025-02-06T10:08:30.503+0000] {local_task_job_runner.py:266} INFO - Task exited with return code 0
[2025-02-06T10:08:30.515+0000] {taskinstance.py:3895} INFO - 1 downstream tasks scheduled from follow-on schedule check
[2025-02-06T10:08:30.516+0000] {local_task_job_runner.py:245} INFO - ::endgroup::
