[2025-02-07T15:44:06.197+0000] {local_task_job_runner.py:123} INFO - ::group::Pre task execution logs
[2025-02-07T15:44:06.206+0000] {taskinstance.py:2613} INFO - Dependencies all met for dep_context=non-requeueable deps ti=<TaskInstance: cluster_deployment_rollback.run_pre_check manual__2025-02-07T15:43:41.976980+00:00 [queued]>
[2025-02-07T15:44:06.210+0000] {taskinstance.py:2613} INFO - Dependencies all met for dep_context=requeueable deps ti=<TaskInstance: cluster_deployment_rollback.run_pre_check manual__2025-02-07T15:43:41.976980+00:00 [queued]>
[2025-02-07T15:44:06.211+0000] {taskinstance.py:2866} INFO - Starting attempt 1 of 2
[2025-02-07T15:44:06.218+0000] {taskinstance.py:2889} INFO - Executing <Task(PythonVirtualenvOperator): run_pre_check> on 2025-02-07 15:43:41.976980+00:00
[2025-02-07T15:44:06.222+0000] {warnings.py:112} WARNING - /home/***/.local/lib/python3.12/site-packages/***/task/task_runner/standard_task_runner.py:70: DeprecationWarning: This process (pid=824) is multi-threaded, use of fork() may lead to deadlocks in the child.
  pid = os.fork()

[2025-02-07T15:44:06.224+0000] {standard_task_runner.py:72} INFO - Started process 825 to run task
[2025-02-07T15:44:06.225+0000] {standard_task_runner.py:104} INFO - Running: ['***', 'tasks', 'run', 'cluster_deployment_rollback', 'run_pre_check', 'manual__2025-02-07T15:43:41.976980+00:00', '--job-id', '314', '--raw', '--subdir', 'DAGS_FOLDER/cluster_deployment_rollback.py', '--cfg-path', '/tmp/tmp1s27ykdk']
[2025-02-07T15:44:06.226+0000] {standard_task_runner.py:105} INFO - Job 314: Subtask run_pre_check
[2025-02-07T15:44:06.253+0000] {task_command.py:467} INFO - Running <TaskInstance: cluster_deployment_rollback.run_pre_check manual__2025-02-07T15:43:41.976980+00:00 [running]> on host 1999c8c59930
[2025-02-07T15:44:06.309+0000] {taskinstance.py:3132} INFO - Exporting env vars: AIRFLOW_CTX_DAG_OWNER='***' AIRFLOW_CTX_DAG_ID='cluster_deployment_rollback' AIRFLOW_CTX_TASK_ID='run_pre_check' AIRFLOW_CTX_EXECUTION_DATE='2025-02-07T15:43:41.976980+00:00' AIRFLOW_CTX_TRY_NUMBER='1' AIRFLOW_CTX_DAG_RUN_ID='manual__2025-02-07T15:43:41.976980+00:00'
[2025-02-07T15:44:06.310+0000] {logging_mixin.py:190} INFO - Task instance is in running state
[2025-02-07T15:44:06.310+0000] {logging_mixin.py:190} INFO -  Previous state of the Task instance: queued
[2025-02-07T15:44:06.310+0000] {logging_mixin.py:190} INFO - Current task name:run_pre_check state:running start_date:2025-02-07 15:44:06.207180+00:00
[2025-02-07T15:44:06.311+0000] {logging_mixin.py:190} INFO - Dag name:cluster_deployment_rollback and current dag run status:running
[2025-02-07T15:44:06.311+0000] {taskinstance.py:731} INFO - ::endgroup::
[2025-02-07T15:44:06.311+0000] {baseoperator.py:421} WARNING - PythonVirtualenvOperator.execute cannot be called outside TaskInstance!
[2025-02-07T15:44:06.312+0000] {process_utils.py:186} INFO - Executing cmd: /home/***/.local/bin/python -m virtualenv /tmp/venvnt3g7dis --system-site-packages --python=python
[2025-02-07T15:44:06.313+0000] {process_utils.py:190} INFO - Output:
[2025-02-07T15:44:06.782+0000] {process_utils.py:194} INFO - created virtual environment CPython3.12.8.final.0-64 in 136ms
[2025-02-07T15:44:06.783+0000] {process_utils.py:194} INFO -   creator CPython3Posix(dest=/tmp/venvnt3g7dis, clear=False, no_vcs_ignore=False, global=True)
[2025-02-07T15:44:06.783+0000] {process_utils.py:194} INFO -   seeder FromAppData(download=False, pip=bundle, via=copy, app_data_dir=/home/***/.local/share/virtualenv)
[2025-02-07T15:44:06.783+0000] {process_utils.py:194} INFO -     added seed packages: pip==24.3.1
[2025-02-07T15:44:06.784+0000] {process_utils.py:194} INFO -   activators BashActivator,CShellActivator,FishActivator,NushellActivator,PowerShellActivator,PythonActivator
[2025-02-07T15:44:06.800+0000] {process_utils.py:186} INFO - Executing cmd: /tmp/venvnt3g7dis/bin/pip install -r /tmp/venvnt3g7dis/requirements.txt
[2025-02-07T15:44:06.801+0000] {process_utils.py:190} INFO - Output:
[2025-02-07T15:44:07.734+0000] {process_utils.py:194} INFO - Requirement already satisfied: pandas==2.1.4 in /home/***/.local/lib/python3.12/site-packages (from -r /tmp/venvnt3g7dis/requirements.txt (line 1)) (2.1.4)
[2025-02-07T15:44:07.739+0000] {process_utils.py:194} INFO - Requirement already satisfied: numpy<2,>=1.26.0 in /home/***/.local/lib/python3.12/site-packages (from pandas==2.1.4->-r /tmp/venvnt3g7dis/requirements.txt (line 1)) (1.26.4)
[2025-02-07T15:44:07.740+0000] {process_utils.py:194} INFO - Requirement already satisfied: python-dateutil>=2.8.2 in /home/***/.local/lib/python3.12/site-packages (from pandas==2.1.4->-r /tmp/venvnt3g7dis/requirements.txt (line 1)) (2.9.0.post0)
[2025-02-07T15:44:07.740+0000] {process_utils.py:194} INFO - Requirement already satisfied: pytz>=2020.1 in /home/***/.local/lib/python3.12/site-packages (from pandas==2.1.4->-r /tmp/venvnt3g7dis/requirements.txt (line 1)) (2024.2)
[2025-02-07T15:44:07.740+0000] {process_utils.py:194} INFO - Requirement already satisfied: tzdata>=2022.1 in /home/***/.local/lib/python3.12/site-packages (from pandas==2.1.4->-r /tmp/venvnt3g7dis/requirements.txt (line 1)) (2024.2)
[2025-02-07T15:44:07.743+0000] {process_utils.py:194} INFO - Requirement already satisfied: six>=1.5 in /home/***/.local/lib/python3.12/site-packages (from python-dateutil>=2.8.2->pandas==2.1.4->-r /tmp/venvnt3g7dis/requirements.txt (line 1)) (1.17.0)
[2025-02-07T15:44:08.200+0000] {process_utils.py:194} INFO - 
[2025-02-07T15:44:08.200+0000] {process_utils.py:194} INFO - [notice] A new release of pip is available: 24.3.1 -> 25.0
[2025-02-07T15:44:08.201+0000] {process_utils.py:194} INFO - [notice] To update, run: python -m pip install --upgrade pip
[2025-02-07T15:44:08.293+0000] {python.py:513} INFO - Use 'pickle' as serializer.
[2025-02-07T15:44:08.300+0000] {process_utils.py:186} INFO - Executing cmd: /tmp/venvnt3g7dis/bin/python /tmp/venv-call29_lz8ix/script.py /tmp/venv-call29_lz8ix/script.in /tmp/venv-call29_lz8ix/script.out /tmp/venv-call29_lz8ix/string_args.txt /tmp/venv-call29_lz8ix/termination.log
[2025-02-07T15:44:08.301+0000] {process_utils.py:190} INFO - Output:
[2025-02-07T15:44:10.385+0000] {process_utils.py:194} INFO - [2025-02-07T15:44:10.384+0000] {script.py:23} INFO - Starting run pre-checks...
[2025-02-07T15:44:10.388+0000] {process_utils.py:194} INFO - [2025-02-07T15:44:10.384+0000] {script.py:26} INFO - Pre Deployment Report: {'services_status': {'running': 4}, 'deployment_ready': True, 'timestamp': '2025-02-07T15:43:47.829825'}
[2025-02-07T15:44:10.389+0000] {process_utils.py:194} INFO - [2025-02-07T15:44:10.384+0000] {script.py:27} INFO - Download Report: {'stacks': ['baseos', 'gi'], 'total_size_mb': 1200.0, 'total_time_seconds': 240, 'download_speed_mbs': 5.0, 'status': 'success', 'details': [{'stack': 'baseos', 'size_mb': 1000, 'status': 'completed', 'time': 180}, {'stack': 'gi', 'size_mb': 200, 'status': 'completed', 'time': 60}], 'timestamp': '2025-02-07T15:44:04.085922'}
[2025-02-07T15:44:10.389+0000] {process_utils.py:194} INFO - [2025-02-07T15:44:10.386+0000] {script.py:42} INFO - Pre-checks completed:
[2025-02-07T15:44:10.390+0000] {process_utils.py:194} INFO - Total memory usage: 1536%
[2025-02-07T15:44:10.390+0000] {process_utils.py:194} INFO - Status: PASS
[2025-02-07T15:44:10.724+0000] {python.py:240} INFO - Done. Returned value was: {'total_memory_usage_mb': 1536, 'checks_passed': True, 'timestamp': '2025-02-07T15:44:10.386468'}
[2025-02-07T15:44:10.757+0000] {taskinstance.py:340} INFO - ::group::Post task execution logs
[2025-02-07T15:44:10.757+0000] {taskinstance.py:352} INFO - Marking task as SUCCESS. dag_id=cluster_deployment_rollback, task_id=run_pre_check, run_id=manual__2025-02-07T15:43:41.976980+00:00, execution_date=20250207T154341, start_date=20250207T154406, end_date=20250207T154410
[2025-02-07T15:44:10.768+0000] {logging_mixin.py:190} INFO - Task instance in success state
[2025-02-07T15:44:10.769+0000] {logging_mixin.py:190} INFO -  Previous state of the Task instance: running
[2025-02-07T15:44:10.769+0000] {logging_mixin.py:190} INFO - Dag name:cluster_deployment_rollback queued_at:2025-02-07 15:43:42.000938+00:00
[2025-02-07T15:44:10.770+0000] {logging_mixin.py:190} INFO - Task hostname:1999c8c59930 operator:PythonVirtualenvOperator
[2025-02-07T15:44:10.799+0000] {local_task_job_runner.py:266} INFO - Task exited with return code 0
[2025-02-07T15:44:10.849+0000] {taskinstance.py:3895} INFO - 1 downstream tasks scheduled from follow-on schedule check
[2025-02-07T15:44:10.850+0000] {local_task_job_runner.py:245} INFO - ::endgroup::
